16/06 21:53:11 - LPRINT
16/06 21:53:11 - salvando log -> C:\rcsv\App\mobile64\LOG_APP_MOBILE_SERVICE_64_8.log
16/06 21:53:11 - Status: Config => 192.168.88.200:9100
16/06 21:53:11 - Status: Config => 192.168.88.200:9100
16/06 21:53:11 - Status: Config => c:9100
16/06 21:53:11 - Status: Config => 192.168.88.200:9100
16/06 21:53:11 - LISTA DE IMPRESSORAS CARREGADA 4
16/06 21:53:11 - carregarImp
16/06 21:53:11 - objetos
16/06 21:53:11 - produtos_gerenciamento_de_estoque
16/06 21:53:11 - # status 100%
16/06 21:53:54 - ***  SERVIÇO PARADO
16/06 21:53:57 - Iniciando Suporte Mobile 64bit Versao: 1.13
16/06 21:53:57 - Variaveis
16/06 21:53:57 - CurrencyString="R$", CurrencyFormat="#2", NegCurrFormat="#9", ThousandSeparator=".", DecimalSeparator=",", CurrencyDecimals="2", DateSeparator="/", ShortDateFormat="dd/MM/yyyy", LongDateFormat="dddd, d' de 'MMMM' de 'yyyy", TimeSeparator=":", TimeAMString="", TimePMString="", ShortTimeFormat="hh:mm", LongTimeFormat="hh:mm:ss", TwoDigitYearCenturyWindow="50", ListSeparator=";"
16/06 21:53:57 - TCP Servidor
16/06 21:53:57 - TCP Cliente
16/06 21:53:57 - Iniciado na porta => 4406
16/06 21:53:57 - Formato Valores:        -1.254,87 | -1254,87|        1.254,87 | 1254,87
16/06 21:53:57 - Formato Data   : 16/06/2019 21:53:57
16/06 21:53:57 - Flags debug 1 sem log 0
16/06 21:53:57 - BANCO DE DADOS ONLINE > 192.168.88.28:comodoro
16/06 21:53:57 - PRECO => 30 /            30,00/30/30
16/06 21:53:57 - iniciar_identificacao_computador
16/06 21:53:57 - sistema_pegar_perfil
16/06 21:53:57 - empresa_carregar_segmentos
16/06 21:53:57 - rcs_iniciar_variaveis_globais
16/06 21:53:57 - terminal_id
16/06 21:53:57 - mesas_comandas
16/06 21:53:57 - LPRINT
16/06 21:53:57 - Status: Config => 192.168.88.200:9100
16/06 21:53:57 - Status: Config => 192.168.88.200:9100
16/06 21:53:57 - Status: Config => c:9100
16/06 21:53:57 - Status: Config => 192.168.88.200:9100
16/06 21:53:57 - LISTA DE IMPRESSORAS CARREGADA 4
16/06 21:53:57 - carregarImp
16/06 21:53:57 - objetos
16/06 21:53:57 - produtos_gerenciamento_de_estoque
16/06 21:53:57 - # status 100%
16/06 21:54:10 - PEDIDOS SOLICITADO {"sessao":"16062019215923153128035690353636090131404MOBILEADM","operacao":"PIT","pedido":"9356","usuario":"1","terminal":"53","conf":"3|1","items":[{"i0":"348|1"},{"i1":"4|1"},{"i2":"5|1"}]}
16/06 21:54:10 - sessao: 16062019215923153128035690353636090131404MOBILEADM
16/06 21:54:10 - id: 9356
16/06 21:54:10 - usuario: 1
16/06 21:54:10 - terminal: 53
16/06 21:54:10 - conf: 3|1
16/06 21:54:10 0 - 348|1
16/06 21:54:10 1 - 4|1
16/06 21:54:10 2 - 5|1
16/06 21:54:10 - dados
16/06 21:54:10 - VALORES? 11,90/11,9/11,9/,/"11.9"
16/06 21:54:10 - VALORES? 15,00/15/15/,/"15"
16/06 21:54:10 - VALORES? 12,90/12,9/12,9/,/"12.9"
16/06 21:54:10 - PRODUCAO => id:9356 user:1term:53 hora: sessao:16062019215923153128035690353636090131404MOBILEADM
16/06 21:54:10 - select estoque.grupo,auxiliar.id from auxiliar,estoque where auxiliar.idpedido=9356 and auxiliar.producao=0 and estoque.codigo=auxiliar.original and auxiliar.idtimer="16062019215923153128035690353636090131404MOBILEADM" order by estoque.grupo,auxiliar.id
16/06 21:54:10 - GRUPOS:<2,125410><2,125411><2,125412>
16/06 21:54:10 - CIS Status: Create
16/06 21:54:10 - CIS Status: Connect
16/06 21:54:10 - Status: Write cmd #16#4 (1..4)
16/06 21:54:10 - Status: ok
16/06 21:54:10 - Status: Tampa aberta 0, Sem Papel 0, Off-line 0, Erro1 0, Erro2 0, Erro3 0, Erro4 0
16/06 21:54:10 - CIS Status: Close
16/06 21:54:10 - PERFIL 7
16/06 21:54:10 - cupom_impressao_producao(9356,True,"",[],125410
125411
125412
,1);
16/06 21:54:10 - IOK 1 STAGE => 28
16/06 21:54:27 - PEDIDOS SOLICITADO {"sessao":"16062019215939153391234353636090131404MOBILEADM","operacao":"PIT","pedido":"9356","usuario":"1","terminal":"53","conf":"2|1","items":[{"i0":"4|1"},{"i1":"5|1"}]}
16/06 21:54:27 - sessao: 16062019215939153391234353636090131404MOBILEADM
16/06 21:54:27 - id: 9356
16/06 21:54:27 - usuario: 1
16/06 21:54:27 - terminal: 53
16/06 21:54:27 - conf: 2|1
16/06 21:54:27 0 - 4|1
16/06 21:54:27 1 - 5|1
16/06 21:54:27 - dados
16/06 21:54:27 - VALORES? 15,00/15/15/,/"15"
16/06 21:54:27 - VALORES? 12,90/12,9/12,9/,/"12.9"
16/06 21:54:27 - PRODUCAO => id:9356 user:1term:53 hora: sessao:16062019215939153391234353636090131404MOBILEADM
16/06 21:54:27 - select estoque.grupo,auxiliar.id from auxiliar,estoque where auxiliar.idpedido=9356 and auxiliar.producao=0 and estoque.codigo=auxiliar.original and auxiliar.idtimer="16062019215939153391234353636090131404MOBILEADM" order by estoque.grupo,auxiliar.id
16/06 21:54:27 - GRUPOS:<2,125413><2,125414>
16/06 21:54:27 - CIS Status: Create
16/06 21:54:27 - CIS Status: Connect
16/06 21:54:27 - Status: Write cmd #16#4 (1..4)
16/06 21:54:28 - Status: ok
16/06 21:54:28 - Status: Tampa aberta 0, Sem Papel 0, Off-line 0, Erro1 0, Erro2 0, Erro3 0, Erro4 0
16/06 21:54:28 - CIS Status: Close
16/06 21:54:28 - PERFIL 7
16/06 21:54:28 - cupom_impressao_producao(9356,True,"",[],125413
125414
,1);
16/06 21:54:28 - IOK 1 STAGE => 28
16/06 21:54:49 - PEDIDOS SOLICITADO {"sessao":"160620192200011537805377353636090131404MOBILEADM","operacao":"PIT","pedido":"9373","usuario":"1","terminal":"53","conf":"2|1","items":[{"i0":"326|1"},{"i1":"3|1"}]}
16/06 21:54:49 - sessao: 160620192200011537805377353636090131404MOBILEADM
16/06 21:54:49 - id: 9373
16/06 21:54:49 - usuario: 1
16/06 21:54:49 - terminal: 53
16/06 21:54:49 - conf: 2|1
16/06 21:54:49 0 - 326|1
16/06 21:54:49 1 - 3|1
16/06 21:54:49 - dados
16/06 21:54:49 - VALORES? 8,90/8,9/8,9/,/"8.9"
16/06 21:54:49 - VALORES? 20,00/20/20/,/"20"
16/06 21:54:49 - PRODUCAO => id:9373 user:1term:53 hora: sessao:160620192200011537805377353636090131404MOBILEADM
16/06 21:54:49 - select estoque.grupo,auxiliar.id from auxiliar,estoque where auxiliar.idpedido=9373 and auxiliar.producao=0 and estoque.codigo=auxiliar.original and auxiliar.idtimer="160620192200011537805377353636090131404MOBILEADM" order by estoque.grupo,auxiliar.id
16/06 21:54:49 - GRUPOS:<2,125415><2,125416>
16/06 21:54:49 - CIS Status: Create
16/06 21:54:49 - CIS Status: Connect
16/06 21:54:49 - Status: Write cmd #16#4 (1..4)
16/06 21:54:49 - Status: ok
16/06 21:54:49 - Status: Tampa aberta 0, Sem Papel 0, Off-line 0, Erro1 0, Erro2 0, Erro3 0, Erro4 0
16/06 21:54:49 - CIS Status: Close
16/06 21:54:49 - PERFIL 7
16/06 21:54:49 - cupom_impressao_producao(9373,True,"",[],125415
125416
,1);
16/06 21:54:49 - IOK 1 STAGE => 28
16/06 21:55:06 - PEDIDOS SOLICITADO {"sessao":"160620192155011565576331MOBILEADM","operacao":"PIT","pedido":"9355","usuario":"1","terminal":"56","conf":"2|1","items":[{"i0":"4|1"},{"i1":"5|1"}]}
16/06 21:55:06 - sessao: 160620192155011565576331MOBILEADM
16/06 21:55:06 - id: 9355
16/06 21:55:06 - usuario: 1
16/06 21:55:06 - terminal: 56
16/06 21:55:06 - conf: 2|1
16/06 21:55:06 0 - 4|1
16/06 21:55:06 1 - 5|1
16/06 21:55:06 - dados
16/06 21:55:06 - VALORES? 15,00/15/15/,/"15"
16/06 21:55:06 - VALORES? 12,90/12,9/12,9/,/"12.9"
16/06 21:55:06 - PRODUCAO => id:9355 user:1term:56 hora: sessao:160620192155011565576331MOBILEADM
16/06 21:55:06 - select estoque.grupo,auxiliar.id from auxiliar,estoque where auxiliar.idpedido=9355 and auxiliar.producao=0 and estoque.codigo=auxiliar.original and auxiliar.idtimer="160620192155011565576331MOBILEADM" order by estoque.grupo,auxiliar.id
16/06 21:55:06 - GRUPOS:<2,125417><2,125418>
16/06 21:55:06 - CIS Status: Create
16/06 21:55:06 - CIS Status: Connect
16/06 21:55:06 - Status: Write cmd #16#4 (1..4)
16/06 21:55:06 - Status: ok
16/06 21:55:06 - Status: Tampa aberta 0, Sem Papel 0, Off-line 0, Erro1 0, Erro2 0, Erro3 0, Erro4 0
16/06 21:55:06 - CIS Status: Close
16/06 21:55:06 - PERFIL 7
16/06 21:55:06 - cupom_impressao_producao(9355,True,"",[],125417
125418
,1);
16/06 21:55:07 - IOK 1 STAGE => 28
16/06 21:56:47 - PEDIDOS SOLICITADO {"sessao":"1606201922015815330116047353636090131404MOBILEADM","operacao":"PIT","pedido":"9356","usuario":"1","terminal":"53","conf":"1|1","items":[{"i0":"261|1"}]}
16/06 21:56:47 - sessao: 1606201922015815330116047353636090131404MOBILEADM
16/06 21:56:47 - id: 9356
16/06 21:56:47 - usuario: 1
16/06 21:56:47 - terminal: 53
16/06 21:56:47 - conf: 1|1
16/06 21:56:47 0 - 261|1
16/06 21:56:47 - dados
16/06 21:56:47 - VALORES? 9,90/9,9/9,9/,/"9.9"
16/06 21:56:47 - PRODUCAO => id:9356 user:1term:53 hora: sessao:1606201922015815330116047353636090131404MOBILEADM
16/06 21:56:47 - select estoque.grupo,auxiliar.id from auxiliar,estoque where auxiliar.idpedido=9356 and auxiliar.producao=0 and estoque.codigo=auxiliar.original and auxiliar.idtimer="1606201922015815330116047353636090131404MOBILEADM" order by estoque.grupo,auxiliar.id
16/06 21:56:47 - GRUPOS:<1,125419>
16/06 21:56:48 - CIS Status: Create
16/06 21:56:48 - CIS Status: Connect
16/06 21:56:48 - Status: Write cmd #16#4 (1..4)
16/06 21:56:48 - Status: ok
16/06 21:56:48 - Status: Tampa aberta 0, Sem Papel 0, Off-line 0, Erro1 0, Erro2 0, Erro3 0, Erro4 0
16/06 21:56:48 - CIS Status: Close
16/06 21:56:48 - PERFIL 7
16/06 21:56:48 - cupom_impressao_producao(9356,True,"",[],125419
,1);
16/06 21:56:48 - IOK 1 STAGE => 28
16/06 21:57:19 - PRE-CONTA SOLICITADA {"operacao":"PRE","pedido":"9336"}
16/06 21:57:19 - Lista das impressoras
16/06 21:57:19 - Id da impressora 7 => TCP:192.168.88.200
16/06 21:57:19 - CIS Status: Create
16/06 21:57:19 - CIS Status: Connect
16/06 21:57:19 - Status: Write cmd #16#4 (1..4)
16/06 21:57:19 - Status: ok
16/06 21:57:19 - Status: Tampa aberta 0, Sem Papel 0, Off-line 0, Erro1 0, Erro2 0, Erro3 0, Erro4 0
16/06 21:57:19 - CIS Status: Close
16/06 21:57:19 - ABRIR BANCO DE DADOS
16/06 21:57:19 - OK BANCO DE DADOS
16/06 21:57:19 - SET IMPRESSORA 7
16/06 21:57:19 - ENVIANDO IMPRESSAO
16/06 21:57:19 - Processado com Sucesso
16/06 21:57:19 - GRAVANDO REGISTRO PRE
16/06 21:57:19 - CONCLUIDO
16/06 21:57:19 0 - POST / HTTP/1.1
Content-Length: 34

{"operacao":"PRE","pedido":"9336"}

 t:0,469 => OK
16/06 22:13:16 - ***  SERVIÇO PARADO
16/06 22:13:19 - Iniciando Suporte Mobile 64bit Versao: 1.13
16/06 22:13:19 - Variaveis
16/06 22:13:19 - CurrencyString="R$", CurrencyFormat="#2", NegCurrFormat="#9", ThousandSeparator=".", DecimalSeparator=",", CurrencyDecimals="2", DateSeparator="/", ShortDateFormat="dd/MM/yyyy", LongDateFormat="dddd, d' de 'MMMM' de 'yyyy", TimeSeparator=":", TimeAMString="", TimePMString="", ShortTimeFormat="hh:mm", LongTimeFormat="hh:mm:ss", TwoDigitYearCenturyWindow="50", ListSeparator=";"
16/06 22:13:19 - TCP Servidor
16/06 22:13:19 - TCP Cliente
16/06 22:13:19 - Iniciado na porta => 4406
16/06 22:13:19 - Formato Valores:        -1.254,87 | -1254,87|        1.254,87 | 1254,87
16/06 22:13:19 - Formato Data   : 16/06/2019 22:13:19
16/06 22:13:19 - Flags debug 1 sem log 0
16/06 22:13:19 - BANCO DE DADOS ONLINE > 192.168.88.28:comodoro
16/06 22:13:19 - PRECO => 30 /            30,00/30/30
16/06 22:13:19 - iniciar_identificacao_computador
16/06 22:13:19 - sistema_pegar_perfil
16/06 22:13:19 - empresa_carregar_segmentos
16/06 22:13:19 - rcs_iniciar_variaveis_globais
16/06 22:13:19 - terminal_id
16/06 22:13:19 - mesas_comandas
16/06 22:13:19 - LPRINT
16/06 22:13:19 - Status: Config => 192.168.88.200:9100
16/06 22:13:19 - Status: Config => 192.168.88.200:9100
16/06 22:13:19 - Status: Config => c:9100
16/06 22:13:19 - Status: Config => 192.168.88.200:9100
16/06 22:13:19 - LISTA DE IMPRESSORAS CARREGADA 4
16/06 22:13:19 - carregarImp
16/06 22:13:19 - objetos
16/06 22:13:19 - produtos_gerenciamento_de_estoque
16/06 22:13:19 - # status 100%
16/06 22:13:34 - PEDIDOS SOLICITADO {"sessao":"16062019221847153122326353636090131404MOBILEADM","operacao":"PIT","pedido":"9356","usuario":"1","terminal":"53","conf":"2|1","items":[{"i0":"261|1"},{"i1":"39|1"}]}
16/06 22:13:34 - sessao: 16062019221847153122326353636090131404MOBILEADM
16/06 22:13:34 - id: 9356
16/06 22:13:34 - usuario: 1
16/06 22:13:34 - terminal: 53
16/06 22:13:34 - conf: 2|1
16/06 22:13:34 0 - 261|1
16/06 22:13:34 1 - 39|1
16/06 22:13:34 - dados
16/06 22:13:34 - VALORES? 9,90/9,9/9,9/,/"9.9"
16/06 22:13:35 - VALORES? 7,90/7,9/7,9/,/"7.9"
16/06 22:13:35 - PRODUCAO => id:9356 user:1term:53 hora: sessao:16062019221847153122326353636090131404MOBILEADM
16/06 22:13:35 - select estoque.grupo,auxiliar.id from auxiliar,estoque where auxiliar.idpedido=9356 and auxiliar.producao=0 and estoque.codigo=auxiliar.original and auxiliar.idtimer="16062019221847153122326353636090131404MOBILEADM" order by estoque.grupo,auxiliar.id
16/06 22:13:35 - GRUPOS:<1,125420><1,125421>
16/06 22:13:35 - CIS Status: Create
16/06 22:13:35 - CIS Status: Connect
16/06 22:13:35 - Status: Write cmd #16#4 (1..4)
16/06 22:13:35 - Status: ok
16/06 22:13:35 - Status: Tampa aberta 0, Sem Papel 0, Off-line 0, Erro1 0, Erro2 0, Erro3 0, Erro4 0
16/06 22:13:35 - CIS Status: Close
16/06 22:13:35 - PERFIL 7
16/06 22:13:35 - cupom_impressao_producao(9356,True,"",[],125420
125421
,1);
16/06 22:13:35 - IOK 1 STAGE => 28
16/06 22:13:53 - PEDIDOS SOLICITADO {"sessao":"1606201922190615337929846353636090131404MOBILEADM","operacao":"PIT","pedido":"9356","usuario":"1","terminal":"53","conf":"2|1","items":[{"i0":"39|1"},{"i1":"40|1"}]}
16/06 22:13:53 - sessao: 1606201922190615337929846353636090131404MOBILEADM
16/06 22:13:53 - id: 9356
16/06 22:13:53 - usuario: 1
16/06 22:13:53 - terminal: 53
16/06 22:13:53 - conf: 2|1
16/06 22:13:53 0 - 39|1
16/06 22:13:53 1 - 40|1
16/06 22:13:53 - dados
16/06 22:13:53 - VALORES? 7,90/7,9/7,9/,/"7.9"
16/06 22:13:53 - VALORES? 6,90/6,9/6,9/,/"6.9"
16/06 22:13:53 - PRODUCAO => id:9356 user:1term:53 hora: sessao:1606201922190615337929846353636090131404MOBILEADM
16/06 22:13:53 - select estoque.grupo,auxiliar.id from auxiliar,estoque where auxiliar.idpedido=9356 and auxiliar.producao=0 and estoque.codigo=auxiliar.original and auxiliar.idtimer="1606201922190615337929846353636090131404MOBILEADM" order by estoque.grupo,auxiliar.id
16/06 22:13:53 - GRUPOS:<1,125422><1,125423>
16/06 22:13:53 - CIS Status: Create
16/06 22:13:53 - CIS Status: Connect
16/06 22:13:53 - Status: Write cmd #16#4 (1..4)
16/06 22:13:53 - Status: ok
