17/06 00:59:45 - PEDIDOS SOLICITADO {"sessao":"170620190104461531055114353636090131404MOBILEADM","operacao":"PIT","pedido":"9377","usuario":"1","terminal":"53","conf":"2|1","items":[{"i0":"272|1"},{"i1":"188|1"}]}
17/06 00:59:45 - salvando log -> C:\rcsv\App\mobile64\LOG_APP_MOBILE_SERVICE_64_24.log
17/06 00:59:45 - sessao: 170620190104461531055114353636090131404MOBILEADM
17/06 00:59:45 - id: 9377
17/06 00:59:45 - usuario: 1
17/06 00:59:45 - terminal: 53
17/06 00:59:45 - conf: 2|1
17/06 00:59:45 0 - 272|1
17/06 00:59:45 1 - 188|1
17/06 00:59:45 - dados
17/06 00:59:45 0 - {"sessao":"170620190104461531055114353636090131404MOBILEADM","operacao":"PIT","pedido":"9377","usuario":"1","terminal":"53","conf":"2|1","items":[{"i0":"272|1"},{"i1":"188|1"}]}
17/06 00:59:45 2 -  0t ERRO
17/06 00:59:46 - PEDIDOS SOLICITADO {"sessao":"170620190104461531055114353636090131404MOBILEADM","operacao":"PIT","pedido":"9377","usuario":"1","terminal":"53","conf":"2|1","items":[{"i0":"272|1"},{"i1":"188|1"}]}
17/06 00:59:46 - sessao: 170620190104461531055114353636090131404MOBILEADM
17/06 00:59:46 - id: 9377
17/06 00:59:46 - usuario: 1
17/06 00:59:46 - terminal: 53
17/06 00:59:46 - conf: 2|1
17/06 00:59:46 0 - 272|1
17/06 00:59:46 1 - 188|1
17/06 00:59:46 - dados
17/06 00:59:46 0 - {"sessao":"170620190104461531055114353636090131404MOBILEADM","operacao":"PIT","pedido":"9377","usuario":"1","terminal":"53","conf":"2|1","items":[{"i0":"272|1"},{"i1":"188|1"}]}
17/06 00:59:46 2 -  0,015t ERRO
17/06 00:59:46 - PEDIDOS SOLICITADO {"sessao":"170620190104461531055114353636090131404MOBILEADM","operacao":"PIT","pedido":"9377","usuario":"1","terminal":"53","conf":"2|1","items":[{"i0":"272|1"},{"i1":"188|1"}]}
17/06 00:59:46 - sessao: 170620190104461531055114353636090131404MOBILEADM
17/06 00:59:46 - id: 9377
17/06 00:59:46 - usuario: 1
17/06 00:59:46 - terminal: 53
17/06 00:59:46 - conf: 2|1
17/06 00:59:46 0 - 272|1
17/06 00:59:46 1 - 188|1
17/06 00:59:46 - dados
17/06 00:59:46 0 - {"sessao":"170620190104461531055114353636090131404MOBILEADM","operacao":"PIT","pedido":"9377","usuario":"1","terminal":"53","conf":"2|1","items":[{"i0":"272|1"},{"i1":"188|1"}]}
17/06 00:59:46 2 -  0,016t ERRO
17/06 00:59:47 - PEDIDOS SOLICITADO {"sessao":"170620190104461531055114353636090131404MOBILEADM","operacao":"PIT","pedido":"9377","usuario":"1","terminal":"53","conf":"2|1","items":[{"i0":"272|1"},{"i1":"188|1"}]}
17/06 00:59:47 - sessao: 170620190104461531055114353636090131404MOBILEADM
17/06 00:59:47 - id: 9377
17/06 00:59:47 - usuario: 1
17/06 00:59:47 - terminal: 53
17/06 00:59:47 - conf: 2|1
17/06 00:59:47 0 - 272|1
17/06 00:59:47 1 - 188|1
17/06 00:59:47 - dados
17/06 00:59:47 0 - {"sessao":"170620190104461531055114353636090131404MOBILEADM","operacao":"PIT","pedido":"9377","usuario":"1","terminal":"53","conf":"2|1","items":[{"i0":"272|1"},{"i1":"188|1"}]}
17/06 00:59:47 2 -  0t ERRO
17/06 00:59:47 - PEDIDOS SOLICITADO {"sessao":"170620190104461531055114353636090131404MOBILEADM","operacao":"PIT","pedido":"9377","usuario":"1","terminal":"53","conf":"2|1","items":[{"i0":"272|1"},{"i1":"188|1"}]}
17/06 00:59:47 - sessao: 170620190104461531055114353636090131404MOBILEADM
17/06 00:59:47 - id: 9377
17/06 00:59:47 - usuario: 1
17/06 00:59:47 - terminal: 53
17/06 00:59:47 - conf: 2|1
17/06 00:59:47 0 - 272|1
17/06 00:59:47 1 - 188|1
17/06 00:59:47 - dados
17/06 00:59:47 0 - {"sessao":"170620190104461531055114353636090131404MOBILEADM","operacao":"PIT","pedido":"9377","usuario":"1","terminal":"53","conf":"2|1","items":[{"i0":"272|1"},{"i1":"188|1"}]}
17/06 00:59:47 2 -  0t ERRO
17/06 00:59:48 - PEDIDOS SOLICITADO {"sessao":"170620190104461531055114353636090131404MOBILEADM","operacao":"PIT","pedido":"9377","usuario":"1","terminal":"53","conf":"2|1","items":[{"i0":"272|1"},{"i1":"188|1"}]}
17/06 00:59:48 - sessao: 170620190104461531055114353636090131404MOBILEADM
17/06 00:59:48 - id: 9377
17/06 00:59:48 - usuario: 1
17/06 00:59:48 - terminal: 53
17/06 00:59:48 - conf: 2|1
17/06 00:59:48 0 - 272|1
17/06 00:59:48 1 - 188|1
17/06 00:59:48 - dados
17/06 00:59:48 0 - {"sessao":"170620190104461531055114353636090131404MOBILEADM","operacao":"PIT","pedido":"9377","usuario":"1","terminal":"53","conf":"2|1","items":[{"i0":"272|1"},{"i1":"188|1"}]}
17/06 00:59:48 2 -  0,016t ERRO
17/06 00:59:48 - PEDIDOS SOLICITADO {"sessao":"170620190104461531055114353636090131404MOBILEADM","operacao":"PIT","pedido":"9377","usuario":"1","terminal":"53","conf":"2|1","items":[{"i0":"272|1"},{"i1":"188|1"}]}
17/06 00:59:48 - sessao: 170620190104461531055114353636090131404MOBILEADM
17/06 00:59:48 - id: 9377
17/06 00:59:48 - usuario: 1
17/06 00:59:48 - terminal: 53
17/06 00:59:48 - conf: 2|1
17/06 00:59:48 0 - 272|1
17/06 00:59:48 1 - 188|1
17/06 00:59:48 - dados
17/06 00:59:48 0 - {"sessao":"170620190104461531055114353636090131404MOBILEADM","operacao":"PIT","pedido":"9377","usuario":"1","terminal":"53","conf":"2|1","items":[{"i0":"272|1"},{"i1":"188|1"}]}
17/06 00:59:48 2 -  0,016t ERRO
17/06 00:59:49 - PEDIDOS SOLICITADO {"sessao":"170620190104461531055114353636090131404MOBILEADM","operacao":"PIT","pedido":"9377","usuario":"1","terminal":"53","conf":"2|1","items":[{"i0":"272|1"},{"i1":"188|1"}]}
17/06 00:59:49 - sessao: 170620190104461531055114353636090131404MOBILEADM
17/06 00:59:49 - id: 9377
17/06 00:59:49 - usuario: 1
17/06 00:59:49 - terminal: 53
17/06 00:59:49 - conf: 2|1
17/06 00:59:49 0 - 272|1
17/06 00:59:49 1 - 188|1
17/06 00:59:49 - dados
17/06 00:59:49 0 - {"sessao":"170620190104461531055114353636090131404MOBILEADM","operacao":"PIT","pedido":"9377","usuario":"1","terminal":"53","conf":"2|1","items":[{"i0":"272|1"},{"i1":"188|1"}]}
17/06 00:59:49 2 -  0t ERRO
17/06 00:59:49 - PEDIDOS SOLICITADO {"sessao":"170620190104461531055114353636090131404MOBILEADM","operacao":"PIT","pedido":"9377","usuario":"1","terminal":"53","conf":"2|1","items":[{"i0":"272|1"},{"i1":"188|1"}]}
17/06 00:59:49 - sessao: 170620190104461531055114353636090131404MOBILEADM
17/06 00:59:49 - id: 9377
17/06 00:59:49 - usuario: 1
17/06 00:59:49 - terminal: 53
17/06 00:59:49 - conf: 2|1
17/06 00:59:49 0 - 272|1
17/06 00:59:49 1 - 188|1
17/06 00:59:49 - dados
17/06 00:59:49 0 - {"sessao":"170620190104461531055114353636090131404MOBILEADM","operacao":"PIT","pedido":"9377","usuario":"1","terminal":"53","conf":"2|1","items":[{"i0":"272|1"},{"i1":"188|1"}]}
17/06 00:59:49 2 -  0,015t ERRO
17/06 00:59:50 - PEDIDOS SOLICITADO {"sessao":"170620190104461531055114353636090131404MOBILEADM","operacao":"PIT","pedido":"9377","usuario":"1","terminal":"53","conf":"2|1","items":[{"i0":"272|1"},{"i1":"188|1"}]}
17/06 00:59:50 - sessao: 170620190104461531055114353636090131404MOBILEADM
17/06 00:59:50 - id: 9377
17/06 00:59:50 - usuario: 1
17/06 00:59:50 - terminal: 53
17/06 00:59:50 - conf: 2|1
17/06 00:59:50 0 - 272|1
17/06 00:59:50 1 - 188|1
17/06 00:59:50 - dados
17/06 00:59:50 0 - {"sessao":"170620190104461531055114353636090131404MOBILEADM","operacao":"PIT","pedido":"9377","usuario":"1","terminal":"53","conf":"2|1","items":[{"i0":"272|1"},{"i1":"188|1"}]}
17/06 00:59:50 2 -  0,016t ERRO
17/06 00:59:51 - PEDIDOS SOLICITADO {"sessao":"170620190104461531055114353636090131404MOBILEADM","operacao":"PIT","pedido":"9377","usuario":"1","terminal":"53","conf":"2|1","items":[{"i0":"272|1"},{"i1":"188|1"}]}
17/06 00:59:51 - sessao: 170620190104461531055114353636090131404MOBILEADM
17/06 00:59:51 - id: 9377
17/06 00:59:51 - usuario: 1
17/06 00:59:51 - terminal: 53
17/06 00:59:51 - conf: 2|1
17/06 00:59:51 0 - 272|1
17/06 00:59:51 1 - 188|1
17/06 00:59:51 - dados
17/06 00:59:51 0 - {"sessao":"170620190104461531055114353636090131404MOBILEADM","operacao":"PIT","pedido":"9377","usuario":"1","terminal":"53","conf":"2|1","items":[{"i0":"272|1"},{"i1":"188|1"}]}
17/06 00:59:51 2 -  0,032t ERRO
17/06 00:59:52 - PEDIDOS SOLICITADO {"sessao":"170620190104461531055114353636090131404MOBILEADM","operacao":"PIT","pedido":"9377","usuario":"1","terminal":"53","conf":"2|1","items":[{"i0":"272|1"},{"i1":"188|1"}]}
17/06 00:59:52 - sessao: 170620190104461531055114353636090131404MOBILEADM
17/06 00:59:52 - id: 9377
17/06 00:59:52 - usuario: 1
17/06 00:59:52 - terminal: 53
17/06 00:59:52 - conf: 2|1
17/06 00:59:52 0 - 272|1
17/06 00:59:52 1 - 188|1
17/06 00:59:52 - dados
17/06 00:59:52 0 - {"sessao":"170620190104461531055114353636090131404MOBILEADM","operacao":"PIT","pedido":"9377","usuario":"1","terminal":"53","conf":"2|1","items":[{"i0":"272|1"},{"i1":"188|1"}]}
17/06 00:59:52 2 -  0,015t ERRO
17/06 00:59:52 - PEDIDOS SOLICITADO {"sessao":"170620190104461531055114353636090131404MOBILEADM","operacao":"PIT","pedido":"9377","usuario":"1","terminal":"53","conf":"2|1","items":[{"i0":"272|1"},{"i1":"188|1"}]}
17/06 00:59:52 - sessao: 170620190104461531055114353636090131404MOBILEADM
17/06 00:59:52 - id: 9377
17/06 00:59:52 - usuario: 1
17/06 00:59:52 - terminal: 53
17/06 00:59:52 - conf: 2|1
17/06 00:59:52 0 - 272|1
17/06 00:59:52 1 - 188|1
17/06 00:59:52 - dados
17/06 00:59:52 0 - {"sessao":"170620190104461531055114353636090131404MOBILEADM","operacao":"PIT","pedido":"9377","usuario":"1","terminal":"53","conf":"2|1","items":[{"i0":"272|1"},{"i1":"188|1"}]}
17/06 00:59:52 2 -  0,015t ERRO
17/06 00:59:53 - PEDIDOS SOLICITADO {"sessao":"170620190104461531055114353636090131404MOBILEADM","operacao":"PIT","pedido":"9377","usuario":"1","terminal":"53","conf":"2|1","items":[{"i0":"272|1"},{"i1":"188|1"}]}
17/06 00:59:53 - sessao: 170620190104461531055114353636090131404MOBILEADM
17/06 00:59:53 - id: 9377
17/06 00:59:53 - usuario: 1
17/06 00:59:53 - terminal: 53
17/06 00:59:53 - conf: 2|1
17/06 00:59:53 0 - 272|1
17/06 00:59:53 1 - 188|1
17/06 00:59:53 - dados
17/06 00:59:53 0 - {"sessao":"170620190104461531055114353636090131404MOBILEADM","operacao":"PIT","pedido":"9377","usuario":"1","terminal":"53","conf":"2|1","items":[{"i0":"272|1"},{"i1":"188|1"}]}
17/06 00:59:53 2 -  0t ERRO
17/06 00:59:54 - PEDIDOS SOLICITADO {"sessao":"170620190104461531055114353636090131404MOBILEADM","operacao":"PIT","pedido":"9377","usuario":"1","terminal":"53","conf":"2|1","items":[{"i0":"272|1"},{"i1":"188|1"}]}
17/06 00:59:54 - sessao: 170620190104461531055114353636090131404MOBILEADM
17/06 00:59:54 - id: 9377
17/06 00:59:54 - usuario: 1
17/06 00:59:54 - terminal: 53
17/06 00:59:54 - conf: 2|1
17/06 00:59:54 0 - 272|1
17/06 00:59:54 1 - 188|1
17/06 00:59:54 - dados
17/06 00:59:54 0 - {"sessao":"170620190104461531055114353636090131404MOBILEADM","operacao":"PIT","pedido":"9377","usuario":"1","terminal":"53","conf":"2|1","items":[{"i0":"272|1"},{"i1":"188|1"}]}
17/06 00:59:54 2 -  0t ERRO
17/06 00:59:54 - PEDIDOS SOLICITADO {"sessao":"170620190104461531055114353636090131404MOBILEADM","operacao":"PIT","pedido":"9377","usuario":"1","terminal":"53","conf":"2|1","items":[{"i0":"272|1"},{"i1":"188|1"}]}
17/06 00:59:54 - sessao: 170620190104461531055114353636090131404MOBILEADM
17/06 00:59:54 - id: 9377
17/06 00:59:54 - usuario: 1
17/06 00:59:54 - terminal: 53
17/06 00:59:54 - conf: 2|1
17/06 00:59:54 0 - 272|1
17/06 00:59:54 1 - 188|1
17/06 00:59:54 - dados
17/06 00:59:54 0 - {"sessao":"170620190104461531055114353636090131404MOBILEADM","operacao":"PIT","pedido":"9377","usuario":"1","terminal":"53","conf":"2|1","items":[{"i0":"272|1"},{"i1":"188|1"}]}
17/06 00:59:54 2 -  0t ERRO
17/06 00:59:55 - PEDIDOS SOLICITADO {"sessao":"170620190104461531055114353636090131404MOBILEADM","operacao":"PIT","pedido":"9377","usuario":"1","terminal":"53","conf":"2|1","items":[{"i0":"272|1"},{"i1":"188|1"}]}
17/06 00:59:55 - sessao: 170620190104461531055114353636090131404MOBILEADM
17/06 00:59:55 - id: 9377
17/06 00:59:55 - usuario: 1
17/06 00:59:55 - terminal: 53
17/06 00:59:55 - conf: 2|1
17/06 00:59:55 0 - 272|1
17/06 00:59:55 1 - 188|1
17/06 00:59:55 - dados
17/06 00:59:55 0 - {"sessao":"170620190104461531055114353636090131404MOBILEADM","operacao":"PIT","pedido":"9377","usuario":"1","terminal":"53","conf":"2|1","items":[{"i0":"272|1"},{"i1":"188|1"}]}
17/06 00:59:55 2 -  0t ERRO
17/06 00:59:55 - PEDIDOS SOLICITADO {"sessao":"170620190104461531055114353636090131404MOBILEADM","operacao":"PIT","pedido":"9377","usuario":"1","terminal":"53","conf":"2|1","items":[{"i0":"272|1"},{"i1":"188|1"}]}
17/06 00:59:55 - sessao: 170620190104461531055114353636090131404MOBILEADM
17/06 00:59:55 - id: 9377
17/06 00:59:55 - usuario: 1
17/06 00:59:55 - terminal: 53
17/06 00:59:55 - conf: 2|1
17/06 00:59:55 0 - 272|1
17/06 00:59:55 1 - 188|1
17/06 00:59:55 - dados
17/06 00:59:55 0 - {"sessao":"170620190104461531055114353636090131404MOBILEADM","operacao":"PIT","pedido":"9377","usuario":"1","terminal":"53","conf":"2|1","items":[{"i0":"272|1"},{"i1":"188|1"}]}
17/06 00:59:55 2 -  0,016t ERRO
17/06 00:59:55 - PEDIDOS SOLICITADO {"sessao":"170620190104461531055114353636090131404MOBILEADM","operacao":"PIT","pedido":"9377","usuario":"1","terminal":"53","conf":"2|1","items":[{"i0":"272|1"},{"i1":"188|1"}]}
17/06 00:59:55 - sessao: 170620190104461531055114353636090131404MOBILEADM
17/06 00:59:55 - id: 9377
17/06 00:59:55 - usuario: 1
17/06 00:59:55 - terminal: 53
17/06 00:59:55 - conf: 2|1
17/06 00:59:55 0 - 272|1
17/06 00:59:55 1 - 188|1
17/06 00:59:55 - dados
17/06 00:59:55 0 - {"sessao":"170620190104461531055114353636090131404MOBILEADM","operacao":"PIT","pedido":"9377","usuario":"1","terminal":"53","conf":"2|1","items":[{"i0":"272|1"},{"i1":"188|1"}]}
17/06 00:59:55 2 -  0,015t ERRO
17/06 00:59:56 - PEDIDOS SOLICITADO {"sessao":"170620190104461531055114353636090131404MOBILEADM","operacao":"PIT","pedido":"9377","usuario":"1","terminal":"53","conf":"2|1","items":[{"i0":"272|1"},{"i1":"188|1"}]}
17/06 00:59:56 - sessao: 170620190104461531055114353636090131404MOBILEADM
17/06 00:59:56 - id: 9377
17/06 00:59:56 - usuario: 1
17/06 00:59:56 - terminal: 53
17/06 00:59:56 - conf: 2|1
17/06 00:59:56 0 - 272|1
17/06 00:59:56 1 - 188|1
17/06 00:59:56 - dados
17/06 00:59:56 0 - {"sessao":"170620190104461531055114353636090131404MOBILEADM","operacao":"PIT","pedido":"9377","usuario":"1","terminal":"53","conf":"2|1","items":[{"i0":"272|1"},{"i1":"188|1"}]}
17/06 00:59:56 2 -  0,015t ERRO
17/06 00:59:57 - PEDIDOS SOLICITADO {"sessao":"170620190104461531055114353636090131404MOBILEADM","operacao":"PIT","pedido":"9377","usuario":"1","terminal":"53","conf":"2|1","items":[{"i0":"272|1"},{"i1":"188|1"}]}
17/06 00:59:57 - sessao: 170620190104461531055114353636090131404MOBILEADM
17/06 00:59:57 - id: 9377
17/06 00:59:57 - usuario: 1
17/06 00:59:57 - terminal: 53
17/06 00:59:57 - conf: 2|1
17/06 00:59:57 0 - 272|1
17/06 00:59:57 1 - 188|1
17/06 00:59:57 - dados
17/06 00:59:57 0 - {"sessao":"170620190104461531055114353636090131404MOBILEADM","operacao":"PIT","pedido":"9377","usuario":"1","terminal":"53","conf":"2|1","items":[{"i0":"272|1"},{"i1":"188|1"}]}
17/06 00:59:57 2 -  0,015t ERRO
17/06 00:59:58 - PEDIDOS SOLICITADO {"sessao":"170620190104461531055114353636090131404MOBILEADM","operacao":"PIT","pedido":"9377","usuario":"1","terminal":"53","conf":"2|1","items":[{"i0":"272|1"},{"i1":"188|1"}]}
17/06 00:59:58 - sessao: 170620190104461531055114353636090131404MOBILEADM
17/06 00:59:58 - id: 9377
17/06 00:59:58 - usuario: 1
17/06 00:59:58 - terminal: 53
17/06 00:59:58 - conf: 2|1
17/06 00:59:58 0 - 272|1
17/06 00:59:58 1 - 188|1
17/06 00:59:58 - dados
17/06 00:59:58 0 - {"sessao":"170620190104461531055114353636090131404MOBILEADM","operacao":"PIT","pedido":"9377","usuario":"1","terminal":"53","conf":"2|1","items":[{"i0":"272|1"},{"i1":"188|1"}]}
17/06 00:59:58 2 -  0,015t ERRO
17/06 00:59:59 - PEDIDOS SOLICITADO {"sessao":"170620190104461531055114353636090131404MOBILEADM","operacao":"PIT","pedido":"9377","usuario":"1","terminal":"53","conf":"2|1","items":[{"i0":"272|1"},{"i1":"188|1"}]}
17/06 00:59:59 - sessao: 170620190104461531055114353636090131404MOBILEADM
17/06 00:59:59 - id: 9377
17/06 00:59:59 - usuario: 1
17/06 00:59:59 - terminal: 53
17/06 00:59:59 - conf: 2|1
17/06 00:59:59 0 - 272|1
17/06 00:59:59 1 - 188|1
17/06 00:59:59 - dados
17/06 00:59:59 0 - {"sessao":"170620190104461531055114353636090131404MOBILEADM","operacao":"PIT","pedido":"9377","usuario":"1","terminal":"53","conf":"2|1","items":[{"i0":"272|1"},{"i1":"188|1"}]}
17/06 00:59:59 2 -  0,015t ERRO
17/06 01:00:00 - PEDIDOS SOLICITADO {"sessao":"170620190104461531055114353636090131404MOBILEADM","operacao":"PIT","pedido":"9377","usuario":"1","terminal":"53","conf":"2|1","items":[{"i0":"272|1"},{"i1":"188|1"}]}
17/06 01:00:00 - sessao: 170620190104461531055114353636090131404MOBILEADM
17/06 01:00:00 - id: 9377
