16/06 20:07:57 - PRE-CONTA SOLICITADA {"operacao":"PRE","pedido":"9332"}
16/06 20:07:57 - Lista das impressoras
16/06 20:07:57 - Id da impressora 7 => TCP:192.168.88.200
16/06 20:07:57 - CIS Status: Create
16/06 20:07:57 - CIS Status: Connect
16/06 20:07:57 - Status: Write cmd #16#4 (1..4)
16/06 20:07:57 - Status: ok
16/06 20:07:57 - Status: Tampa aberta 0, Sem Papel 0, Off-line 0, Erro1 0, Erro2 0, Erro3 0, Erro4 0
16/06 20:07:57 - CIS Status: Close
16/06 20:07:57 - ABRIR BANCO DE DADOS
16/06 20:07:57 - OK BANCO DE DADOS
16/06 20:07:57 - SET IMPRESSORA 7
16/06 20:07:57 - ENVIANDO IMPRESSAO
16/06 20:07:58 - Processado com Sucesso
16/06 20:07:58 - GRAVANDO REGISTRO PRE
16/06 20:07:58 - CONCLUIDO
16/06 20:07:58 0 - POST / HTTP/1.1
Content-Length: 34

{"operacao":"PRE","pedido":"9332"}

 t:0,469 => OK
16/06 20:08:45 - PRE-CONTA SOLICITADA {"operacao":"PRE","pedido":"9332"}
16/06 20:08:45 - Lista das impressoras
16/06 20:08:45 - Id da impressora 7 => TCP:192.168.88.200
16/06 20:08:45 - CIS Status: Create
16/06 20:08:45 - CIS Status: Connect
16/06 20:08:45 - Status: Write cmd #16#4 (1..4)
16/06 20:08:45 - Status: ok
16/06 20:08:45 - Status: Tampa aberta 0, Sem Papel 0, Off-line 0, Erro1 0, Erro2 0, Erro3 0, Erro4 0
16/06 20:08:45 - CIS Status: Close
16/06 20:08:45 - ABRIR BANCO DE DADOS
16/06 20:08:45 - OK BANCO DE DADOS
16/06 20:08:45 - SET IMPRESSORA 7
16/06 20:08:45 - ENVIANDO IMPRESSAO
16/06 20:08:45 - Processado com Sucesso
16/06 20:08:45 - GRAVANDO REGISTRO PRE
16/06 20:08:45 - CONCLUIDO
16/06 20:08:45 0 - POST / HTTP/1.1
Content-Length: 34

{"operacao":"PRE","pedido":"9332"}

 t:0,484 => OK
16/06 20:08:52 - PRE-CONTA SOLICITADA {"operacao":"PRE","pedido":"9332"}
16/06 20:08:52 - Lista das impressoras
16/06 20:08:52 - Id da impressora 7 => TCP:192.168.88.200
16/06 20:08:52 - CIS Status: Create
16/06 20:08:52 - CIS Status: Connect
16/06 20:08:52 - Status: Write cmd #16#4 (1..4)
16/06 20:08:52 - Status: ok
16/06 20:08:52 - Status: Tampa aberta 0, Sem Papel 0, Off-line 0, Erro1 0, Erro2 0, Erro3 0, Erro4 0
16/06 20:08:52 - CIS Status: Close
16/06 20:08:52 - ABRIR BANCO DE DADOS
16/06 20:08:52 - OK BANCO DE DADOS
16/06 20:08:52 - SET IMPRESSORA 7
16/06 20:08:52 - ENVIANDO IMPRESSAO
16/06 20:08:52 - Processado com Sucesso
16/06 20:08:52 - GRAVANDO REGISTRO PRE
16/06 20:08:52 - CONCLUIDO
16/06 20:08:52 0 - POST / HTTP/1.1
Content-Length: 34

{"operacao":"PRE","pedido":"9332"}

 t:0,375 => OK
16/06 20:09:07 - PRE-CONTA SOLICITADA {"operacao":"PRE","pedido":"9332"}
16/06 20:09:07 - Lista das impressoras
16/06 20:09:07 - Id da impressora 7 => TCP:192.168.88.200
16/06 20:09:07 - CIS Status: Create
16/06 20:09:07 - CIS Status: Connect
16/06 20:09:07 - Status: Write cmd #16#4 (1..4)
16/06 20:09:07 - Status: ok
16/06 20:09:07 - Status: Tampa aberta 0, Sem Papel 0, Off-line 0, Erro1 0, Erro2 0, Erro3 0, Erro4 0
16/06 20:09:07 - CIS Status: Close
16/06 20:09:07 - ABRIR BANCO DE DADOS
16/06 20:09:07 - OK BANCO DE DADOS
16/06 20:09:07 - SET IMPRESSORA 7
16/06 20:09:08 - ENVIANDO IMPRESSAO
16/06 20:09:08 - Processado com Sucesso
16/06 20:09:08 - GRAVANDO REGISTRO PRE
16/06 20:09:08 - CONCLUIDO
16/06 20:09:08 0 - POST / HTTP/1.1
Content-Length: 34

{"operacao":"PRE","pedido":"9332"}

 t:0,484 => OK
16/06 20:09:37 - PRE-CONTA SOLICITADA {"operacao":"PRE","pedido":"9332"}
16/06 20:09:37 - Lista das impressoras
16/06 20:09:37 - Id da impressora 7 => TCP:192.168.88.200
16/06 20:09:37 - CIS Status: Create
16/06 20:09:37 - CIS Status: Connect
16/06 20:09:37 - Status: Write cmd #16#4 (1..4)
16/06 20:09:37 - Status: ok
16/06 20:09:37 - Status: Tampa aberta 0, Sem Papel 0, Off-line 0, Erro1 0, Erro2 0, Erro3 0, Erro4 0
16/06 20:09:37 - CIS Status: Close
16/06 20:09:37 - ABRIR BANCO DE DADOS
16/06 20:09:37 - OK BANCO DE DADOS
16/06 20:09:37 - SET IMPRESSORA 7
16/06 20:09:37 - ENVIANDO IMPRESSAO
16/06 20:09:37 - Processado com Sucesso
16/06 20:09:37 - GRAVANDO REGISTRO PRE
16/06 20:09:37 - CONCLUIDO
16/06 20:09:37 0 - POST / HTTP/1.1
Content-Length: 34

{"operacao":"PRE","pedido":"9332"}

 t:0,469 => OK
16/06 20:12:48 - MANUTENCAO DE IMPRESSORA
16/06 20:12:48 - FILA DE ESPERA ::::::::::
16/06 20:12:48 - Status: Config => 192.168.88.200:9100
16/06 20:12:48 - Status: Config => 192.168.88.200:9100
16/06 20:12:48 - Status: Config => c:9100
16/06 20:12:48 - Status: Config => 192.168.88.200:9100
16/06 20:12:48 - LISTA DE IMPRESSORAS CARREGADA 4
16/06 20:12:48 0 - IMP:RELOAD t:0,031 => OK
16/06 20:13:19 - PRE-CONTA SOLICITADA {"operacao":"PRE","pedido":"9331"}
16/06 20:13:19 - Lista das impressoras
16/06 20:13:19 - Id da impressora 7 => TCP:192.168.88.200
16/06 20:13:19 - CIS Status: Create
16/06 20:13:19 - CIS Status: Connect
16/06 20:13:19 - Status: Write cmd #16#4 (1..4)
16/06 20:13:19 - Status: ok
16/06 20:13:19 - Status: Tampa aberta 0, Sem Papel 0, Off-line 0, Erro1 0, Erro2 0, Erro3 0, Erro4 0
16/06 20:13:19 - CIS Status: Close
16/06 20:13:19 - ABRIR BANCO DE DADOS
16/06 20:13:19 - OK BANCO DE DADOS
16/06 20:13:19 - SET IMPRESSORA 7
16/06 20:13:19 - ENVIANDO IMPRESSAO
16/06 20:13:19 - Processado com Sucesso
16/06 20:13:19 - GRAVANDO REGISTRO PRE
16/06 20:13:19 - CONCLUIDO
16/06 20:13:19 0 - POST / HTTP/1.1
Content-Length: 34

{"operacao":"PRE","pedido":"9331"}

 t:0,453 => OK
16/06 20:17:49 - ***  SERVIÇO PARADO
16/06 20:17:52 - Iniciando Suporte Mobile 64bit Versao: 1.13
16/06 20:17:52 - Variaveis
16/06 20:17:52 - CurrencyString="R$", CurrencyFormat="#2", NegCurrFormat="#9", ThousandSeparator=".", DecimalSeparator=",", CurrencyDecimals="2", DateSeparator="/", ShortDateFormat="dd/MM/yyyy", LongDateFormat="dddd, d' de 'MMMM' de 'yyyy", TimeSeparator=":", TimeAMString="", TimePMString="", ShortTimeFormat="hh:mm", LongTimeFormat="hh:mm:ss", TwoDigitYearCenturyWindow="50", ListSeparator=";"
16/06 20:17:52 - TCP Servidor
16/06 20:17:52 - TCP Cliente
16/06 20:17:52 - Iniciado na porta => 4406
16/06 20:17:52 - Formato Valores:        -1.254,87 | -1254,87|        1.254,87 | 1254,87
16/06 20:17:52 - Formato Data   : 16/06/2019 20:17:52
16/06 20:17:52 - Flags debug 1 sem log 0
16/06 20:17:52 - BANCO DE DADOS ONLINE > 192.168.88.28:comodoro
16/06 20:17:52 - PRECO => 30 /            30,00/30/30
16/06 20:17:52 - iniciar_identificacao_computador
16/06 20:17:52 - sistema_pegar_perfil
16/06 20:17:52 - empresa_carregar_segmentos
16/06 20:17:52 - rcs_iniciar_variaveis_globais
16/06 20:17:52 - terminal_id
16/06 20:17:52 - mesas_comandas
16/06 20:17:52 - LPRINT
16/06 20:17:52 - Status: Config => 192.168.88.200:9100
16/06 20:17:52 - Status: Config => 192.168.88.200:9100
16/06 20:17:52 - Status: Config => c:9100
16/06 20:17:52 - Status: Config => 192.168.88.200:9100
16/06 20:17:52 - LISTA DE IMPRESSORAS CARREGADA 4
16/06 20:17:52 - carregarImp
16/06 20:17:52 - objetos
16/06 20:17:52 - produtos_gerenciamento_de_estoque
16/06 20:17:52 - # status 100%
16/06 20:17:59 - PRE-CONTA SOLICITADA {"operacao":"PRE","pedido":"9335"}
16/06 20:17:59 - Lista das impressoras
16/06 20:17:59 - Id da impressora 7 => TCP:192.168.88.200
16/06 20:17:59 - CIS Status: Create
16/06 20:17:59 - CIS Status: Connect
16/06 20:17:59 - Status: Write cmd #16#4 (1..4)
16/06 20:17:59 - Status: ok
16/06 20:17:59 - Status: Tampa aberta 0, Sem Papel 0, Off-line 0, Erro1 0, Erro2 0, Erro3 0, Erro4 0
16/06 20:17:59 - CIS Status: Close
16/06 20:17:59 - ABRIR BANCO DE DADOS
16/06 20:17:59 - OK BANCO DE DADOS
16/06 20:17:59 - SET IMPRESSORA 7
16/06 20:17:59 - ENVIANDO IMPRESSAO
16/06 20:17:59 - Processado com Sucesso
16/06 20:17:59 - GRAVANDO REGISTRO PRE
16/06 20:17:59 - CONCLUIDO
16/06 20:17:59 0 - POST / HTTP/1.1
Content-Length: 34

{"operacao":"PRE","pedido":"9335"}

 t:0,469 => OK
16/06 20:18:11 - PRE-CONTA SOLICITADA {"operacao":"PRE","pedido":"9335"}
16/06 20:18:11 - Lista das impressoras
16/06 20:18:11 - Id da impressora 7 => TCP:192.168.88.200
16/06 20:18:11 - CIS Status: Create
16/06 20:18:11 - CIS Status: Connect
16/06 20:18:11 - Status: Write cmd #16#4 (1..4)
16/06 20:18:11 - Status: ok
16/06 20:18:11 - Status: Tampa aberta 0, Sem Papel 0, Off-line 0, Erro1 0, Erro2 0, Erro3 0, Erro4 0
16/06 20:18:11 - CIS Status: Close
16/06 20:18:11 - ABRIR BANCO DE DADOS
16/06 20:18:11 - OK BANCO DE DADOS
16/06 20:18:11 - SET IMPRESSORA 7
16/06 20:18:11 - ENVIANDO IMPRESSAO
16/06 20:18:11 - Processado com Sucesso
16/06 20:18:11 - GRAVANDO REGISTRO PRE
16/06 20:18:11 - CONCLUIDO
16/06 20:18:11 0 - POST / HTTP/1.1
Content-Length: 34

{"operacao":"PRE","pedido":"9335"}

 t:0,469 => OK
16/06 20:36:35 - ***  SERVIÇO PARADO
16/06 20:36:37 - Iniciando Suporte Mobile 64bit Versao: 1.13
16/06 20:36:37 - Variaveis
16/06 20:36:37 - CurrencyString="R$", CurrencyFormat="#2", NegCurrFormat="#9", ThousandSeparator=".", DecimalSeparator=",", CurrencyDecimals="2", DateSeparator="/", ShortDateFormat="dd/MM/yyyy", LongDateFormat="dddd, d' de 'MMMM' de 'yyyy", TimeSeparator=":", TimeAMString="", TimePMString="", ShortTimeFormat="hh:mm", LongTimeFormat="hh:mm:ss", TwoDigitYearCenturyWindow="50", ListSeparator=";"
16/06 20:36:37 - TCP Servidor
16/06 20:36:37 - TCP Cliente
16/06 20:36:37 - Iniciado na porta => 4406
16/06 20:36:37 - Formato Valores:        -1.254,87 | -1254,87|        1.254,87 | 1254,87
16/06 20:36:37 - Formato Data   : 16/06/2019 20:36:37
16/06 20:36:37 - Flags debug 1 sem log 0
16/06 20:36:37 - BANCO DE DADOS ONLINE > 192.168.88.28:comodoro
16/06 20:36:37 - PRECO => 30 /            30,00/30/30
16/06 20:36:37 - iniciar_identificacao_computador
16/06 20:36:37 - sistema_pegar_perfil
16/06 20:36:37 - empresa_carregar_segmentos
16/06 20:36:37 - rcs_iniciar_variaveis_globais
16/06 20:36:37 - terminal_id
16/06 20:36:37 - mesas_comandas
16/06 20:36:37 - LPRINT
16/06 20:36:37 - Status: Config => 192.168.88.200:9100
16/06 20:36:37 - Status: Config => 192.168.88.200:9100
16/06 20:36:37 - Status: Config => c:9100
16/06 20:36:37 - Status: Config => 192.168.88.200:9100
16/06 20:36:37 - LISTA DE IMPRESSORAS CARREGADA 4
16/06 20:36:37 - carregarImp
16/06 20:36:37 - objetos
16/06 20:36:37 - produtos_gerenciamento_de_estoque
16/06 20:36:37 - # status 100%
16/06 20:36:50 - PEDIDOS SOLICITADO {"sessao":"16062019204200153104214965353636090131404MOBILEADM","operacao":"PIT","pedido":"9331","usuario":"1","terminal":"53","conf":"2|1","items":[{"i0":"261|1"},{"i1":"39|1"}]}
16/06 20:36:50 - sessao: 16062019204200153104214965353636090131404MOBILEADM
16/06 20:36:50 - id: 9331
16/06 20:36:50 - usuario: 1
16/06 20:36:50 - terminal: 53
16/06 20:36:50 - conf: 2|1
16/06 20:36:50 0 - 261|1
16/06 20:36:50 1 - 39|1
16/06 20:36:50 - dados
16/06 20:37:12 - PEDIDOS SOLICITADO {"sessao":"1606201920422315310898256353636090131404MOBILEADM","operacao":"PIT","pedido":"9334","usuario":"1","terminal":"53","conf":"2|1","items":[{"i0":"82|1"},{"i1":"35|1"}]}
16/06 20:37:12 - sessao: 1606201920422315310898256353636090131404MOBILEADM
16/06 20:37:12 - id: 9334
16/06 20:37:12 - usuario: 1
16/06 20:37:12 - terminal: 53
16/06 20:37:12 - conf: 2|1
16/06 20:37:12 0 - 82|1
16/06 20:37:12 1 - 35|1
16/06 20:37:12 - dados
