16/06 23:46:43 - IOK 1 STAGE => 28
16/06 23:46:43 - salvando log -> C:\rcsv\App\mobile64\LOG_APP_MOBILE_SERVICE_64_18.log
16/06 23:46:43 0 - {"sessao":"160620192351531534554192353636090131404MOBILEADM","operacao":"PIT","pedido":"9408","usuario":"1","terminal":"53","conf":"8|1","items":[{"i0":"64|1"},{"i1":"82|1"},{"i2":"32|1"},{"i3":"33|1"},{"i4":"35|1"},{"i5":"34|1"},{"i6":"36|1"},{"i7":"38|1"}]}
16/06 23:46:43 2 -  0,469t OK
16/06 23:46:56 - PEDIDOS SOLICITADO {"sessao":"160620192352091537418674353636090131404MOBILEADM","operacao":"PIT","pedido":"9409","usuario":"1","terminal":"53","conf":"3|1","items":[{"i0":"82|1"},{"i1":"35|1"},{"i2":"38|1"}]}
16/06 23:46:56 - sessao: 160620192352091537418674353636090131404MOBILEADM
16/06 23:46:56 - id: 9409
16/06 23:46:56 - usuario: 1
16/06 23:46:56 - terminal: 53
16/06 23:46:56 - conf: 3|1
16/06 23:46:56 0 - 82|1
16/06 23:46:56 1 - 35|1
16/06 23:46:56 2 - 38|1
16/06 23:46:56 - dados
16/06 23:46:56 - VALORES? 6,00/6/6/,/"6"
16/06 23:46:56 - VALORES? 5,90/5,9/5,9/,/"5.9"
16/06 23:46:56 - VALORES? 5,90/5,9/5,9/,/"5.9"
16/06 23:46:56 - PRODUCAO => id:9409 user:1term:53 hora: sessao:160620192352091537418674353636090131404MOBILEADM
16/06 23:46:56 - select estoque.grupo,auxiliar.id from auxiliar,estoque where auxiliar.idpedido=9409 and auxiliar.producao=0 and estoque.codigo=auxiliar.original and auxiliar.idtimer="160620192352091537418674353636090131404MOBILEADM" order by estoque.grupo,auxiliar.id
16/06 23:46:56 - GRUPOS:<1,125665><1,125666><1,125667>
16/06 23:46:56 - CIS Status: Create
16/06 23:46:56 - CIS Status: Connect
16/06 23:46:56 - Status: Write cmd #16#4 (1..4)
16/06 23:46:56 - Status: ok
16/06 23:46:56 - Status: Tampa aberta 0, Sem Papel 0, Off-line 0, Erro1 0, Erro2 0, Erro3 0, Erro4 0
16/06 23:46:56 - CIS Status: Close
16/06 23:46:56 - PERFIL 7
16/06 23:46:56 - cupom_impressao_producao(9409,True,"",[],125665
125666
125667
,1);
16/06 23:46:56 - IOK 1 STAGE => 28
16/06 23:46:56 0 - {"sessao":"160620192352091537418674353636090131404MOBILEADM","operacao":"PIT","pedido":"9409","usuario":"1","terminal":"53","conf":"3|1","items":[{"i0":"82|1"},{"i1":"35|1"},{"i2":"38|1"}]}
16/06 23:46:56 2 -  0,391t OK
16/06 23:47:16 - PEDIDOS SOLICITADO {"sessao":"16062019235228153731680353636090131404MOBILEADM","operacao":"PIT","pedido":"9372","usuario":"1","terminal":"53","conf":"4|1","items":[{"i0":"32|1"},{"i1":"35|1"},{"i2":"34|1"},{"i3":"38|1"}]}
16/06 23:47:16 - sessao: 16062019235228153731680353636090131404MOBILEADM
16/06 23:47:16 - id: 9372
16/06 23:47:16 - usuario: 1
16/06 23:47:16 - terminal: 53
16/06 23:47:16 - conf: 4|1
16/06 23:47:16 0 - 32|1
16/06 23:47:16 1 - 35|1
16/06 23:47:16 2 - 34|1
16/06 23:47:16 3 - 38|1
16/06 23:47:16 - dados
16/06 23:47:16 - VALORES? 5,90/5,9/5,9/,/"5.9"
16/06 23:47:16 - VALORES? 5,90/5,9/5,9/,/"5.9"
16/06 23:47:16 - VALORES? 9,90/9,9/9,9/,/"9.9"
16/06 23:47:16 - VALORES? 5,90/5,9/5,9/,/"5.9"
16/06 23:47:16 - PRODUCAO => id:9372 user:1term:53 hora: sessao:16062019235228153731680353636090131404MOBILEADM
16/06 23:47:16 - select estoque.grupo,auxiliar.id from auxiliar,estoque where auxiliar.idpedido=9372 and auxiliar.producao=0 and estoque.codigo=auxiliar.original and auxiliar.idtimer="16062019235228153731680353636090131404MOBILEADM" order by estoque.grupo,auxiliar.id
16/06 23:47:16 - GRUPOS:<1,125668><1,125669><1,125670><1,125671>
16/06 23:47:16 - CIS Status: Create
16/06 23:47:16 - CIS Status: Connect
16/06 23:47:16 - Status: Write cmd #16#4 (1..4)
16/06 23:47:16 - Status: ok
16/06 23:47:16 - Status: Tampa aberta 0, Sem Papel 0, Off-line 0, Erro1 0, Erro2 0, Erro3 0, Erro4 0
16/06 23:47:16 - CIS Status: Close
16/06 23:47:16 - PERFIL 7
16/06 23:47:16 - cupom_impressao_producao(9372,True,"",[],125668
125669
125670
125671
,1);
16/06 23:47:16 - IOK 1 STAGE => 28
16/06 23:47:16 0 - {"sessao":"16062019235228153731680353636090131404MOBILEADM","operacao":"PIT","pedido":"9372","usuario":"1","terminal":"53","conf":"4|1","items":[{"i0":"32|1"},{"i1":"35|1"},{"i2":"34|1"},{"i3":"38|1"}]}
16/06 23:47:16 2 -  0,406t OK
16/06 23:54:57 - PEDIDOS SOLICITADO {"sessao":"170620190000041534888145353636090131404MOBILEADM","operacao":"PIT","pedido":"9381","usuario":"1","terminal":"53","conf":"2|1","items":[{"i0":"60|1"},{"i1":"61|1"}]}
16/06 23:54:57 - sessao: 170620190000041534888145353636090131404MOBILEADM
16/06 23:54:57 - id: 9381
16/06 23:54:57 - usuario: 1
16/06 23:54:57 - terminal: 53
16/06 23:54:57 - conf: 2|1
16/06 23:54:57 0 - 60|1
16/06 23:54:57 1 - 61|1
16/06 23:54:57 - dados
16/06 23:54:57 - VALORES? 9,90/9,9/9,9/,/"9.9"
16/06 23:54:57 - VALORES? 9,90/9,9/9,9/,/"9.9"
16/06 23:54:57 - PRODUCAO => id:9381 user:1term:53 hora: sessao:170620190000041534888145353636090131404MOBILEADM
16/06 23:54:57 - select estoque.grupo,auxiliar.id from auxiliar,estoque where auxiliar.idpedido=9381 and auxiliar.producao=0 and estoque.codigo=auxiliar.original and auxiliar.idtimer="170620190000041534888145353636090131404MOBILEADM" order by estoque.grupo,auxiliar.id
16/06 23:54:57 - GRUPOS:<1,125672><1,125673>
16/06 23:54:57 - CIS Status: Create
16/06 23:54:58 - CIS Status: Connect
16/06 23:54:58 - Status: Write cmd #16#4 (1..4)
16/06 23:54:58 - Status: ok
16/06 23:54:58 - Status: Tampa aberta 0, Sem Papel 0, Off-line 0, Erro1 0, Erro2 0, Erro3 0, Erro4 0
16/06 23:54:58 - CIS Status: Close
16/06 23:54:58 - PERFIL 7
16/06 23:54:58 - cupom_impressao_producao(9381,True,"",[],125672
125673
,1);
16/06 23:54:58 - IOK 1 STAGE => 28
16/06 23:54:58 0 - {"sessao":"170620190000041534888145353636090131404MOBILEADM","operacao":"PIT","pedido":"9381","usuario":"1","terminal":"53","conf":"2|1","items":[{"i0":"60|1"},{"i1":"61|1"}]}
16/06 23:54:58 2 -  0,359t OK
16/06 23:55:08 - PEDIDOS SOLICITADO {"sessao":"1706201900001915310354676353636090131404MOBILEADM","operacao":"PIT","pedido":"9374","usuario":"1","terminal":"53","conf":"3|1","items":[{"i0":"326|1"},{"i1":"3|1"},{"i2":"253|1"}]}
16/06 23:55:08 - sessao: 1706201900001915310354676353636090131404MOBILEADM
16/06 23:55:08 - id: 9374
16/06 23:55:08 - usuario: 1
16/06 23:55:08 - terminal: 53
16/06 23:55:08 - conf: 3|1
16/06 23:55:08 0 - 326|1
16/06 23:55:08 1 - 3|1
16/06 23:55:08 2 - 253|1
16/06 23:55:08 - dados
16/06 23:55:08 - VALORES? 8,90/8,9/8,9/,/"8.9"
16/06 23:55:08 - VALORES? 20,00/20/20/,/"20"
16/06 23:55:08 - VALORES? 10,00/10/10/,/"10"
16/06 23:55:08 - PRODUCAO => id:9374 user:1term:53 hora: sessao:1706201900001915310354676353636090131404MOBILEADM
16/06 23:55:08 - select estoque.grupo,auxiliar.id from auxiliar,estoque where auxiliar.idpedido=9374 and auxiliar.producao=0 and estoque.codigo=auxiliar.original and auxiliar.idtimer="1706201900001915310354676353636090131404MOBILEADM" order by estoque.grupo,auxiliar.id
16/06 23:55:08 - GRUPOS:<2,125674><2,125675><2,125676>
16/06 23:55:08 - CIS Status: Create
16/06 23:55:08 - CIS Status: Connect
16/06 23:55:08 - Status: Write cmd #16#4 (1..4)
16/06 23:55:09 - Status: ok
16/06 23:55:09 - Status: Tampa aberta 0, Sem Papel 0, Off-line 0, Erro1 0, Erro2 0, Erro3 0, Erro4 0
16/06 23:55:09 - CIS Status: Close
16/06 23:55:09 - PERFIL 7
16/06 23:55:09 - cupom_impressao_producao(9374,True,"",[],125674
125675
125676
,1);
16/06 23:55:09 - IOK 1 STAGE => 28
16/06 23:55:09 0 - {"sessao":"1706201900001915310354676353636090131404MOBILEADM","operacao":"PIT","pedido":"9374","usuario":"1","terminal":"53","conf":"3|1","items":[{"i0":"326|1"},{"i1":"3|1"},{"i2":"253|1"}]}
16/06 23:55:09 2 -  0,344t OK
16/06 23:55:20 - PEDIDOS SOLICITADO {"sessao":"17062019000032153100509908353636090131404MOBILEADM","operacao":"PIT","pedido":"9374","usuario":"1","terminal":"53","conf":"3|1","items":[{"i0":"326|1"},{"i1":"249|1"},{"i2":"253|1"}]}
16/06 23:55:20 - sessao: 17062019000032153100509908353636090131404MOBILEADM
16/06 23:55:20 - id: 9374
16/06 23:55:20 - usuario: 1
16/06 23:55:20 - terminal: 53
16/06 23:55:20 - conf: 3|1
16/06 23:55:20 0 - 326|1
16/06 23:55:20 1 - 249|1
16/06 23:55:20 2 - 253|1
16/06 23:55:20 - dados
16/06 23:55:20 - VALORES? 8,90/8,9/8,9/,/"8.9"
16/06 23:55:20 - VALORES? 22,00/22/22/,/"22"
16/06 23:55:20 - VALORES? 10,00/10/10/,/"10"
16/06 23:55:20 - PRODUCAO => id:9374 user:1term:53 hora: sessao:17062019000032153100509908353636090131404MOBILEADM
16/06 23:55:20 - select estoque.grupo,auxiliar.id from auxiliar,estoque where auxiliar.idpedido=9374 and auxiliar.producao=0 and estoque.codigo=auxiliar.original and auxiliar.idtimer="17062019000032153100509908353636090131404MOBILEADM" order by estoque.grupo,auxiliar.id
16/06 23:55:20 - GRUPOS:<2,125677><2,125678><2,125679>
16/06 23:55:20 - CIS Status: Create
16/06 23:55:20 - CIS Status: Connect
16/06 23:55:20 - Status: Write cmd #16#4 (1..4)
16/06 23:55:20 - Status: ok
16/06 23:55:20 - Status: Tampa aberta 0, Sem Papel 0, Off-line 0, Erro1 0, Erro2 0, Erro3 0, Erro4 0
16/06 23:55:20 - CIS Status: Close
16/06 23:55:20 - PERFIL 7
16/06 23:55:20 - cupom_impressao_producao(9374,True,"",[],125677
125678
125679
,1);
16/06 23:55:20 - IOK 1 STAGE => 28
16/06 23:55:20 0 - {"sessao":"17062019000032153100509908353636090131404MOBILEADM","operacao":"PIT","pedido":"9374","usuario":"1","terminal":"53","conf":"3|1","items":[{"i0":"326|1"},{"i1":"249|1"},{"i2":"253|1"}]}
16/06 23:55:20 2 -  0,407t OK
16/06 23:55:26 - PEDIDOS SOLICITADO {"sessao":"17062019000040153161296737353636090131404MOBILEADM","operacao":"PIT","pedido":"9374","usuario":"1","terminal":"53","conf":"2|1","items":[{"i0":"249|1"},{"i1":"253|1"}]}
16/06 23:55:26 - sessao: 17062019000040153161296737353636090131404MOBILEADM
16/06 23:55:26 - id: 9374
16/06 23:55:26 - usuario: 1
16/06 23:55:26 - terminal: 53
16/06 23:55:26 - conf: 2|1
16/06 23:55:26 0 - 249|1
16/06 23:55:26 1 - 253|1
16/06 23:55:26 - dados
16/06 23:55:26 - VALORES? 22,00/22/22/,/"22"
16/06 23:55:26 - VALORES? 10,00/10/10/,/"10"
16/06 23:55:26 - PRODUCAO => id:9374 user:1term:53 hora: sessao:17062019000040153161296737353636090131404MOBILEADM
16/06 23:55:26 - select estoque.grupo,auxiliar.id from auxiliar,estoque where auxiliar.idpedido=9374 and auxiliar.producao=0 and estoque.codigo=auxiliar.original and auxiliar.idtimer="17062019000040153161296737353636090131404MOBILEADM" order by estoque.grupo,auxiliar.id
16/06 23:55:26 - GRUPOS:<2,125680><2,125681>
16/06 23:55:26 - CIS Status: Create
16/06 23:55:26 - CIS Status: Connect
16/06 23:55:26 - Status: Write cmd #16#4 (1..4)
16/06 23:55:27 - Status: ok
16/06 23:55:27 - Status: Tampa aberta 0, Sem Papel 0, Off-line 0, Erro1 0, Erro2 0, Erro3 0, Erro4 0
16/06 23:55:27 - CIS Status: Close
16/06 23:55:27 - PERFIL 7
16/06 23:55:27 - cupom_impressao_producao(9374,True,"",[],125680
125681
,1);
16/06 23:55:27 - IOK 1 STAGE => 28
16/06 23:55:27 0 - {"sessao":"17062019000040153161296737353636090131404MOBILEADM","operacao":"PIT","pedido":"9374","usuario":"1","terminal":"53","conf":"2|1","items":[{"i0":"249|1"},{"i1":"253|1"}]}
16/06 23:55:27 2 -  0,375t OK
16/06 23:55:46 - PRE-CONTA SOLICITADA {"operacao":"PRE","pedido":"9399"}
16/06 23:55:46 - Lista das impressoras
16/06 23:55:46 - Id da impressora 7 => TCP:192.168.88.200
16/06 23:55:46 - CIS Status: Create
16/06 23:55:46 - CIS Status: Connect
16/06 23:55:46 - Status: Write cmd #16#4 (1..4)
16/06 23:55:46 - Status: ok
16/06 23:55:46 - Status: Tampa aberta 0, Sem Papel 0, Off-line 0, Erro1 0, Erro2 0, Erro3 0, Erro4 0
16/06 23:55:46 - CIS Status: Close
16/06 23:55:46 - ABRIR BANCO DE DADOS
16/06 23:55:47 - OK BANCO DE DADOS
16/06 23:55:47 - SET IMPRESSORA 7
16/06 23:55:47 - ENVIANDO IMPRESSAO
16/06 23:55:47 - Processado com Sucesso
16/06 23:55:47 - GRAVANDO REGISTRO PRE
16/06 23:55:47 - CONCLUIDO
16/06 23:55:47 0 - POST / HTTP/1.1
Content-Length: 34

{"operacao":"PRE","pedido":"9399"}

 t:0,469 => OK
16/06 23:56:09 - PEDIDOS SOLICITADO {"sessao":"1706201900011115390207640353636090131404MOBILEADM","operacao":"PIT","pedido":"9362","usuario":"1","terminal":"53","conf":"3|1","items":[{"i0":"27|1"},{"i1":"28|1"},{"i2":"188|1"}]}
16/06 23:56:09 - sessao: 1706201900011115390207640353636090131404MOBILEADM
16/06 23:56:09 - id: 9362
16/06 23:56:09 - usuario: 1
16/06 23:56:09 - terminal: 53
16/06 23:56:09 - conf: 3|1
16/06 23:56:09 0 - 27|1
16/06 23:56:09 1 - 28|1
16/06 23:56:09 2 - 188|1
16/06 23:56:09 - dados
16/06 23:56:09 - VALORES? 5,10/5,1/5,1/,/"5.1"
16/06 23:56:09 - VALORES? 5,90/5,9/5,9/,/"5.9"
16/06 23:56:09 - VALORES? 7,00/7/7/,/"7"
16/06 23:56:10 - PRODUCAO => id:9362 user:1term:53 hora: sessao:1706201900011115390207640353636090131404MOBILEADM
16/06 23:56:10 - select estoque.grupo,auxiliar.id from auxiliar,estoque where auxiliar.idpedido=9362 and auxiliar.producao=0 and estoque.codigo=auxiliar.original and auxiliar.idtimer="1706201900011115390207640353636090131404MOBILEADM" order by estoque.grupo,auxiliar.id
16/06 23:56:10 - GRUPOS:<2,125682><2,125683><2,125684>
16/06 23:56:10 - CIS Status: Create
16/06 23:56:10 - CIS Status: Connect
16/06 23:56:10 - Status: Write cmd #16#4 (1..4)
16/06 23:56:10 - Status: ok
16/06 23:56:10 - Status: Tampa aberta 0, Sem Papel 0, Off-line 0, Erro1 0, Erro2 0, Erro3 0, Erro4 0
16/06 23:56:10 - CIS Status: Close
16/06 23:56:10 - PERFIL 7
16/06 23:56:10 - cupom_impressao_producao(9362,True,"",[],125682
125683
125684
,1);
16/06 23:56:10 - IOK 1 STAGE => 28
16/06 23:56:10 0 - {"sessao":"1706201900011115390207640353636090131404MOBILEADM","operacao":"PIT","pedido":"9362","usuario":"1","terminal":"53","conf":"3|1","items":[{"i0":"27|1"},{"i1":"28|1"},{"i2":"188|1"}]}
16/06 23:56:10 2 -  0,39t OK
16/06 23:56:26 - PEDIDOS SOLICITADO {"sessao":"170620190001301532239721353636090131404MOBILEADM","operacao":"PIT","pedido":"9406","usuario":"1","terminal":"53","conf":"1|1","items":[{"i0":"164|1|5465737465|2D2D2D|0"}]}
16/06 23:56:26 - sessao: 170620190001301532239721353636090131404MOBILEADM
16/06 23:56:26 - id: 9406
16/06 23:56:26 - usuario: 1
16/06 23:56:26 - terminal: 53
16/06 23:56:26 - conf: 1|1
16/06 23:56:26 0 - 164|1|5465737465|2D2D2D|0
16/06 23:56:26 - dados
16/06 23:56:26 - VALORES? 35,00/35/35/,/"35"
16/06 23:56:26 - PRODUCAO => id:9406 user:1term:53 hora: sessao:170620190001301532239721353636090131404MOBILEADM
16/06 23:56:26 - select estoque.grupo,auxiliar.id from auxiliar,estoque where auxiliar.idpedido=9406 and auxiliar.producao=0 and estoque.codigo=auxiliar.original and auxiliar.idtimer="170620190001301532239721353636090131404MOBILEADM" order by estoque.grupo,auxiliar.id
16/06 23:56:26 - GRUPOS:<4,125685>
16/06 23:56:26 0 - {"sessao":"170620190001301532239721353636090131404MOBILEADM","operacao":"PIT","pedido":"9406","usuario":"1","terminal":"53","conf":"1|1","items":[{"i0":"164|1|5465737465|2D2D2D|0"}]}
16/06 23:56:26 2 -  0,047t OK
17/06 00:43:57 - PEDIDOS SOLICITADO {"sessao":"1706201900490815342935681353636090131404MOBILEADM","operacao":"PIT","pedido":"9372","usuario":"1","terminal":"53","conf":"3|1","items":[{"i0":"3|1"},{"i1":"249|1"},{"i2":"253|1"}]}
17/06 00:43:57 - sessao: 1706201900490815342935681353636090131404MOBILEADM
17/06 00:43:57 - id: 9372
17/06 00:43:57 - usuario: 1
17/06 00:43:57 - terminal: 53
17/06 00:43:57 - conf: 3|1
17/06 00:43:57 0 - 3|1
17/06 00:43:57 1 - 249|1
17/06 00:43:57 2 - 253|1
17/06 00:43:57 - dados
