17/06 22:02:55 - VALORES? 5,90/5,9/5,9/,/"5.9"
17/06 22:02:55 - salvando log -> C:\rcsv\App\mobile64\LOG_APP_MOBILE_SERVICE_64_28.log
17/06 22:02:55 - PRODUCAO => id:9412 user:1term:53 hora: sessao:1706201922080315335454554353636090131404MOBILEADM
17/06 22:02:55 - select estoque.grupo,auxiliar.id from auxiliar,estoque where auxiliar.idpedido=9412 and auxiliar.producao=0 and estoque.codigo=auxiliar.original and auxiliar.idtimer="1706201922080315335454554353636090131404MOBILEADM" order by estoque.grupo,auxiliar.id
17/06 22:02:55 - GRUPOS:<1,125908><1,125909>
17/06 22:02:55 - Status: Config => 192.168.88.200:9100
17/06 22:02:55 - CIS Status: Create
17/06 22:02:57 - CIS Status: Exception = > Falha da impressora => 192.168.88.200
17/06 22:02:57 - Status: Config => 192.168.88.200:9100
17/06 22:02:57 - CIS Status: Create
17/06 22:02:59 - CIS Status: Exception = > Falha da impressora => 192.168.88.200
17/06 22:02:59 - PERFIL 7
17/06 22:02:59 - ERRO 50
17/06 22:02:59 - SPOOLER Generic / Text Only - CIS
17/06 22:02:59 - tentar spool cupom_impressao_producao(9412,True,"",[],125908
125909
,1);
17/06 22:02:59 - IOK 1 STAGE => 28
17/06 22:02:59 0 - {"sessao":"1706201922080315335454554353636090131404MOBILEADM","operacao":"PIT","pedido":"9412","usuario":"1","terminal":"53","conf":"2|1","items":[{"i0":"33|1"},{"i1":"35|1"}]}
17/06 22:02:59 2 -  4,156t OK
17/06 22:09:54 - PEDIDOS SOLICITADO {"sessao":"1706201922150715312526419353636090131404MOBILEADM","operacao":"PIT","pedido":"9422","usuario":"1","terminal":"53","conf":"2|1","items":[{"i0":"1|1"},{"i1":"303|1"}]}
17/06 22:09:54 - sessao: 1706201922150715312526419353636090131404MOBILEADM
17/06 22:09:54 - id: 9422
17/06 22:09:54 - usuario: 1
17/06 22:09:54 - terminal: 53
17/06 22:09:54 - conf: 2|1
17/06 22:09:54 0 - 1|1
17/06 22:09:54 1 - 303|1
17/06 22:09:54 - dados
17/06 22:09:54 - VALORES? 13,00/13/13/,/"13"
17/06 22:09:54 - VALORES? 7,90/7,9/7,9/,/"7.9"
17/06 22:09:54 - PRODUCAO => id:9422 user:1term:53 hora: sessao:1706201922150715312526419353636090131404MOBILEADM
17/06 22:09:54 - select estoque.grupo,auxiliar.id from auxiliar,estoque where auxiliar.idpedido=9422 and auxiliar.producao=0 and estoque.codigo=auxiliar.original and auxiliar.idtimer="1706201922150715312526419353636090131404MOBILEADM" order by estoque.grupo,auxiliar.id
17/06 22:09:54 - GRUPOS:<2,125910><2,125911>
17/06 22:09:54 - Status: Config => 192.168.88.200:9100
17/06 22:09:54 - CIS Status: Create
17/06 22:09:56 - CIS Status: Exception = > Falha da impressora => 192.168.88.200
17/06 22:09:56 - Status: Config => 192.168.88.200:9100
17/06 22:09:56 - CIS Status: Create
17/06 22:09:58 - CIS Status: Exception = > Falha da impressora => 192.168.88.200
17/06 22:09:58 - PERFIL 7
17/06 22:09:58 - ERRO 50
17/06 22:09:58 - SPOOLER Generic / Text Only - CIS
17/06 22:09:58 - tentar spool cupom_impressao_producao(9422,True,"",[],125910
125911
,1);
17/06 22:09:58 - IOK 1 STAGE => 28
17/06 22:09:58 0 - {"sessao":"1706201922150715312526419353636090131404MOBILEADM","operacao":"PIT","pedido":"9422","usuario":"1","terminal":"53","conf":"2|1","items":[{"i0":"1|1"},{"i1":"303|1"}]}
17/06 22:09:58 2 -  4,14t OK
17/06 22:12:20 - PEDIDOS SOLICITADO {"sessao":"1706201922172315326768986353636090131404MOBILEADM","operacao":"PIT","pedido":"9422","usuario":"1","terminal":"53","conf":"2|1","items":[{"i0":"38|1"},{"i1":"5|1"}]}
17/06 22:12:20 - sessao: 1706201922172315326768986353636090131404MOBILEADM
17/06 22:12:20 - id: 9422
17/06 22:12:20 - usuario: 1
17/06 22:12:20 - terminal: 53
17/06 22:12:20 - conf: 2|1
17/06 22:12:20 0 - 38|1
17/06 22:12:20 1 - 5|1
17/06 22:12:20 - dados
17/06 22:12:20 - VALORES? 5,90/5,9/5,9/,/"5.9"
17/06 22:12:20 - VALORES? 12,90/12,9/12,9/,/"12.9"
17/06 22:12:20 - PRODUCAO => id:9422 user:1term:53 hora: sessao:1706201922172315326768986353636090131404MOBILEADM
17/06 22:12:20 - select estoque.grupo,auxiliar.id from auxiliar,estoque where auxiliar.idpedido=9422 and auxiliar.producao=0 and estoque.codigo=auxiliar.original and auxiliar.idtimer="1706201922172315326768986353636090131404MOBILEADM" order by estoque.grupo,auxiliar.id
17/06 22:12:20 - GRUPOS:<1,125912><2,125913>
17/06 22:12:20 - Status: Config => 192.168.88.200:9100
17/06 22:12:20 - CIS Status: Create
17/06 22:12:21 - CIS Status: Exception = > Falha da impressora => 192.168.88.200
17/06 22:12:22 - Status: Config => 192.168.88.200:9100
17/06 22:12:22 - CIS Status: Create
17/06 22:12:24 - CIS Status: Exception = > Falha da impressora => 192.168.88.200
17/06 22:12:24 - PERFIL 7
17/06 22:12:24 - ERRO 50
17/06 22:12:24 - SPOOLER Generic / Text Only - CIS
17/06 22:12:24 - tentar spool cupom_impressao_producao(9422,True,"",[],125912
125913
,1);
17/06 22:12:24 - IOK 1 STAGE => 28
17/06 22:12:24 0 - {"sessao":"1706201922172315326768986353636090131404MOBILEADM","operacao":"PIT","pedido":"9422","usuario":"1","terminal":"53","conf":"2|1","items":[{"i0":"38|1"},{"i1":"5|1"}]}
17/06 22:12:24 2 -  4,14t OK
17/06 22:13:53 - MANUTENCAO DE IMPRESSORA
17/06 22:13:53 - FILA DE ESPERA ::::::::::
17/06 22:13:53 - Status: Config => 192.168.88.200:9100
17/06 22:13:53 - Status: Config => 192.168.88.200:9100
17/06 22:13:53 - Status: Config => c:9100
17/06 22:13:53 - Status: Config => 192.168.88.200:9100
17/06 22:13:53 - LISTA DE IMPRESSORAS CARREGADA 4
17/06 22:13:53 0 - IMP:RELOAD t:0,047 => OK
17/06 23:03:10 - PEDIDOS SOLICITADO {"sessao":"17062019230825153390600353636090131404MOBILEADM","operacao":"PIT","pedido":"9422","usuario":"1","terminal":"53","conf":"2|1","items":[{"i0":"82|1"},{"i1":"32|1"}]}
17/06 23:03:10 - sessao: 17062019230825153390600353636090131404MOBILEADM
17/06 23:03:10 - id: 9422
17/06 23:03:10 - usuario: 1
17/06 23:03:10 - terminal: 53
17/06 23:03:10 - conf: 2|1
17/06 23:03:10 0 - 82|1
17/06 23:03:10 1 - 32|1
17/06 23:03:10 - dados
17/06 23:03:10 - VALORES? 6,00/6/6/,/"6"
17/06 23:03:10 - VALORES? 5,90/5,9/5,9/,/"5.9"
17/06 23:03:10 - PRODUCAO => id:9422 user:1term:53 hora: sessao:17062019230825153390600353636090131404MOBILEADM
17/06 23:03:10 - select estoque.grupo,auxiliar.id from auxiliar,estoque where auxiliar.idpedido=9422 and auxiliar.producao=0 and estoque.codigo=auxiliar.original and auxiliar.idtimer="17062019230825153390600353636090131404MOBILEADM" order by estoque.grupo,auxiliar.id
17/06 23:03:10 - GRUPOS:<1,125914><1,125915>
17/06 23:03:10 - Status: Config => 192.168.88.200:9100
17/06 23:03:10 - CIS Status: Create
17/06 23:03:10 - CIS Status: Connect
17/06 23:03:10 - Status: Write cmd #16#4 (1..4)
17/06 23:03:11 - Status: ok
17/06 23:03:11 - Status: Tampa aberta 0, Sem Papel 0, Off-line 0, Erro1 0, Erro2 0, Erro3 0, Erro4 0
17/06 23:03:11 - CIS Status: Close
17/06 23:03:11 - PERFIL 7
17/06 23:03:11 - cupom_impressao_producao(9422,True,"",[],125914
125915
,1);
17/06 23:03:11 - IOK 1 STAGE => 28
17/06 23:03:11 0 - {"sessao":"17062019230825153390600353636090131404MOBILEADM","operacao":"PIT","pedido":"9422","usuario":"1","terminal":"53","conf":"2|1","items":[{"i0":"82|1"},{"i1":"32|1"}]}
17/06 23:03:11 2 -  0,437t OK
17/06 23:05:46 - ***  SERVIÇO PARADO
17/06 23:05:49 - Iniciando Suporte Mobile 64bit Versao: 1.13
17/06 23:05:49 - Variaveis
17/06 23:05:49 - CurrencyString="R$", CurrencyFormat="#2", NegCurrFormat="#9", ThousandSeparator=".", DecimalSeparator=",", CurrencyDecimals="2", DateSeparator="/", ShortDateFormat="dd/MM/yyyy", LongDateFormat="dddd, d' de 'MMMM' de 'yyyy", TimeSeparator=":", TimeAMString="", TimePMString="", ShortTimeFormat="hh:mm", LongTimeFormat="hh:mm:ss", TwoDigitYearCenturyWindow="50", ListSeparator=";"
17/06 23:05:49 - TCP Servidor
17/06 23:05:49 - TCP Cliente
17/06 23:05:49 - Iniciado na porta => 4406
17/06 23:05:49 - Formato Valores:        -1.254,87 | -1254,87|        1.254,87 | 1254,87
17/06 23:05:49 - Formato Data   : 17/06/2019 23:05:49
17/06 23:05:49 - Flags debug 1 sem log 0
17/06 23:05:49 - BANCO DE DADOS ONLINE > 192.168.88.28:comodoro
17/06 23:05:49 - PRECO => 30 /            30,00/30/30
17/06 23:05:49 - iniciar_identificacao_computador
17/06 23:05:49 - sistema_pegar_perfil
17/06 23:05:49 - empresa_carregar_segmentos
17/06 23:05:49 - rcs_iniciar_variaveis_globais
17/06 23:05:49 - terminal_id
17/06 23:05:49 - mesas_comandas
17/06 23:05:49 - LPRINT
17/06 23:05:49 - Status: Config => 192.168.88.200:9100
17/06 23:05:49 - Status: Config => 192.168.88.200:9100
17/06 23:05:49 - Status: Config => c:9100
17/06 23:05:49 - Status: Config => 192.168.88.200:9100
17/06 23:05:49 - LISTA DE IMPRESSORAS CARREGADA 4
17/06 23:05:49 - carregarImp
17/06 23:05:49 - objetos
17/06 23:05:49 - produtos_gerenciamento_de_estoque
17/06 23:05:49 - # status 100%
17/06 23:06:02 - PEDIDOS SOLICITADO {"sessao":"170620192311161533383072353636090131404MOBILEADM","operacao":"PIT","pedido":"9423","usuario":"1","terminal":"53","conf":"3|1","items":[{"i0":"82|1"},{"i1":"33|1"},{"i2":"38|1"}]}
17/06 23:06:02 - sessao: 170620192311161533383072353636090131404MOBILEADM
17/06 23:06:02 - id: 9423
17/06 23:06:02 - usuario: 1
17/06 23:06:02 - terminal: 53
17/06 23:06:02 - conf: 3|1
17/06 23:06:02 0 - 82|1
17/06 23:06:02 1 - 33|1
17/06 23:06:02 2 - 38|1
17/06 23:06:02 - dados
17/06 23:06:03 - VALORES? 6,00/6/6/,/"6"
17/06 23:06:03 - VALORES? 7,90/7,9/7,9/,/"7.9"
17/06 23:06:03 - VALORES? 5,90/5,9/5,9/,/"5.9"
17/06 23:06:03 - PRODUCAO => id:9423 user:1term:53 hora: sessao:170620192311161533383072353636090131404MOBILEADM
17/06 23:06:03 - select estoque.grupo,auxiliar.id from auxiliar,estoque where auxiliar.idpedido=9423 and auxiliar.producao=0 and estoque.codigo=auxiliar.original and auxiliar.idtimer="170620192311161533383072353636090131404MOBILEADM" order by estoque.grupo,auxiliar.id
17/06 23:06:03 - GRUPOS:<1,125916><1,125917><1,125918>
17/06 23:06:03 - Status: Config => 192.168.88.200:9100
17/06 23:06:03 - CIS Status: Create
17/06 23:06:03 - CIS Status: Connect
17/06 23:06:03 - Status: Write cmd #16#4 (1..4)
17/06 23:06:03 - Status: ok
17/06 23:06:03 - Status: Tampa aberta 0, Sem Papel 0, Off-line 0, Erro1 0, Erro2 0, Erro3 0, Erro4 0
17/06 23:06:03 - CIS Status: Close
17/06 23:06:03 - PERFIL 7
17/06 23:06:03 - cupom_impressao_producao(9423,True,"",[],125916
125917
125918
,1);
17/06 23:06:03 - IOK 1 STAGE => 28
17/06 23:06:03 0 - {"sessao":"170620192311161533383072353636090131404MOBILEADM","operacao":"PIT","pedido":"9423","usuario":"1","terminal":"53","conf":"3|1","items":[{"i0":"82|1"},{"i1":"33|1"},{"i2":"38|1"}]}
17/06 23:06:03 2 -  0,484t OK
17/06 23:06:29 - PEDIDOS SOLICITADO {"sessao":"17062019231142153119450106353636090131404MOBILEADM","operacao":"PIT","pedido":"9424","usuario":"1","terminal":"53","conf":"2|1","items":[{"i0":"64|1"},{"i1":"36|1"}]}
17/06 23:06:29 - sessao: 17062019231142153119450106353636090131404MOBILEADM
17/06 23:06:29 - id: 9424
17/06 23:06:29 - usuario: 1
17/06 23:06:29 - terminal: 53
17/06 23:06:29 - conf: 2|1
17/06 23:06:29 0 - 64|1
17/06 23:06:29 1 - 36|1
17/06 23:06:29 - dados
17/06 23:06:29 - VALORES? 9,90/9,9/9,9/,/"9.9"
17/06 23:06:29 - VALORES? 5,90/5,9/5,9/,/"5.9"
17/06 23:06:29 - PRODUCAO => id:9424 user:1term:53 hora: sessao:17062019231142153119450106353636090131404MOBILEADM
17/06 23:06:29 - select estoque.grupo,auxiliar.id from auxiliar,estoque where auxiliar.idpedido=9424 and auxiliar.producao=0 and estoque.codigo=auxiliar.original and auxiliar.idtimer="17062019231142153119450106353636090131404MOBILEADM" order by estoque.grupo,auxiliar.id
17/06 23:06:29 - GRUPOS:<1,125919><1,125920>
17/06 23:06:29 - Status: Config => 192.168.88.200:9100
17/06 23:06:29 - CIS Status: Create
17/06 23:06:29 - CIS Status: Connect
17/06 23:06:29 - Status: Write cmd #16#4 (1..4)
17/06 23:06:29 - Status: ok
17/06 23:06:29 - Status: Tampa aberta 0, Sem Papel 0, Off-line 0, Erro1 0, Erro2 0, Erro3 0, Erro4 0
17/06 23:06:29 - CIS Status: Close
17/06 23:06:29 - PERFIL 7
17/06 23:06:29 - cupom_impressao_producao(9424,True,"",[],125919
125920
,1);
17/06 23:06:29 - IOK 1 STAGE => 28
17/06 23:06:29 0 - {"sessao":"17062019231142153119450106353636090131404MOBILEADM","operacao":"PIT","pedido":"9424","usuario":"1","terminal":"53","conf":"2|1","items":[{"i0":"64|1"},{"i1":"36|1"}]}
17/06 23:06:29 2 -  0,437t OK
17/06 23:10:56 - PEDIDOS SOLICITADO {"sessao":"1706201923160815341947763353636090131404MOBILEADM","operacao":"PIT","pedido":"9360","usuario":"1","terminal":"53","conf":"1|1","items":[{"i0":"71|1"}]}
17/06 23:10:56 - sessao: 1706201923160815341947763353636090131404MOBILEADM
17/06 23:10:56 - id: 9360
17/06 23:10:56 - usuario: 1
17/06 23:10:57 - terminal: 53
17/06 23:10:57 - conf: 1|1
17/06 23:10:57 0 - 71|1
17/06 23:10:57 - dados
17/06 23:10:57 - VALORES? 5,00/5/5/,/"5"
17/06 23:10:57 - PRODUCAO => id:9360 user:1term:53 hora: sessao:1706201923160815341947763353636090131404MOBILEADM
17/06 23:10:57 - select estoque.grupo,auxiliar.id from auxiliar,estoque where auxiliar.idpedido=9360 and auxiliar.producao=0 and estoque.codigo=auxiliar.original and auxiliar.idtimer="1706201923160815341947763353636090131404MOBILEADM" order by estoque.grupo,auxiliar.id
17/06 23:10:57 - GRUPOS:<2,125921>
17/06 23:10:57 - Status: Config => 192.168.88.200:9100
17/06 23:10:57 - CIS Status: Create
17/06 23:10:57 - CIS Status: Connect
17/06 23:10:57 - Status: Write cmd #16#4 (1..4)
17/06 23:10:57 - Status: ok
17/06 23:10:57 - Status: Tampa aberta 0, Sem Papel 0, Off-line 0, Erro1 0, Erro2 0, Erro3 0, Erro4 0
17/06 23:10:57 - CIS Status: Close
17/06 23:10:57 - PERFIL 7
17/06 23:10:57 - cupom_impressao_producao(9360,True,"",[],125921
,1);
17/06 23:10:57 - IOK 1 STAGE => 28
17/06 23:10:57 0 - {"sessao":"1706201923160815341947763353636090131404MOBILEADM","operacao":"PIT","pedido":"9360","usuario":"1","terminal":"53","conf":"1|1","items":[{"i0":"71|1"}]}
17/06 23:10:57 2 -  0,422t OK
17/06 23:41:01 - PEDIDOS SOLICITADO {"sessao":"1706201923461315352558225353636090131404MOBILEADM","operacao":"PIT","pedido":"9426","usuario":"1","terminal":"53","conf":"1|1","items":[{"i0":"33|1"}]}
17/06 23:41:01 - sessao: 1706201923461315352558225353636090131404MOBILEADM
17/06 23:41:01 - id: 9426
17/06 23:41:01 - usuario: 1
17/06 23:41:01 - terminal: 53
17/06 23:41:01 - conf: 1|1
17/06 23:41:01 0 - 33|1
17/06 23:41:01 - dados
17/06 23:41:01 - VALORES? 7,90/7,9/7,9/,/"7.9"
17/06 23:41:01 - PRODUCAO => id:9426 user:1term:53 hora: sessao:1706201923461315352558225353636090131404MOBILEADM
17/06 23:41:01 - select estoque.grupo,auxiliar.id from auxiliar,estoque where auxiliar.idpedido=9426 and auxiliar.producao=0 and estoque.codigo=auxiliar.original and auxiliar.idtimer="1706201923461315352558225353636090131404MOBILEADM" order by estoque.grupo,auxiliar.id
17/06 23:41:01 - GRUPOS:<1,125922>
17/06 23:41:01 - Status: Config => 192.168.88.200:9100
17/06 23:41:01 - CIS Status: Create
17/06 23:41:01 - CIS Status: Connect
17/06 23:41:01 - Status: Write cmd #16#4 (1..4)
17/06 23:41:01 - Status: ok
17/06 23:41:01 - Status: Tampa aberta 0, Sem Papel 0, Off-line 0, Erro1 0, Erro2 0, Erro3 0, Erro4 0
17/06 23:41:01 - CIS Status: Close
17/06 23:41:01 - PERFIL 7
17/06 23:41:01 - cupom_impressao_producao(9426,True,"",[],125922
,1);
17/06 23:41:01 - IOK 1 STAGE => 28
17/06 23:41:01 0 - {"sessao":"1706201923461315352558225353636090131404MOBILEADM","operacao":"PIT","pedido":"9426","usuario":"1","terminal":"53","conf":"1|1","items":[{"i0":"33|1"}]}
17/06 23:41:01 2 -  0,407t OK
19/06 16:30:17 - Iniciando Suporte Mobile 64bit Versao: 1.13
19/06 16:30:17 - Variaveis
19/06 16:30:17 - CurrencyString="R$", CurrencyFormat="#2", NegCurrFormat="#9", ThousandSeparator=".", DecimalSeparator=",", CurrencyDecimals="2", DateSeparator="/", ShortDateFormat="dd/MM/yyyy", LongDateFormat="dddd, d' de 'MMMM' de 'yyyy", TimeSeparator=":", TimeAMString="", TimePMString="", ShortTimeFormat="hh:mm", LongTimeFormat="hh:mm:ss", TwoDigitYearCenturyWindow="50", ListSeparator=";"
19/06 16:30:17 - TCP Servidor
19/06 16:30:17 - TCP Cliente
19/06 16:30:17 - Iniciado na porta => 4406
