17/06 00:43:57 - VALORES? 20,00/20/20/,/"20"
17/06 00:43:57 - salvando log -> C:\rcsv\App\mobile64\LOG_APP_MOBILE_SERVICE_64_19.log
17/06 00:43:57 - VALORES? 22,00/22/22/,/"22"
17/06 00:43:57 - VALORES? 10,00/10/10/,/"10"
17/06 00:43:57 - PRODUCAO => id:9372 user:1term:53 hora: sessao:1706201900490815342935681353636090131404MOBILEADM
17/06 00:43:57 - select estoque.grupo,auxiliar.id from auxiliar,estoque where auxiliar.idpedido=9372 and auxiliar.producao=0 and estoque.codigo=auxiliar.original and auxiliar.idtimer="1706201900490815342935681353636090131404MOBILEADM" order by estoque.grupo,auxiliar.id
17/06 00:43:57 - GRUPOS:<2,125686><2,125687><2,125688>
17/06 00:43:57 - CIS Status: Create
17/06 00:43:58 - CIS Status: Connect
17/06 00:43:58 - Status: Write cmd #16#4 (1..4)
17/06 00:43:58 - Status: ok
17/06 00:43:58 - Status: Tampa aberta 0, Sem Papel 0, Off-line 0, Erro1 0, Erro2 0, Erro3 0, Erro4 0
17/06 00:43:58 - CIS Status: Close
17/06 00:43:58 - PERFIL 7
17/06 00:43:58 - cupom_impressao_producao(9372,True,"",[],125686
125687
125688
,1);
17/06 00:43:58 - IOK 1 STAGE => 28
17/06 00:43:58 0 - {"sessao":"1706201900490815342935681353636090131404MOBILEADM","operacao":"PIT","pedido":"9372","usuario":"1","terminal":"53","conf":"3|1","items":[{"i0":"3|1"},{"i1":"249|1"},{"i2":"253|1"}]}
17/06 00:43:58 2 -  0,375t OK
17/06 00:44:09 - PEDIDOS SOLICITADO {"sessao":"1706201900492315350170065353636090131404MOBILEADM","operacao":"PIT","pedido":"9410","usuario":"1","terminal":"53","conf":"3|1","items":[{"i0":"3|1"},{"i1":"249|1"},{"i2":"253|1"}]}
17/06 00:44:09 - sessao: 1706201900492315350170065353636090131404MOBILEADM
17/06 00:44:09 - id: 9410
17/06 00:44:09 - usuario: 1
17/06 00:44:09 - terminal: 53
17/06 00:44:09 - conf: 3|1
17/06 00:44:09 0 - 3|1
17/06 00:44:09 1 - 249|1
17/06 00:44:09 2 - 253|1
17/06 00:44:09 - dados
17/06 00:44:09 - VALORES? 20,00/20/20/,/"20"
17/06 00:44:09 - VALORES? 22,00/22/22/,/"22"
17/06 00:44:09 - VALORES? 10,00/10/10/,/"10"
17/06 00:44:09 - PRODUCAO => id:9410 user:1term:53 hora: sessao:1706201900492315350170065353636090131404MOBILEADM
17/06 00:44:09 - select estoque.grupo,auxiliar.id from auxiliar,estoque where auxiliar.idpedido=9410 and auxiliar.producao=0 and estoque.codigo=auxiliar.original and auxiliar.idtimer="1706201900492315350170065353636090131404MOBILEADM" order by estoque.grupo,auxiliar.id
17/06 00:44:09 - GRUPOS:<2,125689><2,125690><2,125691>
17/06 00:44:09 - CIS Status: Create
17/06 00:44:10 - CIS Status: Connect
17/06 00:44:10 - Status: Write cmd #16#4 (1..4)
17/06 00:44:10 - Status: ok
17/06 00:44:10 - Status: Tampa aberta 0, Sem Papel 0, Off-line 0, Erro1 0, Erro2 0, Erro3 0, Erro4 0
17/06 00:44:10 - CIS Status: Close
17/06 00:44:10 - PERFIL 7
17/06 00:44:10 - cupom_impressao_producao(9410,True,"",[],125689
125690
125691
,1);
17/06 00:44:10 - IOK 1 STAGE => 28
17/06 00:44:10 0 - {"sessao":"1706201900492315350170065353636090131404MOBILEADM","operacao":"PIT","pedido":"9410","usuario":"1","terminal":"53","conf":"3|1","items":[{"i0":"3|1"},{"i1":"249|1"},{"i2":"253|1"}]}
17/06 00:44:10 2 -  0,375t OK
17/06 00:44:18 - PEDIDOS SOLICITADO {"sessao":"1706201900493015313663643353636090131404MOBILEADM","operacao":"PIT","pedido":"9410","usuario":"1","terminal":"53","conf":"3|1","items":[{"i0":"292|1"},{"i1":"249|1"},{"i2":"253|1"}]}
17/06 00:44:18 - sessao: 1706201900493015313663643353636090131404MOBILEADM
17/06 00:44:18 - id: 9410
17/06 00:44:18 - usuario: 1
17/06 00:44:18 - terminal: 53
17/06 00:44:18 - conf: 3|1
17/06 00:44:18 0 - 292|1
17/06 00:44:18 1 - 249|1
17/06 00:44:18 2 - 253|1
17/06 00:44:18 - dados
17/06 00:44:18 - VALORES? 15,00/15/15/,/"15"
17/06 00:44:18 - VALORES? 22,00/22/22/,/"22"
17/06 00:44:18 - VALORES? 10,00/10/10/,/"10"
17/06 00:44:18 - PRODUCAO => id:9410 user:1term:53 hora: sessao:1706201900493015313663643353636090131404MOBILEADM
17/06 00:44:18 - select estoque.grupo,auxiliar.id from auxiliar,estoque where auxiliar.idpedido=9410 and auxiliar.producao=0 and estoque.codigo=auxiliar.original and auxiliar.idtimer="1706201900493015313663643353636090131404MOBILEADM" order by estoque.grupo,auxiliar.id
17/06 00:44:18 - GRUPOS:<2,125692><2,125693><2,125694>
17/06 00:44:18 - CIS Status: Create
17/06 00:44:18 - CIS Status: Connect
17/06 00:44:18 - Status: Write cmd #16#4 (1..4)
17/06 00:44:18 - Status: ok
17/06 00:44:18 - Status: Tampa aberta 0, Sem Papel 0, Off-line 0, Erro1 0, Erro2 0, Erro3 0, Erro4 0
17/06 00:44:18 - CIS Status: Close
17/06 00:44:18 - PERFIL 7
17/06 00:44:18 - cupom_impressao_producao(9410,True,"",[],125692
125693
125694
,1);
17/06 00:44:18 - IOK 1 STAGE => 28
17/06 00:44:18 0 - {"sessao":"1706201900493015313663643353636090131404MOBILEADM","operacao":"PIT","pedido":"9410","usuario":"1","terminal":"53","conf":"3|1","items":[{"i0":"292|1"},{"i1":"249|1"},{"i2":"253|1"}]}
17/06 00:44:18 2 -  0,359t OK
17/06 00:44:31 - PEDIDOS SOLICITADO {"sessao":"17062019004944153111015133353636090131404MOBILEADM","operacao":"PIT","pedido":"9411","usuario":"1","terminal":"53","conf":"3|1","items":[{"i0":"326|1"},{"i1":"3|1"},{"i2":"253|1"}]}
17/06 00:44:31 - sessao: 17062019004944153111015133353636090131404MOBILEADM
17/06 00:44:31 - id: 9411
17/06 00:44:31 - usuario: 1
17/06 00:44:31 - terminal: 53
17/06 00:44:31 - conf: 3|1
17/06 00:44:31 0 - 326|1
17/06 00:44:31 1 - 3|1
17/06 00:44:31 2 - 253|1
17/06 00:44:31 - dados
17/06 00:44:31 - VALORES? 8,90/8,9/8,9/,/"8.9"
17/06 00:44:31 - VALORES? 20,00/20/20/,/"20"
17/06 00:44:31 - VALORES? 10,00/10/10/,/"10"
17/06 00:44:31 - PRODUCAO => id:9411 user:1term:53 hora: sessao:17062019004944153111015133353636090131404MOBILEADM
17/06 00:44:31 - select estoque.grupo,auxiliar.id from auxiliar,estoque where auxiliar.idpedido=9411 and auxiliar.producao=0 and estoque.codigo=auxiliar.original and auxiliar.idtimer="17062019004944153111015133353636090131404MOBILEADM" order by estoque.grupo,auxiliar.id
17/06 00:44:31 - GRUPOS:<2,125695><2,125696><2,125697>
17/06 00:44:31 - CIS Status: Create
17/06 00:44:31 - CIS Status: Connect
17/06 00:44:31 - Status: Write cmd #16#4 (1..4)
17/06 00:44:32 - Status: ok
17/06 00:44:32 - Status: Tampa aberta 0, Sem Papel 0, Off-line 0, Erro1 0, Erro2 0, Erro3 0, Erro4 0
17/06 00:44:32 - CIS Status: Close
17/06 00:44:32 - PERFIL 7
17/06 00:44:32 - cupom_impressao_producao(9411,True,"",[],125695
125696
125697
,1);
17/06 00:44:32 - IOK 1 STAGE => 28
17/06 00:44:32 0 - {"sessao":"17062019004944153111015133353636090131404MOBILEADM","operacao":"PIT","pedido":"9411","usuario":"1","terminal":"53","conf":"3|1","items":[{"i0":"326|1"},{"i1":"3|1"},{"i2":"253|1"}]}
17/06 00:44:32 2 -  0,563t OK
17/06 00:44:44 - PEDIDOS SOLICITADO {"sessao":"17062019004957153141842822353636090131404MOBILEADM","operacao":"PIT","pedido":"9356","usuario":"1","terminal":"53","conf":"3|1","items":[{"i0":"326|1"},{"i1":"3|1"},{"i2":"253|1"}]}
17/06 00:44:44 - sessao: 17062019004957153141842822353636090131404MOBILEADM
17/06 00:44:44 - id: 9356
17/06 00:44:44 - usuario: 1
17/06 00:44:44 - terminal: 53
17/06 00:44:44 - conf: 3|1
17/06 00:44:44 0 - 326|1
17/06 00:44:44 1 - 3|1
17/06 00:44:44 2 - 253|1
17/06 00:44:44 - dados
17/06 00:44:44 - VALORES? 8,90/8,9/8,9/,/"8.9"
17/06 00:44:44 - VALORES? 20,00/20/20/,/"20"
17/06 00:44:44 - VALORES? 10,00/10/10/,/"10"
17/06 00:44:44 - PRODUCAO => id:9356 user:1term:53 hora: sessao:17062019004957153141842822353636090131404MOBILEADM
17/06 00:44:44 - select estoque.grupo,auxiliar.id from auxiliar,estoque where auxiliar.idpedido=9356 and auxiliar.producao=0 and estoque.codigo=auxiliar.original and auxiliar.idtimer="17062019004957153141842822353636090131404MOBILEADM" order by estoque.grupo,auxiliar.id
17/06 00:44:44 - GRUPOS:<2,125698><2,125699><2,125700>
17/06 00:44:44 - CIS Status: Create
17/06 00:44:44 - CIS Status: Connect
17/06 00:44:44 - Status: Write cmd #16#4 (1..4)
17/06 00:44:44 - Status: ok
17/06 00:44:44 - Status: Tampa aberta 0, Sem Papel 0, Off-line 0, Erro1 0, Erro2 0, Erro3 0, Erro4 0
17/06 00:44:44 - CIS Status: Close
17/06 00:44:44 - PERFIL 7
17/06 00:44:44 - cupom_impressao_producao(9356,True,"",[],125698
125699
125700
,1);
17/06 00:44:44 - IOK 1 STAGE => 28
17/06 00:44:44 0 - {"sessao":"17062019004957153141842822353636090131404MOBILEADM","operacao":"PIT","pedido":"9356","usuario":"1","terminal":"53","conf":"3|1","items":[{"i0":"326|1"},{"i1":"3|1"},{"i2":"253|1"}]}
17/06 00:44:44 2 -  0,375t OK
17/06 00:44:51 - PEDIDOS SOLICITADO {"sessao":"1706201900500415327815617353636090131404MOBILEADM","operacao":"PIT","pedido":"9372","usuario":"1","terminal":"53","conf":"2|1","items":[{"i0":"249|1"},{"i1":"253|1"}]}
17/06 00:44:51 - sessao: 1706201900500415327815617353636090131404MOBILEADM
17/06 00:44:51 - id: 9372
17/06 00:44:51 - usuario: 1
17/06 00:44:51 - terminal: 53
17/06 00:44:51 - conf: 2|1
17/06 00:44:51 0 - 249|1
17/06 00:44:51 1 - 253|1
17/06 00:44:51 - dados
17/06 00:44:51 - VALORES? 22,00/22/22/,/"22"
17/06 00:44:51 - VALORES? 10,00/10/10/,/"10"
17/06 00:44:51 - PRODUCAO => id:9372 user:1term:53 hora: sessao:1706201900500415327815617353636090131404MOBILEADM
17/06 00:44:51 - select estoque.grupo,auxiliar.id from auxiliar,estoque where auxiliar.idpedido=9372 and auxiliar.producao=0 and estoque.codigo=auxiliar.original and auxiliar.idtimer="1706201900500415327815617353636090131404MOBILEADM" order by estoque.grupo,auxiliar.id
17/06 00:44:51 - GRUPOS:<2,125701><2,125702>
17/06 00:44:51 - CIS Status: Create
17/06 00:44:51 - CIS Status: Connect
17/06 00:44:51 - Status: Write cmd #16#4 (1..4)
17/06 00:44:52 - Status: ok
17/06 00:44:52 - Status: Tampa aberta 0, Sem Papel 0, Off-line 0, Erro1 0, Erro2 0, Erro3 0, Erro4 0
17/06 00:44:52 - CIS Status: Close
17/06 00:44:52 - PERFIL 7
17/06 00:44:52 - cupom_impressao_producao(9372,True,"",[],125701
125702
,1);
17/06 00:44:52 - IOK 1 STAGE => 28
17/06 00:44:52 0 - {"sessao":"1706201900500415327815617353636090131404MOBILEADM","operacao":"PIT","pedido":"9372","usuario":"1","terminal":"53","conf":"2|1","items":[{"i0":"249|1"},{"i1":"253|1"}]}
17/06 00:44:52 2 -  0,375t OK
17/06 00:45:16 - PEDIDOS SOLICITADO {"sessao":"170620190050141533100915353636090131404MOBILEADM","operacao":"PIT","pedido":"9412","usuario":"1","terminal":"53","conf":"22|1","items":[{"i0":"82|1"},{"i1":"35|1"},{"i2":"38|1"},{"i3":"108|1"},{"i4":"183|1"},{"i5":"345|1"},{"i6":"211|1"},{"i7":"111|1"},{"i8":"113|1"},{"i9":"213|1"},{"i10":"356|1"},{"i11":"254|1"},{"i12":"191|1"},{"i13":"353|1"},{"i14":"326|1"},{"i15":"177|1"},{"i16":"354|1"},{"i17":"3|1"},{"i18":"292|1"},{"i19":"249|1"},{"i20":"253|1"},{"i21":"325|1"}]}
17/06 00:45:16 - sessao: 170620190050141533100915353636090131404MOBILEADM
17/06 00:45:16 - id: 9412
17/06 00:45:16 - usuario: 1
17/06 00:45:16 - terminal: 53
17/06 00:45:16 - conf: 22|1
17/06 00:45:16 0 - 82|1
17/06 00:45:16 1 - 35|1
17/06 00:45:16 2 - 38|1
17/06 00:45:16 3 - 108|1
17/06 00:45:16 4 - 183|1
17/06 00:45:16 5 - 345|1
17/06 00:45:16 6 - 211|1
17/06 00:45:16 7 - 111|1
17/06 00:45:16 8 - 113|1
17/06 00:45:16 9 - 213|1
17/06 00:45:16 10 - 356|1
17/06 00:45:16 11 - 254|1
17/06 00:45:16 12 - 191|1
17/06 00:45:16 13 - 353|1
17/06 00:45:16 14 - 326|1
17/06 00:45:16 15 - 177|1
17/06 00:45:16 16 - 354|1
17/06 00:45:16 17 - 3|1
17/06 00:45:16 18 - 292|1
17/06 00:45:16 19 - 249|1
17/06 00:45:16 20 - 253|1
17/06 00:45:16 21 - 325|1
17/06 00:45:16 - dados
17/06 00:45:16 - VALORES? 6,00/6/6/,/"6"
17/06 00:45:16 - VALORES? 5,90/5,9/5,9/,/"5.9"
17/06 00:45:16 - VALORES? 5,90/5,9/5,9/,/"5.9"
17/06 00:45:16 - VALORES? 7,00/7/7/,/"7"
17/06 00:45:16 - VALORES? 29,90/29,9/29,9/,/"29.9"
17/06 00:45:16 - VALORES? 12,00/12/12/,/"12"
17/06 00:45:16 - VALORES? 31,90/31,9/31,9/,/"31.9"
17/06 00:45:16 - VALORES? 15,90/15,9/15,9/,/"15.9"
17/06 00:45:16 - VALORES? 15,00/15/15/,/"15"
17/06 00:45:16 - VALORES? 25,90/25,9/25,9/,/"25.9"
17/06 00:45:16 - VALORES? 35,00/35/35/,/"35"
17/06 00:45:17 - VALORES? 30,00/30/30/,/"30"
17/06 00:45:17 - VALORES? 25,00/25/25/,/"25"
17/06 00:45:17 - VALORES? 25,00/25/25/,/"25"
17/06 00:45:17 - VALORES? 8,90/8,9/8,9/,/"8.9"
17/06 00:45:17 - VALORES? 15,00/15/15/,/"15"
17/06 00:45:17 - VALORES? 21,90/21,9/21,9/,/"21.9"
17/06 00:45:17 - VALORES? 20,00/20/20/,/"20"
17/06 00:45:17 - VALORES? 15,00/15/15/,/"15"
17/06 00:45:17 - VALORES? 22,00/22/22/,/"22"
17/06 00:45:17 - VALORES? 10,00/10/10/,/"10"
17/06 00:45:17 - VALORES? 11,90/11,9/11,9/,/"11.9"
17/06 00:45:17 - PRODUCAO => id:9412 user:1term:53 hora: sessao:170620190050141533100915353636090131404MOBILEADM
17/06 00:45:17 - select estoque.grupo,auxiliar.id from auxiliar,estoque where auxiliar.idpedido=9412 and auxiliar.producao=0 and estoque.codigo=auxiliar.original and auxiliar.idtimer="170620190050141533100915353636090131404MOBILEADM" order by estoque.grupo,auxiliar.id
17/06 00:45:17 - GRUPOS:<1,125703><1,125704><1,125705><2,125715><2,125716><2,125717><2,125718><2,125719><2,125720><2,125721><2,125722><2,125723><2,125724><4,125706><4,125707><4,125708><4,125709><4,125710><4,125711><4,125712><4,125713><4,125714>
17/06 00:45:17 - CIS Status: Create
17/06 00:45:17 - CIS Status: Connect
17/06 00:45:17 - Status: Write cmd #16#4 (1..4)
17/06 00:45:17 - Status: ok
17/06 00:45:17 - Status: Tampa aberta 0, Sem Papel 0, Off-line 0, Erro1 0, Erro2 0, Erro3 0, Erro4 0
17/06 00:45:17 - CIS Status: Close
17/06 00:45:17 - PERFIL 7
17/06 00:45:17 - cupom_impressao_producao(9412,True,"",[],125703
125704
125705
125715
125716
125717
125718
125719
125720
125721
125722
125723
125724
,1);
17/06 00:45:17 - IOK 1 STAGE => 28
17/06 00:45:17 0 - {"sessao":"170620190050141533100915353636090131404MOBILEADM","operacao":"PIT","pedido":"9412","usuario":"1","terminal":"53","conf":"22|1","items":[{"i0":"82|1"},{"i1":"35|1"},{"i2":"38|1"},{"i3":"108|1"},{"i4":"183|1"},{"i5":"345|1"},{"i6":"211|1"},{"i7":"111|1"},{"i8":"113|1"},{"i9":"213|1"},{"i10":"356|1"},{"i11":"254|1"},{"i12":"191|1"},{"i13":"353|1"},{"i14":"326|1"},{"i15":"177|1"},{"i16":"354|1"},{"i17":"3|1"},{"i18":"292|1"},{"i19":"249|1"},{"i20":"253|1"},{"i21":"325|1"}]}
17/06 00:45:17 2 -  0,782t OK
17/06 00:45:33 - PEDIDOS SOLICITADO {"sessao":"1706201900504415349897156353636090131404MOBILEADM","operacao":"PIT","pedido":"9413","usuario":"1","terminal":"53","conf":"8|1","items":[{"i0":"64|1"},{"i1":"82|2"},{"i2":"32|1"},{"i3":"33|1"},{"i4":"35|1"},{"i5":"34|1"},{"i6":"36|1"},{"i7":"38|1"}]}
17/06 00:45:33 - sessao: 1706201900504415349897156353636090131404MOBILEADM
17/06 00:45:33 - id: 9413
17/06 00:45:33 - usuario: 1
17/06 00:45:33 - terminal: 53
17/06 00:45:33 - conf: 8|1
17/06 00:45:33 0 - 64|1
17/06 00:45:33 1 - 82|2
17/06 00:45:33 2 - 32|1
17/06 00:45:33 3 - 33|1
17/06 00:45:33 4 - 35|1
17/06 00:45:33 5 - 34|1
17/06 00:45:33 6 - 36|1
17/06 00:45:33 7 - 38|1
17/06 00:45:33 - dados
