16/06 18:33:52 - PRE-CONTA SOLICITADA {"operacao":"PRE","pedido":"9332"}
16/06 18:33:52 - LISTA DE IMPRESSORAS
16/06 18:33:52 - IMPRESSORA CAIXA 7 => TCP:192.168.88.200
16/06 18:33:52 - impressora test 192.168.88.200
16/06 18:33:52 - impressora test 9100
16/06 18:33:52 - impressora test 2 => st 1
16/06 18:33:52 - impressora test 4 ck
16/06 18:33:52 - impressora test 5 ck  ok
16/06 18:33:52 - impressora test 6 final
16/06 18:33:52 - ABRIR BANCO DE DADOS
16/06 18:33:52 - OK BANCO DE DADOS
16/06 18:33:52 - SET IMPRESSORA 7
16/06 18:33:52 - ENVIANDO IMPRESSAO
16/06 18:33:52 - FALHA NA IMPRESSORA eXIT
16/06 18:33:52 - FALHA NA IMPRESSORA
16/06 18:33:52 - GRAVANDO REGISTRO PRE
16/06 18:33:52 - FALHA AO REGISTRAR MOB SUPORTE - PEDIDO9332
16/06 18:33:52 0 - ERRO => POST / HTTP/1.1
Content-Length: 34

{"operacao":"PRE","pedido":"9332"}

 t:0,328 => FALHA AO REGISTRAR MOB SUPORTE - PEDIDO9332 -> 3
16/06 18:36:14 - ***  SERVIÇO PARADO
16/06 18:36:17 - Iniciando Suporte Mobile 64bit Versao: 1.13
16/06 18:36:17 - Variaveis
16/06 18:36:17 - CurrencyString="R$", CurrencyFormat="#2", NegCurrFormat="#9", ThousandSeparator=".", DecimalSeparator=",", CurrencyDecimals="2", DateSeparator="/", ShortDateFormat="dd/MM/yyyy", LongDateFormat="dddd, d' de 'MMMM' de 'yyyy", TimeSeparator=":", TimeAMString="", TimePMString="", ShortTimeFormat="hh:mm", LongTimeFormat="hh:mm:ss", TwoDigitYearCenturyWindow="50", ListSeparator=";"
16/06 18:36:17 - TCP Servidor
16/06 18:36:17 - TCP Cliente
16/06 18:36:17 - Iniciado na porta => 4406
16/06 18:36:17 - Formato Valores:        -1.254,87 | -1254,87|        1.254,87 | 1254,87
16/06 18:36:17 - Formato Data   : 16/06/2019 18:36:17
16/06 18:36:17 - Flags debug 1 sem log 0
16/06 18:36:17 - BANCO DE DADOS ONLINE > 192.168.88.28:comodoro
16/06 18:36:17 - PRECO => 30 /            30,00/30/30
16/06 18:36:17 - iniciar_identificacao_computador
16/06 18:36:17 - sistema_pegar_perfil
16/06 18:36:17 - empresa_carregar_segmentos
16/06 18:36:17 - rcs_iniciar_variaveis_globais
16/06 18:36:17 - terminal_id
16/06 18:36:17 - mesas_comandas
16/06 18:36:17 - LPRINT
16/06 18:36:17 - LISTA DE IMPRESSORAS CARREGADA 4
16/06 18:36:17 - carregarImp
16/06 18:36:17 - objetos
16/06 18:36:17 - produtos_gerenciamento_de_estoque
16/06 18:36:17 - # status 100%
16/06 18:36:22 - PRE-CONTA SOLICITADA {"operacao":"PRE","pedido":"9332"}
16/06 18:36:22 - LISTA DE IMPRESSORAS
16/06 18:36:22 - IMPRESSORA CAIXA 7 => TCP:192.168.88.200
16/06 18:36:22 - impressora test 192.168.88.200
16/06 18:36:22 - impressora test 9100
16/06 18:36:22 - impressora test 2 => st 1
16/06 18:36:22 - impressora test 4 ck
16/06 18:36:22 - impressora test 5 ck  ok
16/06 18:36:22 - impressora test 6 final
16/06 18:36:22 - ABRIR BANCO DE DADOS
16/06 18:36:22 - OK BANCO DE DADOS
16/06 18:36:22 - SET IMPRESSORA 7
16/06 18:36:22 - ENVIANDO IMPRESSAO
16/06 18:36:22 - FALHA NA IMPRESSORA eXIT
16/06 18:36:22 - FALHA NA IMPRESSORA
16/06 18:36:22 - GRAVANDO REGISTRO PRE
16/06 18:36:22 - turno103
16/06 18:36:22 - tipo"PRE"
16/06 18:36:22 - pedido9332
16/06 18:36:22 - data"2019-06-16"
16/06 18:36:22 - hora"18:36:22"
16/06 18:36:22 - usuario1
16/06 18:36:22 - nome"Atendente"
16/06 18:36:22 - terminal0
16/06 18:36:22 - cImp1
16/06 18:36:22 - impressora"Impressora Cozinha"
16/06 18:36:22 - pImp"TCP:192.168.88.200"
16/06 18:36:22 - erro2
16/06 18:36:22 - infoErro"FALHA NA IMPRESSORA"
16/06 18:36:22 - comanda"1710"
16/06 18:36:22 - mesa""
16/06 18:36:22 - tempo"0.329"
16/06 18:36:22 - referencia"HENRIQUE"
16/06 18:36:22 - cmd"{"operacao":"PRE","pedido":"9332"}

"
16/06 18:36:22 - FALHA AO REGISTRAR MOB SUPORTE - PEDIDO9332
16/06 18:36:22 0 - ERRO => POST / HTTP/1.1
Content-Length: 34

{"operacao":"PRE","pedido":"9332"}

 t:0,375 => FALHA AO REGISTRAR MOB SUPORTE - PEDIDO9332 -> 3
16/06 18:39:48 - ***  SERVIÇO PARADO
16/06 18:39:51 - Iniciando Suporte Mobile 64bit Versao: 1.13
16/06 18:39:51 - Variaveis
16/06 18:39:51 - CurrencyString="R$", CurrencyFormat="#2", NegCurrFormat="#9", ThousandSeparator=".", DecimalSeparator=",", CurrencyDecimals="2", DateSeparator="/", ShortDateFormat="dd/MM/yyyy", LongDateFormat="dddd, d' de 'MMMM' de 'yyyy", TimeSeparator=":", TimeAMString="", TimePMString="", ShortTimeFormat="hh:mm", LongTimeFormat="hh:mm:ss", TwoDigitYearCenturyWindow="50", ListSeparator=";"
16/06 18:39:51 - TCP Servidor
16/06 18:39:51 - TCP Cliente
16/06 18:39:51 - Iniciado na porta => 4406
16/06 18:39:51 - Formato Valores:        -1.254,87 | -1254,87|        1.254,87 | 1254,87
16/06 18:39:51 - Formato Data   : 16/06/2019 18:39:51
16/06 18:39:51 - Flags debug 1 sem log 0
16/06 18:39:51 - BANCO DE DADOS ONLINE > 192.168.88.28:comodoro
16/06 18:39:51 - PRECO => 30 /            30,00/30/30
16/06 18:39:51 - iniciar_identificacao_computador
16/06 18:39:51 - sistema_pegar_perfil
16/06 18:39:51 - empresa_carregar_segmentos
16/06 18:39:51 - rcs_iniciar_variaveis_globais
16/06 18:39:51 - terminal_id
16/06 18:39:51 - mesas_comandas
16/06 18:39:51 - LPRINT
16/06 18:39:51 - LISTA DE IMPRESSORAS CARREGADA 4
16/06 18:39:51 - carregarImp
16/06 18:39:51 - objetos
16/06 18:39:51 - produtos_gerenciamento_de_estoque
16/06 18:39:51 - # status 100%
16/06 18:39:55 - PRE-CONTA SOLICITADA {"operacao":"PRE","pedido":"9332"}
16/06 18:39:55 - LISTA DE IMPRESSORAS
16/06 18:39:55 - IMPRESSORA CAIXA 7 => TCP:192.168.88.200
16/06 18:39:55 - impressora test 192.168.88.200
16/06 18:39:55 - impressora test 9100
16/06 18:39:56 - impressora test 2 => st 1
16/06 18:39:56 - impressora test 4 ck
16/06 18:39:56 - impressora test 5 ck  ok
16/06 18:39:56 - impressora test 6 final
16/06 18:39:56 - ABRIR BANCO DE DADOS
16/06 18:39:56 - OK BANCO DE DADOS
16/06 18:39:56 - SET IMPRESSORA 7
16/06 18:39:56 - ENVIANDO IMPRESSAO
16/06 18:39:56 - FALHA NA IMPRESSORA eXIT
16/06 18:39:56 - FALHA NA IMPRESSORA
16/06 18:39:56 - GRAVANDO REGISTRO PRE
16/06 18:39:56 - turno103
16/06 18:39:56 - tipo"PRE"
16/06 18:39:56 - pedido9332
16/06 18:39:56 - data"2019-06-16"
16/06 18:39:56 - hora"18:39:56"
16/06 18:39:56 - usuario1
16/06 18:39:56 - nome"Atendente"
16/06 18:39:56 - terminal0
16/06 18:39:56 - cImp1
16/06 18:39:56 - impressora"Impressora Cozinha"
16/06 18:39:56 - pImp"TCP:192.168.88.200"
16/06 18:39:56 - erro2
16/06 18:39:56 - infoErro"FALHA NA IMPRESSORA"
16/06 18:39:56 - comanda"1710"
16/06 18:39:56 - mesa""
16/06 18:39:56 - tempo"0.328"
16/06 18:39:56 - referencia"HENRIQUE"
16/06 18:39:56 - cmd"7B226F7065726163616F223A22505245222C2270656469646F223A2239333332227D0D0A0D0A"
16/06 18:39:56 - CONCLUIDO
16/06 18:39:56 0 - ERRO => POST / HTTP/1.1
Content-Length: 34

{"operacao":"PRE","pedido":"9332"}

 t:0,359 => FALHA NA IMPRESSORA -> 2
16/06 18:40:47 - PRE-CONTA SOLICITADA {"operacao":"PRE","pedido":"9332"}
16/06 18:40:47 - LISTA DE IMPRESSORAS
16/06 18:40:47 - IMPRESSORA CAIXA 7 => TCP:192.168.88.200
16/06 18:40:47 - impressora test 192.168.88.200
16/06 18:40:47 - impressora test 9100
16/06 18:40:47 - impressora test 2 => st 1
16/06 18:40:47 - impressora test 4 ck
16/06 18:40:47 - impressora test 5 ck  ok
16/06 18:40:47 - impressora test 6 final
16/06 18:40:47 - ABRIR BANCO DE DADOS
16/06 18:40:47 - OK BANCO DE DADOS
16/06 18:40:47 - SET IMPRESSORA 7
16/06 18:40:47 - ENVIANDO IMPRESSAO
16/06 18:40:47 - FALHA NA IMPRESSORA eXIT
16/06 18:40:47 - FALHA NA IMPRESSORA
16/06 18:40:47 - GRAVANDO REGISTRO PRE
16/06 18:40:47 - turno103
16/06 18:40:47 - tipo"PRE"
16/06 18:40:47 - pedido9332
16/06 18:40:47 - data"2019-06-16"
16/06 18:40:47 - hora"18:40:47"
16/06 18:40:47 - usuario1
16/06 18:40:47 - nome"Atendente"
16/06 18:40:47 - terminal0
16/06 18:40:47 - cImp1
16/06 18:40:47 - impressora"Impressora Cozinha"
16/06 18:40:47 - pImp"TCP:192.168.88.200"
16/06 18:40:47 - erro2
16/06 18:40:47 - infoErro"FALHA NA IMPRESSORA"
16/06 18:40:47 - comanda"1710"
16/06 18:40:47 - mesa""
16/06 18:40:47 - tempo"0.359"
16/06 18:40:47 - referencia"HENRIQUE"
16/06 18:40:47 - cmd"7B226F7065726163616F223A22505245222C2270656469646F223A2239333332227D0D0A0D0A"
16/06 18:40:47 - CONCLUIDO
16/06 18:40:47 0 - ERRO => POST / HTTP/1.1
Content-Length: 34

{"operacao":"PRE","pedido":"9332"}

 t:0,375 => FALHA NA IMPRESSORA -> 2
16/06 18:42:27 - PRE-CONTA SOLICITADA {"operacao":"PRE","pedido":"9331"}
16/06 18:42:27 - LISTA DE IMPRESSORAS
16/06 18:42:27 - IMPRESSORA CAIXA 7 => TCP:192.168.88.200
16/06 18:42:27 - impressora test 192.168.88.200
16/06 18:42:27 - impressora test 9100
16/06 18:42:27 - impressora test 2 => st 1
16/06 18:42:27 - impressora test 4 ck
16/06 18:42:27 - impressora test 5 ck  ok
16/06 18:42:27 - impressora test 6 final
16/06 18:42:27 - ABRIR BANCO DE DADOS
16/06 18:42:27 - OK BANCO DE DADOS
16/06 18:42:27 - SET IMPRESSORA 7
16/06 18:42:27 - ENVIANDO IMPRESSAO
16/06 18:42:27 - FALHA NA IMPRESSORA eXIT
16/06 18:42:27 - FALHA NA IMPRESSORA
16/06 18:42:27 - GRAVANDO REGISTRO PRE
16/06 18:42:27 - turno103
16/06 18:42:27 - tipo"PRE"
16/06 18:42:27 - pedido9331
16/06 18:42:27 - data"2019-06-16"
16/06 18:42:27 - hora"18:42:27"
16/06 18:42:27 - usuario1
16/06 18:42:27 - nome"Atendente"
16/06 18:42:27 - terminal0
16/06 18:42:27 - cImp1
16/06 18:42:27 - impressora"Impressora Cozinha"
16/06 18:42:27 - pImp"TCP:192.168.88.200"
16/06 18:42:27 - erro2
16/06 18:42:27 - infoErro"FALHA NA IMPRESSORA"
16/06 18:42:27 - comanda"1522"
16/06 18:42:27 - mesa""
16/06 18:42:27 - tempo"0.344"
16/06 18:42:27 - referencia"LUIZ"
16/06 18:42:27 - cmd"7B226F7065726163616F223A22505245222C2270656469646F223A2239333331227D0D0A0D0A"
16/06 18:42:27 - CONCLUIDO
16/06 18:42:27 0 - ERRO => POST / HTTP/1.1
Content-Length: 34

{"operacao":"PRE","pedido":"9331"}

 t:0,359 => FALHA NA IMPRESSORA -> 2
16/06 18:45:38 - ***  SERVIÇO PARADO
16/06 18:45:41 - Iniciando Suporte Mobile 64bit Versao: 1.13
16/06 18:45:41 - Variaveis
16/06 18:45:41 - CurrencyString="R$", CurrencyFormat="#2", NegCurrFormat="#9", ThousandSeparator=".", DecimalSeparator=",", CurrencyDecimals="2", DateSeparator="/", ShortDateFormat="dd/MM/yyyy", LongDateFormat="dddd, d' de 'MMMM' de 'yyyy", TimeSeparator=":", TimeAMString="", TimePMString="", ShortTimeFormat="hh:mm", LongTimeFormat="hh:mm:ss", TwoDigitYearCenturyWindow="50", ListSeparator=";"
16/06 18:45:41 - TCP Servidor
16/06 18:45:41 - TCP Cliente
16/06 18:45:41 - Iniciado na porta => 4406
16/06 18:45:41 - Formato Valores:        -1.254,87 | -1254,87|        1.254,87 | 1254,87
16/06 18:45:41 - Formato Data   : 16/06/2019 18:45:41
16/06 18:45:41 - Flags debug 1 sem log 0
16/06 18:45:41 - BANCO DE DADOS ONLINE > 192.168.88.28:comodoro
16/06 18:45:41 - PRECO => 30 /            30,00/30/30
16/06 18:45:41 - iniciar_identificacao_computador
16/06 18:45:41 - sistema_pegar_perfil
16/06 18:45:41 - empresa_carregar_segmentos
16/06 18:45:41 - rcs_iniciar_variaveis_globais
16/06 18:45:41 - terminal_id
16/06 18:45:41 - mesas_comandas
16/06 18:45:41 - LPRINT
16/06 18:45:41 - Status = Config
