16/06 23:44:33 - Status: ok
16/06 23:44:33 - salvando log -> C:\rcsv\App\mobile64\LOG_APP_MOBILE_SERVICE_64_17.log
16/06 23:44:33 - Status: Tampa aberta 0, Sem Papel 0, Off-line 0, Erro1 0, Erro2 0, Erro3 0, Erro4 0
16/06 23:44:33 - CIS Status: Close
16/06 23:44:33 - PERFIL 7
16/06 23:44:33 - cupom_impressao_producao(9356,True,"",[],125628
125629
125630
,1);
16/06 23:44:33 - IOK 1 STAGE => 28
16/06 23:44:33 0 - {"sessao":"1606201923494115364522286353636090131404MOBILEADM","operacao":"PIT","pedido":"9356","usuario":"1","terminal":"53","conf":"3|1","items":[{"i0":"130|1"},{"i1":"276|1"},{"i2":"293|1"}]}
16/06 23:44:33 2 -  0,343t OK
16/06 23:44:45 - PEDIDOS SOLICITADO {"sessao":"1606201923495715324112353636090131404MOBILEADM","operacao":"PIT","pedido":"9356","usuario":"1","terminal":"53","conf":"2|1","items":[{"i0":"336|1"},{"i1":"293|1"}]}
16/06 23:44:45 - sessao: 1606201923495715324112353636090131404MOBILEADM
16/06 23:44:45 - id: 9356
16/06 23:44:45 - usuario: 1
16/06 23:44:45 - terminal: 53
16/06 23:44:45 - conf: 2|1
16/06 23:44:45 0 - 336|1
16/06 23:44:45 1 - 293|1
16/06 23:44:45 - dados
16/06 23:44:45 - VALORES? 8,00/8/8/,/"8"
16/06 23:44:45 - VALORES? 8,90/8,9/8,9/,/"8.9"
16/06 23:44:45 - PRODUCAO => id:9356 user:1term:53 hora: sessao:1606201923495715324112353636090131404MOBILEADM
16/06 23:44:45 - select estoque.grupo,auxiliar.id from auxiliar,estoque where auxiliar.idpedido=9356 and auxiliar.producao=0 and estoque.codigo=auxiliar.original and auxiliar.idtimer="1606201923495715324112353636090131404MOBILEADM" order by estoque.grupo,auxiliar.id
16/06 23:44:45 - GRUPOS:<2,125631><2,125632>
16/06 23:44:45 - CIS Status: Create
16/06 23:44:46 - CIS Status: Connect
16/06 23:44:46 - Status: Write cmd #16#4 (1..4)
16/06 23:44:46 - Status: ok
16/06 23:44:46 - Status: Tampa aberta 0, Sem Papel 0, Off-line 0, Erro1 0, Erro2 0, Erro3 0, Erro4 0
16/06 23:44:46 - CIS Status: Close
16/06 23:44:46 - PERFIL 7
16/06 23:44:46 - cupom_impressao_producao(9356,True,"",[],125631
125632
,1);
16/06 23:44:46 - IOK 1 STAGE => 28
16/06 23:44:46 0 - {"sessao":"1606201923495715324112353636090131404MOBILEADM","operacao":"PIT","pedido":"9356","usuario":"1","terminal":"53","conf":"2|1","items":[{"i0":"336|1"},{"i1":"293|1"}]}
16/06 23:44:46 2 -  0,344t OK
16/06 23:44:56 - PEDIDOS SOLICITADO {"sessao":"1606201923500915358676929353636090131404MOBILEADM","operacao":"PIT","pedido":"9356","usuario":"1","terminal":"53","conf":"2|1","items":[{"i0":"336|1"},{"i1":"293|1"}]}
16/06 23:44:56 - sessao: 1606201923500915358676929353636090131404MOBILEADM
16/06 23:44:56 - id: 9356
16/06 23:44:56 - usuario: 1
16/06 23:44:56 - terminal: 53
16/06 23:44:56 - conf: 2|1
16/06 23:44:56 0 - 336|1
16/06 23:44:56 1 - 293|1
16/06 23:44:56 - dados
16/06 23:44:56 - VALORES? 8,00/8/8/,/"8"
16/06 23:44:56 - VALORES? 8,90/8,9/8,9/,/"8.9"
16/06 23:44:56 - PRODUCAO => id:9356 user:1term:53 hora: sessao:1606201923500915358676929353636090131404MOBILEADM
16/06 23:44:56 - select estoque.grupo,auxiliar.id from auxiliar,estoque where auxiliar.idpedido=9356 and auxiliar.producao=0 and estoque.codigo=auxiliar.original and auxiliar.idtimer="1606201923500915358676929353636090131404MOBILEADM" order by estoque.grupo,auxiliar.id
16/06 23:44:56 - GRUPOS:<2,125633><2,125634>
16/06 23:44:56 - CIS Status: Create
16/06 23:44:56 - CIS Status: Connect
16/06 23:44:56 - Status: Write cmd #16#4 (1..4)
16/06 23:44:56 - Status: ok
16/06 23:44:56 - Status: Tampa aberta 0, Sem Papel 0, Off-line 0, Erro1 0, Erro2 0, Erro3 0, Erro4 0
16/06 23:44:56 - CIS Status: Close
16/06 23:44:56 - PERFIL 7
16/06 23:44:56 - cupom_impressao_producao(9356,True,"",[],125633
125634
,1);
16/06 23:44:56 - IOK 1 STAGE => 28
16/06 23:44:56 0 - {"sessao":"1606201923500915358676929353636090131404MOBILEADM","operacao":"PIT","pedido":"9356","usuario":"1","terminal":"53","conf":"2|1","items":[{"i0":"336|1"},{"i1":"293|1"}]}
16/06 23:44:56 2 -  0,312t OK
16/06 23:45:35 - PEDIDOS SOLICITADO {"sessao":"16062019235042153940894353636090131404MOBILEADM","operacao":"PIT","pedido":"9406","usuario":"1","terminal":"53","conf":"8|1","items":[{"i0":"64|1"},{"i1":"82|1"},{"i2":"32|1"},{"i3":"33|1"},{"i4":"35|1"},{"i5":"34|1"},{"i6":"36|1"},{"i7":"38|1"}]}
16/06 23:45:35 - sessao: 16062019235042153940894353636090131404MOBILEADM
16/06 23:45:35 - id: 9406
16/06 23:45:35 - usuario: 1
16/06 23:45:35 - terminal: 53
16/06 23:45:35 - conf: 8|1
16/06 23:45:35 0 - 64|1
16/06 23:45:35 1 - 82|1
16/06 23:45:35 2 - 32|1
16/06 23:45:35 3 - 33|1
16/06 23:45:35 4 - 35|1
16/06 23:45:35 5 - 34|1
16/06 23:45:35 6 - 36|1
16/06 23:45:35 7 - 38|1
16/06 23:45:35 - dados
16/06 23:45:35 - VALORES? 9,90/9,9/9,9/,/"9.9"
16/06 23:45:35 - VALORES? 6,00/6/6/,/"6"
16/06 23:45:35 - VALORES? 5,90/5,9/5,9/,/"5.9"
16/06 23:45:35 - VALORES? 7,90/7,9/7,9/,/"7.9"
16/06 23:45:35 - VALORES? 5,90/5,9/5,9/,/"5.9"
16/06 23:45:35 - VALORES? 9,90/9,9/9,9/,/"9.9"
16/06 23:45:35 - VALORES? 5,90/5,9/5,9/,/"5.9"
16/06 23:45:35 - VALORES? 5,90/5,9/5,9/,/"5.9"
16/06 23:45:35 - PRODUCAO => id:9406 user:1term:53 hora: sessao:16062019235042153940894353636090131404MOBILEADM
16/06 23:45:35 - select estoque.grupo,auxiliar.id from auxiliar,estoque where auxiliar.idpedido=9406 and auxiliar.producao=0 and estoque.codigo=auxiliar.original and auxiliar.idtimer="16062019235042153940894353636090131404MOBILEADM" order by estoque.grupo,auxiliar.id
16/06 23:45:35 - GRUPOS:<1,125635><1,125636><1,125637><1,125638><1,125639><1,125640><1,125641><1,125642>
16/06 23:45:35 - CIS Status: Create
16/06 23:45:35 - CIS Status: Connect
16/06 23:45:35 - Status: Write cmd #16#4 (1..4)
16/06 23:45:35 - Status: ok
16/06 23:45:35 - Status: Tampa aberta 0, Sem Papel 0, Off-line 0, Erro1 0, Erro2 0, Erro3 0, Erro4 0
16/06 23:45:35 - CIS Status: Close
16/06 23:45:35 - PERFIL 7
16/06 23:45:35 - cupom_impressao_producao(9406,True,"",[],125635
125636
125637
125638
125639
125640
125641
125642
,1);
16/06 23:45:35 - IOK 1 STAGE => 28
16/06 23:45:35 0 - {"sessao":"16062019235042153940894353636090131404MOBILEADM","operacao":"PIT","pedido":"9406","usuario":"1","terminal":"53","conf":"8|1","items":[{"i0":"64|1"},{"i1":"82|1"},{"i2":"32|1"},{"i3":"33|1"},{"i4":"35|1"},{"i5":"34|1"},{"i6":"36|1"},{"i7":"38|1"}]}
16/06 23:45:35 2 -  0,515t OK
16/06 23:46:00 - PEDIDOS SOLICITADO {"sessao":"160620192351101537256750353636090131404MOBILEADM","operacao":"PIT","pedido":"9374","usuario":"1","terminal":"53","conf":"3|1","items":[{"i0":"82|1"},{"i1":"35|1"},{"i2":"38|1"}]}
16/06 23:46:00 - sessao: 160620192351101537256750353636090131404MOBILEADM
16/06 23:46:00 - id: 9374
16/06 23:46:00 - usuario: 1
16/06 23:46:00 - terminal: 53
16/06 23:46:00 - conf: 3|1
16/06 23:46:00 0 - 82|1
16/06 23:46:00 1 - 35|1
16/06 23:46:00 2 - 38|1
16/06 23:46:00 - dados
16/06 23:46:00 - VALORES? 6,00/6/6/,/"6"
16/06 23:46:00 - VALORES? 5,90/5,9/5,9/,/"5.9"
16/06 23:46:00 - VALORES? 5,90/5,9/5,9/,/"5.9"
16/06 23:46:00 - PRODUCAO => id:9374 user:1term:53 hora: sessao:160620192351101537256750353636090131404MOBILEADM
16/06 23:46:00 - select estoque.grupo,auxiliar.id from auxiliar,estoque where auxiliar.idpedido=9374 and auxiliar.producao=0 and estoque.codigo=auxiliar.original and auxiliar.idtimer="160620192351101537256750353636090131404MOBILEADM" order by estoque.grupo,auxiliar.id
16/06 23:46:00 - GRUPOS:<1,125643><1,125644><1,125645>
16/06 23:46:00 - CIS Status: Create
16/06 23:46:00 - CIS Status: Connect
16/06 23:46:00 - Status: Write cmd #16#4 (1..4)
16/06 23:46:00 - Status: ok
16/06 23:46:00 - Status: Tampa aberta 0, Sem Papel 0, Off-line 0, Erro1 0, Erro2 0, Erro3 0, Erro4 0
16/06 23:46:00 - CIS Status: Close
16/06 23:46:00 - PERFIL 7
16/06 23:46:00 - cupom_impressao_producao(9374,True,"",[],125643
125644
125645
,1);
16/06 23:46:00 - IOK 1 STAGE => 28
16/06 23:46:00 0 - {"sessao":"160620192351101537256750353636090131404MOBILEADM","operacao":"PIT","pedido":"9374","usuario":"1","terminal":"53","conf":"3|1","items":[{"i0":"82|1"},{"i1":"35|1"},{"i2":"38|1"}]}
16/06 23:46:00 2 -  0,344t OK
16/06 23:46:14 - PEDIDOS SOLICITADO {"sessao":"1606201923512115328908519353636090131404MOBILEADM","operacao":"PIT","pedido":"9407","usuario":"1","terminal":"53","conf":"8|1","items":[{"i0":"64|1"},{"i1":"82|1"},{"i2":"32|1"},{"i3":"33|1"},{"i4":"35|1"},{"i5":"34|1"},{"i6":"36|1"},{"i7":"38|1"}]}
16/06 23:46:14 - sessao: 1606201923512115328908519353636090131404MOBILEADM
16/06 23:46:14 - id: 9407
16/06 23:46:14 - usuario: 1
16/06 23:46:14 - terminal: 53
16/06 23:46:14 - conf: 8|1
16/06 23:46:14 0 - 64|1
16/06 23:46:14 1 - 82|1
16/06 23:46:14 2 - 32|1
16/06 23:46:14 3 - 33|1
16/06 23:46:14 4 - 35|1
16/06 23:46:14 5 - 34|1
16/06 23:46:14 6 - 36|1
16/06 23:46:14 7 - 38|1
16/06 23:46:14 - dados
16/06 23:46:14 - VALORES? 9,90/9,9/9,9/,/"9.9"
16/06 23:46:14 - VALORES? 6,00/6/6/,/"6"
16/06 23:46:14 - VALORES? 5,90/5,9/5,9/,/"5.9"
16/06 23:46:14 - VALORES? 7,90/7,9/7,9/,/"7.9"
16/06 23:46:14 - VALORES? 5,90/5,9/5,9/,/"5.9"
16/06 23:46:14 - VALORES? 9,90/9,9/9,9/,/"9.9"
16/06 23:46:14 - VALORES? 5,90/5,9/5,9/,/"5.9"
16/06 23:46:14 - VALORES? 5,90/5,9/5,9/,/"5.9"
16/06 23:46:14 - PRODUCAO => id:9407 user:1term:53 hora: sessao:1606201923512115328908519353636090131404MOBILEADM
16/06 23:46:14 - select estoque.grupo,auxiliar.id from auxiliar,estoque where auxiliar.idpedido=9407 and auxiliar.producao=0 and estoque.codigo=auxiliar.original and auxiliar.idtimer="1606201923512115328908519353636090131404MOBILEADM" order by estoque.grupo,auxiliar.id
16/06 23:46:14 - GRUPOS:<1,125646><1,125647><1,125648><1,125649><1,125650><1,125651><1,125652><1,125653>
16/06 23:46:14 - CIS Status: Create
16/06 23:46:14 - CIS Status: Connect
16/06 23:46:14 - Status: Write cmd #16#4 (1..4)
16/06 23:46:14 - Status: ok
16/06 23:46:14 - Status: Tampa aberta 0, Sem Papel 0, Off-line 0, Erro1 0, Erro2 0, Erro3 0, Erro4 0
16/06 23:46:14 - CIS Status: Close
16/06 23:46:14 - PERFIL 7
16/06 23:46:14 - cupom_impressao_producao(9407,True,"",[],125646
125647
125648
125649
125650
125651
125652
125653
,1);
16/06 23:46:14 - IOK 1 STAGE => 28
16/06 23:46:14 0 - {"sessao":"1606201923512115328908519353636090131404MOBILEADM","operacao":"PIT","pedido":"9407","usuario":"1","terminal":"53","conf":"8|1","items":[{"i0":"64|1"},{"i1":"82|1"},{"i2":"32|1"},{"i3":"33|1"},{"i4":"35|1"},{"i5":"34|1"},{"i6":"36|1"},{"i7":"38|1"}]}
16/06 23:46:14 2 -  0,453t OK
16/06 23:46:22 - PEDIDOS SOLICITADO {"sessao":"160620192351341535607398353636090131404MOBILEADM","operacao":"PIT","pedido":"9359","usuario":"1","terminal":"53","conf":"3|1","items":[{"i0":"82|1"},{"i1":"35|1"},{"i2":"38|1"}]}
16/06 23:46:22 - sessao: 160620192351341535607398353636090131404MOBILEADM
16/06 23:46:22 - id: 9359
16/06 23:46:22 - usuario: 1
16/06 23:46:22 - terminal: 53
16/06 23:46:22 - conf: 3|1
16/06 23:46:22 0 - 82|1
16/06 23:46:22 1 - 35|1
16/06 23:46:22 2 - 38|1
16/06 23:46:22 - dados
16/06 23:46:22 - VALORES? 6,00/6/6/,/"6"
16/06 23:46:22 - VALORES? 5,90/5,9/5,9/,/"5.9"
16/06 23:46:22 - VALORES? 5,90/5,9/5,9/,/"5.9"
16/06 23:46:22 - PRODUCAO => id:9359 user:1term:53 hora: sessao:160620192351341535607398353636090131404MOBILEADM
16/06 23:46:22 - select estoque.grupo,auxiliar.id from auxiliar,estoque where auxiliar.idpedido=9359 and auxiliar.producao=0 and estoque.codigo=auxiliar.original and auxiliar.idtimer="160620192351341535607398353636090131404MOBILEADM" order by estoque.grupo,auxiliar.id
16/06 23:46:22 - GRUPOS:<1,125654><1,125655><1,125656>
16/06 23:46:22 - CIS Status: Create
16/06 23:46:22 - CIS Status: Connect
16/06 23:46:22 - Status: Write cmd #16#4 (1..4)
16/06 23:46:22 - Status: ok
16/06 23:46:22 - Status: Tampa aberta 0, Sem Papel 0, Off-line 0, Erro1 0, Erro2 0, Erro3 0, Erro4 0
16/06 23:46:22 - CIS Status: Close
16/06 23:46:22 - PERFIL 7
16/06 23:46:22 - cupom_impressao_producao(9359,True,"",[],125654
125655
125656
,1);
16/06 23:46:22 - IOK 1 STAGE => 28
16/06 23:46:22 0 - {"sessao":"160620192351341535607398353636090131404MOBILEADM","operacao":"PIT","pedido":"9359","usuario":"1","terminal":"53","conf":"3|1","items":[{"i0":"82|1"},{"i1":"35|1"},{"i2":"38|1"}]}
16/06 23:46:22 2 -  0,375t OK
16/06 23:46:43 - PEDIDOS SOLICITADO {"sessao":"160620192351531534554192353636090131404MOBILEADM","operacao":"PIT","pedido":"9408","usuario":"1","terminal":"53","conf":"8|1","items":[{"i0":"64|1"},{"i1":"82|1"},{"i2":"32|1"},{"i3":"33|1"},{"i4":"35|1"},{"i5":"34|1"},{"i6":"36|1"},{"i7":"38|1"}]}
16/06 23:46:43 - sessao: 160620192351531534554192353636090131404MOBILEADM
16/06 23:46:43 - id: 9408
16/06 23:46:43 - usuario: 1
16/06 23:46:43 - terminal: 53
16/06 23:46:43 - conf: 8|1
16/06 23:46:43 0 - 64|1
16/06 23:46:43 1 - 82|1
16/06 23:46:43 2 - 32|1
16/06 23:46:43 3 - 33|1
16/06 23:46:43 4 - 35|1
16/06 23:46:43 5 - 34|1
16/06 23:46:43 6 - 36|1
16/06 23:46:43 7 - 38|1
16/06 23:46:43 - dados
16/06 23:46:43 - VALORES? 9,90/9,9/9,9/,/"9.9"
16/06 23:46:43 - VALORES? 6,00/6/6/,/"6"
16/06 23:46:43 - VALORES? 5,90/5,9/5,9/,/"5.9"
16/06 23:46:43 - VALORES? 7,90/7,9/7,9/,/"7.9"
16/06 23:46:43 - VALORES? 5,90/5,9/5,9/,/"5.9"
16/06 23:46:43 - VALORES? 9,90/9,9/9,9/,/"9.9"
16/06 23:46:43 - VALORES? 5,90/5,9/5,9/,/"5.9"
16/06 23:46:43 - VALORES? 5,90/5,9/5,9/,/"5.9"
16/06 23:46:43 - PRODUCAO => id:9408 user:1term:53 hora: sessao:160620192351531534554192353636090131404MOBILEADM
16/06 23:46:43 - select estoque.grupo,auxiliar.id from auxiliar,estoque where auxiliar.idpedido=9408 and auxiliar.producao=0 and estoque.codigo=auxiliar.original and auxiliar.idtimer="160620192351531534554192353636090131404MOBILEADM" order by estoque.grupo,auxiliar.id
16/06 23:46:43 - GRUPOS:<1,125657><1,125658><1,125659><1,125660><1,125661><1,125662><1,125663><1,125664>
16/06 23:46:43 - CIS Status: Create
16/06 23:46:43 - CIS Status: Connect
16/06 23:46:43 - Status: Write cmd #16#4 (1..4)
16/06 23:46:43 - Status: ok
16/06 23:46:43 - Status: Tampa aberta 0, Sem Papel 0, Off-line 0, Erro1 0, Erro2 0, Erro3 0, Erro4 0
16/06 23:46:43 - CIS Status: Close
16/06 23:46:43 - PERFIL 7
16/06 23:46:43 - cupom_impressao_producao(9408,True,"",[],125657
125658
125659
125660
125661
125662
125663
125664
,1);
