15/06 01:06:43 - PRE-CONTA SOLICITADA {"operacao":"PRE","pedido":"9333"}
15/06 01:06:43 - LISTA DE IMPRESSORAS
15/06 01:06:43 - IMPRESSORA CAIXA 7 => TCP:192.168.88.200
15/06 01:06:43 - impressora test 192.168.88.200
15/06 01:06:43 - impressora test 9100
15/06 01:06:43 - impressora test 2 => st 1
15/06 01:06:43 - impressora test 4 ck
15/06 01:06:43 - impressora test 5 ck  ok
15/06 01:06:43 - impressora test 6 final
15/06 01:06:43 - ABRIR BANCO DE DADOS
15/06 01:06:43 - OK BANCO DE DADOS
15/06 01:06:43 - SET IMPRESSORA 7
15/06 01:06:43 - ENVIANDO IMPRESSAO
15/06 01:06:43 - ERRO NO PROCESSAMENTO DO PEDIDO 9333
15/06 01:06:43 0 - ERRO => POST / HTTP/1.1
Content-Length: 34

{"operacao":"PRE","pedido":"9333"}

 t:0,297 => ERRO NO PROCESSAMENTO DO PEDIDO 9333 -> 3
15/06 01:14:41 - ***  SERVIÇO PARADO
15/06 01:14:50 - Iniciando Suporte Mobile 64bit Versao: 1.13
15/06 01:14:50 - Variaveis
15/06 01:14:50 - CurrencyString="R$", CurrencyFormat="#2", NegCurrFormat="#9", ThousandSeparator=".", DecimalSeparator=",", CurrencyDecimals="2", DateSeparator="/", ShortDateFormat="dd/MM/yyyy", LongDateFormat="dddd, d' de 'MMMM' de 'yyyy", TimeSeparator=":", TimeAMString="", TimePMString="", ShortTimeFormat="hh:mm", LongTimeFormat="hh:mm:ss", TwoDigitYearCenturyWindow="50", ListSeparator=";"
15/06 01:14:50 - TCP Servidor
15/06 01:14:50 - TCP Cliente
15/06 01:14:50 - Iniciado na porta => 4406
15/06 01:14:50 - Formato Valores:        -1.254,87 | -1254,87|        1.254,87 | 1254,87
15/06 01:14:50 - Formato Data   : 15/06/2019 01:14:50
15/06 01:14:50 - Flags debug 1 sem log 0
15/06 01:14:50 - BANCO DE DADOS ONLINE > 192.168.88.28:comodoro
15/06 01:14:50 - PRECO => 30 /            30,00/30/30
15/06 01:14:50 - iniciar_identificacao_computador
15/06 01:14:50 - sistema_pegar_perfil
15/06 01:14:50 - empresa_carregar_segmentos
15/06 01:14:50 - rcs_iniciar_variaveis_globais
15/06 01:14:50 - terminal_id
15/06 01:14:50 - mesas_comandas
15/06 01:14:50 - LPRINT
15/06 01:14:50 - LISTA DE IMPRESSORAS CARREGADA 4
15/06 01:14:50 - carregarImp
15/06 01:14:50 - objetos
15/06 01:14:50 - produtos_gerenciamento_de_estoque
15/06 01:14:50 - # status 100%
15/06 01:14:55 - PRE-CONTA SOLICITADA {"operacao":"PRE","pedido":"9333"}
15/06 01:14:55 - LISTA DE IMPRESSORAS
15/06 01:14:55 - IMPRESSORA CAIXA 7 => TCP:192.168.88.200
15/06 01:14:55 - impressora test 192.168.88.200
15/06 01:14:55 - impressora test 9100
15/06 01:14:55 - impressora test 2 => st 1
15/06 01:14:55 - impressora test 4 ck
15/06 01:14:55 - impressora test 5 ck  ok
15/06 01:14:55 - impressora test 6 final
15/06 01:14:55 - ABRIR BANCO DE DADOS
15/06 01:14:55 - OK BANCO DE DADOS
15/06 01:14:55 - SET IMPRESSORA 7
15/06 01:14:55 - ENVIANDO IMPRESSAO
15/06 01:14:55 - ERRO NO PROCESSAMENTO DO PEDIDO 9333
15/06 01:14:55 0 - ERRO => POST / HTTP/1.1
Content-Length: 34

{"operacao":"PRE","pedido":"9333"}

 t:0,297 => ERRO NO PROCESSAMENTO DO PEDIDO 9333 -> 3
15/06 01:15:41 - ***  SERVIÇO PARADO
15/06 01:15:51 - Iniciando Suporte Mobile 64bit Versao: 1.13
15/06 01:15:51 - Variaveis
15/06 01:15:51 - CurrencyString="R$", CurrencyFormat="#2", NegCurrFormat="#9", ThousandSeparator=".", DecimalSeparator=",", CurrencyDecimals="2", DateSeparator="/", ShortDateFormat="dd/MM/yyyy", LongDateFormat="dddd, d' de 'MMMM' de 'yyyy", TimeSeparator=":", TimeAMString="", TimePMString="", ShortTimeFormat="hh:mm", LongTimeFormat="hh:mm:ss", TwoDigitYearCenturyWindow="50", ListSeparator=";"
15/06 01:15:51 - TCP Servidor
15/06 01:15:51 - TCP Cliente
15/06 01:15:51 - Iniciado na porta => 4406
15/06 01:15:51 - Formato Valores:        -1.254,87 | -1254,87|        1.254,87 | 1254,87
15/06 01:15:51 - Formato Data   : 15/06/2019 01:15:51
15/06 01:15:51 - Flags debug 1 sem log 0
15/06 01:15:51 - BANCO DE DADOS ONLINE > 192.168.88.28:comodoro
15/06 01:15:51 - PRECO => 30 /            30,00/30/30
15/06 01:15:51 - iniciar_identificacao_computador
15/06 01:15:51 - sistema_pegar_perfil
15/06 01:15:51 - empresa_carregar_segmentos
15/06 01:15:51 - rcs_iniciar_variaveis_globais
15/06 01:15:51 - terminal_id
15/06 01:15:51 - mesas_comandas
15/06 01:15:51 - LPRINT
15/06 01:15:51 - LISTA DE IMPRESSORAS CARREGADA 4
15/06 01:15:51 - carregarImp
15/06 01:15:51 - objetos
15/06 01:15:51 - produtos_gerenciamento_de_estoque
15/06 01:15:51 - # status 100%
15/06 01:15:55 - PRE-CONTA SOLICITADA {"operacao":"PRE","pedido":"9333"}
15/06 01:15:55 - LISTA DE IMPRESSORAS
15/06 01:15:55 - IMPRESSORA CAIXA 7 => TCP:192.168.88.200
15/06 01:15:55 - impressora test 192.168.88.200
15/06 01:15:55 - impressora test 9100
15/06 01:15:55 - impressora test 2 => st 1
15/06 01:15:55 - impressora test 4 ck
15/06 01:15:55 - impressora test 5 ck  ok
15/06 01:15:55 - impressora test 6 final
15/06 01:15:55 - ABRIR BANCO DE DADOS
15/06 01:15:55 - OK BANCO DE DADOS
15/06 01:15:55 - SET IMPRESSORA 7
15/06 01:15:55 - ENVIANDO IMPRESSAO
15/06 01:15:55 - ERRO NO PROCESSAMENTO DO PEDIDO 9333
15/06 01:15:55 0 - ERRO => POST / HTTP/1.1
Content-Length: 34

{"operacao":"PRE","pedido":"9333"}

 t:0,25 => ERRO NO PROCESSAMENTO DO PEDIDO 9333 -> 3
15/06 01:18:44 - ***  SERVIÇO PARADO
15/06 01:18:52 - Iniciando Suporte Mobile 64bit Versao: 1.13
15/06 01:18:52 - Variaveis
15/06 01:18:52 - CurrencyString="R$", CurrencyFormat="#2", NegCurrFormat="#9", ThousandSeparator=".", DecimalSeparator=",", CurrencyDecimals="2", DateSeparator="/", ShortDateFormat="dd/MM/yyyy", LongDateFormat="dddd, d' de 'MMMM' de 'yyyy", TimeSeparator=":", TimeAMString="", TimePMString="", ShortTimeFormat="hh:mm", LongTimeFormat="hh:mm:ss", TwoDigitYearCenturyWindow="50", ListSeparator=";"
15/06 01:18:52 - TCP Servidor
15/06 01:18:52 - TCP Cliente
15/06 01:18:52 - Iniciado na porta => 4406
15/06 01:18:52 - Formato Valores:        -1.254,87 | -1254,87|        1.254,87 | 1254,87
15/06 01:18:52 - Formato Data   : 15/06/2019 01:18:52
15/06 01:18:52 - Flags debug 1 sem log 0
15/06 01:18:52 - BANCO DE DADOS ONLINE > 192.168.88.28:comodoro
15/06 01:18:52 - PRECO => 30 /            30,00/30/30
15/06 01:18:52 - iniciar_identificacao_computador
15/06 01:18:52 - sistema_pegar_perfil
15/06 01:18:52 - empresa_carregar_segmentos
15/06 01:18:52 - rcs_iniciar_variaveis_globais
15/06 01:18:52 - terminal_id
15/06 01:18:52 - mesas_comandas
15/06 01:18:52 - LPRINT
15/06 01:18:52 - LISTA DE IMPRESSORAS CARREGADA 4
15/06 01:18:52 - carregarImp
15/06 01:18:52 - objetos
15/06 01:18:52 - produtos_gerenciamento_de_estoque
15/06 01:18:52 - # status 100%
15/06 01:18:56 - PRE-CONTA SOLICITADA {"operacao":"PRE","pedido":"9333"}
15/06 01:18:56 - LISTA DE IMPRESSORAS
15/06 01:18:56 - IMPRESSORA CAIXA 7 => TCP:192.168.88.200
15/06 01:18:56 - impressora test 192.168.88.200
15/06 01:18:56 - impressora test 9100
15/06 01:18:56 - impressora test 2 => st 1
15/06 01:18:56 - impressora test 4 ck
15/06 01:18:56 - impressora test 5 ck  ok
15/06 01:18:56 - impressora test 6 final
15/06 01:18:56 - ABRIR BANCO DE DADOS
15/06 01:18:56 - OK BANCO DE DADOS
15/06 01:18:56 - SET IMPRESSORA 7
15/06 01:18:56 - ENVIANDO IMPRESSAO
15/06 01:18:56 - ERRO NO PROCESSAMENTO DO PEDIDO 9333
15/06 01:18:56 0 - ERRO => POST / HTTP/1.1
Content-Length: 34

{"operacao":"PRE","pedido":"9333"}

 t:0,312 => ERRO NO PROCESSAMENTO DO PEDIDO 9333 -> 3
15/06 01:22:36 - ***  SERVIÇO PARADO
15/06 01:22:46 - Iniciando Suporte Mobile 64bit Versao: 1.13
15/06 01:22:46 - Variaveis
15/06 01:22:46 - CurrencyString="R$", CurrencyFormat="#2", NegCurrFormat="#9", ThousandSeparator=".", DecimalSeparator=",", CurrencyDecimals="2", DateSeparator="/", ShortDateFormat="dd/MM/yyyy", LongDateFormat="dddd, d' de 'MMMM' de 'yyyy", TimeSeparator=":", TimeAMString="", TimePMString="", ShortTimeFormat="hh:mm", LongTimeFormat="hh:mm:ss", TwoDigitYearCenturyWindow="50", ListSeparator=";"
15/06 01:22:46 - TCP Servidor
15/06 01:22:46 - TCP Cliente
15/06 01:22:46 - Iniciado na porta => 4406
15/06 01:22:46 - Formato Valores:        -1.254,87 | -1254,87|        1.254,87 | 1254,87
15/06 01:22:46 - Formato Data   : 15/06/2019 01:22:46
15/06 01:22:46 - Flags debug 1 sem log 0
15/06 01:22:46 - BANCO DE DADOS ONLINE > 192.168.88.28:comodoro
15/06 01:22:46 - PRECO => 30 /            30,00/30/30
15/06 01:22:46 - iniciar_identificacao_computador
15/06 01:22:46 - sistema_pegar_perfil
15/06 01:22:46 - empresa_carregar_segmentos
15/06 01:22:46 - rcs_iniciar_variaveis_globais
15/06 01:22:46 - terminal_id
15/06 01:22:46 - mesas_comandas
15/06 01:22:46 - LPRINT
15/06 01:22:46 - LISTA DE IMPRESSORAS CARREGADA 4
15/06 01:22:46 - carregarImp
15/06 01:22:46 - objetos
15/06 01:22:46 - produtos_gerenciamento_de_estoque
15/06 01:22:46 - # status 100%
15/06 01:22:52 - PRE-CONTA SOLICITADA {"operacao":"PRE","pedido":"9333"}
15/06 01:22:52 - LISTA DE IMPRESSORAS
15/06 01:22:52 - IMPRESSORA CAIXA 7 => TCP:192.168.88.200
15/06 01:22:52 - impressora test 192.168.88.200
15/06 01:22:52 - impressora test 9100
15/06 01:22:52 - impressora test 2 => st 1
15/06 01:22:52 - impressora test 4 ck
15/06 01:22:52 - impressora test 5 ck  ok
15/06 01:22:52 - impressora test 6 final
15/06 01:22:52 - ABRIR BANCO DE DADOS
15/06 01:22:52 - OK BANCO DE DADOS
15/06 01:22:52 - SET IMPRESSORA 7
15/06 01:22:52 - ENVIANDO IMPRESSAO
15/06 01:22:52 - ERRO NO PROCESSAMENTO DO PEDIDO 9333
15/06 01:22:52 0 - ERRO => POST / HTTP/1.1
Content-Length: 34

{"operacao":"PRE","pedido":"9333"}

 t:0,265 => ERRO NO PROCESSAMENTO DO PEDIDO 9333 -> 3
15/06 01:25:19 - ***  SERVIÇO PARADO
15/06 01:25:31 - Iniciando Suporte Mobile 64bit Versao: 1.13
15/06 01:25:31 - Variaveis
15/06 01:25:31 - CurrencyString="R$", CurrencyFormat="#2", NegCurrFormat="#9", ThousandSeparator=".", DecimalSeparator=",", CurrencyDecimals="2", DateSeparator="/", ShortDateFormat="dd/MM/yyyy", LongDateFormat="dddd, d' de 'MMMM' de 'yyyy", TimeSeparator=":", TimeAMString="", TimePMString="", ShortTimeFormat="hh:mm", LongTimeFormat="hh:mm:ss", TwoDigitYearCenturyWindow="50", ListSeparator=";"
15/06 01:25:31 - TCP Servidor
15/06 01:25:31 - TCP Cliente
15/06 01:25:31 - Iniciado na porta => 4406
15/06 01:25:31 - Formato Valores:        -1.254,87 | -1254,87|        1.254,87 | 1254,87
15/06 01:25:31 - Formato Data   : 15/06/2019 01:25:31
15/06 01:25:31 - Flags debug 1 sem log 0
15/06 01:25:31 - BANCO DE DADOS ONLINE > 192.168.88.28:comodoro
15/06 01:25:31 - PRECO => 30 /            30,00/30/30
15/06 01:25:31 - iniciar_identificacao_computador
15/06 01:25:31 - sistema_pegar_perfil
15/06 01:25:31 - empresa_carregar_segmentos
15/06 01:25:31 - rcs_iniciar_variaveis_globais
15/06 01:25:31 - terminal_id
15/06 01:25:31 - mesas_comandas
15/06 01:25:31 - LPRINT
15/06 01:25:31 - LISTA DE IMPRESSORAS CARREGADA 4
15/06 01:25:31 - carregarImp
15/06 01:25:31 - objetos
15/06 01:25:31 - produtos_gerenciamento_de_estoque
15/06 01:25:31 - # status 100%
15/06 01:25:37 - PRE-CONTA SOLICITADA {"operacao":"PRE","pedido":"9333"}
15/06 01:25:37 - LISTA DE IMPRESSORAS
15/06 01:25:37 - IMPRESSORA CAIXA 7 => TCP:192.168.88.200
15/06 01:25:37 - impressora test 192.168.88.200
15/06 01:25:37 - impressora test 9100
15/06 01:25:37 - impressora test 2 => st 1
15/06 01:25:37 - impressora test 4 ck
15/06 01:25:38 - impressora test 5 ck  ok
15/06 01:25:38 - impressora test 6 final
15/06 01:25:38 - ABRIR BANCO DE DADOS
15/06 01:25:38 - OK BANCO DE DADOS
15/06 01:25:38 - SET IMPRESSORA 7
15/06 01:25:38 - ENVIANDO IMPRESSAO
15/06 01:25:38 - ERRO NO PROCESSAMENTO DO PEDIDO 9333
15/06 01:25:38 0 - ERRO => POST / HTTP/1.1
Content-Length: 34

{"operacao":"PRE","pedido":"9333"}

 t:0,281 => ERRO NO PROCESSAMENTO DO PEDIDO 9333 -> 3
15/06 01:26:21 - ***  SERVIÇO PARADO
15/06 01:26:28 - Iniciando Suporte Mobile 64bit Versao: 1.13
15/06 01:26:28 - Variaveis
15/06 01:26:28 - CurrencyString="R$", CurrencyFormat="#2", NegCurrFormat="#9", ThousandSeparator=".", DecimalSeparator=",", CurrencyDecimals="2", DateSeparator="/", ShortDateFormat="dd/MM/yyyy", LongDateFormat="dddd, d' de 'MMMM' de 'yyyy", TimeSeparator=":", TimeAMString="", TimePMString="", ShortTimeFormat="hh:mm", LongTimeFormat="hh:mm:ss", TwoDigitYearCenturyWindow="50", ListSeparator=";"
15/06 01:26:28 - TCP Servidor
15/06 01:26:28 - TCP Cliente
15/06 01:26:28 - Iniciado na porta => 4406
15/06 01:26:28 - Formato Valores:        -1.254,87 | -1254,87|        1.254,87 | 1254,87
15/06 01:26:28 - Formato Data   : 15/06/2019 01:26:28
15/06 01:26:28 - Flags debug 1 sem log 0
15/06 01:26:28 - BANCO DE DADOS ONLINE > 192.168.88.28:comodoro
15/06 01:26:28 - PRECO => 30 /            30,00/30/30
15/06 01:26:28 - iniciar_identificacao_computador
15/06 01:26:28 - sistema_pegar_perfil
15/06 01:26:28 - empresa_carregar_segmentos
15/06 01:26:28 - rcs_iniciar_variaveis_globais
15/06 01:26:28 - terminal_id
