16/06 22:29:51 - PEDIDOS SOLICITADO {"sessao":"16062019222946156165495304MOBILEADM","operacao":"PIT","pedido":"9378","usuario":"1","terminal":"56","conf":"1|1","items":[{"i0":"8|1"}]}
16/06 22:29:51 - sessao: 16062019222946156165495304MOBILEADM
16/06 22:29:51 - id: 9378
16/06 22:29:51 - usuario: 1
16/06 22:29:51 - terminal: 56
16/06 22:29:51 - conf: 1|1
16/06 22:29:51 0 - 8|1
16/06 22:29:51 - dados
16/06 22:29:51 - VALORES? 12,90/12,9/12,9/,/"12.9"
16/06 22:29:51 - PRODUCAO => id:9378 user:1term:56 hora: sessao:16062019222946156165495304MOBILEADM
16/06 22:29:51 - select estoque.grupo,auxiliar.id from auxiliar,estoque where auxiliar.idpedido=9378 and auxiliar.producao=0 and estoque.codigo=auxiliar.original and auxiliar.idtimer="16062019222946156165495304MOBILEADM" order by estoque.grupo,auxiliar.id
16/06 22:29:51 - GRUPOS:<2,125453>
16/06 22:29:51 - CIS Status: Create
16/06 22:29:51 - CIS Status: Connect
16/06 22:29:51 - Status: Write cmd #16#4 (1..4)
16/06 22:29:51 - Status: ok
16/06 22:29:51 - Status: Tampa aberta 0, Sem Papel 0, Off-line 0, Erro1 0, Erro2 0, Erro3 0, Erro4 0
16/06 22:29:51 - CIS Status: Close
16/06 22:29:51 - PERFIL 7
16/06 22:29:51 - cupom_impressao_producao(9378,True,"",[],125453
,1);
16/06 22:29:51 - IOK 1 STAGE => 28
16/06 22:29:51 0 - {"sessao":"16062019222946156165495304MOBILEADM","operacao":"PIT","pedido":"9378","usuario":"1","terminal":"56","conf":"1|1","items":[{"i0":"8|1"}]}
16/06 22:29:51 2 -  0,343t OK
16/06 22:29:59 - PEDIDOS SOLICITADO {"sessao":"1606201922351215316576703353636090131404MOBILEADM","operacao":"PIT","pedido":"9378","usuario":"1","terminal":"53","conf":"1|1","items":[{"i0":"8|1"}]}
16/06 22:29:59 - sessao: 1606201922351215316576703353636090131404MOBILEADM
16/06 22:29:59 - id: 9378
16/06 22:29:59 - usuario: 1
16/06 22:29:59 - terminal: 53
16/06 22:29:59 - conf: 1|1
16/06 22:29:59 0 - 8|1
16/06 22:29:59 - dados
16/06 22:29:59 - VALORES? 12,90/12,9/12,9/,/"12.9"
16/06 22:29:59 - PRODUCAO => id:9378 user:1term:53 hora: sessao:1606201922351215316576703353636090131404MOBILEADM
16/06 22:29:59 - select estoque.grupo,auxiliar.id from auxiliar,estoque where auxiliar.idpedido=9378 and auxiliar.producao=0 and estoque.codigo=auxiliar.original and auxiliar.idtimer="1606201922351215316576703353636090131404MOBILEADM" order by estoque.grupo,auxiliar.id
16/06 22:29:59 - GRUPOS:<2,125454>
16/06 22:29:59 - CIS Status: Create
16/06 22:29:59 - CIS Status: Connect
16/06 22:29:59 - Status: Write cmd #16#4 (1..4)
16/06 22:29:59 - Status: ok
16/06 22:29:59 - Status: Tampa aberta 0, Sem Papel 0, Off-line 0, Erro1 0, Erro2 0, Erro3 0, Erro4 0
16/06 22:29:59 - CIS Status: Close
16/06 22:29:59 - PERFIL 7
16/06 22:29:59 - cupom_impressao_producao(9378,True,"",[],125454
,1);
16/06 22:29:59 - IOK 1 STAGE => 28
16/06 22:29:59 0 - {"sessao":"1606201922351215316576703353636090131404MOBILEADM","operacao":"PIT","pedido":"9378","usuario":"1","terminal":"53","conf":"1|1","items":[{"i0":"8|1"}]}
16/06 22:29:59 2 -  0,359t OK
16/06 22:32:12 - PEDIDOS SOLICITADO {"sessao":"16062019223209156134134464MOBILEADM","operacao":"PIT","pedido":"9378","usuario":"1","terminal":"56","conf":"1|1","items":[{"i0":"8|1"}]}
16/06 22:32:12 - sessao: 16062019223209156134134464MOBILEADM
16/06 22:32:12 - id: 9378
16/06 22:32:12 - usuario: 1
16/06 22:32:12 - terminal: 56
16/06 22:32:12 - conf: 1|1
16/06 22:32:12 0 - 8|1
16/06 22:32:12 - dados
16/06 22:32:12 - VALORES? 12,90/12,9/12,9/,/"12.9"
16/06 22:32:12 - PRODUCAO => id:9378 user:1term:56 hora: sessao:16062019223209156134134464MOBILEADM
16/06 22:32:12 - select estoque.grupo,auxiliar.id from auxiliar,estoque where auxiliar.idpedido=9378 and auxiliar.producao=0 and estoque.codigo=auxiliar.original and auxiliar.idtimer="16062019223209156134134464MOBILEADM" order by estoque.grupo,auxiliar.id
16/06 22:32:12 - GRUPOS:<2,125455>
16/06 22:32:12 - CIS Status: Create
16/06 22:32:12 - CIS Status: Connect
16/06 22:32:12 - Status: Write cmd #16#4 (1..4)
16/06 22:32:13 - Status: ok
16/06 22:32:13 - Status: Tampa aberta 0, Sem Papel 0, Off-line 0, Erro1 0, Erro2 0, Erro3 0, Erro4 0
16/06 22:32:13 - CIS Status: Close
16/06 22:32:13 - PERFIL 7
16/06 22:32:13 - cupom_impressao_producao(9378,True,"",[],125455
,1);
16/06 22:32:13 - IOK 1 STAGE => 28
16/06 22:32:13 0 - {"sessao":"16062019223209156134134464MOBILEADM","operacao":"PIT","pedido":"9378","usuario":"1","terminal":"56","conf":"1|1","items":[{"i0":"8|1"}]}
16/06 22:32:13 2 -  0,344t OK
16/06 22:33:56 - PEDIDOS SOLICITADO {"sessao":"16062019223908153806536353636090131404MOBILEADM","operacao":"PIT","pedido":"9378","usuario":"1","terminal":"53","conf":"1|1","items":[{"i0":"8|1"}]}
16/06 22:33:56 - sessao: 16062019223908153806536353636090131404MOBILEADM
16/06 22:33:56 - id: 9378
16/06 22:33:56 - usuario: 1
16/06 22:33:56 - terminal: 53
16/06 22:33:56 - conf: 1|1
16/06 22:33:56 0 - 8|1
16/06 22:33:56 - dados
16/06 22:33:56 - VALORES? 12,90/12,9/12,9/,/"12.9"
16/06 22:33:56 - PRODUCAO => id:9378 user:1term:53 hora: sessao:16062019223908153806536353636090131404MOBILEADM
16/06 22:33:56 - select estoque.grupo,auxiliar.id from auxiliar,estoque where auxiliar.idpedido=9378 and auxiliar.producao=0 and estoque.codigo=auxiliar.original and auxiliar.idtimer="16062019223908153806536353636090131404MOBILEADM" order by estoque.grupo,auxiliar.id
16/06 22:33:56 - GRUPOS:<2,125456>
16/06 22:33:56 - CIS Status: Create
16/06 22:33:56 - CIS Status: Connect
16/06 22:33:56 - Status: Write cmd #16#4 (1..4)
16/06 22:33:56 - Status: ok
16/06 22:33:56 - Status: Tampa aberta 0, Sem Papel 0, Off-line 0, Erro1 0, Erro2 0, Erro3 0, Erro4 0
16/06 22:33:56 - CIS Status: Close
16/06 22:33:56 - PERFIL 7
16/06 22:33:56 - cupom_impressao_producao(9378,True,"",[],125456
,1);
16/06 22:33:56 - IOK 1 STAGE => 28
16/06 22:33:56 0 - {"sessao":"16062019223908153806536353636090131404MOBILEADM","operacao":"PIT","pedido":"9378","usuario":"1","terminal":"53","conf":"1|1","items":[{"i0":"8|1"}]}
16/06 22:33:56 2 -  0,312t OK
16/06 22:34:09 - PEDIDOS SOLICITADO {"sessao":"160620192239231531669515353636090131404MOBILEADM","operacao":"PIT","pedido":"9378","usuario":"1","terminal":"53","conf":"1|1","items":[{"i0":"8|1"}]}
16/06 22:34:09 - sessao: 160620192239231531669515353636090131404MOBILEADM
16/06 22:34:09 - id: 9378
16/06 22:34:09 - usuario: 1
16/06 22:34:09 - terminal: 53
16/06 22:34:09 - conf: 1|1
16/06 22:34:09 0 - 8|1
16/06 22:34:09 - dados
16/06 22:34:09 - VALORES? 12,90/12,9/12,9/,/"12.9"
16/06 22:34:09 - PRODUCAO => id:9378 user:1term:53 hora: sessao:160620192239231531669515353636090131404MOBILEADM
16/06 22:34:09 - select estoque.grupo,auxiliar.id from auxiliar,estoque where auxiliar.idpedido=9378 and auxiliar.producao=0 and estoque.codigo=auxiliar.original and auxiliar.idtimer="160620192239231531669515353636090131404MOBILEADM" order by estoque.grupo,auxiliar.id
16/06 22:34:09 - GRUPOS:<2,125457>
16/06 22:34:09 - CIS Status: Create
16/06 22:34:09 - CIS Status: Connect
16/06 22:34:09 - Status: Write cmd #16#4 (1..4)
16/06 22:34:09 - Status: ok
16/06 22:34:09 - Status: Tampa aberta 0, Sem Papel 0, Off-line 0, Erro1 0, Erro2 0, Erro3 0, Erro4 0
16/06 22:34:09 - CIS Status: Close
16/06 22:34:09 - PERFIL 7
16/06 22:34:09 - cupom_impressao_producao(9378,True,"",[],125457
,1);
16/06 22:34:09 - IOK 1 STAGE => 28
16/06 22:34:09 0 - {"sessao":"160620192239231531669515353636090131404MOBILEADM","operacao":"PIT","pedido":"9378","usuario":"1","terminal":"53","conf":"1|1","items":[{"i0":"8|1"}]}
16/06 22:34:09 2 -  0,312t OK
16/06 22:34:17 - PEDIDOS SOLICITADO {"sessao":"1606201922393015343667753353636090131404MOBILEADM","operacao":"PIT","pedido":"9378","usuario":"1","terminal":"53","conf":"1|1","items":[{"i0":"8|1"}]}
16/06 22:34:17 - sessao: 1606201922393015343667753353636090131404MOBILEADM
16/06 22:34:17 - id: 9378
16/06 22:34:17 - usuario: 1
16/06 22:34:17 - terminal: 53
16/06 22:34:17 - conf: 1|1
16/06 22:34:17 0 - 8|1
16/06 22:34:17 - dados
16/06 22:34:17 - VALORES? 12,90/12,9/12,9/,/"12.9"
16/06 22:34:17 - PRODUCAO => id:9378 user:1term:53 hora: sessao:1606201922393015343667753353636090131404MOBILEADM
16/06 22:34:17 - select estoque.grupo,auxiliar.id from auxiliar,estoque where auxiliar.idpedido=9378 and auxiliar.producao=0 and estoque.codigo=auxiliar.original and auxiliar.idtimer="1606201922393015343667753353636090131404MOBILEADM" order by estoque.grupo,auxiliar.id
16/06 22:34:17 - GRUPOS:<2,125458>
16/06 22:34:17 - CIS Status: Create
16/06 22:34:17 - CIS Status: Connect
16/06 22:34:17 - Status: Write cmd #16#4 (1..4)
16/06 22:34:17 - Status: ok
16/06 22:34:17 - Status: Tampa aberta 0, Sem Papel 0, Off-line 0, Erro1 0, Erro2 0, Erro3 0, Erro4 0
16/06 22:34:17 - CIS Status: Close
16/06 22:34:17 - PERFIL 7
16/06 22:34:17 - cupom_impressao_producao(9378,True,"",[],125458
,1);
16/06 22:34:17 - IOK 1 STAGE => 28
16/06 22:34:17 0 - {"sessao":"1606201922393015343667753353636090131404MOBILEADM","operacao":"PIT","pedido":"9378","usuario":"1","terminal":"53","conf":"1|1","items":[{"i0":"8|1"}]}
16/06 22:34:17 2 -  0,344t OK
16/06 22:34:24 - PEDIDOS SOLICITADO {"sessao":"160620192239381534385233353636090131404MOBILEADM","operacao":"PIT","pedido":"9378","usuario":"1","terminal":"53","conf":"2|1","items":[{"i0":"114|1"},{"i1":"8|1"}]}
16/06 22:34:24 - sessao: 160620192239381534385233353636090131404MOBILEADM
16/06 22:34:24 - id: 9378
16/06 22:34:24 - usuario: 1
16/06 22:34:24 - terminal: 53
16/06 22:34:24 - conf: 2|1
16/06 22:34:24 0 - 114|1
16/06 22:34:24 1 - 8|1
16/06 22:34:24 - dados
16/06 22:34:24 - VALORES? 8,90/8,9/8,9/,/"8.9"
16/06 22:34:24 - VALORES? 12,90/12,9/12,9/,/"12.9"
16/06 22:34:24 - PRODUCAO => id:9378 user:1term:53 hora: sessao:160620192239381534385233353636090131404MOBILEADM
16/06 22:34:24 - select estoque.grupo,auxiliar.id from auxiliar,estoque where auxiliar.idpedido=9378 and auxiliar.producao=0 and estoque.codigo=auxiliar.original and auxiliar.idtimer="160620192239381534385233353636090131404MOBILEADM" order by estoque.grupo,auxiliar.id
16/06 22:34:24 - GRUPOS:<2,125459><2,125460>
16/06 22:34:24 - CIS Status: Create
16/06 22:34:24 - CIS Status: Connect
16/06 22:34:24 - Status: Write cmd #16#4 (1..4)
16/06 22:34:24 - Status: ok
16/06 22:34:24 - Status: Tampa aberta 0, Sem Papel 0, Off-line 0, Erro1 0, Erro2 0, Erro3 0, Erro4 0
16/06 22:34:24 - CIS Status: Close
16/06 22:34:24 - PERFIL 7
16/06 22:34:24 - cupom_impressao_producao(9378,True,"",[],125459
125460
,1);
16/06 22:34:24 - IOK 1 STAGE => 28
16/06 22:34:24 0 - {"sessao":"160620192239381534385233353636090131404MOBILEADM","operacao":"PIT","pedido":"9378","usuario":"1","terminal":"53","conf":"2|1","items":[{"i0":"114|1"},{"i1":"8|1"}]}
16/06 22:34:24 2 -  0,36t OK
16/06 22:34:41 - PRE-CONTA SOLICITADA {"operacao":"PRE","pedido":"9345"}
16/06 22:34:41 - Lista das impressoras
16/06 22:34:41 - Id da impressora 7 => TCP:192.168.88.200
16/06 22:34:41 - CIS Status: Create
16/06 22:34:41 - CIS Status: Connect
16/06 22:34:41 - Status: Write cmd #16#4 (1..4)
16/06 22:34:41 - Status: ok
16/06 22:34:41 - Status: Tampa aberta 0, Sem Papel 0, Off-line 0, Erro1 0, Erro2 0, Erro3 0, Erro4 0
16/06 22:34:41 - CIS Status: Close
16/06 22:34:41 - ABRIR BANCO DE DADOS
16/06 22:34:41 - OK BANCO DE DADOS
16/06 22:34:41 - SET IMPRESSORA 7
16/06 22:34:41 - ENVIANDO IMPRESSAO
16/06 22:34:42 - Processado com Sucesso
16/06 22:34:42 - GRAVANDO REGISTRO PRE
16/06 22:34:42 - CONCLUIDO
16/06 22:34:42 0 - POST / HTTP/1.1
Content-Length: 34

{"operacao":"PRE","pedido":"9345"}

 t:0,484 => OK
16/06 22:34:58 - PEDIDOS SOLICITADO {"sessao":"1606201922401115366256448353636090131404MOBILEADM","operacao":"PIT","pedido":"9378","usuario":"1","terminal":"53","conf":"2|1","items":[{"i0":"114|1"},{"i1":"8|1"}]}
16/06 22:34:58 - sessao: 1606201922401115366256448353636090131404MOBILEADM
16/06 22:34:58 - id: 9378
16/06 22:34:58 - usuario: 1
16/06 22:34:58 - terminal: 53
16/06 22:34:58 - conf: 2|1
16/06 22:34:58 0 - 114|1
16/06 22:34:58 1 - 8|1
16/06 22:34:58 - dados
16/06 22:34:58 - VALORES? 8,90/8,9/8,9/,/"8.9"
16/06 22:34:58 - VALORES? 12,90/12,9/12,9/,/"12.9"
16/06 22:34:58 - PRODUCAO => id:9378 user:1term:53 hora: sessao:1606201922401115366256448353636090131404MOBILEADM
16/06 22:34:58 - select estoque.grupo,auxiliar.id from auxiliar,estoque where auxiliar.idpedido=9378 and auxiliar.producao=0 and estoque.codigo=auxiliar.original and auxiliar.idtimer="1606201922401115366256448353636090131404MOBILEADM" order by estoque.grupo,auxiliar.id
16/06 22:34:58 - GRUPOS:<2,125461><2,125462>
16/06 22:34:58 - CIS Status: Create
16/06 22:34:58 - CIS Status: Connect
16/06 22:34:58 - Status: Write cmd #16#4 (1..4)
16/06 22:34:58 - Status: ok
16/06 22:34:58 - Status: Tampa aberta 0, Sem Papel 0, Off-line 0, Erro1 0, Erro2 0, Erro3 0, Erro4 0
16/06 22:34:58 - CIS Status: Close
16/06 22:34:58 - PERFIL 7
16/06 22:34:58 - cupom_impressao_producao(9378,True,"",[],125461
125462
,1);
16/06 22:34:58 - IOK 1 STAGE => 28
16/06 22:34:58 0 - {"sessao":"1606201922401115366256448353636090131404MOBILEADM","operacao":"PIT","pedido":"9378","usuario":"1","terminal":"53","conf":"2|1","items":[{"i0":"114|1"},{"i1":"8|1"}]}
16/06 22:34:58 2 -  0,328t OK
16/06 22:35:39 - PEDIDOS SOLICITADO {"sessao":"16062019224053153110579978353636090131404MOBILEADM","operacao":"PIT","pedido":"9378","usuario":"1","terminal":"53","conf":"2|1","items":[{"i0":"114|1"},{"i1":"8|1"}]}
16/06 22:35:39 - sessao: 16062019224053153110579978353636090131404MOBILEADM
16/06 22:35:39 - id: 9378
16/06 22:35:39 - usuario: 1
16/06 22:35:39 - terminal: 53
16/06 22:35:39 - conf: 2|1
16/06 22:35:39 0 - 114|1
16/06 22:35:39 1 - 8|1
16/06 22:35:39 - dados
16/06 22:35:39 - VALORES? 8,90/8,9/8,9/,/"8.9"
16/06 22:35:39 - VALORES? 12,90/12,9/12,9/,/"12.9"
16/06 22:35:39 - PRODUCAO => id:9378 user:1term:53 hora: sessao:16062019224053153110579978353636090131404MOBILEADM
16/06 22:35:39 - select estoque.grupo,auxiliar.id from auxiliar,estoque where auxiliar.idpedido=9378 and auxiliar.producao=0 and estoque.codigo=auxiliar.original and auxiliar.idtimer="16062019224053153110579978353636090131404MOBILEADM" order by estoque.grupo,auxiliar.id
16/06 22:35:39 - GRUPOS:<2,125463><2,125464>
16/06 22:35:39 - CIS Status: Create
16/06 22:35:40 - CIS Status: Connect
16/06 22:35:40 - Status: Write cmd #16#4 (1..4)
16/06 22:35:40 - Status: ok
16/06 22:35:40 - Status: Tampa aberta 0, Sem Papel 0, Off-line 0, Erro1 0, Erro2 0, Erro3 0, Erro4 0
16/06 22:35:40 - CIS Status: Close
16/06 22:35:40 - PERFIL 7
16/06 22:35:40 - cupom_impressao_producao(9378,True,"",[],125463
125464
,1);
16/06 22:35:40 - IOK 1 STAGE => 28
16/06 22:35:40 0 - {"sessao":"16062019224053153110579978353636090131404MOBILEADM","operacao":"PIT","pedido":"9378","usuario":"1","terminal":"53","conf":"2|1","items":[{"i0":"114|1"},{"i1":"8|1"}]}
16/06 22:35:40 2 -  0,359t OK
16/06 22:35:50 - PEDIDOS SOLICITADO {"sessao":"1606201922410415389567244353636090131404MOBILEADM","operacao":"PIT","pedido":"9379","usuario":"1","terminal":"53","conf":"3|1","items":[{"i0":"71|1"},{"i1":"114|1"},{"i2":"8|1"}]}
16/06 22:35:50 - sessao: 1606201922410415389567244353636090131404MOBILEADM
16/06 22:35:50 - id: 9379
16/06 22:35:50 - usuario: 1
16/06 22:35:50 - terminal: 53
16/06 22:35:50 - conf: 3|1
16/06 22:35:50 0 - 71|1
16/06 22:35:50 1 - 114|1
16/06 22:35:50 2 - 8|1
16/06 22:35:50 - dados
