16/06 20:56:19 - CIS Status: Create
16/06 20:56:19 - salvando log -> C:\rcsv\App\mobile64\LOG_APP_MOBILE_SERVICE_64_5.log
16/06 20:56:20 - CIS Status: Connect
16/06 20:56:20 - Status: Write cmd #16#4 (1..4)
16/06 20:56:20 - Status: ok
16/06 20:56:20 - Status: Tampa aberta 0, Sem Papel 0, Off-line 0, Erro1 0, Erro2 0, Erro3 0, Erro4 0
16/06 20:56:20 - CIS Status: Close
16/06 20:56:20 - PERFIL 7
16/06 20:56:20 - cupom_impressao_producao(9354,True,"",[],125343
125344
125345
,1);
16/06 20:56:20 - IOK 1 STAGE => 28
16/06 20:56:42 - PEDIDOS SOLICITADO {"sessao":"16062019210154153161611622353636090131404MOBILEADM","operacao":"PIT","pedido":"9355","usuario":"1","terminal":"53","conf":"3|1","items":[{"i0":"86|1"},{"i1":"340|1"},{"i2":"122|1"}]}
16/06 20:56:42 - sessao: 16062019210154153161611622353636090131404MOBILEADM
16/06 20:56:42 - id: 9355
16/06 20:56:42 - usuario: 1
16/06 20:56:42 - terminal: 53
16/06 20:56:42 - conf: 3|1
16/06 20:56:42 0 - 86|1
16/06 20:56:42 1 - 340|1
16/06 20:56:42 2 - 122|1
16/06 20:56:42 - dados
16/06 20:56:42 - VALORES? 9,90/9,9/9,9/,/"9.9"
16/06 20:56:42 - VALORES? 20,00/20/20/,/"20"
16/06 20:56:42 - VALORES? 10,90/10,9/10,9/,/"10.9"
16/06 20:56:42 - PRODUCAO => id:9355 user:1term:53 hora: sessao:16062019210154153161611622353636090131404MOBILEADM
16/06 20:56:42 - select estoque.grupo,auxiliar.id from auxiliar,estoque where auxiliar.idpedido=9355 and auxiliar.producao=0 and estoque.codigo=auxiliar.original and auxiliar.idtimer="16062019210154153161611622353636090131404MOBILEADM" order by estoque.grupo,auxiliar.id
16/06 20:56:42 - GRUPOS:<2,125346><2,125347><2,125348>
16/06 20:56:42 - CIS Status: Create
16/06 20:56:42 - CIS Status: Connect
16/06 20:56:42 - Status: Write cmd #16#4 (1..4)
16/06 20:56:42 - Status: ok
16/06 20:56:42 - Status: Tampa aberta 0, Sem Papel 0, Off-line 0, Erro1 0, Erro2 0, Erro3 0, Erro4 0
16/06 20:56:42 - CIS Status: Close
16/06 20:56:42 - PERFIL 7
16/06 20:56:42 - cupom_impressao_producao(9355,True,"",[],125346
125347
125348
,1);
16/06 20:56:42 - IOK 1 STAGE => 28
16/06 20:57:01 - PEDIDOS SOLICITADO {"sessao":"1606201921021015363224913353636090131404MOBILEADM","operacao":"PIT","pedido":"9356","usuario":"1","terminal":"53","conf":"2|1","items":[{"i0":"274|1"},{"i1":"279|1"}]}
16/06 20:57:01 - sessao: 1606201921021015363224913353636090131404MOBILEADM
16/06 20:57:01 - id: 9356
16/06 20:57:01 - usuario: 1
16/06 20:57:01 - terminal: 53
16/06 20:57:01 - conf: 2|1
16/06 20:57:01 0 - 274|1
16/06 20:57:01 1 - 279|1
16/06 20:57:01 - dados
16/06 20:57:01 - VALORES? 8,00/8/8/,/"8"
16/06 20:57:01 - VALORES? 6,90/6,9/6,9/,/"6.9"
16/06 20:57:01 - PRODUCAO => id:9356 user:1term:53 hora: sessao:1606201921021015363224913353636090131404MOBILEADM
16/06 20:57:01 - select estoque.grupo,auxiliar.id from auxiliar,estoque where auxiliar.idpedido=9356 and auxiliar.producao=0 and estoque.codigo=auxiliar.original and auxiliar.idtimer="1606201921021015363224913353636090131404MOBILEADM" order by estoque.grupo,auxiliar.id
16/06 20:57:01 - GRUPOS:<2,125349><2,125350>
16/06 20:57:01 - CIS Status: Create
16/06 20:57:01 - CIS Status: Connect
16/06 20:57:01 - Status: Write cmd #16#4 (1..4)
16/06 20:57:01 - Status: ok
16/06 20:57:01 - Status: Tampa aberta 0, Sem Papel 0, Off-line 0, Erro1 0, Erro2 0, Erro3 0, Erro4 0
16/06 20:57:01 - CIS Status: Close
16/06 20:57:01 - PERFIL 7
16/06 20:57:01 - cupom_impressao_producao(9356,True,"",[],125349
125350
,1);
16/06 20:57:01 - IOK 1 STAGE => 28
16/06 20:57:19 - PEDIDOS SOLICITADO {"sessao":"1606201921022715319149327353636090131404MOBILEADM","operacao":"PIT","pedido":"9357","usuario":"1","terminal":"53","conf":"3|1","items":[{"i0":"82|1"},{"i1":"35|1"},{"i2":"38|1"}]}
16/06 20:57:19 - sessao: 1606201921022715319149327353636090131404MOBILEADM
16/06 20:57:19 - id: 9357
16/06 20:57:19 - usuario: 1
16/06 20:57:19 - terminal: 53
16/06 20:57:19 - conf: 3|1
16/06 20:57:19 0 - 82|1
16/06 20:57:19 1 - 35|1
16/06 20:57:19 2 - 38|1
16/06 20:57:19 - dados
16/06 20:57:19 - VALORES? 6,00/6/6/,/"6"
16/06 20:57:19 - VALORES? 5,90/5,9/5,9/,/"5.9"
16/06 20:57:19 - VALORES? 5,90/5,9/5,9/,/"5.9"
16/06 20:57:19 - PRODUCAO => id:9357 user:1term:53 hora: sessao:1606201921022715319149327353636090131404MOBILEADM
16/06 20:57:19 - select estoque.grupo,auxiliar.id from auxiliar,estoque where auxiliar.idpedido=9357 and auxiliar.producao=0 and estoque.codigo=auxiliar.original and auxiliar.idtimer="1606201921022715319149327353636090131404MOBILEADM" order by estoque.grupo,auxiliar.id
16/06 20:57:19 - GRUPOS:<1,125351><1,125352><1,125353>
16/06 20:57:19 - CIS Status: Create
16/06 20:57:19 - CIS Status: Connect
16/06 20:57:19 - Status: Write cmd #16#4 (1..4)
16/06 20:57:19 - Status: ok
16/06 20:57:19 - Status: Tampa aberta 0, Sem Papel 0, Off-line 0, Erro1 0, Erro2 0, Erro3 0, Erro4 0
16/06 20:57:19 - CIS Status: Close
16/06 20:57:19 - PERFIL 7
16/06 20:57:19 - cupom_impressao_producao(9357,True,"",[],125351
125352
125353
,1);
16/06 20:57:20 - IOK 1 STAGE => 28
16/06 20:57:29 - PEDIDOS SOLICITADO {"sessao":"1606201921024215341598639353636090131404MOBILEADM","operacao":"PIT","pedido":"9358","usuario":"1","terminal":"53","conf":"3|1","items":[{"i0":"82|1"},{"i1":"35|1"},{"i2":"38|1"}]}
16/06 20:57:29 - sessao: 1606201921024215341598639353636090131404MOBILEADM
16/06 20:57:29 - id: 9358
16/06 20:57:29 - usuario: 1
16/06 20:57:29 - terminal: 53
16/06 20:57:29 - conf: 3|1
16/06 20:57:29 0 - 82|1
16/06 20:57:29 1 - 35|1
16/06 20:57:29 2 - 38|1
16/06 20:57:29 - dados
16/06 20:57:30 - VALORES? 6,00/6/6/,/"6"
16/06 20:57:30 - VALORES? 5,90/5,9/5,9/,/"5.9"
16/06 20:57:30 - VALORES? 5,90/5,9/5,9/,/"5.9"
16/06 20:57:30 - PRODUCAO => id:9358 user:1term:53 hora: sessao:1606201921024215341598639353636090131404MOBILEADM
16/06 20:57:30 - select estoque.grupo,auxiliar.id from auxiliar,estoque where auxiliar.idpedido=9358 and auxiliar.producao=0 and estoque.codigo=auxiliar.original and auxiliar.idtimer="1606201921024215341598639353636090131404MOBILEADM" order by estoque.grupo,auxiliar.id
16/06 20:57:30 - GRUPOS:<1,125354><1,125355><1,125356>
16/06 20:57:30 - CIS Status: Create
16/06 20:57:30 - CIS Status: Connect
16/06 20:57:30 - Status: Write cmd #16#4 (1..4)
16/06 20:57:30 - Status: ok
16/06 20:57:30 - Status: Tampa aberta 0, Sem Papel 0, Off-line 0, Erro1 0, Erro2 0, Erro3 0, Erro4 0
16/06 20:57:30 - CIS Status: Close
16/06 20:57:30 - PERFIL 7
16/06 20:57:30 - cupom_impressao_producao(9358,True,"",[],125354
125355
125356
,1);
16/06 20:57:30 - IOK 1 STAGE => 28
16/06 20:57:43 - PEDIDOS SOLICITADO {"sessao":"160620192102541532144084353636090131404MOBILEADM","operacao":"PIT","pedido":"9358","usuario":"1","terminal":"53","conf":"4|1","items":[{"i0":"208|1"},{"i1":"261|1"},{"i2":"39|1"},{"i3":"40|1"}]}
16/06 20:57:43 - sessao: 160620192102541532144084353636090131404MOBILEADM
16/06 20:57:43 - id: 9358
16/06 20:57:43 - usuario: 1
16/06 20:57:43 - terminal: 53
16/06 20:57:43 - conf: 4|1
16/06 20:57:43 0 - 208|1
16/06 20:57:43 1 - 261|1
16/06 20:57:43 2 - 39|1
16/06 20:57:43 3 - 40|1
16/06 20:57:43 - dados
16/06 20:57:43 - VALORES? 8,00/8/8/,/"8"
16/06 20:57:43 - VALORES? 9,90/9,9/9,9/,/"9.9"
16/06 20:57:43 - VALORES? 7,90/7,9/7,9/,/"7.9"
16/06 20:57:43 - VALORES? 6,90/6,9/6,9/,/"6.9"
16/06 20:57:43 - PRODUCAO => id:9358 user:1term:53 hora: sessao:160620192102541532144084353636090131404MOBILEADM
16/06 20:57:43 - select estoque.grupo,auxiliar.id from auxiliar,estoque where auxiliar.idpedido=9358 and auxiliar.producao=0 and estoque.codigo=auxiliar.original and auxiliar.idtimer="160620192102541532144084353636090131404MOBILEADM" order by estoque.grupo,auxiliar.id
16/06 20:57:43 - GRUPOS:<1,125357><1,125358><1,125359><1,125360>
16/06 20:57:43 - CIS Status: Create
16/06 20:57:43 - CIS Status: Connect
16/06 20:57:43 - Status: Write cmd #16#4 (1..4)
16/06 20:57:43 - Status: ok
16/06 20:57:43 - Status: Tampa aberta 0, Sem Papel 0, Off-line 0, Erro1 0, Erro2 0, Erro3 0, Erro4 0
16/06 20:57:43 - CIS Status: Close
16/06 20:57:43 - PERFIL 7
16/06 20:57:43 - cupom_impressao_producao(9358,True,"",[],125357
125358
125359
125360
,1);
16/06 20:57:43 - IOK 1 STAGE => 28
16/06 20:57:51 - PEDIDOS SOLICITADO {"sessao":"160620192103041533807598353636090131404MOBILEADM","operacao":"PIT","pedido":"9359","usuario":"1","terminal":"53","conf":"3|1","items":[{"i0":"85|1"},{"i1":"39|1"},{"i2":"40|1"}]}
16/06 20:57:51 - sessao: 160620192103041533807598353636090131404MOBILEADM
16/06 20:57:51 - id: 9359
16/06 20:57:51 - usuario: 1
16/06 20:57:51 - terminal: 53
16/06 20:57:51 - conf: 3|1
16/06 20:57:51 0 - 85|1
16/06 20:57:51 1 - 39|1
16/06 20:57:51 2 - 40|1
16/06 20:57:51 - dados
16/06 20:57:51 - VALORES? 9,90/9,9/9,9/,/"9.9"
16/06 20:57:51 - VALORES? 7,90/7,9/7,9/,/"7.9"
16/06 20:57:51 - VALORES? 6,90/6,9/6,9/,/"6.9"
16/06 20:57:51 - PRODUCAO => id:9359 user:1term:53 hora: sessao:160620192103041533807598353636090131404MOBILEADM
16/06 20:57:51 - select estoque.grupo,auxiliar.id from auxiliar,estoque where auxiliar.idpedido=9359 and auxiliar.producao=0 and estoque.codigo=auxiliar.original and auxiliar.idtimer="160620192103041533807598353636090131404MOBILEADM" order by estoque.grupo,auxiliar.id
16/06 20:57:51 - GRUPOS:<1,125361><1,125362><1,125363>
16/06 20:57:51 - CIS Status: Create
16/06 20:57:51 - CIS Status: Connect
16/06 20:57:51 - Status: Write cmd #16#4 (1..4)
16/06 20:57:51 - Status: ok
16/06 20:57:51 - Status: Tampa aberta 0, Sem Papel 0, Off-line 0, Erro1 0, Erro2 0, Erro3 0, Erro4 0
16/06 20:57:51 - CIS Status: Close
16/06 20:57:51 - PERFIL 7
16/06 20:57:51 - cupom_impressao_producao(9359,True,"",[],125361
125362
125363
,1);
16/06 20:57:51 - IOK 1 STAGE => 28
16/06 20:58:10 - PEDIDOS SOLICITADO {"sessao":"160620192103181533479078353636090131404MOBILEADM","operacao":"PIT","pedido":"9360","usuario":"1","terminal":"53","conf":"1|1","items":[{"i0":"249|1"}]}
16/06 20:58:10 - sessao: 160620192103181533479078353636090131404MOBILEADM
16/06 20:58:10 - id: 9360
16/06 20:58:10 - usuario: 1
16/06 20:58:10 - terminal: 53
16/06 20:58:10 - conf: 1|1
16/06 20:58:10 0 - 249|1
16/06 20:58:10 - dados
16/06 20:58:10 - VALORES? 22,00/22/22/,/"22"
16/06 20:58:10 - PRODUCAO => id:9360 user:1term:53 hora: sessao:160620192103181533479078353636090131404MOBILEADM
16/06 20:58:10 - select estoque.grupo,auxiliar.id from auxiliar,estoque where auxiliar.idpedido=9360 and auxiliar.producao=0 and estoque.codigo=auxiliar.original and auxiliar.idtimer="160620192103181533479078353636090131404MOBILEADM" order by estoque.grupo,auxiliar.id
16/06 20:58:10 - GRUPOS:<2,125364>
16/06 20:58:10 - CIS Status: Create
16/06 20:58:10 - CIS Status: Connect
16/06 20:58:10 - Status: Write cmd #16#4 (1..4)
16/06 20:58:10 - Status: ok
16/06 20:58:10 - Status: Tampa aberta 0, Sem Papel 0, Off-line 0, Erro1 0, Erro2 0, Erro3 0, Erro4 0
16/06 20:58:10 - CIS Status: Close
16/06 20:58:10 - PERFIL 7
16/06 20:58:10 - cupom_impressao_producao(9360,True,"",[],125364
,1);
16/06 20:58:10 - IOK 1 STAGE => 28
16/06 20:58:31 - PEDIDOS SOLICITADO {"sessao":"1606201921034215347359861353636090131404MOBILEADM","operacao":"PIT","pedido":"9361","usuario":"1","terminal":"53","conf":"4|1","items":[{"i0":"208|1"},{"i1":"261|1"},{"i2":"39|1"},{"i3":"40|1"}]}
16/06 20:58:31 - sessao: 1606201921034215347359861353636090131404MOBILEADM
16/06 20:58:31 - id: 9361
16/06 20:58:31 - usuario: 1
16/06 20:58:31 - terminal: 53
16/06 20:58:31 - conf: 4|1
16/06 20:58:31 0 - 208|1
16/06 20:58:31 1 - 261|1
16/06 20:58:31 2 - 39|1
16/06 20:58:31 3 - 40|1
16/06 20:58:31 - dados
16/06 20:58:31 - VALORES? 8,00/8/8/,/"8"
16/06 20:58:31 - VALORES? 9,90/9,9/9,9/,/"9.9"
16/06 20:58:31 - VALORES? 7,90/7,9/7,9/,/"7.9"
16/06 20:58:31 - VALORES? 6,90/6,9/6,9/,/"6.9"
16/06 20:58:31 - PRODUCAO => id:9361 user:1term:53 hora: sessao:1606201921034215347359861353636090131404MOBILEADM
16/06 20:58:31 - select estoque.grupo,auxiliar.id from auxiliar,estoque where auxiliar.idpedido=9361 and auxiliar.producao=0 and estoque.codigo=auxiliar.original and auxiliar.idtimer="1606201921034215347359861353636090131404MOBILEADM" order by estoque.grupo,auxiliar.id
16/06 20:58:31 - GRUPOS:<1,125365><1,125366><1,125367><1,125368>
16/06 20:58:31 - CIS Status: Create
16/06 20:58:31 - CIS Status: Connect
16/06 20:58:31 - Status: Write cmd #16#4 (1..4)
16/06 20:58:31 - Status: ok
16/06 20:58:31 - Status: Tampa aberta 0, Sem Papel 0, Off-line 0, Erro1 0, Erro2 0, Erro3 0, Erro4 0
16/06 20:58:31 - CIS Status: Close
16/06 20:58:31 - PERFIL 7
16/06 20:58:31 - cupom_impressao_producao(9361,True,"",[],125365
125366
125367
125368
,1);
16/06 20:58:31 - IOK 1 STAGE => 28
16/06 20:58:49 - PEDIDOS SOLICITADO {"sessao":"1606201921040215323624294353636090131404MOBILEADM","operacao":"PIT","pedido":"9362","usuario":"1","terminal":"53","conf":"2|1","items":[{"i0":"208|1"},{"i1":"39|1"}]}
16/06 20:58:49 - sessao: 1606201921040215323624294353636090131404MOBILEADM
16/06 20:58:49 - id: 9362
16/06 20:58:49 - usuario: 1
16/06 20:58:49 - terminal: 53
16/06 20:58:49 - conf: 2|1
16/06 20:58:49 0 - 208|1
16/06 20:58:49 1 - 39|1
16/06 20:58:49 - dados
16/06 20:58:49 - VALORES? 8,00/8/8/,/"8"
16/06 20:58:49 - VALORES? 7,90/7,9/7,9/,/"7.9"
16/06 20:58:49 - PRODUCAO => id:9362 user:1term:53 hora: sessao:1606201921040215323624294353636090131404MOBILEADM
16/06 20:58:49 - select estoque.grupo,auxiliar.id from auxiliar,estoque where auxiliar.idpedido=9362 and auxiliar.producao=0 and estoque.codigo=auxiliar.original and auxiliar.idtimer="1606201921040215323624294353636090131404MOBILEADM" order by estoque.grupo,auxiliar.id
16/06 20:58:49 - GRUPOS:<1,125369><1,125370>
16/06 20:58:49 - CIS Status: Create
16/06 20:58:49 - CIS Status: Connect
16/06 20:58:49 - Status: Write cmd #16#4 (1..4)
16/06 20:58:49 - Status: ok
16/06 20:58:49 - Status: Tampa aberta 0, Sem Papel 0, Off-line 0, Erro1 0, Erro2 0, Erro3 0, Erro4 0
16/06 20:58:49 - CIS Status: Close
16/06 20:58:49 - PERFIL 7
16/06 20:58:49 - cupom_impressao_producao(9362,True,"",[],125369
125370
,1);
