17/06 00:45:33 - VALORES? 9,90/9,9/9,9/,/"9.9"
17/06 00:45:33 - salvando log -> C:\rcsv\App\mobile64\LOG_APP_MOBILE_SERVICE_64_20.log
17/06 00:45:33 - VALORES? 6,00/6/6/,/"6"
17/06 00:45:33 - VALORES? 5,90/5,9/5,9/,/"5.9"
17/06 00:45:33 - VALORES? 7,90/7,9/7,9/,/"7.9"
17/06 00:45:33 - VALORES? 5,90/5,9/5,9/,/"5.9"
17/06 00:45:33 - VALORES? 9,90/9,9/9,9/,/"9.9"
17/06 00:45:33 - VALORES? 5,90/5,9/5,9/,/"5.9"
17/06 00:45:33 - VALORES? 5,90/5,9/5,9/,/"5.9"
17/06 00:45:33 - PRODUCAO => id:9413 user:1term:53 hora: sessao:1706201900504415349897156353636090131404MOBILEADM
17/06 00:45:33 - select estoque.grupo,auxiliar.id from auxiliar,estoque where auxiliar.idpedido=9413 and auxiliar.producao=0 and estoque.codigo=auxiliar.original and auxiliar.idtimer="1706201900504415349897156353636090131404MOBILEADM" order by estoque.grupo,auxiliar.id
17/06 00:45:33 - GRUPOS:<1,125725><1,125726><1,125727><1,125728><1,125729><1,125730><1,125731><1,125732>
17/06 00:45:33 - CIS Status: Create
17/06 00:45:33 - CIS Status: Connect
17/06 00:45:33 - Status: Write cmd #16#4 (1..4)
17/06 00:45:33 - Status: ok
17/06 00:45:33 - Status: Tampa aberta 0, Sem Papel 0, Off-line 0, Erro1 0, Erro2 0, Erro3 0, Erro4 0
17/06 00:45:33 - CIS Status: Close
17/06 00:45:33 - PERFIL 7
17/06 00:45:33 - cupom_impressao_producao(9413,True,"",[],125725
125726
125727
125728
125729
125730
125731
125732
,1);
17/06 00:45:33 - IOK 1 STAGE => 28
17/06 00:45:33 0 - {"sessao":"1706201900504415349897156353636090131404MOBILEADM","operacao":"PIT","pedido":"9413","usuario":"1","terminal":"53","conf":"8|1","items":[{"i0":"64|1"},{"i1":"82|2"},{"i2":"32|1"},{"i3":"33|1"},{"i4":"35|1"},{"i5":"34|1"},{"i6":"36|1"},{"i7":"38|1"}]}
17/06 00:45:33 2 -  0,516t OK
17/06 00:45:44 - PEDIDOS SOLICITADO {"sessao":"170620190050561531892755353636090131404MOBILEADM","operacao":"PIT","pedido":"9360","usuario":"1","terminal":"53","conf":"8|1","items":[{"i0":"64|1"},{"i1":"82|1"},{"i2":"32|1"},{"i3":"33|1"},{"i4":"35|1"},{"i5":"34|1"},{"i6":"36|1"},{"i7":"38|1"}]}
17/06 00:45:44 - sessao: 170620190050561531892755353636090131404MOBILEADM
17/06 00:45:44 - id: 9360
17/06 00:45:44 - usuario: 1
17/06 00:45:44 - terminal: 53
17/06 00:45:44 - conf: 8|1
17/06 00:45:44 0 - 64|1
17/06 00:45:44 1 - 82|1
17/06 00:45:44 2 - 32|1
17/06 00:45:44 3 - 33|1
17/06 00:45:44 4 - 35|1
17/06 00:45:44 5 - 34|1
17/06 00:45:44 6 - 36|1
17/06 00:45:44 7 - 38|1
17/06 00:45:44 - dados
17/06 00:45:44 - VALORES? 9,90/9,9/9,9/,/"9.9"
17/06 00:45:44 - VALORES? 6,00/6/6/,/"6"
17/06 00:45:44 - VALORES? 5,90/5,9/5,9/,/"5.9"
17/06 00:45:44 - VALORES? 7,90/7,9/7,9/,/"7.9"
17/06 00:45:44 - VALORES? 5,90/5,9/5,9/,/"5.9"
17/06 00:45:44 - VALORES? 9,90/9,9/9,9/,/"9.9"
17/06 00:45:44 - VALORES? 5,90/5,9/5,9/,/"5.9"
17/06 00:45:44 - VALORES? 5,90/5,9/5,9/,/"5.9"
17/06 00:45:44 - PRODUCAO => id:9360 user:1term:53 hora: sessao:170620190050561531892755353636090131404MOBILEADM
17/06 00:45:44 - select estoque.grupo,auxiliar.id from auxiliar,estoque where auxiliar.idpedido=9360 and auxiliar.producao=0 and estoque.codigo=auxiliar.original and auxiliar.idtimer="170620190050561531892755353636090131404MOBILEADM" order by estoque.grupo,auxiliar.id
17/06 00:45:44 - GRUPOS:<1,125733><1,125734><1,125735><1,125736><1,125737><1,125738><1,125739><1,125740>
17/06 00:45:44 - CIS Status: Create
17/06 00:45:44 - CIS Status: Connect
17/06 00:45:44 - Status: Write cmd #16#4 (1..4)
17/06 00:45:44 - Status: ok
17/06 00:45:44 - Status: Tampa aberta 0, Sem Papel 0, Off-line 0, Erro1 0, Erro2 0, Erro3 0, Erro4 0
17/06 00:45:44 - CIS Status: Close
17/06 00:45:44 - PERFIL 7
17/06 00:45:44 - cupom_impressao_producao(9360,True,"",[],125733
125734
125735
125736
125737
125738
125739
125740
,1);
17/06 00:45:44 - IOK 1 STAGE => 28
17/06 00:45:44 0 - {"sessao":"170620190050561531892755353636090131404MOBILEADM","operacao":"PIT","pedido":"9360","usuario":"1","terminal":"53","conf":"8|1","items":[{"i0":"64|1"},{"i1":"82|1"},{"i2":"32|1"},{"i3":"33|1"},{"i4":"35|1"},{"i5":"34|1"},{"i6":"36|1"},{"i7":"38|1"}]}
17/06 00:45:44 2 -  0,469t OK
17/06 00:45:54 - PEDIDOS SOLICITADO {"sessao":"1706201900510715313731357353636090131404MOBILEADM","operacao":"PIT","pedido":"9360","usuario":"1","terminal":"53","conf":"8|1","items":[{"i0":"64|1"},{"i1":"82|1"},{"i2":"32|1"},{"i3":"33|1"},{"i4":"35|1"},{"i5":"34|1"},{"i6":"36|1"},{"i7":"38|1"}]}
17/06 00:45:54 - sessao: 1706201900510715313731357353636090131404MOBILEADM
17/06 00:45:54 - id: 9360
17/06 00:45:54 - usuario: 1
17/06 00:45:54 - terminal: 53
17/06 00:45:54 - conf: 8|1
17/06 00:45:54 0 - 64|1
17/06 00:45:54 1 - 82|1
17/06 00:45:54 2 - 32|1
17/06 00:45:54 3 - 33|1
17/06 00:45:54 4 - 35|1
17/06 00:45:54 5 - 34|1
17/06 00:45:54 6 - 36|1
17/06 00:45:54 7 - 38|1
17/06 00:45:54 - dados
17/06 00:45:54 - VALORES? 9,90/9,9/9,9/,/"9.9"
17/06 00:45:54 - VALORES? 6,00/6/6/,/"6"
17/06 00:45:55 - VALORES? 5,90/5,9/5,9/,/"5.9"
17/06 00:45:55 - VALORES? 7,90/7,9/7,9/,/"7.9"
17/06 00:45:55 - VALORES? 5,90/5,9/5,9/,/"5.9"
17/06 00:45:55 - VALORES? 9,90/9,9/9,9/,/"9.9"
17/06 00:45:55 - VALORES? 5,90/5,9/5,9/,/"5.9"
17/06 00:45:55 - VALORES? 5,90/5,9/5,9/,/"5.9"
17/06 00:45:55 - PRODUCAO => id:9360 user:1term:53 hora: sessao:1706201900510715313731357353636090131404MOBILEADM
17/06 00:45:55 - select estoque.grupo,auxiliar.id from auxiliar,estoque where auxiliar.idpedido=9360 and auxiliar.producao=0 and estoque.codigo=auxiliar.original and auxiliar.idtimer="1706201900510715313731357353636090131404MOBILEADM" order by estoque.grupo,auxiliar.id
17/06 00:45:55 - GRUPOS:<1,125741><1,125742><1,125743><1,125744><1,125745><1,125746><1,125747><1,125748>
17/06 00:45:55 - CIS Status: Create
17/06 00:45:55 - CIS Status: Connect
17/06 00:45:55 - Status: Write cmd #16#4 (1..4)
17/06 00:45:55 - Status: ok
17/06 00:45:55 - Status: Tampa aberta 0, Sem Papel 0, Off-line 0, Erro1 0, Erro2 0, Erro3 0, Erro4 0
17/06 00:45:55 - CIS Status: Close
17/06 00:45:55 - PERFIL 7
17/06 00:45:55 - cupom_impressao_producao(9360,True,"",[],125741
125742
125743
125744
125745
125746
125747
125748
,1);
17/06 00:45:55 - IOK 1 STAGE => 28
17/06 00:45:55 0 - {"sessao":"1706201900510715313731357353636090131404MOBILEADM","operacao":"PIT","pedido":"9360","usuario":"1","terminal":"53","conf":"8|1","items":[{"i0":"64|1"},{"i1":"82|1"},{"i2":"32|1"},{"i3":"33|1"},{"i4":"35|1"},{"i5":"34|1"},{"i6":"36|1"},{"i7":"38|1"}]}
17/06 00:45:55 2 -  0,5t OK
17/06 00:46:03 - PEDIDOS SOLICITADO {"sessao":"1706201900511515369196823353636090131404MOBILEADM","operacao":"PIT","pedido":"9412","usuario":"1","terminal":"53","conf":"7|1","items":[{"i0":"64|1"},{"i1":"82|1"},{"i2":"33|1"},{"i3":"35|1"},{"i4":"34|1"},{"i5":"36|1"},{"i6":"38|1"}]}
17/06 00:46:03 - sessao: 1706201900511515369196823353636090131404MOBILEADM
17/06 00:46:03 - id: 9412
17/06 00:46:03 - usuario: 1
17/06 00:46:03 - terminal: 53
17/06 00:46:03 - conf: 7|1
17/06 00:46:03 0 - 64|1
17/06 00:46:03 1 - 82|1
17/06 00:46:03 2 - 33|1
17/06 00:46:03 3 - 35|1
17/06 00:46:03 4 - 34|1
17/06 00:46:03 5 - 36|1
17/06 00:46:03 6 - 38|1
17/06 00:46:03 - dados
17/06 00:46:03 - VALORES? 9,90/9,9/9,9/,/"9.9"
17/06 00:46:03 - VALORES? 6,00/6/6/,/"6"
17/06 00:46:03 - VALORES? 7,90/7,9/7,9/,/"7.9"
17/06 00:46:03 - VALORES? 5,90/5,9/5,9/,/"5.9"
17/06 00:46:03 - VALORES? 9,90/9,9/9,9/,/"9.9"
17/06 00:46:03 - VALORES? 5,90/5,9/5,9/,/"5.9"
17/06 00:46:03 - VALORES? 5,90/5,9/5,9/,/"5.9"
17/06 00:46:03 - PRODUCAO => id:9412 user:1term:53 hora: sessao:1706201900511515369196823353636090131404MOBILEADM
17/06 00:46:03 - select estoque.grupo,auxiliar.id from auxiliar,estoque where auxiliar.idpedido=9412 and auxiliar.producao=0 and estoque.codigo=auxiliar.original and auxiliar.idtimer="1706201900511515369196823353636090131404MOBILEADM" order by estoque.grupo,auxiliar.id
17/06 00:46:03 - GRUPOS:<1,125749><1,125750><1,125751><1,125752><1,125753><1,125754><1,125755>
17/06 00:46:03 - CIS Status: Create
17/06 00:46:03 - CIS Status: Connect
17/06 00:46:03 - Status: Write cmd #16#4 (1..4)
17/06 00:46:03 - Status: ok
17/06 00:46:03 - Status: Tampa aberta 0, Sem Papel 0, Off-line 0, Erro1 0, Erro2 0, Erro3 0, Erro4 0
17/06 00:46:03 - CIS Status: Close
17/06 00:46:03 - PERFIL 7
17/06 00:46:04 - cupom_impressao_producao(9412,True,"",[],125749
125750
125751
125752
125753
125754
125755
,1);
17/06 00:46:04 - IOK 1 STAGE => 28
17/06 00:46:04 0 - {"sessao":"1706201900511515369196823353636090131404MOBILEADM","operacao":"PIT","pedido":"9412","usuario":"1","terminal":"53","conf":"7|1","items":[{"i0":"64|1"},{"i1":"82|1"},{"i2":"33|1"},{"i3":"35|1"},{"i4":"34|1"},{"i5":"36|1"},{"i6":"38|1"}]}
17/06 00:46:04 2 -  0,453t OK
17/06 00:46:15 - PEDIDOS SOLICITADO {"sessao":"17062019005124153106812218353636090131404MOBILEADM","operacao":"PIT","pedido":"9355","usuario":"1","terminal":"53","conf":"5|1","items":[{"i0":"287|1"},{"i1":"286|1"},{"i2":"283|1"},{"i3":"285|1"},{"i4":"164|1||2D2D2D|0"}]}
17/06 00:46:15 - sessao: 17062019005124153106812218353636090131404MOBILEADM
17/06 00:46:15 - id: 9355
17/06 00:46:15 - usuario: 1
17/06 00:46:15 - terminal: 53
17/06 00:46:15 - conf: 5|1
17/06 00:46:15 0 - 287|1
17/06 00:46:15 1 - 286|1
17/06 00:46:15 2 - 283|1
17/06 00:46:15 3 - 285|1
17/06 00:46:15 4 - 164|1||2D2D2D|0
17/06 00:46:15 - dados
17/06 00:46:15 - VALORES? 24,90/24,9/24,9/,/"24.9"
17/06 00:46:16 - VALORES? 35,00/35/35/,/"35"
17/06 00:46:16 - VALORES? 24,90/24,9/24,9/,/"24.9"
17/06 00:46:16 - VALORES? 35,00/35/35/,/"35"
17/06 00:46:16 - VALORES? 35,00/35/35/,/"35"
17/06 00:46:16 - PRODUCAO => id:9355 user:1term:53 hora: sessao:17062019005124153106812218353636090131404MOBILEADM
17/06 00:46:16 - select estoque.grupo,auxiliar.id from auxiliar,estoque where auxiliar.idpedido=9355 and auxiliar.producao=0 and estoque.codigo=auxiliar.original and auxiliar.idtimer="17062019005124153106812218353636090131404MOBILEADM" order by estoque.grupo,auxiliar.id
17/06 00:46:16 - GRUPOS:<4,125756><4,125757><4,125758><4,125759><4,125760>
17/06 00:46:16 0 - {"sessao":"17062019005124153106812218353636090131404MOBILEADM","operacao":"PIT","pedido":"9355","usuario":"1","terminal":"53","conf":"5|1","items":[{"i0":"287|1"},{"i1":"286|1"},{"i2":"283|1"},{"i3":"285|1"},{"i4":"164|1||2D2D2D|0"}]}
17/06 00:46:16 2 -  0,14t OK
17/06 00:46:30 - PEDIDOS SOLICITADO {"sessao":"1706201900513915320325261353636090131404MOBILEADM","operacao":"PIT","pedido":"9414","usuario":"1","terminal":"53","conf":"4|1","items":[{"i0":"289|1"},{"i1":"267|1"},{"i2":"343|1"},{"i3":"265|1"}]}
17/06 00:46:30 - sessao: 1706201900513915320325261353636090131404MOBILEADM
17/06 00:46:30 - id: 9414
17/06 00:46:30 - usuario: 1
17/06 00:46:30 - terminal: 53
17/06 00:46:30 - conf: 4|1
17/06 00:46:30 0 - 289|1
17/06 00:46:30 1 - 267|1
17/06 00:46:30 2 - 343|1
17/06 00:46:30 3 - 265|1
17/06 00:46:30 - dados
17/06 00:46:30 - VALORES? 6,90/6,9/6,9/,/"6.9"
17/06 00:46:30 - VALORES? 5,50/5,5/5,5/,/"5.5"
17/06 00:46:30 - VALORES? 5,50/5,5/5,5/,/"5.5"
17/06 00:46:30 - VALORES? 5,50/5,5/5,5/,/"5.5"
17/06 00:46:30 - PRODUCAO => id:9414 user:1term:53 hora: sessao:1706201900513915320325261353636090131404MOBILEADM
17/06 00:46:30 - select estoque.grupo,auxiliar.id from auxiliar,estoque where auxiliar.idpedido=9414 and auxiliar.producao=0 and estoque.codigo=auxiliar.original and auxiliar.idtimer="1706201900513915320325261353636090131404MOBILEADM" order by estoque.grupo,auxiliar.id
17/06 00:46:30 - GRUPOS:<2,125761><2,125762><2,125763><2,125764>
17/06 00:46:30 - CIS Status: Create
17/06 00:46:30 - CIS Status: Connect
17/06 00:46:30 - Status: Write cmd #16#4 (1..4)
17/06 00:46:30 - Status: ok
17/06 00:46:30 - Status: Tampa aberta 0, Sem Papel 0, Off-line 0, Erro1 0, Erro2 0, Erro3 0, Erro4 0
17/06 00:46:30 - CIS Status: Close
17/06 00:46:30 - PERFIL 7
17/06 00:46:30 - cupom_impressao_producao(9414,True,"",[],125761
125762
125763
125764
,1);
17/06 00:46:30 - IOK 1 STAGE => 28
17/06 00:46:30 0 - {"sessao":"1706201900513915320325261353636090131404MOBILEADM","operacao":"PIT","pedido":"9414","usuario":"1","terminal":"53","conf":"4|1","items":[{"i0":"289|1"},{"i1":"267|1"},{"i2":"343|1"},{"i3":"265|1"}]}
17/06 00:46:30 2 -  0,359t OK
17/06 00:47:10 - PEDIDOS SOLICITADO {"sessao":"1706201900522015315889748353636090131404MOBILEADM","operacao":"PIT","pedido":"9412","usuario":"1","terminal":"53","conf":"12|1","items":[{"i0":"289|1"},{"i1":"263|1"},{"i2":"273|1"},{"i3":"266|1"},{"i4":"267|1"},{"i5":"264|1"},{"i6":"268|1"},{"i7":"342|1"},{"i8":"343|1"},{"i9":"271|1"},{"i10":"265|1"},{"i11":"270|1"}]}
17/06 00:47:10 - sessao: 1706201900522015315889748353636090131404MOBILEADM
17/06 00:47:10 - id: 9412
17/06 00:47:10 - usuario: 1
17/06 00:47:10 - terminal: 53
17/06 00:47:10 - conf: 12|1
17/06 00:47:10 0 - 289|1
17/06 00:47:10 1 - 263|1
17/06 00:47:10 2 - 273|1
17/06 00:47:10 3 - 266|1
17/06 00:47:10 4 - 267|1
17/06 00:47:10 5 - 264|1
17/06 00:47:10 6 - 268|1
17/06 00:47:10 7 - 342|1
17/06 00:47:10 8 - 343|1
17/06 00:47:10 9 - 271|1
17/06 00:47:10 10 - 265|1
17/06 00:47:10 11 - 270|1
17/06 00:47:10 - dados
17/06 00:47:10 - VALORES? 6,90/6,9/6,9/,/"6.9"
17/06 00:47:10 - VALORES? 5,50/5,5/5,5/,/"5.5"
17/06 00:47:10 - VALORES? 5,50/5,5/5,5/,/"5.5"
17/06 00:47:10 - VALORES? 5,50/5,5/5,5/,/"5.5"
17/06 00:47:10 - VALORES? 5,50/5,5/5,5/,/"5.5"
17/06 00:47:10 - VALORES? 5,50/5,5/5,5/,/"5.5"
17/06 00:47:10 - VALORES? 5,50/5,5/5,5/,/"5.5"
17/06 00:47:10 - VALORES? 5,50/5,5/5,5/,/"5.5"
17/06 00:47:10 - VALORES? 5,50/5,5/5,5/,/"5.5"
17/06 00:47:10 - VALORES? 8,00/8/8/,/"8"
17/06 00:47:10 - VALORES? 5,50/5,5/5,5/,/"5.5"
17/06 00:47:10 - VALORES? 5,50/5,5/5,5/,/"5.5"
17/06 00:47:10 - PRODUCAO => id:9412 user:1term:53 hora: sessao:1706201900522015315889748353636090131404MOBILEADM
17/06 00:47:10 - select estoque.grupo,auxiliar.id from auxiliar,estoque where auxiliar.idpedido=9412 and auxiliar.producao=0 and estoque.codigo=auxiliar.original and auxiliar.idtimer="1706201900522015315889748353636090131404MOBILEADM" order by estoque.grupo,auxiliar.id
17/06 00:47:10 - GRUPOS:<2,125765><2,125766><2,125767><2,125768><2,125769><2,125770><2,125771><2,125772><2,125773><2,125774><2,125775><2,125776>
17/06 00:47:10 - CIS Status: Create
17/06 00:47:10 - CIS Status: Connect
17/06 00:47:10 - Status: Write cmd #16#4 (1..4)
17/06 00:47:10 - Status: ok
17/06 00:47:10 - Status: Tampa aberta 0, Sem Papel 0, Off-line 0, Erro1 0, Erro2 0, Erro3 0, Erro4 0
