15/06 01:43:00 - ***  SERVIÇO PARADO
15/06 01:43:00 - salvando log -> C:\rcsv\App\mobile64\LOG_APP_MOBILE_SERVICE_2.log
15/06 01:43:10 - Iniciando Suporte Mobile 64bit Versao: 1.13
15/06 01:43:10 - Variaveis
15/06 01:43:10 - CurrencyString="R$", CurrencyFormat="#2", NegCurrFormat="#9", ThousandSeparator=".", DecimalSeparator=",", CurrencyDecimals="2", DateSeparator="/", ShortDateFormat="dd/MM/yyyy", LongDateFormat="dddd, d' de 'MMMM' de 'yyyy", TimeSeparator=":", TimeAMString="", TimePMString="", ShortTimeFormat="hh:mm", LongTimeFormat="hh:mm:ss", TwoDigitYearCenturyWindow="50", ListSeparator=";"
15/06 01:43:10 - TCP Servidor
15/06 01:43:10 - TCP Cliente
15/06 01:43:10 - Iniciado na porta => 4406
15/06 01:43:10 - Formato Valores:        -1.254,87 | -1254,87|        1.254,87 | 1254,87
15/06 01:43:10 - Formato Data   : 15/06/2019 01:43:10
15/06 01:43:10 - Flags debug 1 sem log 0
15/06 01:43:10 - BANCO DE DADOS ONLINE > 192.168.88.28:comodoro
15/06 01:43:10 - PRECO => 30 /            30,00/30/30
15/06 01:43:10 - iniciar_identificacao_computador
15/06 01:43:10 - sistema_pegar_perfil
15/06 01:43:10 - empresa_carregar_segmentos
15/06 01:43:10 - rcs_iniciar_variaveis_globais
15/06 01:43:10 - terminal_id
15/06 01:43:10 - mesas_comandas
15/06 01:43:10 - LPRINT
15/06 01:43:10 - LISTA DE IMPRESSORAS CARREGADA 4
15/06 01:43:10 - carregarImp
15/06 01:43:10 - objetos
15/06 01:43:10 - produtos_gerenciamento_de_estoque
15/06 01:43:10 - # status 100%
15/06 01:43:13 - PRE-CONTA SOLICITADA {"operacao":"PRE","pedido":"9333"}
15/06 01:43:13 - LISTA DE IMPRESSORAS
15/06 01:43:13 - IMPRESSORA CAIXA 7 => TCP:192.168.88.200
15/06 01:43:13 - impressora test 192.168.88.200
15/06 01:43:13 - impressora test 9100
15/06 01:43:14 - impressora test 2 => st 1
15/06 01:43:14 - impressora test 4 ck
15/06 01:43:14 - impressora test 5 ck  ok
15/06 01:43:14 - impressora test 6 final
15/06 01:43:14 - ABRIR BANCO DE DADOS
15/06 01:43:14 - OK BANCO DE DADOS
15/06 01:43:14 - SET IMPRESSORA 7
15/06 01:43:14 - ENVIANDO IMPRESSAO
15/06 01:43:14 - Processado com Sucesso
15/06 01:43:14 - ERRO NO PROCESSAMENTO DO PEDIDO 9333
15/06 01:43:14 0 - ERRO => POST / HTTP/1.1
Content-Length: 34

{"operacao":"PRE","pedido":"9333"}

 t:0,25 => ERRO NO PROCESSAMENTO DO PEDIDO 9333 -> 3
15/06 01:43:39 - ***  SERVIÇO PARADO
15/06 01:43:55 - Iniciando Suporte Mobile 64bit Versao: 1.13
15/06 01:43:55 - Variaveis
15/06 01:43:55 - CurrencyString="R$", CurrencyFormat="#2", NegCurrFormat="#9", ThousandSeparator=".", DecimalSeparator=",", CurrencyDecimals="2", DateSeparator="/", ShortDateFormat="dd/MM/yyyy", LongDateFormat="dddd, d' de 'MMMM' de 'yyyy", TimeSeparator=":", TimeAMString="", TimePMString="", ShortTimeFormat="hh:mm", LongTimeFormat="hh:mm:ss", TwoDigitYearCenturyWindow="50", ListSeparator=";"
15/06 01:43:55 - TCP Servidor
15/06 01:43:55 - TCP Cliente
15/06 01:43:55 - Iniciado na porta => 4406
15/06 01:43:55 - Formato Valores:        -1.254,87 | -1254,87|        1.254,87 | 1254,87
15/06 01:43:55 - Formato Data   : 15/06/2019 01:43:55
15/06 01:43:55 - Flags debug 1 sem log 0
15/06 01:43:55 - BANCO DE DADOS ONLINE > 192.168.88.28:comodoro
15/06 01:43:55 - PRECO => 30 /            30,00/30/30
15/06 01:43:55 - iniciar_identificacao_computador
15/06 01:43:55 - sistema_pegar_perfil
15/06 01:43:55 - empresa_carregar_segmentos
15/06 01:43:55 - rcs_iniciar_variaveis_globais
15/06 01:43:55 - terminal_id
15/06 01:43:55 - mesas_comandas
15/06 01:43:55 - LPRINT
15/06 01:43:55 - LISTA DE IMPRESSORAS CARREGADA 4
15/06 01:43:55 - carregarImp
15/06 01:43:55 - objetos
15/06 01:43:55 - produtos_gerenciamento_de_estoque
15/06 01:43:55 - # status 100%
15/06 01:44:03 - PRE-CONTA SOLICITADA {"operacao":"PRE","pedido":"9333"}
15/06 01:44:03 - LISTA DE IMPRESSORAS
15/06 01:44:03 - IMPRESSORA CAIXA 7 => TCP:192.168.88.200
15/06 01:44:03 - impressora test 192.168.88.200
15/06 01:44:03 - impressora test 9100
15/06 01:44:03 - impressora test 2 => st 1
15/06 01:44:03 - impressora test 4 ck
15/06 01:44:03 - impressora test 5 ck  ok
15/06 01:44:03 - impressora test 6 final
15/06 01:44:03 - ABRIR BANCO DE DADOS
15/06 01:44:03 - OK BANCO DE DADOS
15/06 01:44:03 - SET IMPRESSORA 7
15/06 01:44:03 - ENVIANDO IMPRESSAO
15/06 01:44:03 - Processado com Sucesso
15/06 01:44:03 - ERRO NO PROCESSAMENTO DO PEDIDO 9333
15/06 01:44:03 0 - ERRO => POST / HTTP/1.1
Content-Length: 34

{"operacao":"PRE","pedido":"9333"}

 t:0,297 => ERRO NO PROCESSAMENTO DO PEDIDO 9333 -> 3
15/06 01:44:42 - ***  SERVIÇO PARADO
15/06 01:44:49 - Iniciando Suporte Mobile 64bit Versao: 1.13
15/06 01:44:49 - Variaveis
15/06 01:44:49 - CurrencyString="R$", CurrencyFormat="#2", NegCurrFormat="#9", ThousandSeparator=".", DecimalSeparator=",", CurrencyDecimals="2", DateSeparator="/", ShortDateFormat="dd/MM/yyyy", LongDateFormat="dddd, d' de 'MMMM' de 'yyyy", TimeSeparator=":", TimeAMString="", TimePMString="", ShortTimeFormat="hh:mm", LongTimeFormat="hh:mm:ss", TwoDigitYearCenturyWindow="50", ListSeparator=";"
15/06 01:44:49 - TCP Servidor
15/06 01:44:49 - TCP Cliente
15/06 01:44:49 - Iniciado na porta => 4406
15/06 01:44:49 - Formato Valores:        -1.254,87 | -1254,87|        1.254,87 | 1254,87
15/06 01:44:49 - Formato Data   : 15/06/2019 01:44:49
15/06 01:44:49 - Flags debug 1 sem log 0
15/06 01:44:49 - BANCO DE DADOS ONLINE > 192.168.88.28:comodoro
15/06 01:44:49 - PRECO => 30 /            30,00/30/30
15/06 01:44:49 - iniciar_identificacao_computador
15/06 01:44:49 - sistema_pegar_perfil
15/06 01:44:49 - empresa_carregar_segmentos
15/06 01:44:49 - rcs_iniciar_variaveis_globais
15/06 01:44:49 - terminal_id
15/06 01:44:49 - mesas_comandas
15/06 01:44:49 - LPRINT
15/06 01:44:49 - LISTA DE IMPRESSORAS CARREGADA 4
15/06 01:44:49 - carregarImp
15/06 01:44:49 - objetos
15/06 01:44:49 - produtos_gerenciamento_de_estoque
15/06 01:44:49 - # status 100%
15/06 01:44:53 - PRE-CONTA SOLICITADA {"operacao":"PRE","pedido":"9333"}
15/06 01:44:53 - LISTA DE IMPRESSORAS
15/06 01:44:53 - IMPRESSORA CAIXA 7 => TCP:192.168.88.200
15/06 01:44:53 - impressora test 192.168.88.200
15/06 01:44:53 - impressora test 9100
15/06 01:44:53 - impressora test 2 => st 1
15/06 01:44:53 - impressora test 4 ck
15/06 01:44:53 - impressora test 5 ck  ok
15/06 01:44:53 - impressora test 6 final
15/06 01:44:53 - ABRIR BANCO DE DADOS
15/06 01:44:53 - OK BANCO DE DADOS
15/06 01:44:53 - SET IMPRESSORA 7
15/06 01:44:53 - ENVIANDO IMPRESSAO
15/06 01:44:53 - ERRO NO PROCESSAMENTO DO PEDIDO 9333
15/06 01:44:53 0 - ERRO => POST / HTTP/1.1
Content-Length: 34

{"operacao":"PRE","pedido":"9333"}

 t:0,25 => ERRO NO PROCESSAMENTO DO PEDIDO 9333 -> 3
15/06 01:45:15 - ***  SERVIÇO PARADO
15/06 01:45:30 - Iniciando Suporte Mobile 64bit Versao: 1.13
15/06 01:45:30 - Variaveis
15/06 01:45:30 - CurrencyString="R$", CurrencyFormat="#2", NegCurrFormat="#9", ThousandSeparator=".", DecimalSeparator=",", CurrencyDecimals="2", DateSeparator="/", ShortDateFormat="dd/MM/yyyy", LongDateFormat="dddd, d' de 'MMMM' de 'yyyy", TimeSeparator=":", TimeAMString="", TimePMString="", ShortTimeFormat="hh:mm", LongTimeFormat="hh:mm:ss", TwoDigitYearCenturyWindow="50", ListSeparator=";"
15/06 01:45:30 - TCP Servidor
15/06 01:45:30 - TCP Cliente
15/06 01:45:30 - Iniciado na porta => 4406
15/06 01:45:30 - Formato Valores:        -1.254,87 | -1254,87|        1.254,87 | 1254,87
15/06 01:45:30 - Formato Data   : 15/06/2019 01:45:30
15/06 01:45:30 - Flags debug 1 sem log 0
15/06 01:45:30 - BANCO DE DADOS ONLINE > 192.168.88.28:comodoro
15/06 01:45:31 - PRECO => 30 /            30,00/30/30
15/06 01:45:31 - iniciar_identificacao_computador
15/06 01:45:31 - sistema_pegar_perfil
15/06 01:45:31 - empresa_carregar_segmentos
15/06 01:45:31 - rcs_iniciar_variaveis_globais
15/06 01:45:31 - terminal_id
15/06 01:45:31 - mesas_comandas
15/06 01:45:31 - LPRINT
15/06 01:45:31 - LISTA DE IMPRESSORAS CARREGADA 4
15/06 01:45:31 - carregarImp
15/06 01:45:31 - objetos
15/06 01:45:31 - produtos_gerenciamento_de_estoque
15/06 01:45:31 - # status 100%
15/06 01:45:34 - PRE-CONTA SOLICITADA {"operacao":"PRE","pedido":"9333"}
15/06 01:45:34 - LISTA DE IMPRESSORAS
15/06 01:45:34 - IMPRESSORA CAIXA 7 => TCP:192.168.88.200
15/06 01:45:34 - impressora test 192.168.88.200
15/06 01:45:34 - impressora test 9100
15/06 01:45:34 - impressora test 2 => st 1
15/06 01:45:34 - impressora test 4 ck
15/06 01:45:34 - impressora test 5 ck  ok
15/06 01:45:34 - impressora test 6 final
15/06 01:45:34 - ABRIR BANCO DE DADOS
15/06 01:45:34 - OK BANCO DE DADOS
15/06 01:45:34 - SET IMPRESSORA 7
15/06 01:45:34 - ENVIANDO IMPRESSAO
15/06 01:45:34 - Processado com Sucesso
15/06 01:45:34 - ERRO NO PROCESSAMENTO DO PEDIDO 9333
15/06 01:45:34 0 - ERRO => POST / HTTP/1.1
Content-Length: 34

{"operacao":"PRE","pedido":"9333"}

 t:0,25 => ERRO NO PROCESSAMENTO DO PEDIDO 9333 -> 3
15/06 01:46:18 - ***  SERVIÇO PARADO
15/06 01:46:25 - Iniciando Suporte Mobile 64bit Versao: 1.13
15/06 01:46:25 - Variaveis
15/06 01:46:25 - CurrencyString="R$", CurrencyFormat="#2", NegCurrFormat="#9", ThousandSeparator=".", DecimalSeparator=",", CurrencyDecimals="2", DateSeparator="/", ShortDateFormat="dd/MM/yyyy", LongDateFormat="dddd, d' de 'MMMM' de 'yyyy", TimeSeparator=":", TimeAMString="", TimePMString="", ShortTimeFormat="hh:mm", LongTimeFormat="hh:mm:ss", TwoDigitYearCenturyWindow="50", ListSeparator=";"
15/06 01:46:25 - TCP Servidor
15/06 01:46:25 - TCP Cliente
15/06 01:46:25 - Iniciado na porta => 4406
15/06 01:46:25 - Formato Valores:        -1.254,87 | -1254,87|        1.254,87 | 1254,87
15/06 01:46:25 - Formato Data   : 15/06/2019 01:46:25
15/06 01:46:25 - Flags debug 1 sem log 0
15/06 01:46:25 - BANCO DE DADOS ONLINE > 192.168.88.28:comodoro
15/06 01:46:25 - PRECO => 30 /            30,00/30/30
15/06 01:46:25 - iniciar_identificacao_computador
15/06 01:46:25 - sistema_pegar_perfil
15/06 01:46:25 - empresa_carregar_segmentos
15/06 01:46:25 - rcs_iniciar_variaveis_globais
15/06 01:46:25 - terminal_id
15/06 01:46:25 - mesas_comandas
15/06 01:46:25 - LPRINT
15/06 01:46:25 - LISTA DE IMPRESSORAS CARREGADA 4
15/06 01:46:25 - carregarImp
15/06 01:46:25 - objetos
15/06 01:46:25 - produtos_gerenciamento_de_estoque
15/06 01:46:25 - # status 100%
15/06 01:46:29 - PRE-CONTA SOLICITADA {"operacao":"PRE","pedido":"9333"}
15/06 01:46:29 - LISTA DE IMPRESSORAS
15/06 01:46:29 - IMPRESSORA CAIXA 7 => TCP:192.168.88.200
15/06 01:46:29 - impressora test 192.168.88.200
15/06 01:46:29 - impressora test 9100
15/06 01:46:29 - impressora test 2 => st 1
15/06 01:46:29 - impressora test 4 ck
15/06 01:46:29 - impressora test 5 ck  ok
15/06 01:46:29 - impressora test 6 final
15/06 01:46:29 - ABRIR BANCO DE DADOS
15/06 01:46:29 - OK BANCO DE DADOS
15/06 01:46:29 - SET IMPRESSORA 7
15/06 01:46:29 - ENVIANDO IMPRESSAO
15/06 01:46:29 - Processado com Sucesso
15/06 01:46:29 - ERRO NO PROCESSAMENTO DO PEDIDO 9333
15/06 01:46:29 0 - ERRO => POST / HTTP/1.1
Content-Length: 34

{"operacao":"PRE","pedido":"9333"}

 t:0,563 => ERRO NO PROCESSAMENTO DO PEDIDO 9333 -> 3
15/06 01:49:31 - ***  SERVIÇO PARADO
15/06 01:49:50 - Iniciando Suporte Mobile 64bit Versao: 1.13
15/06 01:49:50 - Variaveis
15/06 01:49:50 - CurrencyString="R$", CurrencyFormat="#2", NegCurrFormat="#9", ThousandSeparator=".", DecimalSeparator=",", CurrencyDecimals="2", DateSeparator="/", ShortDateFormat="dd/MM/yyyy", LongDateFormat="dddd, d' de 'MMMM' de 'yyyy", TimeSeparator=":", TimeAMString="", TimePMString="", ShortTimeFormat="hh:mm", LongTimeFormat="hh:mm:ss", TwoDigitYearCenturyWindow="50", ListSeparator=";"
15/06 01:49:50 - TCP Servidor
15/06 01:49:50 - TCP Cliente
15/06 01:49:50 - Iniciado na porta => 4406
15/06 01:49:50 - Formato Valores:        -1.254,87 | -1254,87|        1.254,87 | 1254,87
15/06 01:49:50 - Formato Data   : 15/06/2019 01:49:50
15/06 01:49:50 - Flags debug 1 sem log 0
15/06 01:49:50 - BANCO DE DADOS ONLINE > 192.168.88.28:comodoro
15/06 01:49:50 - PRECO => 30 /            30,00/30/30
15/06 01:49:50 - iniciar_identificacao_computador
15/06 01:49:50 - sistema_pegar_perfil
15/06 01:49:50 - empresa_carregar_segmentos
15/06 01:49:50 - rcs_iniciar_variaveis_globais
15/06 01:49:50 - terminal_id
15/06 01:49:50 - mesas_comandas
15/06 01:49:50 - LPRINT
15/06 01:49:50 - LISTA DE IMPRESSORAS CARREGADA 4
15/06 01:49:50 - carregarImp
15/06 01:49:50 - objetos
15/06 01:49:50 - produtos_gerenciamento_de_estoque
15/06 01:49:50 - # status 100%
15/06 01:50:10 - PRE-CONTA SOLICITADA {"operacao":"PRE","pedido":"9333"}
15/06 01:50:10 - LISTA DE IMPRESSORAS
15/06 01:50:10 - IMPRESSORA CAIXA 7 => TCP:192.168.88.200
15/06 01:50:10 - impressora test 192.168.88.200
15/06 01:50:10 - impressora test 9100
15/06 01:50:12 - impressora test 192.168.88.200
15/06 01:50:12 - impressora test 9100
15/06 01:50:14 - impressora test 192.168.88.200
