15/06 01:26:28 - mesas_comandas
15/06 01:26:28 - salvando log -> C:\rcsv\App\mobile64\LOG_APP_MOBILE_SERVICE_0.log
15/06 01:26:28 - LPRINT
15/06 01:26:28 - LISTA DE IMPRESSORAS CARREGADA 4
15/06 01:26:28 - carregarImp
15/06 01:26:28 - objetos
15/06 01:26:28 - produtos_gerenciamento_de_estoque
15/06 01:26:28 - # status 100%
15/06 01:26:33 - PRE-CONTA SOLICITADA {"operacao":"PRE","pedido":"9333"}
15/06 01:26:33 - LISTA DE IMPRESSORAS
15/06 01:26:33 - IMPRESSORA CAIXA 7 => TCP:192.168.88.200
15/06 01:26:33 - impressora test 192.168.88.200
15/06 01:26:33 - impressora test 9100
15/06 01:26:33 - impressora test 2 => st 1
15/06 01:26:33 - impressora test 4 ck
15/06 01:26:33 - impressora test 5 ck  ok
15/06 01:26:33 - impressora test 6 final
15/06 01:26:33 - ABRIR BANCO DE DADOS
15/06 01:26:33 - OK BANCO DE DADOS
15/06 01:26:33 - SET IMPRESSORA 7
15/06 01:26:33 - ENVIANDO IMPRESSAO
15/06 01:26:33 - FALHA NA IMPRESSORA
15/06 01:26:33 - ERRO NO PROCESSAMENTO DO PEDIDO 9333
15/06 01:26:33 0 - ERRO => POST / HTTP/1.1
Content-Length: 34

{"operacao":"PRE","pedido":"9333"}

 t:0,281 => ERRO NO PROCESSAMENTO DO PEDIDO 9333 -> 3
15/06 01:27:42 - ***  SERVIÇO PARADO
15/06 01:27:54 - Iniciando Suporte Mobile 64bit Versao: 1.13
15/06 01:27:54 - Variaveis
15/06 01:27:54 - CurrencyString="R$", CurrencyFormat="#2", NegCurrFormat="#9", ThousandSeparator=".", DecimalSeparator=",", CurrencyDecimals="2", DateSeparator="/", ShortDateFormat="dd/MM/yyyy", LongDateFormat="dddd, d' de 'MMMM' de 'yyyy", TimeSeparator=":", TimeAMString="", TimePMString="", ShortTimeFormat="hh:mm", LongTimeFormat="hh:mm:ss", TwoDigitYearCenturyWindow="50", ListSeparator=";"
15/06 01:27:54 - TCP Servidor
15/06 01:27:54 - TCP Cliente
15/06 01:27:54 - Iniciado na porta => 4406
15/06 01:27:54 - Formato Valores:        -1.254,87 | -1254,87|        1.254,87 | 1254,87
15/06 01:27:54 - Formato Data   : 15/06/2019 01:27:54
15/06 01:27:54 - Flags debug 1 sem log 0
15/06 01:27:54 - BANCO DE DADOS ONLINE > 192.168.88.28:comodoro
15/06 01:27:54 - PRECO => 30 /            30,00/30/30
15/06 01:27:54 - iniciar_identificacao_computador
15/06 01:27:54 - sistema_pegar_perfil
15/06 01:27:54 - empresa_carregar_segmentos
15/06 01:27:54 - rcs_iniciar_variaveis_globais
15/06 01:27:54 - terminal_id
15/06 01:27:54 - mesas_comandas
15/06 01:27:54 - LPRINT
15/06 01:27:54 - LISTA DE IMPRESSORAS CARREGADA 4
15/06 01:27:54 - carregarImp
15/06 01:27:54 - objetos
15/06 01:27:54 - produtos_gerenciamento_de_estoque
15/06 01:27:54 - # status 100%
15/06 01:28:07 - PRE-CONTA SOLICITADA {"operacao":"PRE","pedido":"9333"}
15/06 01:28:07 - LISTA DE IMPRESSORAS
15/06 01:28:07 - IMPRESSORA CAIXA 7 => TCP:192.168.88.200
15/06 01:28:07 - impressora test 192.168.88.200
15/06 01:28:07 - impressora test 9100
15/06 01:28:07 - impressora test 2 => st 1
15/06 01:28:07 - impressora test 4 ck
15/06 01:28:08 - impressora test 5 ck  ok
15/06 01:28:08 - impressora test 6 final
15/06 01:28:08 - ABRIR BANCO DE DADOS
15/06 01:28:08 - OK BANCO DE DADOS
15/06 01:28:08 - SET IMPRESSORA 7
15/06 01:28:08 - ENVIANDO IMPRESSAO
15/06 01:28:08 - Processado com Sucesso
15/06 01:28:08 - ERRO NO PROCESSAMENTO DO PEDIDO 9333
15/06 01:28:08 0 - ERRO => POST / HTTP/1.1
Content-Length: 34

{"operacao":"PRE","pedido":"9333"}

 t:1,203 => ERRO NO PROCESSAMENTO DO PEDIDO 9333 -> 3
15/06 01:28:12 - ***  SERVIÇO PARADO
15/06 01:28:15 - Iniciando Suporte Mobile 64bit Versao: 1.13
15/06 01:28:15 - Variaveis
15/06 01:28:15 - CurrencyString="R$", CurrencyFormat="#2", NegCurrFormat="#9", ThousandSeparator=".", DecimalSeparator=",", CurrencyDecimals="2", DateSeparator="/", ShortDateFormat="dd/MM/yyyy", LongDateFormat="dddd, d' de 'MMMM' de 'yyyy", TimeSeparator=":", TimeAMString="", TimePMString="", ShortTimeFormat="hh:mm", LongTimeFormat="hh:mm:ss", TwoDigitYearCenturyWindow="50", ListSeparator=";"
15/06 01:28:15 - TCP Servidor
15/06 01:28:15 - TCP Cliente
15/06 01:28:15 - Iniciado na porta => 4406
15/06 01:28:15 - Formato Valores:        -1.254,87 | -1254,87|        1.254,87 | 1254,87
15/06 01:28:15 - Formato Data   : 15/06/2019 01:28:15
15/06 01:28:15 - Flags debug 1 sem log 0
15/06 01:28:15 - BANCO DE DADOS ONLINE > 192.168.88.28:comodoro
15/06 01:28:15 - PRECO => 30 /            30,00/30/30
15/06 01:28:15 - iniciar_identificacao_computador
15/06 01:28:15 - sistema_pegar_perfil
15/06 01:28:15 - empresa_carregar_segmentos
15/06 01:28:15 - rcs_iniciar_variaveis_globais
15/06 01:28:15 - terminal_id
15/06 01:28:15 - mesas_comandas
15/06 01:28:15 - LPRINT
15/06 01:28:15 - LISTA DE IMPRESSORAS CARREGADA 4
15/06 01:28:15 - carregarImp
15/06 01:28:15 - objetos
15/06 01:28:15 - produtos_gerenciamento_de_estoque
15/06 01:28:15 - # status 100%
15/06 01:32:59 - PRE-CONTA SOLICITADA {"operacao":"PRE","pedido":"9333"}
15/06 01:32:59 - LISTA DE IMPRESSORAS
15/06 01:32:59 - IMPRESSORA CAIXA 7 => TCP:192.168.88.200
15/06 01:32:59 - impressora test 192.168.88.200
15/06 01:32:59 - impressora test 9100
15/06 01:32:59 - impressora test 2 => st 1
15/06 01:32:59 - impressora test 4 ck
15/06 01:32:59 - impressora test 5 ck  ok
15/06 01:32:59 - impressora test 6 final
15/06 01:32:59 - ABRIR BANCO DE DADOS
15/06 01:32:59 - OK BANCO DE DADOS
15/06 01:32:59 - SET IMPRESSORA 7
15/06 01:32:59 - ENVIANDO IMPRESSAO
15/06 01:32:59 - Processado com Sucesso
15/06 01:32:59 - ERRO NO PROCESSAMENTO DO PEDIDO 9333
15/06 01:32:59 0 - ERRO => POST / HTTP/1.1
Content-Length: 34

{"operacao":"PRE","pedido":"9333"}

 t:0,344 => ERRO NO PROCESSAMENTO DO PEDIDO 9333 -> 3
15/06 01:35:25 - ***  SERVIÇO PARADO
15/06 01:35:32 - Iniciando Suporte Mobile 64bit Versao: 1.13
15/06 01:35:32 - Variaveis
15/06 01:35:32 - CurrencyString="R$", CurrencyFormat="#2", NegCurrFormat="#9", ThousandSeparator=".", DecimalSeparator=",", CurrencyDecimals="2", DateSeparator="/", ShortDateFormat="dd/MM/yyyy", LongDateFormat="dddd, d' de 'MMMM' de 'yyyy", TimeSeparator=":", TimeAMString="", TimePMString="", ShortTimeFormat="hh:mm", LongTimeFormat="hh:mm:ss", TwoDigitYearCenturyWindow="50", ListSeparator=";"
15/06 01:35:32 - TCP Servidor
15/06 01:35:32 - TCP Cliente
15/06 01:35:32 - Iniciado na porta => 4406
15/06 01:35:32 - Formato Valores:        -1.254,87 | -1254,87|        1.254,87 | 1254,87
15/06 01:35:32 - Formato Data   : 15/06/2019 01:35:32
15/06 01:35:32 - Flags debug 1 sem log 0
15/06 01:35:32 - BANCO DE DADOS ONLINE > 192.168.88.28:comodoro
15/06 01:35:32 - PRECO => 30 /            30,00/30/30
15/06 01:35:32 - iniciar_identificacao_computador
15/06 01:35:32 - sistema_pegar_perfil
15/06 01:35:32 - empresa_carregar_segmentos
15/06 01:35:32 - rcs_iniciar_variaveis_globais
15/06 01:35:32 - terminal_id
15/06 01:35:32 - mesas_comandas
15/06 01:35:32 - LPRINT
15/06 01:35:32 - LISTA DE IMPRESSORAS CARREGADA 4
15/06 01:35:32 - carregarImp
15/06 01:35:32 - objetos
15/06 01:35:32 - produtos_gerenciamento_de_estoque
15/06 01:35:32 - # status 100%
15/06 01:35:37 - PRE-CONTA SOLICITADA {"operacao":"PRE","pedido":"9333"}
15/06 01:35:37 - LISTA DE IMPRESSORAS
15/06 01:35:37 - IMPRESSORA CAIXA 7 => TCP:192.168.88.200
15/06 01:35:37 - impressora test 192.168.88.200
15/06 01:35:37 - impressora test 9100
15/06 01:35:37 - impressora test 2 => st 1
15/06 01:35:37 - impressora test 4 ck
15/06 01:35:37 - impressora test 5 ck  ok
15/06 01:35:37 - impressora test 6 final
15/06 01:35:37 - ABRIR BANCO DE DADOS
15/06 01:35:37 - OK BANCO DE DADOS
15/06 01:35:37 - SET IMPRESSORA 7
15/06 01:35:37 - ENVIANDO IMPRESSAO
15/06 01:35:37 - ERRO NO PROCESSAMENTO DO PEDIDO 9333
15/06 01:35:37 0 - ERRO => POST / HTTP/1.1
Content-Length: 34

{"operacao":"PRE","pedido":"9333"}

 t:0,266 => ERRO NO PROCESSAMENTO DO PEDIDO 9333 -> 3
15/06 01:37:04 - ***  SERVIÇO PARADO
15/06 01:37:17 - Iniciando Suporte Mobile 64bit Versao: 1.13
15/06 01:37:17 - Variaveis
15/06 01:37:17 - CurrencyString="R$", CurrencyFormat="#2", NegCurrFormat="#9", ThousandSeparator=".", DecimalSeparator=",", CurrencyDecimals="2", DateSeparator="/", ShortDateFormat="dd/MM/yyyy", LongDateFormat="dddd, d' de 'MMMM' de 'yyyy", TimeSeparator=":", TimeAMString="", TimePMString="", ShortTimeFormat="hh:mm", LongTimeFormat="hh:mm:ss", TwoDigitYearCenturyWindow="50", ListSeparator=";"
15/06 01:37:17 - TCP Servidor
15/06 01:37:17 - TCP Cliente
15/06 01:37:17 - Iniciado na porta => 4406
15/06 01:37:17 - Formato Valores:        -1.254,87 | -1254,87|        1.254,87 | 1254,87
15/06 01:37:17 - Formato Data   : 15/06/2019 01:37:17
15/06 01:37:17 - Flags debug 1 sem log 0
15/06 01:37:17 - BANCO DE DADOS ONLINE > 192.168.88.28:comodoro
15/06 01:37:17 - PRECO => 30 /            30,00/30/30
15/06 01:37:17 - iniciar_identificacao_computador
15/06 01:37:17 - sistema_pegar_perfil
15/06 01:37:17 - empresa_carregar_segmentos
15/06 01:37:17 - rcs_iniciar_variaveis_globais
15/06 01:37:17 - terminal_id
15/06 01:37:17 - mesas_comandas
15/06 01:37:17 - LPRINT
15/06 01:37:17 - LISTA DE IMPRESSORAS CARREGADA 4
15/06 01:37:17 - carregarImp
15/06 01:37:17 - objetos
15/06 01:37:17 - produtos_gerenciamento_de_estoque
15/06 01:37:17 - # status 100%
15/06 01:37:20 - PRE-CONTA SOLICITADA {"operacao":"PRE","pedido":"9333"}
15/06 01:37:20 - LISTA DE IMPRESSORAS
15/06 01:37:20 - IMPRESSORA CAIXA 7 => TCP:192.168.88.200
15/06 01:37:20 - impressora test 192.168.88.200
15/06 01:37:20 - impressora test 9100
15/06 01:37:21 - impressora test 2 => st 1
15/06 01:37:21 - impressora test 4 ck
15/06 01:37:21 - impressora test 5 ck  ok
15/06 01:37:21 - impressora test 6 final
15/06 01:37:21 - ABRIR BANCO DE DADOS
15/06 01:37:21 - OK BANCO DE DADOS
15/06 01:37:21 - SET IMPRESSORA 7
15/06 01:37:21 - ENVIANDO IMPRESSAO
15/06 01:37:21 - ERRO NO PROCESSAMENTO DO PEDIDO 9333
15/06 01:37:21 0 - ERRO => POST / HTTP/1.1
Content-Length: 34

{"operacao":"PRE","pedido":"9333"}

 t:0,312 => ERRO NO PROCESSAMENTO DO PEDIDO 9333 -> 3
15/06 01:37:51 - ***  SERVIÇO PARADO
15/06 01:37:57 - Iniciando Suporte Mobile 64bit Versao: 1.13
15/06 01:37:57 - Variaveis
15/06 01:37:57 - CurrencyString="R$", CurrencyFormat="#2", NegCurrFormat="#9", ThousandSeparator=".", DecimalSeparator=",", CurrencyDecimals="2", DateSeparator="/", ShortDateFormat="dd/MM/yyyy", LongDateFormat="dddd, d' de 'MMMM' de 'yyyy", TimeSeparator=":", TimeAMString="", TimePMString="", ShortTimeFormat="hh:mm", LongTimeFormat="hh:mm:ss", TwoDigitYearCenturyWindow="50", ListSeparator=";"
15/06 01:37:57 - TCP Servidor
15/06 01:37:57 - TCP Cliente
15/06 01:37:57 - Iniciado na porta => 4406
15/06 01:37:57 - Formato Valores:        -1.254,87 | -1254,87|        1.254,87 | 1254,87
15/06 01:37:57 - Formato Data   : 15/06/2019 01:37:57
15/06 01:37:57 - Flags debug 1 sem log 0
15/06 01:37:57 - BANCO DE DADOS ONLINE > 192.168.88.28:comodoro
15/06 01:37:57 - PRECO => 30 /            30,00/30/30
15/06 01:37:57 - iniciar_identificacao_computador
15/06 01:37:57 - sistema_pegar_perfil
15/06 01:37:57 - empresa_carregar_segmentos
15/06 01:37:57 - rcs_iniciar_variaveis_globais
15/06 01:37:57 - terminal_id
15/06 01:37:57 - mesas_comandas
15/06 01:37:57 - LPRINT
15/06 01:37:57 - LISTA DE IMPRESSORAS CARREGADA 4
15/06 01:37:57 - carregarImp
15/06 01:37:57 - objetos
15/06 01:37:57 - produtos_gerenciamento_de_estoque
15/06 01:37:57 - # status 100%
15/06 01:38:01 - PRE-CONTA SOLICITADA {"operacao":"PRE","pedido":"9333"}
15/06 01:38:01 - LISTA DE IMPRESSORAS
15/06 01:38:01 - IMPRESSORA CAIXA 7 => TCP:192.168.88.200
15/06 01:38:01 - impressora test 192.168.88.200
15/06 01:38:01 - impressora test 9100
15/06 01:38:01 - impressora test 2 => st 1
15/06 01:38:01 - impressora test 4 ck
15/06 01:38:01 - impressora test 5 ck  ok
15/06 01:38:01 - impressora test 6 final
15/06 01:38:01 - ABRIR BANCO DE DADOS
15/06 01:38:01 - OK BANCO DE DADOS
15/06 01:38:01 - SET IMPRESSORA 7
15/06 01:38:01 - ENVIANDO IMPRESSAO
15/06 01:38:01 - ERRO NO PROCESSAMENTO DO PEDIDO 9333
15/06 01:38:01 0 - ERRO => POST / HTTP/1.1
Content-Length: 34

{"operacao":"PRE","pedido":"9333"}

 t:0,282 => ERRO NO PROCESSAMENTO DO PEDIDO 9333 -> 3
15/06 01:38:50 - ***  SERVIÇO PARADO
15/06 01:38:58 - Iniciando Suporte Mobile 64bit Versao: 1.13
15/06 01:38:58 - Variaveis
15/06 01:38:58 - CurrencyString="R$", CurrencyFormat="#2", NegCurrFormat="#9", ThousandSeparator=".", DecimalSeparator=",", CurrencyDecimals="2", DateSeparator="/", ShortDateFormat="dd/MM/yyyy", LongDateFormat="dddd, d' de 'MMMM' de 'yyyy", TimeSeparator=":", TimeAMString="", TimePMString="", ShortTimeFormat="hh:mm", LongTimeFormat="hh:mm:ss", TwoDigitYearCenturyWindow="50", ListSeparator=";"
15/06 01:38:58 - TCP Servidor
15/06 01:38:58 - TCP Cliente
