16/06 22:18:44 - PEDIDOS SOLICITADO {"sessao":"16062019222357153191071640353636090131404MOBILEADM","operacao":"PIT","pedido":"9373","usuario":"1","terminal":"53","conf":"2|1","items":[{"i0":"261|1"},{"i1":"39|1"}]}
16/06 22:18:44 - >>>{"sessao":"16062019222357153191071640353636090131404MOBILEADM","operacao":"PIT","pedido":"9373","usuario":"1","terminal":"53","conf":"2|1","items":[{"i0":"261|1"},{"i1":"39|1"}]}
16/06 22:18:44 - sessao: 16062019222357153191071640353636090131404MOBILEADM
16/06 22:18:44 - id: 9373
16/06 22:18:44 - usuario: 1
16/06 22:18:44 - terminal: 53
16/06 22:18:44 - conf: 2|1
16/06 22:18:44 0 - 261|1
16/06 22:18:44 1 - 39|1
16/06 22:18:44 - dados
16/06 22:18:59 - PEDIDOS SOLICITADO {"sessao":"16062019222412153409834353636090131404MOBILEADM","operacao":"PIT","pedido":"9356","usuario":"1","terminal":"53","conf":"1|1","items":[{"i0":"39|1"}]}
16/06 22:18:59 - >>>{"sessao":"16062019222412153409834353636090131404MOBILEADM","operacao":"PIT","pedido":"9356","usuario":"1","terminal":"53","conf":"1|1","items":[{"i0":"39|1"}]}
16/06 22:18:59 - sessao: 16062019222412153409834353636090131404MOBILEADM
16/06 22:18:59 - id: 9356
16/06 22:18:59 - usuario: 1
16/06 22:18:59 - terminal: 53
16/06 22:18:59 - conf: 1|1
16/06 22:18:59 0 - 39|1
16/06 22:18:59 - dados
16/06 22:18:59 - VALORES? 7,90/7,9/7,9/,/"7.9"
16/06 22:18:59 - PRODUCAO => id:9356 user:1term:53 hora: sessao:16062019222412153409834353636090131404MOBILEADM
16/06 22:18:59 - select estoque.grupo,auxiliar.id from auxiliar,estoque where auxiliar.idpedido=9356 and auxiliar.producao=0 and estoque.codigo=auxiliar.original and auxiliar.idtimer="16062019222412153409834353636090131404MOBILEADM" order by estoque.grupo,auxiliar.id
16/06 22:18:59 - GRUPOS:<1,125424>
16/06 22:18:59 - CIS Status: Create
16/06 22:18:59 - CIS Status: Connect
16/06 22:18:59 - Status: Write cmd #16#4 (1..4)
16/06 22:18:59 - Status: ok
16/06 22:18:59 - Status: Tampa aberta 0, Sem Papel 0, Off-line 0, Erro1 0, Erro2 0, Erro3 0, Erro4 0
16/06 22:18:59 - CIS Status: Close
16/06 22:18:59 - PERFIL 7
16/06 22:18:59 - cupom_impressao_producao(9356,True,"",[],125424
,1);
16/06 22:18:59 - IOK 1 STAGE => 28
16/06 22:20:34 - ***  SERVIÇO PARADO
16/06 22:20:37 - Iniciando Suporte Mobile 64bit Versao: 1.13
16/06 22:20:37 - Variaveis
16/06 22:20:37 - CurrencyString="R$", CurrencyFormat="#2", NegCurrFormat="#9", ThousandSeparator=".", DecimalSeparator=",", CurrencyDecimals="2", DateSeparator="/", ShortDateFormat="dd/MM/yyyy", LongDateFormat="dddd, d' de 'MMMM' de 'yyyy", TimeSeparator=":", TimeAMString="", TimePMString="", ShortTimeFormat="hh:mm", LongTimeFormat="hh:mm:ss", TwoDigitYearCenturyWindow="50", ListSeparator=";"
16/06 22:20:37 - TCP Servidor
16/06 22:20:37 - TCP Cliente
16/06 22:20:37 - Iniciado na porta => 4406
16/06 22:20:37 - Formato Valores:        -1.254,87 | -1254,87|        1.254,87 | 1254,87
16/06 22:20:37 - Formato Data   : 16/06/2019 22:20:37
16/06 22:20:37 - Flags debug 1 sem log 0
16/06 22:20:37 - BANCO DE DADOS ONLINE > 192.168.88.28:comodoro
16/06 22:20:37 - PRECO => 30 /            30,00/30/30
16/06 22:20:37 - iniciar_identificacao_computador
16/06 22:20:37 - sistema_pegar_perfil
16/06 22:20:37 - empresa_carregar_segmentos
16/06 22:20:37 - rcs_iniciar_variaveis_globais
16/06 22:20:37 - terminal_id
16/06 22:20:37 - mesas_comandas
16/06 22:20:37 - LPRINT
16/06 22:20:37 - Status: Config => 192.168.88.200:9100
16/06 22:20:37 - Status: Config => 192.168.88.200:9100
16/06 22:20:37 - Status: Config => c:9100
16/06 22:20:37 - Status: Config => 192.168.88.200:9100
16/06 22:20:37 - LISTA DE IMPRESSORAS CARREGADA 4
16/06 22:20:37 - carregarImp
16/06 22:20:37 - objetos
16/06 22:20:37 - produtos_gerenciamento_de_estoque
16/06 22:20:37 - # status 100%
16/06 22:20:48 - PEDIDOS SOLICITADO {"sessao":"1606201922260215350817857353636090131404MOBILEADM","operacao":"PIT","pedido":"9356","usuario":"1","terminal":"53","conf":"2|1","items":[{"i0":"39|1"},{"i1":"40|1"}]}
16/06 22:20:48 - sessao: 1606201922260215350817857353636090131404MOBILEADM
16/06 22:20:48 - id: 9356
16/06 22:20:48 - usuario: 1
16/06 22:20:48 - terminal: 53
16/06 22:20:48 - conf: 2|1
16/06 22:20:48 0 - 39|1
16/06 22:20:48 1 - 40|1
16/06 22:20:48 - dados
16/06 22:20:48 - VALORES? 7,90/7,9/7,9/,/"7.9"
16/06 22:20:49 - VALORES? 6,90/6,9/6,9/,/"6.9"
16/06 22:20:49 - PRODUCAO => id:9356 user:1term:53 hora: sessao:1606201922260215350817857353636090131404MOBILEADM
16/06 22:20:49 - select estoque.grupo,auxiliar.id from auxiliar,estoque where auxiliar.idpedido=9356 and auxiliar.producao=0 and estoque.codigo=auxiliar.original and auxiliar.idtimer="1606201922260215350817857353636090131404MOBILEADM" order by estoque.grupo,auxiliar.id
16/06 22:20:49 - GRUPOS:<1,125425><1,125426>
16/06 22:20:49 - CIS Status: Create
16/06 22:20:49 - CIS Status: Connect
16/06 22:20:49 - Status: Write cmd #16#4 (1..4)
16/06 22:20:49 - Status: ok
16/06 22:20:49 - Status: Tampa aberta 0, Sem Papel 0, Off-line 0, Erro1 0, Erro2 0, Erro3 0, Erro4 0
16/06 22:20:49 - CIS Status: Close
16/06 22:20:49 - PERFIL 7
16/06 22:20:49 - cupom_impressao_producao(9356,True,"",[],125425
125426
,1);
16/06 22:20:49 - IOK 1 STAGE => 28
16/06 22:20:49 0 - {"sessao":"1606201922260215350817857353636090131404MOBILEADM","operacao":"PIT","pedido":"9356","usuario":"1","terminal":"53","conf":"2|1","items":[{"i0":"39|1"},{"i1":"40|1"}]}
16/06 22:20:49 2 -  0,359t OK
16/06 22:21:06 - PEDIDOS SOLICITADO {"sessao":"1606201922261915367999857353636090131404MOBILEADM","operacao":"PIT","pedido":"9372","usuario":"1","terminal":"53","conf":"4|1","items":[{"i0":"208|1"},{"i1":"261|1"},{"i2":"39|1"},{"i3":"40|1"}]}
16/06 22:21:06 - sessao: 1606201922261915367999857353636090131404MOBILEADM
16/06 22:21:06 - id: 9372
16/06 22:21:06 - usuario: 1
16/06 22:21:06 - terminal: 53
16/06 22:21:06 - conf: 4|1
16/06 22:21:06 0 - 208|1
16/06 22:21:06 1 - 261|1
16/06 22:21:06 2 - 39|1
16/06 22:21:06 3 - 40|1
16/06 22:21:06 - dados
16/06 22:21:06 - VALORES? 8,00/8/8/,/"8"
16/06 22:21:06 - VALORES? 9,90/9,9/9,9/,/"9.9"
16/06 22:21:06 - VALORES? 7,90/7,9/7,9/,/"7.9"
16/06 22:21:06 - VALORES? 6,90/6,9/6,9/,/"6.9"
16/06 22:21:06 - PRODUCAO => id:9372 user:1term:53 hora: sessao:1606201922261915367999857353636090131404MOBILEADM
16/06 22:21:06 - select estoque.grupo,auxiliar.id from auxiliar,estoque where auxiliar.idpedido=9372 and auxiliar.producao=0 and estoque.codigo=auxiliar.original and auxiliar.idtimer="1606201922261915367999857353636090131404MOBILEADM" order by estoque.grupo,auxiliar.id
16/06 22:21:06 - GRUPOS:<1,125427><1,125428><1,125429><1,125430>
16/06 22:21:06 - CIS Status: Create
16/06 22:21:06 - CIS Status: Connect
16/06 22:21:06 - Status: Write cmd #16#4 (1..4)
16/06 22:21:06 - Status: ok
16/06 22:21:06 - Status: Tampa aberta 0, Sem Papel 0, Off-line 0, Erro1 0, Erro2 0, Erro3 0, Erro4 0
16/06 22:21:06 - CIS Status: Close
16/06 22:21:06 - PERFIL 7
16/06 22:21:06 - cupom_impressao_producao(9372,True,"",[],125427
125428
125429
125430
,1);
16/06 22:21:06 - IOK 1 STAGE => 28
16/06 22:21:06 0 - {"sessao":"1606201922261915367999857353636090131404MOBILEADM","operacao":"PIT","pedido":"9372","usuario":"1","terminal":"53","conf":"4|1","items":[{"i0":"208|1"},{"i1":"261|1"},{"i2":"39|1"},{"i3":"40|1"}]}
16/06 22:21:06 2 -  0,484t OK
16/06 22:21:58 - PEDIDOS SOLICITADO {"sessao":"16062019222711153183833290353636090131404MOBILEADM","operacao":"PIT","pedido":"9374","usuario":"1","terminal":"53","conf":"3|1","items":[{"i0":"261|1"},{"i1":"39|1"},{"i2":"40|1"}]}
16/06 22:21:58 - sessao: 16062019222711153183833290353636090131404MOBILEADM
16/06 22:21:58 - id: 9374
16/06 22:21:58 - usuario: 1
16/06 22:21:58 - terminal: 53
16/06 22:21:58 - conf: 3|1
16/06 22:21:58 0 - 261|1
16/06 22:21:58 1 - 39|1
16/06 22:21:58 2 - 40|1
16/06 22:21:58 - dados
16/06 22:21:58 - VALORES? 9,90/9,9/9,9/,/"9.9"
16/06 22:21:58 - VALORES? 7,90/7,9/7,9/,/"7.9"
16/06 22:21:58 - VALORES? 6,90/6,9/6,9/,/"6.9"
16/06 22:21:58 - PRODUCAO => id:9374 user:1term:53 hora: sessao:16062019222711153183833290353636090131404MOBILEADM
16/06 22:21:58 - select estoque.grupo,auxiliar.id from auxiliar,estoque where auxiliar.idpedido=9374 and auxiliar.producao=0 and estoque.codigo=auxiliar.original and auxiliar.idtimer="16062019222711153183833290353636090131404MOBILEADM" order by estoque.grupo,auxiliar.id
16/06 22:21:58 - GRUPOS:<1,125431><1,125432><1,125433>
16/06 22:21:58 - CIS Status: Create
16/06 22:21:58 - CIS Status: Connect
16/06 22:21:58 - Status: Write cmd #16#4 (1..4)
16/06 22:21:58 - Status: ok
16/06 22:21:58 - Status: Tampa aberta 0, Sem Papel 0, Off-line 0, Erro1 0, Erro2 0, Erro3 0, Erro4 0
16/06 22:21:58 - CIS Status: Close
16/06 22:21:58 - PERFIL 7
16/06 22:21:58 - cupom_impressao_producao(9374,True,"",[],125431
125432
125433
,1);
16/06 22:21:58 - IOK 1 STAGE => 28
16/06 22:21:58 0 - {"sessao":"16062019222711153183833290353636090131404MOBILEADM","operacao":"PIT","pedido":"9374","usuario":"1","terminal":"53","conf":"3|1","items":[{"i0":"261|1"},{"i1":"39|1"},{"i2":"40|1"}]}
16/06 22:21:58 2 -  0,39t OK
16/06 22:22:38 - PEDIDOS SOLICITADO {"sessao":"160620192227491538025804353636090131404MOBILEADM","operacao":"PIT","pedido":"9374","usuario":"1","terminal":"53","conf":"2|1","items":[{"i0":"303|1"},{"i1":"146|1"}]}
16/06 22:22:38 - sessao: 160620192227491538025804353636090131404MOBILEADM
16/06 22:22:38 - id: 9374
16/06 22:22:38 - usuario: 1
16/06 22:22:38 - terminal: 53
16/06 22:22:38 - conf: 2|1
16/06 22:22:38 0 - 303|1
16/06 22:22:38 1 - 146|1
16/06 22:22:38 - dados
16/06 22:22:38 - VALORES? 7,90/7,9/7,9/,/"7.9"
16/06 22:22:38 - VALORES? 8,90/8,9/8,9/,/"8.9"
16/06 22:22:38 - PRODUCAO => id:9374 user:1term:53 hora: sessao:160620192227491538025804353636090131404MOBILEADM
16/06 22:22:38 - select estoque.grupo,auxiliar.id from auxiliar,estoque where auxiliar.idpedido=9374 and auxiliar.producao=0 and estoque.codigo=auxiliar.original and auxiliar.idtimer="160620192227491538025804353636090131404MOBILEADM" order by estoque.grupo,auxiliar.id
16/06 22:22:38 - GRUPOS:<2,125434><2,125435>
16/06 22:22:38 - CIS Status: Create
16/06 22:22:38 - CIS Status: Connect
16/06 22:22:38 - Status: Write cmd #16#4 (1..4)
16/06 22:22:39 - Status: ok
16/06 22:22:39 - Status: Tampa aberta 0, Sem Papel 0, Off-line 0, Erro1 0, Erro2 0, Erro3 0, Erro4 0
16/06 22:22:39 - CIS Status: Close
16/06 22:22:39 - PERFIL 7
16/06 22:22:39 - cupom_impressao_producao(9374,True,"",[],125434
125435
,1);
16/06 22:22:39 - IOK 1 STAGE => 28
16/06 22:22:39 0 - {"sessao":"160620192227491538025804353636090131404MOBILEADM","operacao":"PIT","pedido":"9374","usuario":"1","terminal":"53","conf":"2|1","items":[{"i0":"303|1"},{"i1":"146|1"}]}
16/06 22:22:39 2 -  0,312t OK
16/06 22:23:11 - PEDIDOS SOLICITADO {"sessao":"16062019222306156109371834MOBILEADM","operacao":"PIT","pedido":"9372","usuario":"1","terminal":"56","conf":"2|1","items":[{"i0":"4|1"},{"i1":"5|1"}]}
16/06 22:23:11 - sessao: 16062019222306156109371834MOBILEADM
16/06 22:23:11 - id: 9372
16/06 22:23:11 - usuario: 1
16/06 22:23:11 - terminal: 56
16/06 22:23:11 - conf: 2|1
16/06 22:23:11 0 - 4|1
16/06 22:23:11 1 - 5|1
16/06 22:23:11 - dados
16/06 22:23:11 - VALORES? 15,00/15/15/,/"15"
16/06 22:23:11 - VALORES? 12,90/12,9/12,9/,/"12.9"
16/06 22:23:11 - PRODUCAO => id:9372 user:1term:56 hora: sessao:16062019222306156109371834MOBILEADM
16/06 22:23:11 - select estoque.grupo,auxiliar.id from auxiliar,estoque where auxiliar.idpedido=9372 and auxiliar.producao=0 and estoque.codigo=auxiliar.original and auxiliar.idtimer="16062019222306156109371834MOBILEADM" order by estoque.grupo,auxiliar.id
16/06 22:23:11 - GRUPOS:<2,125436><2,125437>
16/06 22:23:11 - CIS Status: Create
16/06 22:23:11 - CIS Status: Connect
16/06 22:23:11 - Status: Write cmd #16#4 (1..4)
16/06 22:23:11 - Status: ok
16/06 22:23:11 - Status: Tampa aberta 0, Sem Papel 0, Off-line 0, Erro1 0, Erro2 0, Erro3 0, Erro4 0
16/06 22:23:11 - CIS Status: Close
16/06 22:23:11 - PERFIL 7
16/06 22:23:11 - cupom_impressao_producao(9372,True,"",[],125436
125437
,1);
16/06 22:23:11 - IOK 1 STAGE => 28
16/06 22:23:11 0 - {"sessao":"16062019222306156109371834MOBILEADM","operacao":"PIT","pedido":"9372","usuario":"1","terminal":"56","conf":"2|1","items":[{"i0":"4|1"},{"i1":"5|1"}]}
16/06 22:23:11 2 -  0,296t OK
16/06 22:23:39 - PEDIDOS SOLICITADO {"sessao":"160620192228521535933811353636090131404MOBILEADM","operacao":"PIT","pedido":"9372","usuario":"1","terminal":"53","conf":"3|1","items":[{"i0":"71|1"},{"i1":"114|1"},{"i2":"8|1"}]}
16/06 22:23:39 - sessao: 160620192228521535933811353636090131404MOBILEADM
16/06 22:23:39 - id: 9372
16/06 22:23:39 - usuario: 1
16/06 22:23:39 - terminal: 53
16/06 22:23:39 - conf: 3|1
16/06 22:23:39 0 - 71|1
16/06 22:23:39 1 - 114|1
16/06 22:23:39 2 - 8|1
16/06 22:23:39 - dados
16/06 22:23:39 - VALORES? 5,00/5/5/,/"5"
16/06 22:23:39 - VALORES? 8,90/8,9/8,9/,/"8.9"
16/06 22:23:39 - VALORES? 12,90/12,9/12,9/,/"12.9"
16/06 22:23:39 - PRODUCAO => id:9372 user:1term:53 hora: sessao:160620192228521535933811353636090131404MOBILEADM
16/06 22:23:39 - select estoque.grupo,auxiliar.id from auxiliar,estoque where auxiliar.idpedido=9372 and auxiliar.producao=0 and estoque.codigo=auxiliar.original and auxiliar.idtimer="160620192228521535933811353636090131404MOBILEADM" order by estoque.grupo,auxiliar.id
16/06 22:23:39 - GRUPOS:<2,125438><2,125439><2,125440>
16/06 22:23:39 - CIS Status: Create
16/06 22:23:39 - CIS Status: Connect
16/06 22:23:39 - Status: Write cmd #16#4 (1..4)
16/06 22:23:39 - Status: ok
16/06 22:23:39 - Status: Tampa aberta 0, Sem Papel 0, Off-line 0, Erro1 0, Erro2 0, Erro3 0, Erro4 0
16/06 22:23:39 - CIS Status: Close
16/06 22:23:39 - PERFIL 7
16/06 22:23:39 - cupom_impressao_producao(9372,True,"",[],125438
125439
125440
,1);
16/06 22:23:39 - IOK 1 STAGE => 28
16/06 22:23:39 0 - {"sessao":"160620192228521535933811353636090131404MOBILEADM","operacao":"PIT","pedido":"9372","usuario":"1","terminal":"53","conf":"3|1","items":[{"i0":"71|1"},{"i1":"114|1"},{"i2":"8|1"}]}
16/06 22:23:39 2 -  0,375t OK
16/06 22:24:04 - PEDIDOS SOLICITADO {"sessao":"160620192224001569812605MOBILEADM","operacao":"PIT","pedido":"9372","usuario":"1","terminal":"56","conf":"2|1","items":[{"i0":"4|1"},{"i1":"5|1"}]}
16/06 22:24:04 - sessao: 160620192224001569812605MOBILEADM
16/06 22:24:04 - id: 9372
16/06 22:24:04 - usuario: 1
16/06 22:24:04 - terminal: 56
16/06 22:24:04 - conf: 2|1
16/06 22:24:04 0 - 4|1
16/06 22:24:04 1 - 5|1
16/06 22:24:04 - dados
16/06 22:24:04 - VALORES? 15,00/15/15/,/"15"
16/06 22:24:04 - VALORES? 12,90/12,9/12,9/,/"12.9"
16/06 22:24:04 - PRODUCAO => id:9372 user:1term:56 hora: sessao:160620192224001569812605MOBILEADM
16/06 22:24:04 - select estoque.grupo,auxiliar.id from auxiliar,estoque where auxiliar.idpedido=9372 and auxiliar.producao=0 and estoque.codigo=auxiliar.original and auxiliar.idtimer="160620192224001569812605MOBILEADM" order by estoque.grupo,auxiliar.id
16/06 22:24:04 - GRUPOS:<2,125441><2,125442>
16/06 22:24:04 - CIS Status: Create
16/06 22:24:04 - CIS Status: Connect
16/06 22:24:04 - Status: Write cmd #16#4 (1..4)
16/06 22:24:04 - Status: ok
16/06 22:24:04 - Status: Tampa aberta 0, Sem Papel 0, Off-line 0, Erro1 0, Erro2 0, Erro3 0, Erro4 0
16/06 22:24:04 - CIS Status: Close
16/06 22:24:04 - PERFIL 7
16/06 22:24:04 - cupom_impressao_producao(9372,True,"",[],125441
125442
,1);
