16/06 23:42:14 - PEDIDOS SOLICITADO {"sessao":"1606201923464015397533133353636090131404MOBILEADM","operacao":"PIT","pedido":"9354","usuario":"1","terminal":"53","conf":"2|1","items":[{"i0":"36|1"},{"i1":"38|1"}]}
16/06 23:42:14 - salvando log -> C:\rcsv\App\mobile64\LOG_APP_MOBILE_SERVICE_64_16.log
16/06 23:42:14 - sessao: 1606201923464015397533133353636090131404MOBILEADM
16/06 23:42:14 - id: 9354
16/06 23:42:14 - usuario: 1
16/06 23:42:14 - terminal: 53
16/06 23:42:14 - conf: 2|1
16/06 23:42:14 0 - 36|1
16/06 23:42:14 1 - 38|1
16/06 23:42:14 - dados
16/06 23:42:14 - VALORES? 5,90/5,9/5,9/,/"5.9"
16/06 23:42:14 - VALORES? 5,90/5,9/5,9/,/"5.9"
16/06 23:42:14 - PRODUCAO => id:9354 user:1term:53 hora: sessao:1606201923464015397533133353636090131404MOBILEADM
16/06 23:42:14 - select estoque.grupo,auxiliar.id from auxiliar,estoque where auxiliar.idpedido=9354 and auxiliar.producao=0 and estoque.codigo=auxiliar.original and auxiliar.idtimer="1606201923464015397533133353636090131404MOBILEADM" order by estoque.grupo,auxiliar.id
16/06 23:42:14 - GRUPOS:<1,125591><1,125592>
16/06 23:42:14 - CIS Status: Create
16/06 23:42:15 - CIS Status: Connect
16/06 23:42:15 - Status: Write cmd #16#4 (1..4)
16/06 23:42:15 - Status: ok
16/06 23:42:15 - Status: Tampa aberta 0, Sem Papel 0, Off-line 0, Erro1 0, Erro2 0, Erro3 0, Erro4 0
16/06 23:42:15 - CIS Status: Close
16/06 23:42:15 - PERFIL 7
16/06 23:42:15 - cupom_impressao_producao(9354,True,"",[],125591
125592
,1);
16/06 23:42:15 - IOK 1 STAGE => 28
16/06 23:42:15 0 - {"sessao":"1606201923464015397533133353636090131404MOBILEADM","operacao":"PIT","pedido":"9354","usuario":"1","terminal":"53","conf":"2|1","items":[{"i0":"36|1"},{"i1":"38|1"}]}
16/06 23:42:15 2 -  0,328t OK
16/06 23:42:38 - PEDIDOS SOLICITADO {"sessao":"16062019234750153127203250353636090131404MOBILEADM","operacao":"PIT","pedido":"9342","usuario":"1","terminal":"53","conf":"3|1","items":[{"i0":"261|1"},{"i1":"39|1"},{"i2":"40|1"}]}
16/06 23:42:38 - sessao: 16062019234750153127203250353636090131404MOBILEADM
16/06 23:42:38 - id: 9342
16/06 23:42:38 - usuario: 1
16/06 23:42:38 - terminal: 53
16/06 23:42:38 - conf: 3|1
16/06 23:42:38 0 - 261|1
16/06 23:42:38 1 - 39|1
16/06 23:42:38 2 - 40|1
16/06 23:42:38 - dados
16/06 23:42:38 - VALORES? 9,90/9,9/9,9/,/"9.9"
16/06 23:42:38 - VALORES? 7,90/7,9/7,9/,/"7.9"
16/06 23:42:38 - VALORES? 6,90/6,9/6,9/,/"6.9"
16/06 23:42:38 - PRODUCAO => id:9342 user:1term:53 hora: sessao:16062019234750153127203250353636090131404MOBILEADM
16/06 23:42:38 - select estoque.grupo,auxiliar.id from auxiliar,estoque where auxiliar.idpedido=9342 and auxiliar.producao=0 and estoque.codigo=auxiliar.original and auxiliar.idtimer="16062019234750153127203250353636090131404MOBILEADM" order by estoque.grupo,auxiliar.id
16/06 23:42:38 - GRUPOS:<1,125593><1,125594><1,125595>
16/06 23:42:38 - CIS Status: Create
16/06 23:42:39 - CIS Status: Connect
16/06 23:42:39 - Status: Write cmd #16#4 (1..4)
16/06 23:42:39 - Status: ok
16/06 23:42:39 - Status: Tampa aberta 0, Sem Papel 0, Off-line 0, Erro1 0, Erro2 0, Erro3 0, Erro4 0
16/06 23:42:39 - CIS Status: Close
16/06 23:42:39 - PERFIL 7
16/06 23:42:39 - cupom_impressao_producao(9342,True,"",[],125593
125594
125595
,1);
16/06 23:42:39 - IOK 1 STAGE => 28
16/06 23:42:39 0 - {"sessao":"16062019234750153127203250353636090131404MOBILEADM","operacao":"PIT","pedido":"9342","usuario":"1","terminal":"53","conf":"3|1","items":[{"i0":"261|1"},{"i1":"39|1"},{"i2":"40|1"}]}
16/06 23:42:39 2 -  0,39t OK
16/06 23:42:59 - PEDIDOS SOLICITADO {"sessao":"1606201923480915330009110353636090131404MOBILEADM","operacao":"PIT","pedido":"9402","usuario":"1","terminal":"53","conf":"2|1","items":[{"i0":"35|1"},{"i1":"38|1"}]}
16/06 23:42:59 - sessao: 1606201923480915330009110353636090131404MOBILEADM
16/06 23:42:59 - id: 9402
16/06 23:42:59 - usuario: 1
16/06 23:42:59 - terminal: 53
16/06 23:42:59 - conf: 2|1
16/06 23:42:59 0 - 35|1
16/06 23:42:59 1 - 38|1
16/06 23:42:59 - dados
16/06 23:42:59 - VALORES? 5,90/5,9/5,9/,/"5.9"
16/06 23:42:59 - VALORES? 5,90/5,9/5,9/,/"5.9"
16/06 23:42:59 - PRODUCAO => id:9402 user:1term:53 hora: sessao:1606201923480915330009110353636090131404MOBILEADM
16/06 23:42:59 - select estoque.grupo,auxiliar.id from auxiliar,estoque where auxiliar.idpedido=9402 and auxiliar.producao=0 and estoque.codigo=auxiliar.original and auxiliar.idtimer="1606201923480915330009110353636090131404MOBILEADM" order by estoque.grupo,auxiliar.id
16/06 23:42:59 - GRUPOS:<1,125596><1,125597>
16/06 23:42:59 - CIS Status: Create
16/06 23:42:59 - CIS Status: Connect
16/06 23:42:59 - Status: Write cmd #16#4 (1..4)
16/06 23:42:59 - Status: ok
16/06 23:42:59 - Status: Tampa aberta 0, Sem Papel 0, Off-line 0, Erro1 0, Erro2 0, Erro3 0, Erro4 0
16/06 23:42:59 - CIS Status: Close
16/06 23:42:59 - PERFIL 7
16/06 23:42:59 - cupom_impressao_producao(9402,True,"",[],125596
125597
,1);
16/06 23:43:00 - IOK 1 STAGE => 28
16/06 23:43:00 0 - {"sessao":"1606201923480915330009110353636090131404MOBILEADM","operacao":"PIT","pedido":"9402","usuario":"1","terminal":"53","conf":"2|1","items":[{"i0":"35|1"},{"i1":"38|1"}]}
16/06 23:43:00 2 -  0,359t OK
16/06 23:43:09 - PEDIDOS SOLICITADO {"sessao":"16062019234823153114015493353636090131404MOBILEADM","operacao":"PIT","pedido":"9403","usuario":"1","terminal":"53","conf":"3|1","items":[{"i0":"35|1"},{"i1":"34|1"},{"i2":"38|1"}]}
16/06 23:43:09 - sessao: 16062019234823153114015493353636090131404MOBILEADM
16/06 23:43:09 - id: 9403
16/06 23:43:09 - usuario: 1
16/06 23:43:09 - terminal: 53
16/06 23:43:09 - conf: 3|1
16/06 23:43:09 0 - 35|1
16/06 23:43:09 1 - 34|1
16/06 23:43:09 2 - 38|1
16/06 23:43:09 - dados
16/06 23:43:09 - VALORES? 5,90/5,9/5,9/,/"5.9"
16/06 23:43:10 - VALORES? 9,90/9,9/9,9/,/"9.9"
16/06 23:43:10 - VALORES? 5,90/5,9/5,9/,/"5.9"
16/06 23:43:10 - PRODUCAO => id:9403 user:1term:53 hora: sessao:16062019234823153114015493353636090131404MOBILEADM
16/06 23:43:10 - select estoque.grupo,auxiliar.id from auxiliar,estoque where auxiliar.idpedido=9403 and auxiliar.producao=0 and estoque.codigo=auxiliar.original and auxiliar.idtimer="16062019234823153114015493353636090131404MOBILEADM" order by estoque.grupo,auxiliar.id
16/06 23:43:10 - GRUPOS:<1,125598><1,125599><1,125600>
16/06 23:43:10 - CIS Status: Create
16/06 23:43:10 - CIS Status: Connect
16/06 23:43:10 - Status: Write cmd #16#4 (1..4)
16/06 23:43:10 - Status: ok
16/06 23:43:10 - Status: Tampa aberta 0, Sem Papel 0, Off-line 0, Erro1 0, Erro2 0, Erro3 0, Erro4 0
16/06 23:43:10 - CIS Status: Close
16/06 23:43:10 - PERFIL 7
16/06 23:43:10 - cupom_impressao_producao(9403,True,"",[],125598
125599
125600
,1);
16/06 23:43:10 - IOK 1 STAGE => 28
16/06 23:43:10 0 - {"sessao":"16062019234823153114015493353636090131404MOBILEADM","operacao":"PIT","pedido":"9403","usuario":"1","terminal":"53","conf":"3|1","items":[{"i0":"35|1"},{"i1":"34|1"},{"i2":"38|1"}]}
16/06 23:43:10 2 -  0,344t OK
16/06 23:43:24 - PEDIDOS SOLICITADO {"sessao":"1606201923483715310352814353636090131404MOBILEADM","operacao":"PIT","pedido":"9404","usuario":"1","terminal":"53","conf":"3|1","items":[{"i0":"35|1"},{"i1":"34|1"},{"i2":"38|1"}]}
16/06 23:43:24 - sessao: 1606201923483715310352814353636090131404MOBILEADM
16/06 23:43:24 - id: 9404
16/06 23:43:24 - usuario: 1
16/06 23:43:24 - terminal: 53
16/06 23:43:24 - conf: 3|1
16/06 23:43:24 0 - 35|1
16/06 23:43:24 1 - 34|1
16/06 23:43:24 2 - 38|1
16/06 23:43:24 - dados
16/06 23:43:25 - VALORES? 5,90/5,9/5,9/,/"5.9"
16/06 23:43:25 - VALORES? 9,90/9,9/9,9/,/"9.9"
16/06 23:43:25 - VALORES? 5,90/5,9/5,9/,/"5.9"
16/06 23:43:25 - PRODUCAO => id:9404 user:1term:53 hora: sessao:1606201923483715310352814353636090131404MOBILEADM
16/06 23:43:25 - select estoque.grupo,auxiliar.id from auxiliar,estoque where auxiliar.idpedido=9404 and auxiliar.producao=0 and estoque.codigo=auxiliar.original and auxiliar.idtimer="1606201923483715310352814353636090131404MOBILEADM" order by estoque.grupo,auxiliar.id
16/06 23:43:25 - GRUPOS:<1,125601><1,125602><1,125603>
16/06 23:43:25 - CIS Status: Create
16/06 23:43:25 - CIS Status: Connect
16/06 23:43:25 - Status: Write cmd #16#4 (1..4)
16/06 23:43:25 - Status: ok
16/06 23:43:25 - Status: Tampa aberta 0, Sem Papel 0, Off-line 0, Erro1 0, Erro2 0, Erro3 0, Erro4 0
16/06 23:43:25 - CIS Status: Close
16/06 23:43:25 - PERFIL 7
16/06 23:43:25 - cupom_impressao_producao(9404,True,"",[],125601
125602
125603
,1);
16/06 23:43:25 - IOK 1 STAGE => 28
16/06 23:43:25 0 - {"sessao":"1606201923483715310352814353636090131404MOBILEADM","operacao":"PIT","pedido":"9404","usuario":"1","terminal":"53","conf":"3|1","items":[{"i0":"35|1"},{"i1":"34|1"},{"i2":"38|1"}]}
16/06 23:43:25 2 -  0,407t OK
16/06 23:44:04 - PEDIDOS SOLICITADO {"sessao":"1606201923485815361883811353636090131404MOBILEADM","operacao":"PIT","pedido":"9405","usuario":"1","terminal":"53","conf":"24|1","items":[{"i0":"64|1"},{"i1":"82|1"},{"i2":"32|1"},{"i3":"33|1"},{"i4":"35|1"},{"i5":"34|1"},{"i6":"36|1"},{"i7":"38|1"},{"i8":"135|1"},{"i9":"60|1"},{"i10":"61|1"},{"i11":"41|1"},{"i12":"348|1"},{"i13":"4|1"},{"i14":"5|1"},{"i15":"278|1"},{"i16":"275|1"},{"i17":"173|1"},{"i18":"149|1"},{"i19":"130|1"},{"i20":"277|1"},{"i21":"276|1"},{"i22":"336|1"},{"i23":"293|1"}]}
16/06 23:44:04 - sessao: 1606201923485815361883811353636090131404MOBILEADM
16/06 23:44:04 - id: 9405
16/06 23:44:04 - usuario: 1
16/06 23:44:04 - terminal: 53
16/06 23:44:04 - conf: 24|1
16/06 23:44:04 0 - 64|1
16/06 23:44:04 1 - 82|1
16/06 23:44:04 2 - 32|1
16/06 23:44:04 3 - 33|1
16/06 23:44:04 4 - 35|1
16/06 23:44:04 5 - 34|1
16/06 23:44:04 6 - 36|1
16/06 23:44:04 7 - 38|1
16/06 23:44:04 8 - 135|1
16/06 23:44:04 9 - 60|1
16/06 23:44:04 10 - 61|1
16/06 23:44:04 11 - 41|1
16/06 23:44:04 12 - 348|1
16/06 23:44:04 13 - 4|1
16/06 23:44:04 14 - 5|1
16/06 23:44:04 15 - 278|1
16/06 23:44:04 16 - 275|1
16/06 23:44:04 17 - 173|1
16/06 23:44:04 18 - 149|1
16/06 23:44:04 19 - 130|1
16/06 23:44:04 20 - 277|1
16/06 23:44:04 21 - 276|1
16/06 23:44:04 22 - 336|1
16/06 23:44:04 23 - 293|1
16/06 23:44:04 - dados
16/06 23:44:04 - VALORES? 9,90/9,9/9,9/,/"9.9"
16/06 23:44:04 - VALORES? 6,00/6/6/,/"6"
16/06 23:44:04 - VALORES? 5,90/5,9/5,9/,/"5.9"
16/06 23:44:04 - VALORES? 7,90/7,9/7,9/,/"7.9"
16/06 23:44:04 - VALORES? 5,90/5,9/5,9/,/"5.9"
16/06 23:44:04 - VALORES? 9,90/9,9/9,9/,/"9.9"
16/06 23:44:04 - VALORES? 5,90/5,9/5,9/,/"5.9"
16/06 23:44:04 - VALORES? 5,90/5,9/5,9/,/"5.9"
16/06 23:44:04 - VALORES? 11,90/11,9/11,9/,/"11.9"
16/06 23:44:04 - VALORES? 9,90/9,9/9,9/,/"9.9"
16/06 23:44:04 - VALORES? 9,90/9,9/9,9/,/"9.9"
16/06 23:44:04 - VALORES? 9,90/9,9/9,9/,/"9.9"
16/06 23:44:04 - VALORES? 11,90/11,9/11,9/,/"11.9"
16/06 23:44:05 - VALORES? 15,00/15/15/,/"15"
16/06 23:44:05 - VALORES? 12,90/12,9/12,9/,/"12.9"
16/06 23:44:05 - VALORES? 6,90/6,9/6,9/,/"6.9"
16/06 23:44:05 - VALORES? 6,90/6,9/6,9/,/"6.9"
16/06 23:44:05 - VALORES? 6,90/6,9/6,9/,/"6.9"
16/06 23:44:05 - VALORES? 6,90/6,9/6,9/,/"6.9"
16/06 23:44:05 - VALORES? 25,00/25/25/,/"25"
16/06 23:44:05 - VALORES? 6,90/6,9/6,9/,/"6.9"
16/06 23:44:05 - VALORES? 6,90/6,9/6,9/,/"6.9"
16/06 23:44:05 - VALORES? 8,00/8/8/,/"8"
16/06 23:44:05 - VALORES? 8,90/8,9/8,9/,/"8.9"
16/06 23:44:05 - PRODUCAO => id:9405 user:1term:53 hora: sessao:1606201923485815361883811353636090131404MOBILEADM
16/06 23:44:05 - select estoque.grupo,auxiliar.id from auxiliar,estoque where auxiliar.idpedido=9405 and auxiliar.producao=0 and estoque.codigo=auxiliar.original and auxiliar.idtimer="1606201923485815361883811353636090131404MOBILEADM" order by estoque.grupo,auxiliar.id
16/06 23:44:05 - GRUPOS:<1,125604><1,125605><1,125606><1,125607><1,125608><1,125609><1,125610><1,125611><1,125612><1,125613><1,125614><1,125615><2,125616><2,125617><2,125618><2,125619><2,125620><2,125621><2,125622><2,125623><2,125624><2,125625><2,125626><2,125627>
16/06 23:44:05 - CIS Status: Create
16/06 23:44:05 - CIS Status: Connect
16/06 23:44:05 - Status: Write cmd #16#4 (1..4)
16/06 23:44:05 - Status: ok
16/06 23:44:05 - Status: Tampa aberta 0, Sem Papel 0, Off-line 0, Erro1 0, Erro2 0, Erro3 0, Erro4 0
16/06 23:44:05 - CIS Status: Close
16/06 23:44:05 - PERFIL 7
16/06 23:44:05 - cupom_impressao_producao(9405,True,"",[],125604
125605
125606
125607
125608
125609
125610
125611
125612
125613
125614
125615
125616
125617
125618
125619
125620
125621
125622
125623
125624
125625
125626
125627
,1);
16/06 23:44:05 - IOK 1 STAGE => 28
16/06 23:44:05 0 - {"sessao":"1606201923485815361883811353636090131404MOBILEADM","operacao":"PIT","pedido":"9405","usuario":"1","terminal":"53","conf":"24|1","items":[{"i0":"64|1"},{"i1":"82|1"},{"i2":"32|1"},{"i3":"33|1"},{"i4":"35|1"},{"i5":"34|1"},{"i6":"36|1"},{"i7":"38|1"},{"i8":"135|1"},{"i9":"60|1"},{"i10":"61|1"},{"i11":"41|1"},{"i12":"348|1"},{"i13":"4|1"},{"i14":"5|1"},{"i15":"278|1"},{"i16":"275|1"},{"i17":"173|1"},{"i18":"149|1"},{"i19":"130|1"},{"i20":"277|1"},{"i21":"276|1"},{"i22":"336|1"},{"i23":"293|1"}]}
16/06 23:44:05 2 -  0,875t OK
16/06 23:44:33 - PEDIDOS SOLICITADO {"sessao":"1606201923494115364522286353636090131404MOBILEADM","operacao":"PIT","pedido":"9356","usuario":"1","terminal":"53","conf":"3|1","items":[{"i0":"130|1"},{"i1":"276|1"},{"i2":"293|1"}]}
16/06 23:44:33 - sessao: 1606201923494115364522286353636090131404MOBILEADM
16/06 23:44:33 - id: 9356
16/06 23:44:33 - usuario: 1
16/06 23:44:33 - terminal: 53
16/06 23:44:33 - conf: 3|1
16/06 23:44:33 0 - 130|1
16/06 23:44:33 1 - 276|1
16/06 23:44:33 2 - 293|1
16/06 23:44:33 - dados
16/06 23:44:33 - VALORES? 25,00/25/25/,/"25"
16/06 23:44:33 - VALORES? 6,90/6,9/6,9/,/"6.9"
16/06 23:44:33 - VALORES? 8,90/8,9/8,9/,/"8.9"
16/06 23:44:33 - PRODUCAO => id:9356 user:1term:53 hora: sessao:1606201923494115364522286353636090131404MOBILEADM
16/06 23:44:33 - select estoque.grupo,auxiliar.id from auxiliar,estoque where auxiliar.idpedido=9356 and auxiliar.producao=0 and estoque.codigo=auxiliar.original and auxiliar.idtimer="1606201923494115364522286353636090131404MOBILEADM" order by estoque.grupo,auxiliar.id
16/06 23:44:33 - GRUPOS:<2,125628><2,125629><2,125630>
16/06 23:44:33 - CIS Status: Create
16/06 23:44:33 - CIS Status: Connect
16/06 23:44:33 - Status: Write cmd #16#4 (1..4)
