16/06 20:50:15 - VALORES? 5,90/5,9/5,9/,/"5.9"
16/06 20:50:15 - salvando log -> C:\rcsv\App\mobile64\LOG_APP_MOBILE_SERVICE_64_4.log
16/06 20:50:15 - VALORES? 9,90/9,9/9,9/,/"9.9"
16/06 20:50:15 - PRODUCAO => id:9346 user:1term:53 hora: sessao:16062019205527153122531882353636090131404MOBILEADM
16/06 20:50:15 - select estoque.grupo,auxiliar.id from auxiliar,estoque where auxiliar.idpedido=9346 and auxiliar.producao=0 and estoque.codigo=auxiliar.original and auxiliar.idtimer="16062019205527153122531882353636090131404MOBILEADM" order by estoque.grupo,auxiliar.id
16/06 20:50:15 - GRUPOS:<1,125318><1,125319>
16/06 20:50:15 - CIS Status: Create
16/06 20:50:15 - CIS Status: Connect
16/06 20:50:15 - Status: Write cmd #16#4 (1..4)
16/06 20:50:16 - Status: ok
16/06 20:50:16 - Status: Tampa aberta 0, Sem Papel 0, Off-line 0, Erro1 0, Erro2 0, Erro3 0, Erro4 0
16/06 20:50:16 - CIS Status: Close
16/06 20:50:16 - PERFIL 7
16/06 20:50:16 - cupom_impressao_producao(9346,True,"",[],125318
125319
,1);
16/06 20:50:16 - IOK 1 STAGE => 28
16/06 20:50:40 - PEDIDOS SOLICITADO {"sessao":"160620192055481538044797353636090131404MOBILEADM","operacao":"PIT","pedido":"9347","usuario":"1","terminal":"53","conf":"2|1","items":[{"i0":"214|1"},{"i1":"8|1"}]}
16/06 20:50:40 - sessao: 160620192055481538044797353636090131404MOBILEADM
16/06 20:50:40 - id: 9347
16/06 20:50:40 - usuario: 1
16/06 20:50:40 - terminal: 53
16/06 20:50:40 - conf: 2|1
16/06 20:50:40 0 - 214|1
16/06 20:50:40 1 - 8|1
16/06 20:50:40 - dados
16/06 20:50:40 - VALORES? 10,00/10/10/,/"10"
16/06 20:50:40 - VALORES? 12,90/12,9/12,9/,/"12.9"
16/06 20:50:40 - PRODUCAO => id:9347 user:1term:53 hora: sessao:160620192055481538044797353636090131404MOBILEADM
16/06 20:50:40 - select estoque.grupo,auxiliar.id from auxiliar,estoque where auxiliar.idpedido=9347 and auxiliar.producao=0 and estoque.codigo=auxiliar.original and auxiliar.idtimer="160620192055481538044797353636090131404MOBILEADM" order by estoque.grupo,auxiliar.id
16/06 20:50:40 - GRUPOS:<2,125320><2,125321>
16/06 20:50:40 - CIS Status: Create
16/06 20:50:40 - CIS Status: Connect
16/06 20:50:40 - Status: Write cmd #16#4 (1..4)
16/06 20:50:40 - Status: ok
16/06 20:50:40 - Status: Tampa aberta 0, Sem Papel 0, Off-line 0, Erro1 0, Erro2 0, Erro3 0, Erro4 0
16/06 20:50:40 - CIS Status: Close
16/06 20:50:40 - PERFIL 7
16/06 20:50:40 - cupom_impressao_producao(9347,True,"",[],125320
125321
,1);
16/06 20:50:40 - IOK 1 STAGE => 28
16/06 20:51:09 - PEDIDOS SOLICITADO {"sessao":"1606201920561815315830885353636090131404MOBILEADM","operacao":"PIT","pedido":"9348","usuario":"1","terminal":"53","conf":"1|1","items":[{"i0":"5|1"}]}
16/06 20:51:09 - sessao: 1606201920561815315830885353636090131404MOBILEADM
16/06 20:51:09 - id: 9348
16/06 20:51:09 - usuario: 1
16/06 20:51:09 - terminal: 53
16/06 20:51:09 - conf: 1|1
16/06 20:51:09 0 - 5|1
16/06 20:51:09 - dados
16/06 20:51:09 - VALORES? 12,90/12,9/12,9/,/"12.9"
16/06 20:51:09 - PRODUCAO => id:9348 user:1term:53 hora: sessao:1606201920561815315830885353636090131404MOBILEADM
16/06 20:51:09 - select estoque.grupo,auxiliar.id from auxiliar,estoque where auxiliar.idpedido=9348 and auxiliar.producao=0 and estoque.codigo=auxiliar.original and auxiliar.idtimer="1606201920561815315830885353636090131404MOBILEADM" order by estoque.grupo,auxiliar.id
16/06 20:51:09 - GRUPOS:<2,125322>
16/06 20:51:09 - CIS Status: Create
16/06 20:51:09 - CIS Status: Connect
16/06 20:51:09 - Status: Write cmd #16#4 (1..4)
16/06 20:51:09 - Status: ok
16/06 20:51:09 - Status: Tampa aberta 0, Sem Papel 0, Off-line 0, Erro1 0, Erro2 0, Erro3 0, Erro4 0
16/06 20:51:09 - CIS Status: Close
16/06 20:51:09 - PERFIL 7
16/06 20:51:09 - cupom_impressao_producao(9348,True,"",[],125322
,1);
16/06 20:51:10 - IOK 1 STAGE => 28
16/06 20:51:25 - PEDIDOS SOLICITADO {"sessao":"1606201920563815326168001353636090131404MOBILEADM","operacao":"PIT","pedido":"9349","usuario":"1","terminal":"53","conf":"1|1","items":[{"i0":"5|1"}]}
16/06 20:51:25 - sessao: 1606201920563815326168001353636090131404MOBILEADM
16/06 20:51:25 - id: 9349
16/06 20:51:25 - usuario: 1
16/06 20:51:25 - terminal: 53
16/06 20:51:25 - conf: 1|1
16/06 20:51:25 0 - 5|1
16/06 20:51:25 - dados
16/06 20:51:26 - VALORES? 12,90/12,9/12,9/,/"12.9"
16/06 20:51:26 - PRODUCAO => id:9349 user:1term:53 hora: sessao:1606201920563815326168001353636090131404MOBILEADM
16/06 20:51:26 - select estoque.grupo,auxiliar.id from auxiliar,estoque where auxiliar.idpedido=9349 and auxiliar.producao=0 and estoque.codigo=auxiliar.original and auxiliar.idtimer="1606201920563815326168001353636090131404MOBILEADM" order by estoque.grupo,auxiliar.id
16/06 20:51:26 - GRUPOS:<2,125323>
16/06 20:51:26 - CIS Status: Create
16/06 20:51:26 - CIS Status: Connect
16/06 20:51:26 - Status: Write cmd #16#4 (1..4)
16/06 20:51:26 - Status: ok
16/06 20:51:26 - Status: Tampa aberta 0, Sem Papel 0, Off-line 0, Erro1 0, Erro2 0, Erro3 0, Erro4 0
16/06 20:51:26 - CIS Status: Close
16/06 20:51:26 - PERFIL 7
16/06 20:51:26 - cupom_impressao_producao(9349,True,"",[],125323
,1);
16/06 20:51:26 - IOK 1 STAGE => 28
16/06 20:51:45 - PRE-CONTA SOLICITADA {"operacao":"PRE","pedido":"9339"}
16/06 20:51:45 - Lista das impressoras
16/06 20:51:45 - Id da impressora 7 => TCP:192.168.88.200
16/06 20:51:45 - CIS Status: Create
16/06 20:51:45 - CIS Status: Connect
16/06 20:51:45 - Status: Write cmd #16#4 (1..4)
16/06 20:51:45 - Status: ok
16/06 20:51:45 - Status: Tampa aberta 0, Sem Papel 0, Off-line 0, Erro1 0, Erro2 0, Erro3 0, Erro4 0
16/06 20:51:45 - CIS Status: Close
16/06 20:51:45 - ABRIR BANCO DE DADOS
16/06 20:51:45 - OK BANCO DE DADOS
16/06 20:51:45 - SET IMPRESSORA 7
16/06 20:51:45 - ENVIANDO IMPRESSAO
16/06 20:51:45 - Processado com Sucesso
16/06 20:51:45 - GRAVANDO REGISTRO PRE
16/06 20:51:45 - CONCLUIDO
16/06 20:51:45 0 - POST / HTTP/1.1
Content-Length: 34

{"operacao":"PRE","pedido":"9339"}

 t:0,406 => OK
16/06 20:52:14 - PEDIDOS SOLICITADO {"sessao":"16062019205712153121521898353636090131404MOBILEADM","operacao":"PIT","pedido":"9350","usuario":"1","terminal":"53","conf":"10|1","items":[{"i0":"64|1"},{"i1":"82|1"},{"i2":"32|1"},{"i3":"33|1"},{"i4":"35|1"},{"i5":"34|1"},{"i6":"36|1"},{"i7":"38|1"},{"i8":"5|2"},{"i9":"325|1"}]}
16/06 20:52:14 - sessao: 16062019205712153121521898353636090131404MOBILEADM
16/06 20:52:14 - id: 9350
16/06 20:52:14 - usuario: 1
16/06 20:52:14 - terminal: 53
16/06 20:52:14 - conf: 10|1
16/06 20:52:14 0 - 64|1
16/06 20:52:14 1 - 82|1
16/06 20:52:14 2 - 32|1
16/06 20:52:14 3 - 33|1
16/06 20:52:14 4 - 35|1
16/06 20:52:14 5 - 34|1
16/06 20:52:14 6 - 36|1
16/06 20:52:14 7 - 38|1
16/06 20:52:14 8 - 5|2
16/06 20:52:14 9 - 325|1
16/06 20:52:14 - dados
16/06 20:52:14 - VALORES? 9,90/9,9/9,9/,/"9.9"
16/06 20:52:14 - VALORES? 6,00/6/6/,/"6"
16/06 20:52:14 - VALORES? 5,90/5,9/5,9/,/"5.9"
16/06 20:52:14 - VALORES? 7,90/7,9/7,9/,/"7.9"
16/06 20:52:14 - VALORES? 5,90/5,9/5,9/,/"5.9"
16/06 20:52:14 - VALORES? 9,90/9,9/9,9/,/"9.9"
16/06 20:52:14 - VALORES? 5,90/5,9/5,9/,/"5.9"
16/06 20:52:14 - VALORES? 5,90/5,9/5,9/,/"5.9"
16/06 20:52:14 - VALORES? 12,90/12,9/12,9/,/"12.9"
16/06 20:52:15 - VALORES? 11,90/11,9/11,9/,/"11.9"
16/06 20:52:15 - PRODUCAO => id:9350 user:1term:53 hora: sessao:16062019205712153121521898353636090131404MOBILEADM
16/06 20:52:15 - select estoque.grupo,auxiliar.id from auxiliar,estoque where auxiliar.idpedido=9350 and auxiliar.producao=0 and estoque.codigo=auxiliar.original and auxiliar.idtimer="16062019205712153121521898353636090131404MOBILEADM" order by estoque.grupo,auxiliar.id
16/06 20:52:15 - GRUPOS:<1,125324><1,125325><1,125326><1,125327><1,125328><1,125329><1,125330><1,125331><2,125332><2,125333>
16/06 20:52:15 - CIS Status: Create
16/06 20:52:15 - CIS Status: Connect
16/06 20:52:15 - Status: Write cmd #16#4 (1..4)
16/06 20:52:15 - Status: ok
16/06 20:52:15 - Status: Tampa aberta 0, Sem Papel 0, Off-line 0, Erro1 0, Erro2 0, Erro3 0, Erro4 0
16/06 20:52:15 - CIS Status: Close
16/06 20:52:15 - PERFIL 7
16/06 20:52:15 - cupom_impressao_producao(9350,True,"",[],125324
125325
125326
125327
125328
125329
125330
125331
125332
125333
,1);
16/06 20:52:15 - IOK 1 STAGE => 28
16/06 20:53:54 - PEDIDOS SOLICITADO {"sessao":"160620192053461564787129MOBILEADM","operacao":"PIT","pedido":"9351","usuario":"1","terminal":"56","conf":"3|1","items":[{"i0":"33|1"},{"i1":"35|1"},{"i2":"36|1"}]}
16/06 20:53:54 - sessao: 160620192053461564787129MOBILEADM
16/06 20:53:54 - id: 9351
16/06 20:53:54 - usuario: 1
16/06 20:53:54 - terminal: 56
16/06 20:53:54 - conf: 3|1
16/06 20:53:54 0 - 33|1
16/06 20:53:54 1 - 35|1
16/06 20:53:54 2 - 36|1
16/06 20:53:54 - dados
16/06 20:53:54 - VALORES? 7,90/7,9/7,9/,/"7.9"
16/06 20:53:54 - VALORES? 5,90/5,9/5,9/,/"5.9"
16/06 20:53:54 - VALORES? 5,90/5,9/5,9/,/"5.9"
16/06 20:53:54 - PRODUCAO => id:9351 user:1term:56 hora: sessao:160620192053461564787129MOBILEADM
16/06 20:53:54 - select estoque.grupo,auxiliar.id from auxiliar,estoque where auxiliar.idpedido=9351 and auxiliar.producao=0 and estoque.codigo=auxiliar.original and auxiliar.idtimer="160620192053461564787129MOBILEADM" order by estoque.grupo,auxiliar.id
16/06 20:53:54 - GRUPOS:<1,125334><1,125335><1,125336>
16/06 20:53:54 - CIS Status: Create
16/06 20:53:55 - CIS Status: Connect
16/06 20:53:55 - Status: Write cmd #16#4 (1..4)
16/06 20:53:55 - Status: ok
16/06 20:53:55 - Status: Tampa aberta 0, Sem Papel 0, Off-line 0, Erro1 0, Erro2 0, Erro3 0, Erro4 0
16/06 20:53:55 - CIS Status: Close
16/06 20:53:55 - PERFIL 7
16/06 20:53:55 - cupom_impressao_producao(9351,True,"",[],125334
125335
125336
,1);
16/06 20:53:55 - IOK 1 STAGE => 28
16/06 20:54:31 - PEDIDOS SOLICITADO {"sessao":"160620192054181561631506MOBILEADM","operacao":"PIT","pedido":"9353","usuario":"1","terminal":"56","conf":"3|1","items":[{"i0":"199|1"},{"i1":"7|1"},{"i2":"12|1"}]}
16/06 20:54:31 - sessao: 160620192054181561631506MOBILEADM
16/06 20:54:31 - id: 9353
16/06 20:54:31 - usuario: 1
16/06 20:54:31 - terminal: 56
16/06 20:54:31 - conf: 3|1
16/06 20:54:31 0 - 199|1
16/06 20:54:31 1 - 7|1
16/06 20:54:31 2 - 12|1
16/06 20:54:31 - dados
16/06 20:54:31 - VALORES? 8,90/8,9/8,9/,/"8.9"
16/06 20:54:31 - VALORES? 10,90/10,9/10,9/,/"10.9"
16/06 20:54:31 - VALORES? 8,90/8,9/8,9/,/"8.9"
16/06 20:54:31 - PRODUCAO => id:9353 user:1term:56 hora: sessao:160620192054181561631506MOBILEADM
16/06 20:54:31 - select estoque.grupo,auxiliar.id from auxiliar,estoque where auxiliar.idpedido=9353 and auxiliar.producao=0 and estoque.codigo=auxiliar.original and auxiliar.idtimer="160620192054181561631506MOBILEADM" order by estoque.grupo,auxiliar.id
16/06 20:54:31 - GRUPOS:<2,125337><2,125338><2,125339>
16/06 20:54:31 - CIS Status: Create
16/06 20:54:31 - CIS Status: Connect
16/06 20:54:31 - Status: Write cmd #16#4 (1..4)
16/06 20:54:31 - Status: ok
16/06 20:54:31 - Status: Tampa aberta 0, Sem Papel 0, Off-line 0, Erro1 0, Erro2 0, Erro3 0, Erro4 0
16/06 20:54:31 - CIS Status: Close
16/06 20:54:31 - PERFIL 7
16/06 20:54:31 - cupom_impressao_producao(9353,True,"",[],125337
125338
125339
,1);
16/06 20:54:31 - IOK 1 STAGE => 28
16/06 20:54:31 - PEDIDOS SOLICITADO {"sessao":"1606201920591915331496442353636090131404MOBILEADM","operacao":"PIT","pedido":"9352","usuario":"1","terminal":"53","conf":"3|1","items":[{"i0":"1|1"},{"i1":"8|1"},{"i2":"12|1"}]}
16/06 20:54:31 - sessao: 1606201920591915331496442353636090131404MOBILEADM
16/06 20:54:31 - id: 9352
16/06 20:54:31 - usuario: 1
16/06 20:54:31 - terminal: 53
16/06 20:54:31 - conf: 3|1
16/06 20:54:31 0 - 1|1
16/06 20:54:31 1 - 8|1
16/06 20:54:31 2 - 12|1
16/06 20:54:31 - dados
16/06 20:54:31 - VALORES? 13,00/13/13/,/"13"
16/06 20:54:31 - VALORES? 12,90/12,9/12,9/,/"12.9"
16/06 20:54:31 - VALORES? 8,90/8,9/8,9/,/"8.9"
16/06 20:54:31 - PRODUCAO => id:9352 user:1term:53 hora: sessao:1606201920591915331496442353636090131404MOBILEADM
16/06 20:54:31 - select estoque.grupo,auxiliar.id from auxiliar,estoque where auxiliar.idpedido=9352 and auxiliar.producao=0 and estoque.codigo=auxiliar.original and auxiliar.idtimer="1606201920591915331496442353636090131404MOBILEADM" order by estoque.grupo,auxiliar.id
16/06 20:54:31 - GRUPOS:<2,125340><2,125341><2,125342>
16/06 20:54:31 - CIS Status: Create
16/06 20:54:31 - CIS Status: Connect
16/06 20:54:31 - Status: Write cmd #16#4 (1..4)
16/06 20:54:31 - Status: ok
16/06 20:54:31 - Status: Tampa aberta 0, Sem Papel 0, Off-line 0, Erro1 0, Erro2 0, Erro3 0, Erro4 0
16/06 20:54:31 - CIS Status: Close
16/06 20:54:31 - PERFIL 7
16/06 20:54:31 - cupom_impressao_producao(9352,True,"",[],125340
125341
125342
,1);
16/06 20:54:32 - IOK 1 STAGE => 28
16/06 20:56:19 - PEDIDOS SOLICITADO {"sessao":"1606201921012815329821481353636090131404MOBILEADM","operacao":"PIT","pedido":"9354","usuario":"1","terminal":"53","conf":"3|1","items":[{"i0":"8|1"},{"i1":"27|1"},{"i2":"188|1"}]}
16/06 20:56:19 - sessao: 1606201921012815329821481353636090131404MOBILEADM
16/06 20:56:19 - id: 9354
16/06 20:56:19 - usuario: 1
16/06 20:56:19 - terminal: 53
16/06 20:56:19 - conf: 3|1
16/06 20:56:19 0 - 8|1
16/06 20:56:19 1 - 27|1
16/06 20:56:19 2 - 188|1
16/06 20:56:19 - dados
16/06 20:56:19 - VALORES? 12,90/12,9/12,9/,/"12.9"
16/06 20:56:19 - VALORES? 5,10/5,1/5,1/,/"5.1"
16/06 20:56:19 - VALORES? 7,00/7/7/,/"7"
16/06 20:56:19 - PRODUCAO => id:9354 user:1term:53 hora: sessao:1606201921012815329821481353636090131404MOBILEADM
16/06 20:56:19 - select estoque.grupo,auxiliar.id from auxiliar,estoque where auxiliar.idpedido=9354 and auxiliar.producao=0 and estoque.codigo=auxiliar.original and auxiliar.idtimer="1606201921012815329821481353636090131404MOBILEADM" order by estoque.grupo,auxiliar.id
16/06 20:56:19 - GRUPOS:<2,125343><2,125344><2,125345>
