125703
125704
125705
125715
125716
125717
125718
125719
125720
125721
125722
125723
125724
125706
125707
125708
125709
125710
125711
125712
125713
125714
125749
125750
125751
125752
125753
125754
125755
125765
125766
125767
125768
125769
125770
125771
125772
125773
125774
125775
125776
125783
125782
125784
125787
125788
125789
125796
125833
125839
125840
125841
125849
125850
125866
125867
125875
125876
125877
125878
125884
125885
125887
125888
125889
125890
125891
125892
125903
125904
125908
125909
125923
125924
125925
