18/12 19:25:19 - Variaveis
18/12 19:25:19 - salvando log -> C:\rcsv\App\mobile64\log\logs\LOG_APP_MOBILE_SERVICE_64_11.log
18/12 19:25:19 - CurrencyString="R$", CurrencyFormat="#2", NegCurrFormat="#9", ThousandSeparator=".", DecimalSeparator=",", CurrencyDecimals="2", DateSeparator="/", ShortDateFormat="dd/MM/yyyy", LongDateFormat="dddd, d' de 'MMMM' de 'yyyy", TimeSeparator=":", TimeAMString="", TimePMString="", ShortTimeFormat="hh:mm", LongTimeFormat="hh:mm:ss", TwoDigitYearCenturyWindow="50", ListSeparator=";"
18/12 19:25:19 - TCP Servidor
18/12 19:25:19 - TCP Cliente
18/12 19:25:19 - Iniciado na porta => 4409
18/12 19:25:19 - Formato Valores:        -1.254,87 | -1254,87|        1.254,87 | 1254,87
18/12 19:25:19 - Formato Data   : 18/12/2019 19:25:19
18/12 19:25:19 - Flags debug 1 sem log 0
18/12 19:25:19 - h > LOCALHOST p > 3306 d > hbecia u > root
18/12 19:25:19 - Terminal: 1
18/12 19:25:20 - BANCO DE DADOS ONLINE > LOCALHOST:hbecia
18/12 19:25:20 - PRECO => 23 /            23,00/23/23
18/12 19:25:20 - iniciar_identificacao_computador
18/12 19:25:20 - sistema_pegar_perfil
18/12 19:25:20 - empresa_carregar_segmentos
18/12 19:25:20 - rcs_iniciar_variaveis_globais
18/12 19:25:20 - terminal_id
18/12 19:25:20 - mesas_comandas
18/12 19:25:20 - LPRINT
18/12 19:25:20 - Status: Config => 192.168.88.83:9100
18/12 19:25:20 - Status: Config => 192.168.88.83:9100
18/12 19:25:20 - Status: Config => c:9100
18/12 19:25:20 - Status: Config => 192.168.88.83:9100
18/12 19:25:20 - LISTA DE IMPRESSORAS CARREGADA 4
18/12 19:25:20 - carregarImp
18/12 19:25:20 - objetos
18/12 19:25:20 - produtos_gerenciamento_de_estoque
18/12 19:25:20 - # status 100%
18/12 19:25:24 - STATUS DO SERVIDOR {"operacao":"status",
 "token":"c009a001",
"id":"TERMIX"}
18/12 19:25:24 0 - POST / HTTP/1.1
HOST: 192.168.88.44:4409
content-type: application/json
content-length: 59

{"operacao":"status",
 "token":"c009a001",
"id":"TERMIX"} t:0,015 => OK
18/12 19:25:25 - STATUS DO SERVIDOR {"operacao":"status",
 "token":"c009a001",
"id":"TERMIX"}
18/12 19:25:25 0 - POST / HTTP/1.1
HOST: 192.168.88.44:4409
content-type: application/json
content-length: 59

{"operacao":"status",
 "token":"c009a001",
"id":"TERMIX"} t:0,016 => OK
18/12 19:26:15 - ***  SERVIÇO PARADO
18/12 19:26:18 - Iniciando Suporte Mobile 64 bit Versao: 1.15.17/12/2019 20:06
18/12 19:26:18 - Variaveis
18/12 19:26:18 - CurrencyString="R$", CurrencyFormat="#2", NegCurrFormat="#9", ThousandSeparator=".", DecimalSeparator=",", CurrencyDecimals="2", DateSeparator="/", ShortDateFormat="dd/MM/yyyy", LongDateFormat="dddd, d' de 'MMMM' de 'yyyy", TimeSeparator=":", TimeAMString="", TimePMString="", ShortTimeFormat="hh:mm", LongTimeFormat="hh:mm:ss", TwoDigitYearCenturyWindow="50", ListSeparator=";"
18/12 19:26:18 - TCP Servidor
18/12 19:26:18 - TCP Cliente
18/12 19:26:18 - Iniciado na porta => 4409
18/12 19:26:18 - Formato Valores:        -1.254,87 | -1254,87|        1.254,87 | 1254,87
18/12 19:26:18 - Formato Data   : 18/12/2019 19:26:18
18/12 19:26:18 - Flags debug 1 sem log 0
18/12 19:26:18 - h > LOCALHOST p > 3306 d > hbecia u > root
18/12 19:26:18 - Terminal: 1
18/12 19:26:18 - BANCO DE DADOS ONLINE > LOCALHOST:hbecia
18/12 19:26:18 - PRECO => 23 /            23,00/23/23
18/12 19:26:18 - iniciar_identificacao_computador
18/12 19:26:18 - sistema_pegar_perfil
18/12 19:26:18 - empresa_carregar_segmentos
18/12 19:26:18 - rcs_iniciar_variaveis_globais
18/12 19:26:18 - terminal_id
18/12 19:26:18 - mesas_comandas
18/12 19:26:18 - LPRINT
18/12 19:26:18 - Status: Config => 192.168.88.83:9100
18/12 19:26:18 - Status: Config => 192.168.88.83:9100
18/12 19:26:18 - Status: Config => c:9100
18/12 19:26:18 - Status: Config => 192.168.88.83:9100
18/12 19:26:18 - LISTA DE IMPRESSORAS CARREGADA 4
18/12 19:26:18 - carregarImp
18/12 19:26:18 - objetos
18/12 19:26:18 - produtos_gerenciamento_de_estoque
18/12 19:26:18 - # status 100%
18/12 19:26:23 - STATUS DO SERVIDOR {"operacao":"status",
 "token":"c009a001",
"id":"TERMIX"}
18/12 19:26:23 0 - POST / HTTP/1.1
HOST: 192.168.88.44:4409
content-type: application/json
content-length: 59

{"operacao":"status",
 "token":"c009a001",
"id":"TERMIX"} t:0,016 => OK
18/12 19:26:24 - STATUS DO SERVIDOR {"operacao":"status",
 "token":"c009a001",
"id":"TERMIX"}
18/12 19:26:24 0 - POST / HTTP/1.1
HOST: 192.168.88.44:4409
content-type: application/json
content-length: 59

{"operacao":"status",
 "token":"c009a001",
"id":"TERMIX"} t:0,015 => OK
18/12 19:44:07 - STATUS DO SERVIDOR {"operacao":"status",
 "token":"c009a001",
"id":"TERMIX"}
18/12 19:44:07 0 - POST / HTTP/1.1
HOST: 192.168.88.44:4409
content-type: application/json
content-length: 59

{"operacao":"status",
 "token":"c009a001",
"id":"TERMIX"} t:0,015 => OK
18/12 19:44:08 - STATUS DO SERVIDOR {"operacao":"status",
 "token":"c009a001",
"id":"TERMIX"}
18/12 19:44:08 0 - POST / HTTP/1.1
HOST: 192.168.88.44:4409
content-type: application/json
content-length: 59

{"operacao":"status",
 "token":"c009a001",
"id":"TERMIX"} t:0,016 => OK
18/12 19:44:08 - STATUS DO SERVIDOR {"operacao":"status",
 "token":"c009a001",
"id":"TERMIX"}
18/12 19:44:08 0 - POST / HTTP/1.1
HOST: 192.168.88.44:4409
content-type: application/json
content-length: 59

{"operacao":"status",
 "token":"c009a001",
"id":"TERMIX"} t:0,016 => OK
18/12 19:44:08 - STATUS DO SERVIDOR {"operacao":"status",
 "token":"c009a001",
"id":"TERMIX"}
18/12 19:44:08 0 - POST / HTTP/1.1
HOST: 192.168.88.44:4409
content-type: application/json
content-length: 59

{"operacao":"status",
 "token":"c009a001",
"id":"TERMIX"} t:0,016 => OK
18/12 19:44:08 - STATUS DO SERVIDOR {"operacao":"status",
 "token":"c009a001",
"id":"TERMIX"}
18/12 19:44:08 0 - POST / HTTP/1.1
HOST: 192.168.88.44:4409
content-type: application/json
content-length: 59

{"operacao":"status",
 "token":"c009a001",
"id":"TERMIX"} t:0,016 => OK
18/12 19:44:09 - STATUS DO SERVIDOR {"operacao":"status",
 "token":"c009a001",
"id":"TERMIX"}
18/12 19:44:09 0 - POST / HTTP/1.1
HOST: 192.168.88.44:4409
content-type: application/json
content-length: 59

{"operacao":"status",
 "token":"c009a001",
"id":"TERMIX"} t:0,016 => OK
18/12 19:44:09 - STATUS DO SERVIDOR {"operacao":"status",
 "token":"c009a001",
"id":"TERMIX"}
18/12 19:44:09 0 - POST / HTTP/1.1
HOST: 192.168.88.44:4409
content-type: application/json
content-length: 59

{"operacao":"status",
 "token":"c009a001",
"id":"TERMIX"} t:0,016 => OK
18/12 19:44:09 - STATUS DO SERVIDOR {"operacao":"status",
 "token":"c009a001",
"id":"TERMIX"}
18/12 19:44:09 0 - POST / HTTP/1.1
HOST: 192.168.88.44:4409
content-type: application/json
content-length: 59

{"operacao":"status",
 "token":"c009a001",
"id":"TERMIX"} => OK
18/12 19:44:09 - STATUS DO SERVIDOR {"operacao":"status",
 "token":"c009a001",
"id":"TERMIX"}
18/12 19:44:09 0 - POST / HTTP/1.1
HOST: 192.168.88.44:4409
content-type: application/json
content-length: 59

{"operacao":"status",
 "token":"c009a001",
"id":"TERMIX"} t:0,016 => OK
18/12 19:44:21 - STATUS DO SERVIDOR {"operacao":"status",
 "token":"c009a001",
"id":"TERMIX"}
18/12 19:44:21 0 - POST / HTTP/1.1
HOST: 192.168.88.44:4409
content-type: application/json
content-length: 59

{"operacao":"status",
 "token":"c009a001",
"id":"TERMIX"} t:0,015 => OK
18/12 19:44:22 - STATUS DO SERVIDOR {"operacao":"status",
 "token":"c009a001",
"id":"TERMIX"}
18/12 19:44:22 0 - POST / HTTP/1.1
HOST: 192.168.88.44:4409
content-type: application/json
content-length: 59

{"operacao":"status",
 "token":"c009a001",
"id":"TERMIX"} => OK
18/12 19:44:23 - STATUS DO SERVIDOR {"operacao":"status",
 "token":"c009a001",
"id":"TERMIX"}
18/12 19:44:23 0 - POST / HTTP/1.1
HOST: 192.168.88.44:4409
content-type: application/json
content-length: 59

{"operacao":"status",
 "token":"c009a001",
"id":"TERMIX"} t:0,016 => OK
18/12 19:44:23 - STATUS DO SERVIDOR {"operacao":"status",
 "token":"c009a001",
"id":"TERMIX"}
18/12 19:44:23 0 - POST / HTTP/1.1
HOST: 192.168.88.44:4409
content-type: application/json
content-length: 59

{"operacao":"status",
 "token":"c009a001",
"id":"TERMIX"} => OK
18/12 19:44:23 - STATUS DO SERVIDOR {"operacao":"status",
 "token":"c009a001",
"id":"TERMIX"}
18/12 19:44:23 0 - POST / HTTP/1.1
HOST: 192.168.88.44:4409
content-type: application/json
content-length: 59

{"operacao":"status",
 "token":"c009a001",
"id":"TERMIX"} t:0,016 => OK
