18/12 23:22:36 - iniciar_identificacao_computador
18/12 23:22:36 - salvando log -> C:\rcsv\App\mobile64\log\logs\LOG_APP_MOBILE_SERVICE_64_22.log
18/12 23:22:36 - sistema_pegar_perfil
18/12 23:22:36 - empresa_carregar_segmentos
18/12 23:22:36 - rcs_iniciar_variaveis_globais
18/12 23:22:36 - terminal_id
18/12 23:22:36 - mesas_comandas
18/12 23:22:36 - LPRINT
18/12 23:22:36 - Status: Config => 192.168.88.83:9100
18/12 23:22:36 - Status: Config => 192.168.88.83:9100
18/12 23:22:36 - Status: Config => c:9100
18/12 23:22:36 - Status: Config => 192.168.88.83:9100
18/12 23:22:36 - LISTA DE IMPRESSORAS CARREGADA 4
18/12 23:22:36 - carregarImp
18/12 23:22:36 - objetos
18/12 23:22:36 - produtos_gerenciamento_de_estoque
18/12 23:22:36 - # status 100%
18/12 23:22:39 - DADOS MYSQL {"operacao":"mysql",
"token":"c001a001",
"id":"TERMIX"}
18/12 23:22:39 0 - POST / HTTP/1.1
HOST: 192.168.88.44:4409
content-type: application/json
content-length: 57

{"operacao":"mysql",
"token":"c001a001",
"id":"TERMIX"} => OK
18/12 23:22:40 - DADOS MYSQL {"operacao":"mysql",
"token":"c001a001",
"id":"TERMIX"}
18/12 23:22:40 0 - POST / HTTP/1.1
HOST: 192.168.88.44:4409
content-type: application/json
content-length: 57

{"operacao":"mysql",
"token":"c001a001",
"id":"TERMIX"} => OK
18/12 23:22:40 - DADOS MYSQL {"operacao":"mysql",
"token":"c001a001",
"id":"TERMIX"}
18/12 23:22:40 0 - POST / HTTP/1.1
HOST: 192.168.88.44:4409
content-type: application/json
content-length: 57

{"operacao":"mysql",
"token":"c001a001",
"id":"TERMIX"} t:0,016 => OK
18/12 23:22:40 - DADOS MYSQL {"operacao":"mysql",
"token":"c001a001",
"id":"TERMIX"}
18/12 23:22:40 0 - POST / HTTP/1.1
HOST: 192.168.88.44:4409
content-type: application/json
content-length: 57

{"operacao":"mysql",
"token":"c001a001",
"id":"TERMIX"} => OK
18/12 23:22:41 - DADOS MYSQL {"operacao":"mysql",
"token":"c001a001",
"id":"TERMIX"}
18/12 23:22:41 0 - POST / HTTP/1.1
HOST: 192.168.88.44:4409
content-type: application/json
content-length: 57

{"operacao":"mysql",
"token":"c001a001",
"id":"TERMIX"} => OK
18/12 23:22:41 - DADOS MYSQL {"operacao":"mysql",
"token":"c001a001",
"id":"TERMIX"}
18/12 23:22:41 0 - POST / HTTP/1.1
HOST: 192.168.88.44:4409
content-type: application/json
content-length: 57

{"operacao":"mysql",
"token":"c001a001",
"id":"TERMIX"} => OK
18/12 23:22:41 - DADOS MYSQL {"operacao":"mysql",
"token":"c001a001",
"id":"TERMIX"}
18/12 23:22:41 0 - POST / HTTP/1.1
HOST: 192.168.88.44:4409
content-type: application/json
content-length: 57

{"operacao":"mysql",
"token":"c001a001",
"id":"TERMIX"} t:0,016 => OK
18/12 23:23:19 - LOGIN DO USUARIO {"operacao":"login",
"terminal":"1",
 "token":"c001a001",
"usuario":"JULIA",
"senha":"123456"}
18/12 23:23:19 0 - POST / HTTP/1.1
HOST: 192.168.88.44:4409
content-type: application/json
content-length: 98

{"operacao":"login",
"terminal":"1",
 "token":"c001a001",
"usuario":"JULIA",
"senha":"123456"} t:0,016 => OK
18/12 23:23:23 - LOGIN DO USUARIO {"operacao":"login",
"terminal":"1",
 "token":"c001a001",
"usuario":"JULIA",
"senha":"123456"}
18/12 23:23:23 0 - POST / HTTP/1.1
HOST: 192.168.88.44:4409
content-type: application/json
content-length: 98

{"operacao":"login",
"terminal":"1",
 "token":"c001a001",
"usuario":"JULIA",
"senha":"123456"} t:0,015 => OK
18/12 23:23:24 - LOGIN DO USUARIO {"operacao":"login",
"terminal":"1",
 "token":"c001a001",
"usuario":"JULIA",
"senha":"123456"}
18/12 23:23:24 0 - POST / HTTP/1.1
HOST: 192.168.88.44:4409
content-type: application/json
content-length: 98

{"operacao":"login",
"terminal":"1",
 "token":"c001a001",
"usuario":"JULIA",
"senha":"123456"} t:0,016 => OK
18/12 23:23:24 - LOGIN DO USUARIO {"operacao":"login",
"terminal":"1",
 "token":"c001a001",
"usuario":"JULIA",
"senha":"123456"}
18/12 23:23:24 0 - POST / HTTP/1.1
HOST: 192.168.88.44:4409
content-type: application/json
content-length: 98

{"operacao":"login",
"terminal":"1",
 "token":"c001a001",
"usuario":"JULIA",
"senha":"123456"} t:0,015 => OK
18/12 23:23:24 - LOGIN DO USUARIO {"operacao":"login",
"terminal":"1",
 "token":"c001a001",
"usuario":"JULIA",
"senha":"123456"}
18/12 23:23:24 0 - POST / HTTP/1.1
HOST: 192.168.88.44:4409
content-type: application/json
content-length: 98

{"operacao":"login",
"terminal":"1",
 "token":"c001a001",
"usuario":"JULIA",
"senha":"123456"} => OK
18/12 23:23:25 - LOGIN DO USUARIO {"operacao":"login",
"terminal":"1",
 "token":"c001a001",
"usuario":"JULIA",
"senha":"123456"}
18/12 23:23:25 0 - POST / HTTP/1.1
HOST: 192.168.88.44:4409
content-type: application/json
content-length: 98

{"operacao":"login",
"terminal":"1",
 "token":"c001a001",
"usuario":"JULIA",
"senha":"123456"} t:0,016 => OK
18/12 23:23:25 - LOGIN DO USUARIO {"operacao":"login",
"terminal":"1",
 "token":"c001a001",
"usuario":"JULIA",
"senha":"123456"}
18/12 23:23:25 0 - POST / HTTP/1.1
HOST: 192.168.88.44:4409
content-type: application/json
content-length: 98

{"operacao":"login",
"terminal":"1",
 "token":"c001a001",
"usuario":"JULIA",
"senha":"123456"} t:0,016 => OK
18/12 23:23:25 - LOGIN DO USUARIO {"operacao":"login",
"terminal":"1",
 "token":"c001a001",
"usuario":"JULIA",
"senha":"123456"}
18/12 23:23:25 0 - POST / HTTP/1.1
HOST: 192.168.88.44:4409
content-type: application/json
content-length: 98

{"operacao":"login",
"terminal":"1",
 "token":"c001a001",
"usuario":"JULIA",
"senha":"123456"} t:0,016 => OK
18/12 23:23:25 - LOGIN DO USUARIO {"operacao":"login",
"terminal":"1",
 "token":"c001a001",
"usuario":"JULIA",
"senha":"123456"}
18/12 23:23:25 0 - POST / HTTP/1.1
HOST: 192.168.88.44:4409
content-type: application/json
content-length: 98

{"operacao":"login",
"terminal":"1",
 "token":"c001a001",
"usuario":"JULIA",
"senha":"123456"} => OK
18/12 23:23:25 - LOGIN DO USUARIO {"operacao":"login",
"terminal":"1",
 "token":"c001a001",
"usuario":"JULIA",
"senha":"123456"}
18/12 23:23:25 0 - POST / HTTP/1.1
HOST: 192.168.88.44:4409
content-type: application/json
content-length: 98

{"operacao":"login",
"terminal":"1",
 "token":"c001a001",
"usuario":"JULIA",
"senha":"123456"} t:0,016 => OK
18/12 23:23:26 - LOGIN DO USUARIO {"operacao":"login",
"terminal":"1",
 "token":"c001a001",
"usuario":"JULIA",
"senha":"123456"}
18/12 23:23:26 0 - POST / HTTP/1.1
HOST: 192.168.88.44:4409
content-type: application/json
content-length: 98

{"operacao":"login",
"terminal":"1",
 "token":"c001a001",
"usuario":"JULIA",
"senha":"123456"} t:0,015 => OK
