18/12 00:31:37 - ***  SERVIÇO PARADO
18/12 00:31:40 - Iniciando Suporte Mobile 64 bit Versao: 1.15.17/12/2019 20:06
18/12 00:31:40 - Variaveis
18/12 00:31:40 - CurrencyString="R$", CurrencyFormat="#2", NegCurrFormat="#9", ThousandSeparator=".", DecimalSeparator=",", CurrencyDecimals="2", DateSeparator="/", ShortDateFormat="dd/MM/yyyy", LongDateFormat="dddd, d' de 'MMMM' de 'yyyy", TimeSeparator=":", TimeAMString="", TimePMString="", ShortTimeFormat="hh:mm", LongTimeFormat="hh:mm:ss", TwoDigitYearCenturyWindow="50", ListSeparator=";"
18/12 00:31:40 - TCP Servidor
18/12 00:31:40 - TCP Cliente
18/12 00:31:40 - Iniciado na porta => 4409
18/12 00:31:40 - Formato Valores:        -1.254,87 | -1254,87|        1.254,87 | 1254,87
18/12 00:31:40 - Formato Data   : 18/12/2019 00:31:40
18/12 00:31:40 - Flags debug 1 sem log 0
18/12 00:31:40 - h > LOCALHOST p > 3306 d > hbecia u > root
18/12 00:31:40 - Terminal: 1
18/12 00:31:40 - BANCO DE DADOS ONLINE > LOCALHOST:hbecia
18/12 00:31:40 - PRECO => 23 /            23,00/23/23
18/12 00:31:40 - iniciar_identificacao_computador
18/12 00:31:40 - sistema_pegar_perfil
18/12 00:31:40 - empresa_carregar_segmentos
18/12 00:31:40 - rcs_iniciar_variaveis_globais
18/12 00:31:40 - terminal_id
18/12 00:31:40 - mesas_comandas
18/12 00:31:40 - LPRINT
18/12 00:31:40 - Status: Config => 192.168.88.83:9100
18/12 00:31:40 - Status: Config => 192.168.88.83:9100
18/12 00:31:40 - Status: Config => c:9100
18/12 00:31:40 - Status: Config => 192.168.88.83:9100
18/12 00:31:40 - LISTA DE IMPRESSORAS CARREGADA 4
18/12 00:31:40 - carregarImp
18/12 00:31:40 - objetos
18/12 00:31:40 - produtos_gerenciamento_de_estoque
18/12 00:31:40 - # status 100%
18/12 00:31:49 - STATUS DO SERVIDOR {"operacao":"status",
"id":"TERMIX"}
18/12 00:31:49 0 - POST / HTTP/1.1
HOST: 192.168.88.44:4409
content-type: application/json
content-length: 37

{"operacao":"status",
"id":"TERMIX"} t:0,016 => OK
18/12 00:35:05 - ***  SERVIÇO PARADO
18/12 00:35:08 - Iniciando Suporte Mobile 64 bit Versao: 1.15.17/12/2019 20:06
18/12 00:35:08 - Variaveis
18/12 00:35:08 - CurrencyString="R$", CurrencyFormat="#2", NegCurrFormat="#9", ThousandSeparator=".", DecimalSeparator=",", CurrencyDecimals="2", DateSeparator="/", ShortDateFormat="dd/MM/yyyy", LongDateFormat="dddd, d' de 'MMMM' de 'yyyy", TimeSeparator=":", TimeAMString="", TimePMString="", ShortTimeFormat="hh:mm", LongTimeFormat="hh:mm:ss", TwoDigitYearCenturyWindow="50", ListSeparator=";"
18/12 00:35:08 - TCP Servidor
18/12 00:35:08 - TCP Cliente
18/12 00:35:08 - Iniciado na porta => 4409
18/12 00:35:08 - Formato Valores:        -1.254,87 | -1254,87|        1.254,87 | 1254,87
18/12 00:35:08 - Formato Data   : 18/12/2019 00:35:08
18/12 00:35:08 - Flags debug 1 sem log 0
18/12 00:35:08 - h > LOCALHOST p > 3306 d > hbecia u > root
18/12 00:35:08 - Terminal: 1
18/12 00:35:08 - BANCO DE DADOS ONLINE > LOCALHOST:hbecia
18/12 00:35:08 - PRECO => 23 /            23,00/23/23
18/12 00:35:08 - iniciar_identificacao_computador
18/12 00:35:08 - sistema_pegar_perfil
18/12 00:35:08 - empresa_carregar_segmentos
18/12 00:35:08 - rcs_iniciar_variaveis_globais
18/12 00:35:08 - terminal_id
18/12 00:35:08 - mesas_comandas
18/12 00:35:08 - LPRINT
18/12 00:35:08 - Status: Config => 192.168.88.83:9100
18/12 00:35:08 - Status: Config => 192.168.88.83:9100
18/12 00:35:08 - Status: Config => c:9100
18/12 00:35:08 - Status: Config => 192.168.88.83:9100
18/12 00:35:08 - LISTA DE IMPRESSORAS CARREGADA 4
18/12 00:35:08 - carregarImp
18/12 00:35:08 - objetos
18/12 00:35:08 - produtos_gerenciamento_de_estoque
18/12 00:35:08 - # status 100%
18/12 00:35:17 - STATUS DO SERVIDOR {"operacao":"status",
"id":"TERMIX"}
18/12 00:35:17 0 - POST / HTTP/1.1
HOST: 192.168.88.44:4409
content-type: application/json
content-length: 37

{"operacao":"status",
"id":"TERMIX"} t:0,016 => OK
18/12 00:35:19 - STATUS DO SERVIDOR {"operacao":"status",
"id":"TERMIX"}
18/12 00:35:19 0 - POST / HTTP/1.1
HOST: 192.168.88.44:4409
content-type: application/json
content-length: 37

{"operacao":"status",
"id":"TERMIX"} t:0,016 => OK
18/12 00:35:32 - LOGIN DO USUARIO {"operacao":"login",
"terminal":"1",
"usuario":"JULIA",
"senha":"123456"}
18/12 00:35:33 0 - POST / HTTP/1.1
HOST: 192.168.88.44:4409
content-type: application/json
content-length: 76

{"operacao":"login",
"terminal":"1",
"usuario":"JULIA",
"senha":"123456"} t:0,015 => OK
18/12 00:35:36 - LOGIN DO USUARIO {"operacao":"login",
"terminal":"1",
"usuario":"JULIA",
"senha":"123456"}
18/12 00:35:36 0 - POST / HTTP/1.1
HOST: 192.168.88.44:4409
content-type: application/json
content-length: 76

{"operacao":"login",
"terminal":"1",
"usuario":"JULIA",
"senha":"123456"} t:0,015 => OK
18/12 11:22:06 - LOGIN DO USUARIO {"operacao":"login",
"terminal":"1",
"usuario":"JULIA",
"senha":"123456"}
18/12 11:22:06 0 - POST / HTTP/1.1
HOST: 192.168.88.44:4409
content-type: application/json
content-length: 76

{"operacao":"login",
"terminal":"1",
"usuario":"JULIA",
"senha":"123456"} t:0,047 => OK
18/12 12:52:31 - LOGIN DO USUARIO {"operacao":"login",
"terminal":"1",
"usuario":"JULIA",
"senha":"123456"}
18/12 12:52:31 0 - POST / HTTP/1.1
HOST: 192.168.88.44:4409
content-type: application/json
content-length: 76

{"operacao":"login",
"terminal":"1",
"usuario":"JULIA",
"senha":"123456"} t:0,047 => OK
18/12 14:43:35 - ***  SERVIÇO PARADO
18/12 14:43:38 - Iniciando Suporte Mobile 64 bit Versao: 1.15.17/12/2019 20:06
18/12 14:43:38 - Variaveis
18/12 14:43:38 - CurrencyString="R$", CurrencyFormat="#2", NegCurrFormat="#9", ThousandSeparator=".", DecimalSeparator=",", CurrencyDecimals="2", DateSeparator="/", ShortDateFormat="dd/MM/yyyy", LongDateFormat="dddd, d' de 'MMMM' de 'yyyy", TimeSeparator=":", TimeAMString="", TimePMString="", ShortTimeFormat="hh:mm", LongTimeFormat="hh:mm:ss", TwoDigitYearCenturyWindow="50", ListSeparator=";"
18/12 14:43:38 - TCP Servidor
18/12 14:43:38 - TCP Cliente
18/12 14:43:38 - Iniciado na porta => 4409
18/12 14:43:38 - Formato Valores:        -1.254,87 | -1254,87|        1.254,87 | 1254,87
18/12 14:43:38 - Formato Data   : 18/12/2019 14:43:38
18/12 14:43:38 - Flags debug 1 sem log 0
18/12 14:43:38 - h > LOCALHOST p > 3306 d > hbecia u > root
18/12 14:43:38 - Terminal: 1
18/12 14:43:38 - BANCO DE DADOS ONLINE > LOCALHOST:hbecia
18/12 14:43:38 - PRECO => 23 /            23,00/23/23
18/12 14:43:38 - iniciar_identificacao_computador
18/12 14:43:38 - sistema_pegar_perfil
18/12 14:43:38 - empresa_carregar_segmentos
18/12 14:43:38 - rcs_iniciar_variaveis_globais
18/12 14:43:38 - terminal_id
18/12 14:43:38 - mesas_comandas
18/12 14:43:38 - LPRINT
18/12 14:43:38 - Status: Config => 192.168.88.83:9100
18/12 14:43:38 - Status: Config => 192.168.88.83:9100
18/12 14:43:38 - Status: Config => c:9100
18/12 14:43:38 - Status: Config => 192.168.88.83:9100
18/12 14:43:39 - LISTA DE IMPRESSORAS CARREGADA 4
18/12 14:43:39 - carregarImp
18/12 14:43:39 - objetos
18/12 14:43:39 - produtos_gerenciamento_de_estoque
18/12 14:43:39 - # status 100%
18/12 14:43:53 - STATUS DO SERVIDOR {"operacao":"status",
"id":"TERMIX"}
18/12 14:43:53 0 - POST / HTTP/1.1
HOST: 192.168.88.44:4409
content-type: application/json
content-length: 37

{"operacao":"status",
"id":"TERMIX"} t:0,031 => OK
18/12 14:46:00 - ***  SERVIÇO PARADO
18/12 14:46:03 - Iniciando Suporte Mobile 64 bit Versao: 1.15.17/12/2019 20:06
18/12 14:46:03 - Variaveis
18/12 14:46:03 - CurrencyString="R$", CurrencyFormat="#2", NegCurrFormat="#9", ThousandSeparator=".", DecimalSeparator=",", CurrencyDecimals="2", DateSeparator="/", ShortDateFormat="dd/MM/yyyy", LongDateFormat="dddd, d' de 'MMMM' de 'yyyy", TimeSeparator=":", TimeAMString="", TimePMString="", ShortTimeFormat="hh:mm", LongTimeFormat="hh:mm:ss", TwoDigitYearCenturyWindow="50", ListSeparator=";"
18/12 14:46:03 - TCP Servidor
18/12 14:46:03 - TCP Cliente
18/12 14:46:03 - Iniciado na porta => 4409
18/12 14:46:03 - Formato Valores:        -1.254,87 | -1254,87|        1.254,87 | 1254,87
18/12 14:46:03 - Formato Data   : 18/12/2019 14:46:03
18/12 14:46:03 - Flags debug 1 sem log 0
18/12 14:46:03 - h > LOCALHOST p > 3306 d > hbecia u > root
18/12 14:46:03 - Terminal: 1
18/12 14:46:03 - BANCO DE DADOS ONLINE > LOCALHOST:hbecia
18/12 14:46:03 - PRECO => 23 /            23,00/23/23
18/12 14:46:03 - iniciar_identificacao_computador
18/12 14:46:03 - sistema_pegar_perfil
18/12 14:46:03 - empresa_carregar_segmentos
18/12 14:46:03 - rcs_iniciar_variaveis_globais
18/12 14:46:03 - terminal_id
18/12 14:46:03 - mesas_comandas
18/12 14:46:03 - LPRINT
18/12 14:46:03 - Status: Config => 192.168.88.83:9100
18/12 14:46:03 - Status: Config => 192.168.88.83:9100
18/12 14:46:03 - Status: Config => c:9100
18/12 14:46:03 - Status: Config => 192.168.88.83:9100
18/12 14:46:03 - LISTA DE IMPRESSORAS CARREGADA 4
18/12 14:46:03 - carregarImp
18/12 14:46:03 - objetos
18/12 14:46:03 - produtos_gerenciamento_de_estoque
18/12 14:46:03 - # status 100%
18/12 17:20:35 - ***  SERVIÇO PARADO
18/12 17:20:37 - Iniciando Suporte Mobile 64 bit Versao: 1.15.17/12/2019 20:06
18/12 17:20:37 - Variaveis
18/12 17:20:37 - CurrencyString="R$", CurrencyFormat="#2", NegCurrFormat="#9", ThousandSeparator=".", DecimalSeparator=",", CurrencyDecimals="2", DateSeparator="/", ShortDateFormat="dd/MM/yyyy", LongDateFormat="dddd, d' de 'MMMM' de 'yyyy", TimeSeparator=":", TimeAMString="", TimePMString="", ShortTimeFormat="hh:mm", LongTimeFormat="hh:mm:ss", TwoDigitYearCenturyWindow="50", ListSeparator=";"
18/12 17:20:37 - TCP Servidor
18/12 17:20:37 - TCP Cliente
18/12 17:20:37 - Iniciado na porta => 4409
18/12 17:20:37 - Formato Valores:        -1.254,87 | -1254,87|        1.254,87 | 1254,87
18/12 17:20:37 - Formato Data   : 18/12/2019 17:20:37
18/12 17:20:37 - Flags debug 1 sem log 0
18/12 17:20:37 - h > LOCALHOST p > 3306 d > hbecia u > root
18/12 17:20:37 - Terminal: 1
18/12 17:20:37 - BANCO DE DADOS ONLINE > LOCALHOST:hbecia
18/12 17:20:37 - PRECO => 23 /            23,00/23/23
18/12 17:20:37 - iniciar_identificacao_computador
18/12 17:20:37 - sistema_pegar_perfil
18/12 17:20:37 - empresa_carregar_segmentos
18/12 17:20:37 - rcs_iniciar_variaveis_globais
18/12 17:20:37 - terminal_id
18/12 17:20:37 - mesas_comandas
18/12 17:20:37 - LPRINT
18/12 17:20:38 - Status: Config => 192.168.88.83:9100
18/12 17:20:38 - Status: Config => 192.168.88.83:9100
18/12 17:20:38 - Status: Config => c:9100
18/12 17:20:38 - Status: Config => 192.168.88.83:9100
18/12 17:20:38 - LISTA DE IMPRESSORAS CARREGADA 4
18/12 17:20:38 - carregarImp
18/12 17:20:38 - objetos
18/12 17:20:38 - produtos_gerenciamento_de_estoque
18/12 17:20:38 - # status 100%
18/12 17:27:03 - ***  SERVIÇO PARADO
18/12 17:27:06 - Iniciando Suporte Mobile 64 bit Versao: 1.15.17/12/2019 20:06
18/12 17:27:06 - Variaveis
18/12 17:27:06 - CurrencyString="R$", CurrencyFormat="#2", NegCurrFormat="#9", ThousandSeparator=".", DecimalSeparator=",", CurrencyDecimals="2", DateSeparator="/", ShortDateFormat="dd/MM/yyyy", LongDateFormat="dddd, d' de 'MMMM' de 'yyyy", TimeSeparator=":", TimeAMString="", TimePMString="", ShortTimeFormat="hh:mm", LongTimeFormat="hh:mm:ss", TwoDigitYearCenturyWindow="50", ListSeparator=";"
18/12 17:27:06 - TCP Servidor
18/12 17:27:06 - TCP Cliente
18/12 17:27:06 - Iniciado na porta => 4409
18/12 17:27:06 - Formato Valores:        -1.254,87 | -1254,87|        1.254,87 | 1254,87
18/12 17:27:06 - Formato Data   : 18/12/2019 17:27:06
18/12 17:27:06 - Flags debug 1 sem log 0
18/12 17:27:06 - h > LOCALHOST p > 3306 d > hbecia u > root
18/12 17:27:06 - Terminal: 1
18/12 17:27:06 - BANCO DE DADOS ONLINE > LOCALHOST:hbecia
18/12 17:27:06 - PRECO => 23 /            23,00/23/23
18/12 17:27:06 - iniciar_identificacao_computador
18/12 17:27:06 - sistema_pegar_perfil
18/12 17:27:06 - empresa_carregar_segmentos
18/12 17:27:06 - rcs_iniciar_variaveis_globais
18/12 17:27:06 - terminal_id
