17/01 17:38:53 - h > 192.168.88.44 p > 3306 d > hbecia u > root
17/01 17:38:53 - salvando log -> C:\rcsv\App\mobile64\log\logs\LOG_APP_MOBILE_SERVICE_64_P4409_0.log
17/01 17:38:53 - ERRO AO CONECTAR NO BANCO DE DADOS: 192.168.88.44:hbecia,root
17/01 17:38:53 - Cannot connect to server on host '192.168.88.44':
Uma operação de soquete foi tentada em uma rede inacessível.
Socket Error Code: 10051($2743)
21/01 19:22:28 - Iniciando Suporte Mobile 64 bit Versao: 1.15.17/12/2019 20:06
21/01 19:22:28 - Variaveis
21/01 19:22:28 - CurrencyString="R$", CurrencyFormat="#2", NegCurrFormat="#9", ThousandSeparator=".", DecimalSeparator=",", CurrencyDecimals="2", DateSeparator="/", ShortDateFormat="dd/MM/yyyy", LongDateFormat="dddd, d' de 'MMMM' de 'yyyy", TimeSeparator=":", TimeAMString="", TimePMString="", ShortTimeFormat="hh:mm", LongTimeFormat="hh:mm:ss", TwoDigitYearCenturyWindow="50", ListSeparator=";"
21/01 19:22:28 - TCP Servidor
21/01 19:22:28 - TCP Cliente
21/01 19:22:28 - Iniciado na porta => 4409
21/01 19:22:28 - Formato Valores:        -1.254,87 | -1254,87|        1.254,87 | 1254,87
21/01 19:22:28 - Formato Data   : 21/01/2020 19:22:28
21/01 19:22:28 - Flags debug 1 sem log 0
21/01 19:22:28 - h > 192.168.88.44 p > 3306 d > hbecia u > root
21/01 19:22:28 - ERRO AO CONECTAR NO BANCO DE DADOS: 192.168.88.44:hbecia,root
21/01 19:22:28 - Cannot connect to server on host '192.168.88.44':
Uma operação de soquete foi tentada em uma rede inacessível.
Socket Error Code: 10051($2743)
23/01 01:15:59 - -----> REINICIANDO SERVICO
23/01 01:15:59 - Iniciando Suporte Mobile 64 bit Versao: 1.15.17/12/2019 20:06
23/01 01:15:59 - Variaveis
23/01 01:15:59 - CurrencyString="R$", CurrencyFormat="#2", NegCurrFormat="#9", ThousandSeparator=".", DecimalSeparator=",", CurrencyDecimals="2", DateSeparator="/", ShortDateFormat="dd/MM/yyyy", LongDateFormat="dddd, d' de 'MMMM' de 'yyyy", TimeSeparator=":", TimeAMString="", TimePMString="", ShortTimeFormat="hh:mm", LongTimeFormat="hh:mm:ss", TwoDigitYearCenturyWindow="50", ListSeparator=";"
23/01 01:15:59 - |
23/01 01:15:59 - Formato Valores:        -1.254,87 | -1254,87|        1.254,87 | 1254,87
23/01 01:15:59 - Formato Data   : 23/01/2020 01:15:59
23/01 01:15:59 - Flags debug 1 sem log 0
23/01 01:15:59 - h > 192.168.88.44 p > 3306 d > hbecia u > root
23/01 01:15:59 - Terminal: 1
23/01 01:15:59 - BANCO DE DADOS ONLINE > 192.168.88.44:hbecia
23/01 01:15:59 - PRECO => 23 /            23,00/23/23
23/01 01:15:59 - iniciar_identificacao_computador
23/01 01:15:59 - sistema_pegar_perfil
23/01 01:15:59 - empresa_carregar_segmentos
23/01 01:15:59 - rcs_iniciar_variaveis_globais
23/01 01:15:59 - terminal_id
23/01 01:15:59 - Lista de atendentes
23/01 01:15:59 - mesas_comandas
23/01 01:15:59 - LPRINT
23/01 01:15:59 - Status: Config => 192.168.88.83:9100
23/01 01:15:59 - Status: Config => 192.168.88.83:9100
23/01 01:15:59 - Status: Config => c:9100
23/01 01:15:59 - Status: Config => 192.168.88.83:9100
23/01 01:15:59 - LISTA DE IMPRESSORAS CARREGADA 4
23/01 01:15:59 - carregarImp
23/01 01:15:59 - objetos
23/01 01:15:59 - produtos_gerenciamento_de_estoque
23/01 01:15:59 - # status 100%
23/01 01:15:59 - servico_status: {"operacao":"status","token":"c000a003","terminal":"14","id":"y2q1mmy4zdm4ytczmmexma: ="}
23/01 01:15:59 - servico_status: {"status":"ok","terminal":"14","nome":"HAMBURGUERIA E CIA","code":"200","aviso":"Em operacao","timeout":5000}
23/01 01:15:59 - tempo: ERRO => 0,375 =>  ->
23/01 01:16:01 - servico_login GET: {"operacao":"login","token":"c000a003","terminal":"14","usuario":"*F16560C450","senha":"*8A40A3F180A9"}
23/01 01:16:01 - servico_login PUT: {"status":"ok","codigo":"11","code":"201","aviso":"Conectado","timeout":259200,"comanda":"1;42;100;10000"}
23/01 01:16:01 - tempo: ERRO => 0,047 =>  ->
23/01 01:16:02 - servico_mysql GET: {"operacao":"mysql","token":"c000a003","terminal":"14","usuario":"*F16560C450","senha":"*8A40A3F180A9"}
23/01 01:16:02 - servico_mysql PUT: {"status":"ok","ip":"192.168.88.44","porta":"3306","database":"hbecia","username":"*C9166421","password":"*D85E94BA65E2F5"}
23/01 01:16:02 - tempo: ERRO => 0,032 =>  ->
23/01 01:20:44 - servico_status: {"operacao":"status","token":"c000a003","terminal":"14","id":"y2q1mmy4zdm4ytczmmexma: ="}
23/01 01:20:44 - servico_status: {"status":"ok","terminal":"14","nome":"HAMBURGUERIA E CIA","code":"200","aviso":"Em operacao","timeout":5000}
23/01 01:20:44 - tempo: ERRO => 0,016 =>  ->
23/01 01:20:46 - servico_login GET: {"operacao":"login","token":"c000a003","terminal":"14","usuario":"*F16560C450","senha":"*8A40A3F180A9"}
23/01 01:20:46 - servico_login PUT: {"status":"ok","codigo":"11","code":"201","aviso":"Conectado","timeout":259200,"comanda":"1;42;100;10000"}
23/01 01:20:46 - tempo: ERRO => 0,016 =>  ->
23/01 01:20:47 - servico_mysql GET: {"operacao":"mysql","token":"c000a003","terminal":"14","usuario":"*F16560C450","senha":"*8A40A3F180A9"}
23/01 01:20:47 - servico_mysql PUT: {"status":"ok","ip":"192.168.88.44","porta":"3306","database":"hbecia","username":"*C9166421","password":"*D85E94BA65E2F5"}
23/01 01:20:47 - tempo: ERRO =>  =>  ->
23/01 02:01:21 - servico_status: {"operacao":"status","token":"c000a003","terminal":"14","id":"y2q1mmy4zdm4ytczmmexma: ="}
23/01 02:01:21 - servico_status: {"status":"ok","terminal":"14","nome":"HAMBURGUERIA E CIA","code":"200","aviso":"Em operacao","timeout":5000}
23/01 02:01:21 - tempo: ERRO => 0,047 =>  ->
23/01 02:01:25 - servico_login GET: {"operacao":"login","token":"c000a003","terminal":"14","usuario":"*F16560C450","senha":"*8A40A3F180A9"}
23/01 02:01:25 - servico_login PUT: {"status":"ok","codigo":"11","code":"201","aviso":"Conectado","timeout":259200,"comanda":"1;42;100;10000"}
23/01 02:01:25 - tempo: ERRO => 0,063 =>  ->
23/01 02:01:26 - servico_mysql GET: {"operacao":"mysql","token":"c000a003","terminal":"14","usuario":"*F16560C450","senha":"*8A40A3F180A9"}
23/01 02:01:26 - servico_mysql PUT: {"status":"ok","ip":"192.168.88.44","porta":"3306","database":"hbecia","username":"*C9166421","password":"*D85E94BA65E2F5"}
23/01 02:01:26 - tempo: ERRO => 0,015 =>  ->
23/01 02:03:07 - servico_status: {"operacao":"status","token":"c000a003","terminal":"14","id":"y2q1mmy4zdm4ytczmmexma: =","usuario":"*F16560C450","senha":"*8A40A3F180A9"}
23/01 02:03:07 - servico_status: {"status":"ok","terminal":"14","nome":"HAMBURGUERIA E CIA","code":"200","aviso":"Em operacao","timeout":5000}
23/01 02:03:07 - tempo: ERRO => 0,032 =>  ->
23/01 02:04:24 - servico_status: {"operacao":"status","token":"c000a003","terminal":"14","id":"y2q1mmy4zdm4ytczmmexma: ="}
23/01 02:04:24 - servico_status: {"status":"ok","terminal":"14","nome":"HAMBURGUERIA E CIA","code":"200","aviso":"Em operacao","timeout":5000}
23/01 02:04:24 - tempo: ERRO => 0,015 =>  ->
23/01 02:04:26 - servico_login GET: {"operacao":"login","token":"c000a003","terminal":"14","usuario":"*F16560C450","senha":"*8A40A3F180A9"}
23/01 02:04:26 - servico_login PUT: {"status":"ok","codigo":"11","code":"201","aviso":"Conectado","timeout":259200,"comanda":"1;42;100;10000"}
23/01 02:04:26 - tempo: ERRO => 0,031 =>  ->
23/01 02:04:27 - servico_mysql GET: {"operacao":"mysql","token":"c000a003","terminal":"14","usuario":"*F16560C450","senha":"*8A40A3F180A9"}
23/01 02:04:27 - servico_mysql PUT: {"status":"ok","ip":"192.168.88.44","porta":"3306","database":"hbecia","username":"*C9166421","password":"*D85E94BA65E2F5"}
23/01 02:04:27 - tempo: ERRO => 0,015 =>  ->
23/01 02:04:59 - servico_status: {"operacao":"status","token":"c000a003","terminal":"14","id":"y2q1mmy4zdm4ytczmmexma: ="}
23/01 02:04:59 - servico_status: {"status":"ok","terminal":"14","nome":"HAMBURGUERIA E CIA","code":"200","aviso":"Em operacao","timeout":5000}
23/01 02:04:59 - tempo: ERRO => 0,031 =>  ->
23/01 02:05:02 - servico_login GET: {"operacao":"login","token":"c000a003","terminal":"14","usuario":"*F16560C450","senha":"*8A40A3F180A9"}
23/01 02:05:02 - servico_login PUT: {"status":"ok","codigo":"11","code":"201","aviso":"Conectado","timeout":259200,"comanda":"1;42;100;10000"}
23/01 02:05:02 - tempo: ERRO => 0,016 =>  ->
23/01 02:05:02 - servico_mysql GET: {"operacao":"mysql","token":"c000a003","terminal":"14","usuario":"*F16560C450","senha":"*8A40A3F180A9"}
23/01 02:05:02 - servico_mysql PUT: {"status":"ok","ip":"192.168.88.44","porta":"3306","database":"hbecia","username":"*C9166421","password":"*D85E94BA65E2F5"}
23/01 02:05:02 - tempo: ERRO => 0,016 =>  ->
23/01 02:05:21 - servico_status: {"operacao":"status","token":"c000a003","terminal":"14","id":"y2q1mmy4zdm4ytczmmexma: ="}
23/01 02:05:21 - servico_status: {"status":"ok","terminal":"14","nome":"HAMBURGUERIA E CIA","code":"200","aviso":"Em operacao","timeout":5000}
23/01 02:05:21 - tempo: ERRO => 0,015 =>  ->
23/01 02:05:23 - servico_login GET: {"operacao":"login","token":"c000a003","terminal":"14","usuario":"*F16560C450","senha":"*8A40A3F180A9"}
23/01 02:05:23 - servico_login PUT: {"status":"ok","codigo":"11","code":"201","aviso":"Conectado","timeout":259200,"comanda":"1;42;100;10000"}
23/01 02:05:23 - tempo: ERRO => 0,015 =>  ->
23/01 02:05:24 - servico_mysql GET: {"operacao":"mysql","token":"c000a003","terminal":"14","usuario":"*F16560C450","senha":"*8A40A3F180A9"}
23/01 02:05:24 - servico_mysql PUT: {"status":"ok","ip":"192.168.88.44","porta":"3306","database":"hbecia","username":"*C9166421","password":"*D85E94BA65E2F5"}
23/01 02:05:24 - tempo: ERRO => 0,031 =>  ->
23/01 02:06:07 - servico_status: {"operacao":"status","token":"c000a003","terminal":"14","id":"y2q1mmy4zdm4ytczmmexma: ="}
23/01 02:06:07 - servico_status: {"status":"ok","terminal":"14","nome":"HAMBURGUERIA E CIA","code":"200","aviso":"Em operacao","timeout":5000}
23/01 02:06:07 - tempo: ERRO => 0,016 =>  ->
23/01 02:06:51 - servico_login GET: {"operacao":"login","token":"c000a003","terminal":"14","usuario":"*F16560C450","senha":"*8A40A3F180A9"}
23/01 02:06:51 - servico_login PUT: {"status":"ok","codigo":"11","code":"201","aviso":"Conectado","timeout":259200,"comanda":"1;42;100;10000"}
23/01 02:06:51 - tempo: ERRO => 0,016 =>  ->
23/01 02:06:51 - servico_mysql GET: {"operacao":"mysql","token":"c000a003","terminal":"14","usuario":"*F16560C450","senha":"*8A40A3F180A9"}
23/01 02:06:51 - servico_mysql PUT: {"status":"ok","ip":"192.168.88.44","porta":"3306","database":"hbecia","username":"*C9166421","password":"*D85E94BA65E2F5"}
23/01 02:06:51 - tempo: ERRO => 0,015 =>  ->
23/01 02:07:38 - servico_status: {"operacao":"status","token":"c000a003","terminal":"14","id":"y2q1mmy4zdm4ytczmmexma: ="}
23/01 02:07:38 - servico_status: {"status":"ok","terminal":"14","nome":"HAMBURGUERIA E CIA","code":"200","aviso":"Em operacao","timeout":5000}
23/01 02:07:38 - tempo: ERRO => 0,015 =>  ->
23/01 02:07:44 - servico_login GET: {"operacao":"login","token":"c000a003","terminal":"14","usuario":"*F16560C450","senha":"*8A40A3F180A9"}
23/01 02:07:44 - servico_login PUT: {"status":"ok","codigo":"11","code":"201","aviso":"Conectado","timeout":259200,"comanda":"1;42;100;10000"}
23/01 02:07:44 - tempo: ERRO => 0,015 =>  ->
23/01 02:07:45 - servico_mysql GET: {"operacao":"mysql","token":"c000a003","terminal":"14","usuario":"*F16560C450","senha":"*8A40A3F180A9"}
23/01 02:07:45 - servico_mysql PUT: {"status":"ok","ip":"192.168.88.44","porta":"3306","database":"hbecia","username":"*C9166421","password":"*D85E94BA65E2F5"}
23/01 02:07:45 - tempo: ERRO => 0,016 =>  ->
23/01 02:08:07 - servico_status: {"operacao":"status","token":"c000a003","terminal":"14","id":"y2q1mmy4zdm4ytczmmexma: ="}
23/01 02:08:07 - servico_status: {"status":"ok","terminal":"14","nome":"HAMBURGUERIA E CIA","code":"200","aviso":"Em operacao","timeout":5000}
23/01 02:08:07 - tempo: ERRO => 0,031 =>  ->
23/01 02:08:25 - servico_login GET: {"operacao":"login","token":"c000a003","terminal":"14","usuario":"*F16560C450","senha":"*8A40A3F180A9"}
23/01 02:08:25 - servico_login PUT: {"status":"ok","codigo":"11","code":"201","aviso":"Conectado","timeout":259200,"comanda":"1;42;100;10000"}
23/01 02:08:25 - tempo: ERRO => 0,031 =>  ->
23/01 02:08:26 - servico_mysql GET: {"operacao":"mysql","token":"c000a003","terminal":"14","usuario":"*F16560C450","senha":"*8A40A3F180A9"}
23/01 02:08:26 - servico_mysql PUT: {"status":"ok","ip":"192.168.88.44","porta":"3306","database":"hbecia","username":"*C9166421","password":"*D85E94BA65E2F5"}
23/01 02:08:26 - tempo: ERRO => 0,016 =>  ->
23/01 02:20:26 - servico_status: {"operacao":"status","token":"c000a003","terminal":"14","id":"y2q1mmy4zdm4ytczmmexma: ="}
23/01 02:20:26 - servico_status: {"status":"ok","terminal":"14","nome":"HAMBURGUERIA E CIA","code":"200","aviso":"Em operacao","timeout":5000}
23/01 02:20:26 - tempo: ERRO => 0,032 =>  ->
23/01 02:20:54 - servico_status: {"operacao":"status","token":"c000a003","terminal":"14","id":"y2q1mmy4zdm4ytczmmexma: ="}
23/01 02:20:55 - servico_status: {"status":"ok","terminal":"14","nome":"HAMBURGUERIA E CIA","code":"200","aviso":"Em operacao","timeout":5000}
23/01 02:20:55 - tempo: ERRO => 0,015 =>  ->
23/01 02:21:00 - servico_status: {"operacao":"status","token":"c000a003","terminal":"14","id":"y2q1mmy4zdm4ytczmmexma: ="}
23/01 02:21:00 - servico_status: {"status":"ok","terminal":"14","nome":"HAMBURGUERIA E CIA","code":"200","aviso":"Em operacao","timeout":5000}
23/01 02:21:00 - tempo: ERRO => 0,032 =>  ->
23/01 02:21:06 - servico_status: {"operacao":"status","token":"c000a003","terminal":"14","id":"y2q1mmy4zdm4ytczmmexma: ="}
23/01 02:21:06 - servico_status: {"status":"ok","terminal":"14","nome":"HAMBURGUERIA E CIA","code":"200","aviso":"Em operacao","timeout":5000}
23/01 02:21:06 - tempo: ERRO => 0,031 =>  ->
23/01 02:21:19 - servico_login GET: {"operacao":"login","token":"c000a003","terminal":"14","usuario":"*F16560C450","senha":"*8A40A3F180A9"}
23/01 02:21:19 - servico_login PUT: {"status":"ok","codigo":"11","code":"201","aviso":"Conectado","timeout":259200,"comanda":"1;42;100;10000"}
23/01 02:21:19 - tempo: ERRO => 0,016 =>  ->
23/01 02:21:20 - servico_mysql GET: {"operacao":"mysql","token":"c000a003","terminal":"14","usuario":"*F16560C450","senha":"*8A40A3F180A9"}
23/01 02:21:20 - servico_mysql PUT: {"status":"ok","ip":"192.168.88.44","porta":"3306","database":"hbecia","username":"*C9166421","password":"*D85E94BA65E2F5"}
23/01 02:21:20 - tempo: ERRO => 0,032 =>  ->
23/01 02:21:32 - servico_status: {"operacao":"status","token":"c000a003","terminal":"14","id":"y2q1mmy4zdm4ytczmmexma: ="}
23/01 02:21:32 - servico_status: {"status":"ok","terminal":"14","nome":"HAMBURGUERIA E CIA","code":"200","aviso":"Em operacao","timeout":5000}
23/01 02:21:32 - tempo: ERRO => 0,031 =>  ->
23/01 02:24:25 - servico_login GET: {"operacao":"login","token":"c000a003","terminal":"14","usuario":"*F16560C450","senha":"*8A40A3F180A9"}
23/01 02:24:25 - servico_login PUT: {"status":"ok","codigo":"11","code":"201","aviso":"Conectado","timeout":259200,"comanda":"1;42;100;10000"}
23/01 02:24:25 - tempo: ERRO => 0,015 =>  ->
23/01 02:24:25 - servico_mysql GET: {"operacao":"mysql","token":"c000a003","terminal":"14","usuario":"*F16560C450","senha":"*8A40A3F180A9"}
23/01 02:24:25 - servico_mysql PUT: {"status":"ok","ip":"192.168.88.44","porta":"3306","database":"hbecia","username":"*C9166421","password":"*D85E94BA65E2F5"}
23/01 02:24:25 - tempo: ERRO => 0,016 =>  ->
23/01 18:35:22 - Iniciando Suporte Mobile 64 bit Versao: 1.15.17/12/2019 20:06
23/01 18:35:22 - Variaveis
23/01 18:35:22 - CurrencyString="R$", CurrencyFormat="#2", NegCurrFormat="#9", ThousandSeparator=".", DecimalSeparator=",", CurrencyDecimals="2", DateSeparator="/", ShortDateFormat="dd/MM/yyyy", LongDateFormat="dddd, d' de 'MMMM' de 'yyyy", TimeSeparator=":", TimeAMString="", TimePMString="", ShortTimeFormat="hh:mm", LongTimeFormat="hh:mm:ss", TwoDigitYearCenturyWindow="50", ListSeparator=";"
23/01 18:35:22 - TCP Servidor
23/01 18:35:22 - TCP Cliente
23/01 18:35:22 - Iniciado na porta => 4409
23/01 18:35:22 - Formato Valores:        -1.254,87 | -1254,87|        1.254,87 | 1254,87
23/01 18:35:22 - Formato Data   : 23/01/2020 18:35:22
23/01 18:35:22 - Flags debug 1 sem log 0
23/01 18:35:22 - h > 192.168.88.44 p > 3306 d > hbecia u > root
23/01 18:35:22 - ERRO AO CONECTAR NO BANCO DE DADOS: 192.168.88.44:hbecia,root
23/01 18:35:22 - Cannot connect to server on host '192.168.88.44':
Uma operação de soquete foi tentada em uma rede inacessível.
Socket Error Code: 10051($2743)
23/01 21:58:26 - -----> REINICIANDO SERVICO
23/01 21:58:26 - Iniciando Suporte Mobile 64 bit Versao: 1.15.17/12/2019 20:06
23/01 21:58:26 - Variaveis
23/01 21:58:26 - CurrencyString="R$", CurrencyFormat="#2", NegCurrFormat="#9", ThousandSeparator=".", DecimalSeparator=",", CurrencyDecimals="2", DateSeparator="/", ShortDateFormat="dd/MM/yyyy", LongDateFormat="dddd, d' de 'MMMM' de 'yyyy", TimeSeparator=":", TimeAMString="", TimePMString="", ShortTimeFormat="hh:mm", LongTimeFormat="hh:mm:ss", TwoDigitYearCenturyWindow="50", ListSeparator=";"
23/01 21:58:26 - |
23/01 21:58:26 - Formato Valores:        -1.254,87 | -1254,87|        1.254,87 | 1254,87
23/01 21:58:26 - Formato Data   : 23/01/2020 21:58:26
23/01 21:58:26 - Flags debug 1 sem log 0
23/01 21:58:26 - h > 192.168.88.44 p > 3306 d > hbecia u > root
23/01 21:58:26 - Terminal: 1
23/01 21:58:26 - BANCO DE DADOS ONLINE > 192.168.88.44:hbecia
23/01 21:58:26 - PRECO => 23 /            23,00/23/23
23/01 21:58:26 - iniciar_identificacao_computador
23/01 21:58:26 - sistema_pegar_perfil
23/01 21:58:26 - empresa_carregar_segmentos
23/01 21:58:26 - rcs_iniciar_variaveis_globais
23/01 21:58:26 - terminal_id
23/01 21:58:26 - Lista de atendentes
23/01 21:58:26 - mesas_comandas
23/01 21:58:26 - LPRINT
23/01 21:58:26 - Status: Config => 192.168.88.83:9100
23/01 21:58:26 - Status: Config => 192.168.88.83:9100
23/01 21:58:26 - Status: Config => c:9100
23/01 21:58:26 - Status: Config => 192.168.88.83:9100
23/01 21:58:26 - LISTA DE IMPRESSORAS CARREGADA 4
23/01 21:58:26 - carregarImp
23/01 21:58:26 - objetos
23/01 21:58:26 - produtos_gerenciamento_de_estoque
23/01 21:58:26 - # status 100%
23/01 21:58:26 - servico_status: {"operacao":"status","token":"c000a003","terminal":"14","id":"y2q1mmy4zdm4ytczmmexma: ="}
23/01 21:58:26 - servico_status: {"status":"ok","terminal":"14","nome":"HAMBURGUERIA E CIA","code":"200","aviso":"Em operacao","timeout":5000}
23/01 21:58:26 - tempo: ERRO => 0,297 =>  ->
23/01 21:58:28 - servico_login GET: {"operacao":"login","token":"c000a003","terminal":"14","usuario":"*F16560C450","senha":"*8A40A3F180A9"}
23/01 21:58:28 - servico_login PUT: {"status":"ok","codigo":"11","code":"201","aviso":"Conectado","timeout":259200,"comanda":"1;42;100;10000"}
23/01 21:58:28 - tempo: ERRO => 0,047 =>  ->
23/01 21:58:29 - servico_mysql GET: {"operacao":"mysql","token":"c000a003","terminal":"14","usuario":"*F16560C450","senha":"*8A40A3F180A9"}
23/01 21:58:29 - servico_mysql PUT: {"status":"ok","ip":"192.168.88.44","porta":"3306","database":"hbecia","username":"*C9166421","password":"*D85E94BA65E2F5"}
23/01 21:58:29 - tempo: ERRO => 0,016 =>  ->
23/01 21:58:44 - servico_status: {"operacao":"status","token":"c000a003","terminal":"14","id":"y2q1mmy4zdm4ytczmmexma: ="}
23/01 21:58:44 - servico_status: {"status":"ok","terminal":"14","nome":"HAMBURGUERIA E CIA","code":"200","aviso":"Em operacao","timeout":5000}
23/01 21:58:44 - tempo: ERRO => 0,031 =>  ->
23/01 21:58:46 - servico_login GET: {"operacao":"login","token":"c000a003","terminal":"14","usuario":"*F16560C450","senha":"*8A40A3F180A9"}
23/01 21:58:46 - servico_login PUT: {"status":"ok","codigo":"11","code":"201","aviso":"Conectado","timeout":259200,"comanda":"1;42;100;10000"}
23/01 21:58:46 - tempo: ERRO => 0,032 =>  ->
23/01 21:58:46 - servico_mysql GET: {"operacao":"mysql","token":"c000a003","terminal":"14","usuario":"*F16560C450","senha":"*8A40A3F180A9"}
23/01 21:58:46 - servico_mysql PUT: {"status":"ok","ip":"192.168.88.44","porta":"3306","database":"hbecia","username":"*C9166421","password":"*D85E94BA65E2F5"}
23/01 21:58:46 - tempo: ERRO => 0,016 =>  ->
23/01 21:59:42 - servico_status: {"operacao":"status","token":"c000a003","terminal":"14","id":"y2q1mmy4zdm4ytczmmexma: =","usuario":"*F16560C450","senha":"*8A40A3F180A9"}
23/01 21:59:42 - servico_status: {"status":"ok","terminal":"14","nome":"HAMBURGUERIA E CIA","code":"200","aviso":"Em operacao","timeout":5000}
23/01 21:59:42 - tempo: ERRO => 0,031 =>  ->
23/01 21:59:43 - servico_login GET: {"operacao":"login","token":"c000a003","terminal":"14","usuario":"*F16560C450","senha":"*8A40A3F180A9"}
23/01 21:59:43 - servico_login PUT: {"status":"ok","codigo":"11","code":"201","aviso":"Conectado","timeout":259200,"comanda":"1;42;100;10000"}
23/01 21:59:43 - tempo: ERRO => 0,031 =>  ->
23/01 21:59:43 - servico_mysql GET: {"operacao":"mysql","token":"c000a003","terminal":"14","usuario":"*F16560C450","senha":"*8A40A3F180A9"}
23/01 21:59:43 - servico_mysql PUT: {"status":"ok","ip":"192.168.88.44","porta":"3306","database":"hbecia","username":"*C9166421","password":"*D85E94BA65E2F5"}
23/01 21:59:43 - tempo: ERRO => 0,015 =>  ->
24/01 10:28:03 - servico_status: {"operacao":"status","token":"c000a003","terminal":"14","id":"y2q1mmy4zdm4ytczmmexma: ="}
24/01 10:28:03 - servico_status: {"status":"ok","terminal":"14","nome":"HAMBURGUERIA E CIA","code":"200","aviso":"Em operacao","timeout":5000}
24/01 10:28:03 - tempo: ERRO => 0,047 =>  ->
24/01 10:28:05 - servico_login GET: {"operacao":"login","token":"c000a003","terminal":"14","usuario":"*F16560C450","senha":"*8A40A3F180A9"}
24/01 10:28:05 - servico_login PUT: {"status":"ok","codigo":"11","code":"201","aviso":"Conectado","timeout":259200,"comanda":"1;42;100;10000"}
24/01 10:28:05 - tempo: ERRO => 0,047 =>  ->
24/01 10:28:05 - servico_mysql GET: {"operacao":"mysql","token":"c000a003","terminal":"14","usuario":"*F16560C450","senha":"*8A40A3F180A9"}
24/01 10:28:05 - servico_mysql PUT: {"status":"ok","ip":"192.168.88.44","porta":"3306","database":"hbecia","username":"*C9166421","password":"*D85E94BA65E2F5"}
24/01 10:28:05 - tempo: ERRO => 0,016 =>  ->
24/01 10:30:15 - servico_status: {"operacao":"status","token":"c000a003","terminal":"14","id":"y2q1mmy4zdm4ytczmmexma: ="}
24/01 10:30:15 - servico_status: {"status":"ok","terminal":"14","nome":"HAMBURGUERIA E CIA","code":"200","aviso":"Em operacao","timeout":5000}
24/01 10:30:15 - tempo: ERRO => 0,031 =>  ->
24/01 10:30:23 - servico_login GET: {"operacao":"login","token":"c000a003","terminal":"14","usuario":"*F16560C450","senha":"*8A40A3F180A9"}
24/01 10:30:23 - servico_login PUT: {"status":"ok","codigo":"11","code":"201","aviso":"Conectado","timeout":259200,"comanda":"1;42;100;10000"}
24/01 10:30:23 - tempo: ERRO => 0,031 =>  ->
24/01 10:30:23 - servico_mysql GET: {"operacao":"mysql","token":"c000a003","terminal":"14","usuario":"*F16560C450","senha":"*8A40A3F180A9"}
24/01 10:30:23 - servico_mysql PUT: {"status":"ok","ip":"192.168.88.44","porta":"3306","database":"hbecia","username":"*C9166421","password":"*D85E94BA65E2F5"}
24/01 10:30:23 - tempo: ERRO => 0,016 =>  ->
24/01 10:32:34 - servico_status: {"operacao":"status","token":"c000a003","terminal":"14","id":"y2q1mmy4zdm4ytczmmexma: ="}
24/01 10:32:34 - servico_status: {"status":"ok","terminal":"14","nome":"HAMBURGUERIA E CIA","code":"200","aviso":"Em operacao","timeout":5000}
24/01 10:32:34 - tempo: ERRO => 0,016 =>  ->
24/01 10:32:36 - servico_login GET: {"operacao":"login","token":"c000a003","terminal":"14","usuario":"*F16560C450","senha":"*8A40A3F180A9"}
24/01 10:32:36 - servico_login PUT: {"status":"ok","codigo":"11","code":"201","aviso":"Conectado","timeout":259200,"comanda":"1;42;100;10000"}
24/01 10:32:36 - tempo: ERRO => 0,031 =>  ->
24/01 10:32:36 - servico_mysql GET: {"operacao":"mysql","token":"c000a003","terminal":"14","usuario":"*F16560C450","senha":"*8A40A3F180A9"}
24/01 10:32:36 - servico_mysql PUT: {"status":"ok","ip":"192.168.88.44","porta":"3306","database":"hbecia","username":"*C9166421","password":"*D85E94BA65E2F5"}
24/01 10:32:36 - tempo: ERRO => 0,016 =>  ->
