18/12 23:05:40 0 - POST / HTTP/1.1
HOST: 192.168.88.44:4409
content-type: application/json
content-length: 58

{"operacao":"status",
"token":"c001a001",
"id":"TERMIX"} t:0,016 => OK
18/12 23:05:40 - salvando log -> C:\rcsv\App\mobile64\log\logs\LOG_APP_MOBILE_SERVICE_64_20.log
18/12 23:05:45 - STATUS DO SERVIDOR {"operacao":"status",
"token":"c001a001",
"id":"TERMIX"}
18/12 23:05:45 0 - POST / HTTP/1.1
HOST: 192.168.88.44:4409
content-type: application/json
content-length: 58

{"operacao":"status",
"token":"c001a001",
"id":"TERMIX"} t:0,016 => OK
18/12 23:05:45 - STATUS DO SERVIDOR {"operacao":"status",
"token":"c001a001",
"id":"TERMIX"}
18/12 23:05:45 0 - POST / HTTP/1.1
HOST: 192.168.88.44:4409
content-type: application/json
content-length: 58

{"operacao":"status",
"token":"c001a001",
"id":"TERMIX"} => OK
18/12 23:05:46 - STATUS DO SERVIDOR {"operacao":"status",
"token":"c001a001",
"id":"TERMIX"}
18/12 23:05:46 0 - POST / HTTP/1.1
HOST: 192.168.88.44:4409
content-type: application/json
content-length: 58

{"operacao":"status",
"token":"c001a001",
"id":"TERMIX"} t:0,015 => OK
18/12 23:05:46 - STATUS DO SERVIDOR {"operacao":"status",
"token":"c001a001",
"id":"TERMIX"}
18/12 23:05:46 0 - POST / HTTP/1.1
HOST: 192.168.88.44:4409
content-type: application/json
content-length: 58

{"operacao":"status",
"token":"c001a001",
"id":"TERMIX"} => OK
18/12 23:05:46 - STATUS DO SERVIDOR {"operacao":"status",
"token":"c001a001",
"id":"TERMIX"}
18/12 23:05:46 0 - POST / HTTP/1.1
HOST: 192.168.88.44:4409
content-type: application/json
content-length: 58

{"operacao":"status",
"token":"c001a001",
"id":"TERMIX"} => OK
18/12 23:05:46 - STATUS DO SERVIDOR {"operacao":"status",
"token":"c001a001",
"id":"TERMIX"}
18/12 23:05:46 0 - POST / HTTP/1.1
HOST: 192.168.88.44:4409
content-type: application/json
content-length: 58

{"operacao":"status",
"token":"c001a001",
"id":"TERMIX"} t:0,016 => OK
18/12 23:05:46 - STATUS DO SERVIDOR {"operacao":"status",
"token":"c001a001",
"id":"TERMIX"}
18/12 23:05:46 0 - POST / HTTP/1.1
HOST: 192.168.88.44:4409
content-type: application/json
content-length: 58

{"operacao":"status",
"token":"c001a001",
"id":"TERMIX"} t:0,016 => OK
18/12 23:06:20 - STATUS DO SERVIDOR {"operacao":"status",
"token":"c001a001",
"ids":"TERMIX"}
18/12 23:06:20 0 - ERRO => POST / HTTP/1.1
HOST: 192.168.88.44:4409
content-type: application/json
content-length: 59

{"operacao":"status",
"token":"c001a001",
"ids":"TERMIX"} t:0,015 => JSON CAMPO ID INVALIDO -> 301
18/12 23:06:58 - STATUS DO SERVIDOR {"operacao":"status",
"token":"c001a001",
"ids":"TERMIX"}
18/12 23:06:58 0 - ERRO => POST / HTTP/1.1
HOST: 192.168.88.44:4409
content-type: application/json
content-length: 59

{"operacao":"status",
"token":"c001a001",
"ids":"TERMIX"} t:0,015 => JSON CAMPO ID INVALIDO -> 301
18/12 23:06:59 - STATUS DO SERVIDOR {"operacao":"status",
"token":"c001a001",
"ids":"TERMIX"}
18/12 23:06:59 0 - ERRO => POST / HTTP/1.1
HOST: 192.168.88.44:4409
content-type: application/json
content-length: 59

{"operacao":"status",
"token":"c001a001",
"ids":"TERMIX"} t:0,016 => JSON CAMPO ID INVALIDO -> 301
18/12 23:06:59 - STATUS DO SERVIDOR {"operacao":"status",
"token":"c001a001",
"ids":"TERMIX"}
18/12 23:06:59 0 - ERRO => POST / HTTP/1.1
HOST: 192.168.88.44:4409
content-type: application/json
content-length: 59

{"operacao":"status",
"token":"c001a001",
"ids":"TERMIX"} t:0,015 => JSON CAMPO ID INVALIDO -> 301
18/12 23:07:00 - STATUS DO SERVIDOR {"operacao":"status",
"token":"c001a001",
"ids":"TERMIX"}
18/12 23:07:00 0 - ERRO => POST / HTTP/1.1
HOST: 192.168.88.44:4409
content-type: application/json
content-length: 59

{"operacao":"status",
"token":"c001a001",
"ids":"TERMIX"} t:0,016 => JSON CAMPO ID INVALIDO -> 301
18/12 23:07:00 - STATUS DO SERVIDOR {"operacao":"status",
"token":"c001a001",
"ids":"TERMIX"}
18/12 23:07:00 0 - ERRO => POST / HTTP/1.1
HOST: 192.168.88.44:4409
content-type: application/json
content-length: 59

{"operacao":"status",
"token":"c001a001",
"ids":"TERMIX"} t:0,016 => JSON CAMPO ID INVALIDO -> 301
18/12 23:07:00 - STATUS DO SERVIDOR {"operacao":"status",
"token":"c001a001",
"ids":"TERMIX"}
18/12 23:07:00 0 - ERRO => POST / HTTP/1.1
HOST: 192.168.88.44:4409
content-type: application/json
content-length: 59

{"operacao":"status",
"token":"c001a001",
"ids":"TERMIX"} => JSON CAMPO ID INVALIDO -> 301
18/12 23:07:04 - STATUS DO SERVIDOR {"operacao":"status",
"token":"c001a001",
"id":"TERMIX"}
18/12 23:07:04 0 - POST / HTTP/1.1
HOST: 192.168.88.44:4409
content-type: application/json
content-length: 58

{"operacao":"status",
"token":"c001a001",
"id":"TERMIX"} => OK
18/12 23:10:05 - ***  SERVIÇO PARADO
18/12 23:10:07 - Iniciando Suporte Mobile 64 bit Versao: 1.15.17/12/2019 20:06
18/12 23:10:08 - Variaveis
18/12 23:10:08 - CurrencyString="R$", CurrencyFormat="#2", NegCurrFormat="#9", ThousandSeparator=".", DecimalSeparator=",", CurrencyDecimals="2", DateSeparator="/", ShortDateFormat="dd/MM/yyyy", LongDateFormat="dddd, d' de 'MMMM' de 'yyyy", TimeSeparator=":", TimeAMString="", TimePMString="", ShortTimeFormat="hh:mm", LongTimeFormat="hh:mm:ss", TwoDigitYearCenturyWindow="50", ListSeparator=";"
18/12 23:10:08 - TCP Servidor
18/12 23:10:08 - TCP Cliente
18/12 23:10:08 - Iniciado na porta => 4409
18/12 23:10:08 - Formato Valores:        -1.254,87 | -1254,87|        1.254,87 | 1254,87
18/12 23:10:08 - Formato Data   : 18/12/2019 23:10:08
18/12 23:10:08 - Flags debug 1 sem log 0
18/12 23:10:08 - h > LOCALHOST p > 3306 d > hbecia u > root
18/12 23:10:08 - Terminal: 1
18/12 23:10:08 - BANCO DE DADOS ONLINE > LOCALHOST:hbecia
18/12 23:10:08 - PRECO => 23 /            23,00/23/23
18/12 23:10:08 - iniciar_identificacao_computador
18/12 23:10:08 - sistema_pegar_perfil
18/12 23:10:08 - empresa_carregar_segmentos
18/12 23:10:08 - rcs_iniciar_variaveis_globais
18/12 23:10:08 - terminal_id
18/12 23:10:08 - mesas_comandas
18/12 23:10:08 - LPRINT
18/12 23:10:08 - Status: Config => 192.168.88.83:9100
18/12 23:10:08 - Status: Config => 192.168.88.83:9100
18/12 23:10:08 - Status: Config => c:9100
18/12 23:10:08 - Status: Config => 192.168.88.83:9100
18/12 23:10:08 - LISTA DE IMPRESSORAS CARREGADA 4
18/12 23:10:08 - carregarImp
18/12 23:10:08 - objetos
18/12 23:10:08 - produtos_gerenciamento_de_estoque
18/12 23:10:08 - # status 100%
18/12 23:10:15 - STATUS DO SERVIDOR {"operacao":"status",
"token":"c001a001",
"id":"TERMIX"}
18/12 23:10:15 0 - POST / HTTP/1.1
HOST: 192.168.88.44:4409
content-type: application/json
content-length: 58

{"operacao":"status",
"token":"c001a001",
"id":"TERMIX"} t:0,016 => OK
18/12 23:10:23 - DADOS MYSQL {"operacao":"mysql",
"token":"c001a001",
"id":"TERMIX"}
18/12 23:10:23 0 - POST / HTTP/1.1
HOST: 192.168.88.44:4409
content-type: application/json
content-length: 57

{"operacao":"mysql",
"token":"c001a001",
"id":"TERMIX"} t:0,015 => OK
18/12 23:10:24 - DADOS MYSQL {"operacao":"mysql",
"token":"c001a001",
"id":"TERMIX"}
18/12 23:10:24 0 - POST / HTTP/1.1
HOST: 192.168.88.44:4409
content-type: application/json
content-length: 57

{"operacao":"mysql",
"token":"c001a001",
"id":"TERMIX"} t:0,016 => OK
18/12 23:10:24 - DADOS MYSQL {"operacao":"mysql",
"token":"c001a001",
"id":"TERMIX"}
18/12 23:10:24 0 - POST / HTTP/1.1
HOST: 192.168.88.44:4409
content-type: application/json
content-length: 57

{"operacao":"mysql",
"token":"c001a001",
"id":"TERMIX"} t:0,016 => OK
18/12 23:10:24 - DADOS MYSQL {"operacao":"mysql",
"token":"c001a001",
"id":"TERMIX"}
18/12 23:10:24 0 - POST / HTTP/1.1
HOST: 192.168.88.44:4409
content-type: application/json
content-length: 57

{"operacao":"mysql",
"token":"c001a001",
"id":"TERMIX"} t:0,015 => OK
