17/12 23:59:50 0 - POST / HTTP/1.1
HOST: 192.168.88.44:4409
content-length: 37

{"operacao":"status",
"id":"TERMIX"} t:0,016 => OK
17/12 23:59:50 - salvando log -> C:\rcsv\App\mobile64\log\logs\LOG_APP_MOBILE_SERVICE_64_6.log
18/12 00:00:20 - ***  SERVIÇO PARADO
18/12 00:00:22 - Iniciando Suporte Mobile 64 bit Versao: 1.15.17/12/2019 20:06
18/12 00:00:22 - Variaveis
18/12 00:00:22 - CurrencyString="R$", CurrencyFormat="#2", NegCurrFormat="#9", ThousandSeparator=".", DecimalSeparator=",", CurrencyDecimals="2", DateSeparator="/", ShortDateFormat="dd/MM/yyyy", LongDateFormat="dddd, d' de 'MMMM' de 'yyyy", TimeSeparator=":", TimeAMString="", TimePMString="", ShortTimeFormat="hh:mm", LongTimeFormat="hh:mm:ss", TwoDigitYearCenturyWindow="50", ListSeparator=";"
18/12 00:00:22 - TCP Servidor
18/12 00:00:22 - TCP Cliente
18/12 00:00:22 - Iniciado na porta => 4409
18/12 00:00:22 - Formato Valores:        -1.254,87 | -1254,87|        1.254,87 | 1254,87
18/12 00:00:22 - Formato Data   : 18/12/2019 00:00:22
18/12 00:00:22 - Flags debug 1 sem log 0
18/12 00:00:22 - h > LOCALHOST p > 3306 d > hbecia u > root
18/12 00:00:22 - Terminal: 1
18/12 00:00:22 - BANCO DE DADOS ONLINE > LOCALHOST:hbecia
18/12 00:00:22 - PRECO => 23 /            23,00/23/23
18/12 00:00:22 - iniciar_identificacao_computador
18/12 00:00:22 - sistema_pegar_perfil
18/12 00:00:22 - empresa_carregar_segmentos
18/12 00:00:22 - rcs_iniciar_variaveis_globais
18/12 00:00:22 - terminal_id
18/12 00:00:22 - mesas_comandas
18/12 00:00:22 - LPRINT
18/12 00:00:22 - Status: Config => 192.168.88.83:9100
18/12 00:00:22 - Status: Config => 192.168.88.83:9100
18/12 00:00:22 - Status: Config => c:9100
18/12 00:00:22 - Status: Config => 192.168.88.83:9100
18/12 00:00:22 - LISTA DE IMPRESSORAS CARREGADA 4
18/12 00:00:23 - carregarImp
18/12 00:00:23 - objetos
18/12 00:00:23 - produtos_gerenciamento_de_estoque
18/12 00:00:23 - # status 100%
18/12 00:00:27 - STATUS DO SERVIDOR {"operacao":"status",
"id":"TERMIX"}
18/12 00:00:27 0 - POST / HTTP/1.1
HOST: 192.168.88.44:4409
content-length: 37

{"operacao":"status",
"id":"TERMIX"} t:0,016 => OK
18/12 00:00:44 - STATUS DO SERVIDOR {"operacao":"status",
"id":"TERMIX"}
18/12 00:00:44 0 - POST / HTTP/1.1
HOST: 192.168.88.44:4409
content-type: application/json
content-length: 37

{"operacao":"status",
"id":"TERMIX"} t:0,016 => OK
18/12 00:01:49 - LOGIN DO USUARIO {"operacao":"login",
"terminal":"1",
"usuario":"atendente",
"senha":"123456"}
18/12 00:01:49 0 - POST / HTTP/1.1
HOST: 192.168.88.44:4409
content-type: application/json
content-length: 80

{"operacao":"login",
"terminal":"1",
"usuario":"atendente",
"senha":"123456"} => OK
18/12 00:02:41 - ***  SERVIÇO PARADO
18/12 00:02:44 - Iniciando Suporte Mobile 64 bit Versao: 1.15.17/12/2019 20:06
18/12 00:02:44 - Variaveis
18/12 00:02:44 - CurrencyString="R$", CurrencyFormat="#2", NegCurrFormat="#9", ThousandSeparator=".", DecimalSeparator=",", CurrencyDecimals="2", DateSeparator="/", ShortDateFormat="dd/MM/yyyy", LongDateFormat="dddd, d' de 'MMMM' de 'yyyy", TimeSeparator=":", TimeAMString="", TimePMString="", ShortTimeFormat="hh:mm", LongTimeFormat="hh:mm:ss", TwoDigitYearCenturyWindow="50", ListSeparator=";"
18/12 00:02:44 - TCP Servidor
18/12 00:02:44 - TCP Cliente
18/12 00:02:44 - Iniciado na porta => 4409
18/12 00:02:44 - Formato Valores:        -1.254,87 | -1254,87|        1.254,87 | 1254,87
18/12 00:02:44 - Formato Data   : 18/12/2019 00:02:44
18/12 00:02:44 - Flags debug 1 sem log 0
18/12 00:02:44 - h > LOCALHOST p > 3306 d > hbecia u > root
18/12 00:02:44 - Terminal: 1
18/12 00:02:44 - BANCO DE DADOS ONLINE > LOCALHOST:hbecia
18/12 00:02:44 - PRECO => 23 /            23,00/23/23
18/12 00:02:44 - iniciar_identificacao_computador
18/12 00:02:44 - sistema_pegar_perfil
18/12 00:02:44 - empresa_carregar_segmentos
18/12 00:02:44 - rcs_iniciar_variaveis_globais
18/12 00:02:44 - terminal_id
18/12 00:02:44 - mesas_comandas
18/12 00:02:44 - LPRINT
18/12 00:02:44 - Status: Config => 192.168.88.83:9100
18/12 00:02:44 - Status: Config => 192.168.88.83:9100
18/12 00:02:44 - Status: Config => c:9100
18/12 00:02:44 - Status: Config => 192.168.88.83:9100
18/12 00:02:44 - LISTA DE IMPRESSORAS CARREGADA 4
18/12 00:02:44 - carregarImp
18/12 00:02:44 - objetos
18/12 00:02:44 - produtos_gerenciamento_de_estoque
18/12 00:02:44 - # status 100%
18/12 00:02:51 - LOGIN DO USUARIO {"operacao":"login",
"terminal":"1",
"usuario":"atendente",
"senha":"123456"}
18/12 00:02:51 0 - POST / HTTP/1.1
HOST: 192.168.88.44:4409
content-type: application/json
content-length: 80

{"operacao":"login",
"terminal":"1",
"usuario":"atendente",
"senha":"123456"} t:0,015 => OK
18/12 00:03:38 - ***  SERVIÇO PARADO
18/12 00:03:40 - Iniciando Suporte Mobile 64 bit Versao: 1.15.17/12/2019 20:06
18/12 00:03:40 - Variaveis
18/12 00:03:40 - CurrencyString="R$", CurrencyFormat="#2", NegCurrFormat="#9", ThousandSeparator=".", DecimalSeparator=",", CurrencyDecimals="2", DateSeparator="/", ShortDateFormat="dd/MM/yyyy", LongDateFormat="dddd, d' de 'MMMM' de 'yyyy", TimeSeparator=":", TimeAMString="", TimePMString="", ShortTimeFormat="hh:mm", LongTimeFormat="hh:mm:ss", TwoDigitYearCenturyWindow="50", ListSeparator=";"
18/12 00:03:40 - TCP Servidor
18/12 00:03:40 - TCP Cliente
18/12 00:03:40 - Iniciado na porta => 4409
18/12 00:03:40 - Formato Valores:        -1.254,87 | -1254,87|        1.254,87 | 1254,87
18/12 00:03:40 - Formato Data   : 18/12/2019 00:03:40
18/12 00:03:40 - Flags debug 1 sem log 0
18/12 00:03:40 - h > LOCALHOST p > 3306 d > hbecia u > root
18/12 00:03:40 - Terminal: 1
18/12 00:03:40 - BANCO DE DADOS ONLINE > LOCALHOST:hbecia
18/12 00:03:40 - PRECO => 23 /            23,00/23/23
18/12 00:03:40 - iniciar_identificacao_computador
18/12 00:03:40 - sistema_pegar_perfil
18/12 00:03:40 - empresa_carregar_segmentos
18/12 00:03:40 - rcs_iniciar_variaveis_globais
18/12 00:03:40 - terminal_id
18/12 00:03:40 - mesas_comandas
18/12 00:03:40 - LPRINT
18/12 00:03:40 - Status: Config => 192.168.88.83:9100
18/12 00:03:40 - Status: Config => 192.168.88.83:9100
18/12 00:03:40 - Status: Config => c:9100
18/12 00:03:40 - Status: Config => 192.168.88.83:9100
18/12 00:03:40 - LISTA DE IMPRESSORAS CARREGADA 4
18/12 00:03:41 - carregarImp
18/12 00:03:41 - objetos
18/12 00:03:41 - produtos_gerenciamento_de_estoque
18/12 00:03:41 - # status 100%
18/12 00:04:00 - LOGIN DO USUARIO {"operacao":"login",
"terminal":"1",
"usuario":"Julia",
"senha":"123456"}
18/12 00:04:00 0 - POST / HTTP/1.1
HOST: 192.168.88.44:4409
content-type: application/json
content-length: 76

{"operacao":"login",
"terminal":"1",
"usuario":"Julia",
"senha":"123456"} t:0,016 => OK
18/12 00:04:22 - LOGIN DO USUARIO {"operacao":"login",
"terminal":"1",
"usuario":"JULIA",
"senha":"123456"}
18/12 00:04:22 0 - POST / HTTP/1.1
HOST: 192.168.88.44:4409
content-type: application/json
content-length: 76

{"operacao":"login",
"terminal":"1",
"usuario":"JULIA",
"senha":"123456"} t:0,015 => OK
18/12 00:05:02 - ***  SERVIÇO PARADO
18/12 00:05:05 - Iniciando Suporte Mobile 64 bit Versao: 1.15.17/12/2019 20:06
18/12 00:05:05 - Variaveis
18/12 00:05:05 - CurrencyString="R$", CurrencyFormat="#2", NegCurrFormat="#9", ThousandSeparator=".", DecimalSeparator=",", CurrencyDecimals="2", DateSeparator="/", ShortDateFormat="dd/MM/yyyy", LongDateFormat="dddd, d' de 'MMMM' de 'yyyy", TimeSeparator=":", TimeAMString="", TimePMString="", ShortTimeFormat="hh:mm", LongTimeFormat="hh:mm:ss", TwoDigitYearCenturyWindow="50", ListSeparator=";"
18/12 00:05:05 - TCP Servidor
18/12 00:05:05 - TCP Cliente
18/12 00:05:05 - Iniciado na porta => 4409
18/12 00:05:05 - Formato Valores:        -1.254,87 | -1254,87|        1.254,87 | 1254,87
18/12 00:05:05 - Formato Data   : 18/12/2019 00:05:05
18/12 00:05:05 - Flags debug 1 sem log 0
18/12 00:05:05 - h > LOCALHOST p > 3306 d > hbecia u > root
18/12 00:05:05 - Terminal: 1
18/12 00:05:05 - BANCO DE DADOS ONLINE > LOCALHOST:hbecia
18/12 00:05:05 - PRECO => 23 /            23,00/23/23
18/12 00:05:05 - iniciar_identificacao_computador
18/12 00:05:05 - sistema_pegar_perfil
18/12 00:05:05 - empresa_carregar_segmentos
18/12 00:05:05 - rcs_iniciar_variaveis_globais
18/12 00:05:05 - terminal_id
18/12 00:05:05 - mesas_comandas
18/12 00:05:05 - LPRINT
18/12 00:05:05 - Status: Config => 192.168.88.83:9100
18/12 00:05:05 - Status: Config => 192.168.88.83:9100
18/12 00:05:05 - Status: Config => c:9100
18/12 00:05:05 - Status: Config => 192.168.88.83:9100
18/12 00:05:05 - LISTA DE IMPRESSORAS CARREGADA 4
18/12 00:05:05 - carregarImp
18/12 00:05:05 - objetos
18/12 00:05:05 - produtos_gerenciamento_de_estoque
18/12 00:05:05 - # status 100%
18/12 00:05:11 - LOGIN DO USUARIO {"operacao":"login",
"terminal":"1",
"usuario":"JULIA",
"senha":"123456"}
18/12 00:05:11 0 - POST / HTTP/1.1
HOST: 192.168.88.44:4409
content-type: application/json
content-length: 76

{"operacao":"login",
"terminal":"1",
"usuario":"JULIA",
"senha":"123456"} t:0,016 => OK
18/12 00:05:43 - STATUS DO SERVIDOR {"operacao":"status",
"id":"TERMIX",
"usuario":"JULIA",
"senha":"123456"}
18/12 00:05:43 0 - POST / HTTP/1.1
HOST: 192.168.88.44:4409
content-type: application/json
content-length: 76

{"operacao":"status",
"id":"TERMIX",
"usuario":"JULIA",
"senha":"123456"} t:0,016 => OK
18/12 00:05:49 - LOGIN DO USUARIO {"operacao":"login",
"terminal":"1",
"usuario":"JULIA",
"senha":"123456"}
18/12 00:05:49 0 - POST / HTTP/1.1
HOST: 192.168.88.44:4409
content-type: application/json
content-length: 76

{"operacao":"login",
"terminal":"1",
"usuario":"JULIA",
"senha":"123456"} t:0,015 => OK
18/12 00:07:51 - LOGIN DO USUARIO {"operacao":"login",
"terminal":"1",
"usuario":"JULIA",
"senha":"123456"}
18/12 00:07:51 0 - POST / HTTP/1.1
HOST: 192.168.88.44:4409
content-type: application/json
content-length: 76

{"operacao":"login",
"terminal":"1",
"usuario":"JULIA",
"senha":"123456"} t:0,015 => OK
18/12 00:12:06 - ***  SERVIÇO PARADO
18/12 00:12:09 - Iniciando Suporte Mobile 64 bit Versao: 1.15.17/12/2019 20:06
18/12 00:12:09 - Variaveis
18/12 00:12:09 - CurrencyString="R$", CurrencyFormat="#2", NegCurrFormat="#9", ThousandSeparator=".", DecimalSeparator=",", CurrencyDecimals="2", DateSeparator="/", ShortDateFormat="dd/MM/yyyy", LongDateFormat="dddd, d' de 'MMMM' de 'yyyy", TimeSeparator=":", TimeAMString="", TimePMString="", ShortTimeFormat="hh:mm", LongTimeFormat="hh:mm:ss", TwoDigitYearCenturyWindow="50", ListSeparator=";"
18/12 00:12:09 - TCP Servidor
18/12 00:12:09 - TCP Cliente
18/12 00:12:09 - Iniciado na porta => 4409
18/12 00:12:09 - Formato Valores:        -1.254,87 | -1254,87|        1.254,87 | 1254,87
18/12 00:12:09 - Formato Data   : 18/12/2019 00:12:09
