30/12 17:14:09 - Iniciando Suporte Mobile 64 bit Versao: 1.15.17/12/2019 20:06
30/12 17:14:09 - Variaveis
30/12 17:14:09 - CurrencyString="R$", CurrencyFormat="#2", NegCurrFormat="#9", ThousandSeparator=".", DecimalSeparator=",", CurrencyDecimals="2", DateSeparator="/", ShortDateFormat="dd/MM/yyyy", LongDateFormat="dddd, d' de 'MMMM' de 'yyyy", TimeSeparator=":", TimeAMString="", TimePMString="", ShortTimeFormat="hh:mm", LongTimeFormat="hh:mm:ss", TwoDigitYearCenturyWindow="50", ListSeparator=";"
30/12 17:14:09 - TCP Servidor
30/12 17:14:09 - TCP Cliente
30/12 17:14:09 - Iniciado na porta => 4409
30/12 17:14:09 - Formato Valores:        -1.254,87 | -1254,87|        1.254,87 | 1254,87
30/12 17:14:09 - Formato Data   : 30/12/2019 17:14:09
30/12 17:14:10 - Flags debug 1 sem log 0
30/12 17:14:10 - h > 192.168.88.44 p > 3306 d > hbecia u > root
30/12 17:14:10 - Terminal: 1
30/12 17:14:10 - BANCO DE DADOS ONLINE > 192.168.88.44:hbecia
30/12 17:14:10 - PRECO => 23 /            23,00/23/23
30/12 17:14:10 - iniciar_identificacao_computador
30/12 17:14:10 - sistema_pegar_perfil
30/12 17:14:10 - empresa_carregar_segmentos
30/12 17:14:10 - rcs_iniciar_variaveis_globais
30/12 17:14:10 - terminal_id
30/12 17:14:10 - mesas_comandas
30/12 17:14:10 - LPRINT
30/12 17:14:10 - Status: Config => 192.168.88.83:9100
30/12 17:14:10 - Status: Config => 192.168.88.83:9100
30/12 17:14:10 - Status: Config => c:9100
30/12 17:14:10 - Status: Config => 192.168.88.83:9100
30/12 17:14:10 - LISTA DE IMPRESSORAS CARREGADA 4
30/12 17:14:10 - carregarImp
30/12 17:14:10 - objetos
30/12 17:14:10 - produtos_gerenciamento_de_estoque
30/12 17:14:10 - # status 100%
03/01 21:25:31 - Iniciando Suporte Mobile 64 bit Versao: 1.15.17/12/2019 20:06
03/01 21:25:31 - Variaveis
03/01 21:25:31 - CurrencyString="R$", CurrencyFormat="#2", NegCurrFormat="#9", ThousandSeparator=".", DecimalSeparator=",", CurrencyDecimals="2", DateSeparator="/", ShortDateFormat="dd/MM/yyyy", LongDateFormat="dddd, d' de 'MMMM' de 'yyyy", TimeSeparator=":", TimeAMString="", TimePMString="", ShortTimeFormat="hh:mm", LongTimeFormat="hh:mm:ss", TwoDigitYearCenturyWindow="50", ListSeparator=";"
03/01 21:25:31 - TCP Servidor
03/01 21:25:31 - TCP Cliente
03/01 21:25:31 - Iniciado na porta => 4409
03/01 21:25:31 - Formato Valores:        -1.254,87 | -1254,87|        1.254,87 | 1254,87
03/01 21:25:31 - Formato Data   : 03/01/2020 21:25:31
03/01 21:25:31 - Flags debug 1 sem log 0
03/01 21:25:31 - h > 192.168.88.44 p > 3306 d > hbecia u > root
03/01 21:25:31 - ERRO AO CONECTAR NO BANCO DE DADOS: 192.168.88.44:hbecia,root
03/01 21:25:31 - Cannot connect to server on host '192.168.88.44':
Uma operação de soquete foi tentada em uma rede inacessível.
Socket Error Code: 10051($2743)
04/01 17:00:02 - ***  SERVIÇO PARADO
04/01 17:00:04 - Iniciando Suporte Mobile 64 bit Versao: 1.15.17/12/2019 20:06
04/01 17:00:04 - Variaveis
04/01 17:00:04 - CurrencyString="R$", CurrencyFormat="#2", NegCurrFormat="#9", ThousandSeparator=".", DecimalSeparator=",", CurrencyDecimals="2", DateSeparator="/", ShortDateFormat="dd/MM/yyyy", LongDateFormat="dddd, d' de 'MMMM' de 'yyyy", TimeSeparator=":", TimeAMString="", TimePMString="", ShortTimeFormat="hh:mm", LongTimeFormat="hh:mm:ss", TwoDigitYearCenturyWindow="50", ListSeparator=";"
04/01 17:00:04 - TCP Servidor
04/01 17:00:04 - TCP Cliente
04/01 17:00:04 - Iniciado na porta => 4409
04/01 17:00:04 - Formato Valores:        -1.254,87 | -1254,87|        1.254,87 | 1254,87
04/01 17:00:04 - Formato Data   : 04/01/2020 17:00:04
04/01 17:00:04 - Flags debug 1 sem log 0
04/01 17:00:04 - h > 192.168.88.44 p > 3306 d > hbecia u > root
04/01 17:00:05 - Terminal: 1
04/01 17:00:05 - BANCO DE DADOS ONLINE > 192.168.88.44:hbecia
04/01 17:00:05 - PRECO => 23 /            23,00/23/23
04/01 17:00:05 - iniciar_identificacao_computador
04/01 17:00:05 - sistema_pegar_perfil
04/01 17:00:05 - empresa_carregar_segmentos
04/01 17:00:05 - rcs_iniciar_variaveis_globais
04/01 17:00:05 - terminal_id
04/01 17:03:52 - Iniciando Suporte Mobile 64 bit Versao: 1.15.17/12/2019 20:06
04/01 17:03:52 - Variaveis
04/01 17:03:52 - CurrencyString="R$", CurrencyFormat="#2", NegCurrFormat="#9", ThousandSeparator=".", DecimalSeparator=",", CurrencyDecimals="2", DateSeparator="/", ShortDateFormat="dd/MM/yyyy", LongDateFormat="dddd, d' de 'MMMM' de 'yyyy", TimeSeparator=":", TimeAMString="", TimePMString="", ShortTimeFormat="hh:mm", LongTimeFormat="hh:mm:ss", TwoDigitYearCenturyWindow="50", ListSeparator=";"
04/01 17:03:52 - TCP Servidor
04/01 17:03:52 - TCP Cliente
04/01 17:03:52 - Iniciado na porta => 4409
04/01 17:03:52 - Formato Valores:        -1.254,87 | -1254,87|        1.254,87 | 1254,87
04/01 17:03:52 - Formato Data   : 04/01/2020 17:03:52
04/01 17:03:52 - Flags debug 1 sem log 0
04/01 17:03:52 - h > 192.168.88.44 p > 3306 d > hbecia u > root
04/01 17:03:52 - Terminal: 1
04/01 17:03:52 - BANCO DE DADOS ONLINE > 192.168.88.44:hbecia
04/01 17:03:52 - PRECO => 23 /            23,00/23/23
04/01 17:03:52 - iniciar_identificacao_computador
04/01 17:03:52 - sistema_pegar_perfil
04/01 17:03:52 - empresa_carregar_segmentos
04/01 17:03:52 - rcs_iniciar_variaveis_globais
04/01 17:03:52 - terminal_id
04/01 17:07:26 - Iniciando Suporte Mobile 64 bit Versao: 1.15.17/12/2019 20:06
04/01 17:07:26 - Variaveis
04/01 17:07:26 - CurrencyString="R$", CurrencyFormat="#2", NegCurrFormat="#9", ThousandSeparator=".", DecimalSeparator=",", CurrencyDecimals="2", DateSeparator="/", ShortDateFormat="dd/MM/yyyy", LongDateFormat="dddd, d' de 'MMMM' de 'yyyy", TimeSeparator=":", TimeAMString="", TimePMString="", ShortTimeFormat="hh:mm", LongTimeFormat="hh:mm:ss", TwoDigitYearCenturyWindow="50", ListSeparator=";"
04/01 17:07:26 - TCP Servidor
04/01 17:07:26 - TCP Cliente
04/01 17:07:26 - Iniciado na porta => 4409
04/01 17:07:26 - Formato Valores:        -1.254,87 | -1254,87|        1.254,87 | 1254,87
04/01 17:07:26 - Formato Data   : 04/01/2020 17:07:26
04/01 17:07:26 - Flags debug 1 sem log 0
04/01 17:07:26 - h > 192.168.88.44 p > 3306 d > hbecia u > root
04/01 17:07:26 - Terminal: 1
04/01 17:07:26 - BANCO DE DADOS ONLINE > 192.168.88.44:hbecia
04/01 17:07:26 - PRECO => 23 /            23,00/23/23
04/01 17:07:26 - iniciar_identificacao_computador
04/01 17:07:26 - sistema_pegar_perfil
04/01 17:07:26 - empresa_carregar_segmentos
04/01 17:07:26 - rcs_iniciar_variaveis_globais
04/01 17:07:26 - terminal_id
04/01 17:07:26 - mesas_comandas
04/01 17:07:26 - LPRINT
04/01 17:07:26 - Status: Config => 192.168.88.83:9100
04/01 17:07:26 - Status: Config => 192.168.88.83:9100
04/01 17:07:26 - Status: Config => c:9100
04/01 17:07:26 - Status: Config => 192.168.88.83:9100
04/01 17:07:26 - LISTA DE IMPRESSORAS CARREGADA 4
04/01 17:07:26 - carregarImp
04/01 17:07:26 - objetos
04/01 17:07:26 - produtos_gerenciamento_de_estoque
04/01 17:07:26 - # status 100%
04/01 17:07:45 - ***  SERVIÇO PARADO
04/01 17:07:48 - Iniciando Suporte Mobile 64 bit Versao: 1.15.17/12/2019 20:06
04/01 17:07:48 - Variaveis
04/01 17:07:48 - CurrencyString="R$", CurrencyFormat="#2", NegCurrFormat="#9", ThousandSeparator=".", DecimalSeparator=",", CurrencyDecimals="2", DateSeparator="/", ShortDateFormat="dd/MM/yyyy", LongDateFormat="dddd, d' de 'MMMM' de 'yyyy", TimeSeparator=":", TimeAMString="", TimePMString="", ShortTimeFormat="hh:mm", LongTimeFormat="hh:mm:ss", TwoDigitYearCenturyWindow="50", ListSeparator=";"
04/01 17:07:48 - TCP Servidor
04/01 17:07:48 - TCP Cliente
04/01 17:07:48 - Iniciado na porta => 4409
04/01 17:07:48 - Formato Valores:        -1.254,87 | -1254,87|        1.254,87 | 1254,87
04/01 17:07:48 - Formato Data   : 04/01/2020 17:07:48
04/01 17:07:48 - Flags debug 1 sem log 0
04/01 17:07:48 - h > 192.168.88.44 p > 3306 d > hbecia u > root
04/01 17:07:48 - Terminal: 1
04/01 17:07:48 - BANCO DE DADOS ONLINE > 192.168.88.44:hbecia
04/01 17:07:48 - PRECO => 23 /            23,00/23/23
04/01 17:07:48 - iniciar_identificacao_computador
04/01 17:07:48 - sistema_pegar_perfil
04/01 17:07:48 - empresa_carregar_segmentos
04/01 17:07:48 - rcs_iniciar_variaveis_globais
04/01 17:07:48 - terminal_id
04/01 17:09:09 - Iniciando Suporte Mobile 64 bit Versao: 1.15.17/12/2019 20:06
04/01 17:09:09 - Variaveis
04/01 17:09:09 - CurrencyString="R$", CurrencyFormat="#2", NegCurrFormat="#9", ThousandSeparator=".", DecimalSeparator=",", CurrencyDecimals="2", DateSeparator="/", ShortDateFormat="dd/MM/yyyy", LongDateFormat="dddd, d' de 'MMMM' de 'yyyy", TimeSeparator=":", TimeAMString="", TimePMString="", ShortTimeFormat="hh:mm", LongTimeFormat="hh:mm:ss", TwoDigitYearCenturyWindow="50", ListSeparator=";"
04/01 17:09:09 - TCP Servidor
04/01 17:09:09 - TCP Cliente
04/01 17:09:09 - Iniciado na porta => 4409
04/01 17:09:09 - Formato Valores:        -1.254,87 | -1254,87|        1.254,87 | 1254,87
04/01 17:09:09 - Formato Data   : 04/01/2020 17:09:09
04/01 17:09:09 - Flags debug 1 sem log 0
04/01 17:09:09 - h > 192.168.88.44 p > 3306 d > hbecia u > root
04/01 17:09:09 - Terminal: 1
04/01 17:09:09 - BANCO DE DADOS ONLINE > 192.168.88.44:hbecia
04/01 17:09:09 - PRECO => 23 /            23,00/23/23
04/01 17:09:09 - iniciar_identificacao_computador
04/01 17:09:09 - sistema_pegar_perfil
04/01 17:09:09 - empresa_carregar_segmentos
04/01 17:09:09 - rcs_iniciar_variaveis_globais
04/01 17:09:09 - terminal_id
04/01 17:10:52 - Iniciando Suporte Mobile 64 bit Versao: 1.15.17/12/2019 20:06
04/01 17:10:52 - Variaveis
04/01 17:10:52 - CurrencyString="R$", CurrencyFormat="#2", NegCurrFormat="#9", ThousandSeparator=".", DecimalSeparator=",", CurrencyDecimals="2", DateSeparator="/", ShortDateFormat="dd/MM/yyyy", LongDateFormat="dddd, d' de 'MMMM' de 'yyyy", TimeSeparator=":", TimeAMString="", TimePMString="", ShortTimeFormat="hh:mm", LongTimeFormat="hh:mm:ss", TwoDigitYearCenturyWindow="50", ListSeparator=";"
04/01 17:10:52 - TCP Servidor
04/01 17:10:52 - TCP Cliente
04/01 17:10:52 - Iniciado na porta => 4409
04/01 17:10:52 - Formato Valores:        -1.254,87 | -1254,87|        1.254,87 | 1254,87
04/01 17:10:52 - Formato Data   : 04/01/2020 17:10:52
04/01 17:10:52 - Flags debug 1 sem log 0
04/01 17:10:52 - h > 192.168.88.44 p > 3306 d > hbecia u > root
04/01 17:10:52 - Terminal: 1
04/01 17:10:52 - BANCO DE DADOS ONLINE > 192.168.88.44:hbecia
04/01 17:10:52 - PRECO => 23 /            23,00/23/23
04/01 17:10:52 - iniciar_identificacao_computador
04/01 17:10:52 - sistema_pegar_perfil
04/01 17:10:52 - empresa_carregar_segmentos
04/01 17:10:52 - rcs_iniciar_variaveis_globais
04/01 17:10:52 - terminal_id
04/01 17:10:52 - mesas_comandas
04/01 17:10:52 - LPRINT
04/01 17:10:52 - Status: Config => 192.168.88.83:9100
04/01 17:10:52 - Status: Config => 192.168.88.83:9100
04/01 17:10:52 - Status: Config => c:9100
04/01 17:10:52 - Status: Config => 192.168.88.83:9100
04/01 17:10:52 - LISTA DE IMPRESSORAS CARREGADA 4
04/01 17:10:52 - carregarImp
04/01 17:10:52 - objetos
04/01 17:10:52 - produtos_gerenciamento_de_estoque
04/01 17:10:52 - # status 100%
04/01 17:11:23 - ***  SERVIÇO PARADO
04/01 17:11:26 - Iniciando Suporte Mobile 64 bit Versao: 1.15.17/12/2019 20:06
04/01 17:11:26 - Variaveis
04/01 17:11:26 - CurrencyString="R$", CurrencyFormat="#2", NegCurrFormat="#9", ThousandSeparator=".", DecimalSeparator=",", CurrencyDecimals="2", DateSeparator="/", ShortDateFormat="dd/MM/yyyy", LongDateFormat="dddd, d' de 'MMMM' de 'yyyy", TimeSeparator=":", TimeAMString="", TimePMString="", ShortTimeFormat="hh:mm", LongTimeFormat="hh:mm:ss", TwoDigitYearCenturyWindow="50", ListSeparator=";"
04/01 17:11:26 - TCP Servidor
04/01 17:11:26 - TCP Cliente
04/01 17:11:26 - Iniciado na porta => 4409
04/01 17:11:26 - Formato Valores:        -1.254,87 | -1254,87|        1.254,87 | 1254,87
04/01 17:11:26 - Formato Data   : 04/01/2020 17:11:26
04/01 17:11:26 - Flags debug 1 sem log 0
04/01 17:11:26 - h > 192.168.88.44 p > 3306 d > hbecia u > root
04/01 17:11:26 - Terminal: 1
04/01 17:11:26 - BANCO DE DADOS ONLINE > 192.168.88.44:hbecia
04/01 17:11:26 - PRECO => 23 /            23,00/23/23
04/01 17:11:26 - iniciar_identificacao_computador
04/01 17:11:26 - sistema_pegar_perfil
04/01 17:11:26 - empresa_carregar_segmentos
04/01 17:11:26 - rcs_iniciar_variaveis_globais
04/01 17:11:26 - terminal_id
04/01 17:11:26 - Lista de atendentes
04/01 17:11:26 - mesas_comandas
04/01 17:11:26 - LPRINT
04/01 17:11:26 - Status: Config => 192.168.88.83:9100
04/01 17:11:26 - Status: Config => 192.168.88.83:9100
04/01 17:11:26 - Status: Config => c:9100
04/01 17:11:26 - Status: Config => 192.168.88.83:9100
04/01 17:11:26 - LISTA DE IMPRESSORAS CARREGADA 4
04/01 17:11:26 - carregarImp
04/01 17:11:26 - objetos
04/01 17:11:26 - produtos_gerenciamento_de_estoque
04/01 17:11:26 - # status 100%
06/01 15:34:36 - Iniciando Suporte Mobile 64 bit Versao: 1.15.17/12/2019 20:06
06/01 15:34:36 - Variaveis
06/01 15:34:36 - CurrencyString="R$", CurrencyFormat="#2", NegCurrFormat="#9", ThousandSeparator=".", DecimalSeparator=",", CurrencyDecimals="2", DateSeparator="/", ShortDateFormat="dd/MM/yyyy", LongDateFormat="dddd, d' de 'MMMM' de 'yyyy", TimeSeparator=":", TimeAMString="", TimePMString="", ShortTimeFormat="hh:mm", LongTimeFormat="hh:mm:ss", TwoDigitYearCenturyWindow="50", ListSeparator=";"
06/01 15:34:36 - TCP Servidor
06/01 15:34:36 - TCP Cliente
06/01 15:34:36 - Iniciado na porta => 4409
06/01 15:34:36 - Formato Valores:        -1.254,87 | -1254,87|        1.254,87 | 1254,87
06/01 15:34:36 - Formato Data   : 06/01/2020 15:34:36
06/01 15:34:36 - Flags debug 1 sem log 0
06/01 15:34:36 - h > 192.168.88.44 p > 3306 d > hbecia u > root
06/01 15:34:36 - ERRO AO CONECTAR NO BANCO DE DADOS: 192.168.88.44:hbecia,root
06/01 15:34:36 - Cannot connect to server on host '192.168.88.44':
Uma operação de soquete foi tentada em uma rede inacessível.
Socket Error Code: 10051($2743)
09/01 20:52:55 - Iniciando Suporte Mobile 64 bit Versao: 1.15.17/12/2019 20:06
09/01 20:52:55 - Variaveis
09/01 20:52:55 - CurrencyString="R$", CurrencyFormat="#2", NegCurrFormat="#9", ThousandSeparator=".", DecimalSeparator=",", CurrencyDecimals="2", DateSeparator="/", ShortDateFormat="dd/MM/yyyy", LongDateFormat="dddd, d' de 'MMMM' de 'yyyy", TimeSeparator=":", TimeAMString="", TimePMString="", ShortTimeFormat="hh:mm", LongTimeFormat="hh:mm:ss", TwoDigitYearCenturyWindow="50", ListSeparator=";"
09/01 20:52:55 - TCP Servidor
09/01 20:52:55 - TCP Cliente
09/01 20:52:55 - Iniciado na porta => 4409
09/01 20:52:55 - Formato Valores:        -1.254,87 | -1254,87|        1.254,87 | 1254,87
09/01 20:52:55 - Formato Data   : 09/01/2020 20:52:55
09/01 20:52:55 - Flags debug 1 sem log 0
09/01 20:52:55 - h > 192.168.88.44 p > 3306 d > hbecia u > root
09/01 20:52:55 - ERRO AO CONECTAR NO BANCO DE DADOS: 192.168.88.44:hbecia,root
09/01 20:52:55 - Cannot connect to server on host '192.168.88.44':
Uma operação de soquete foi tentada em uma rede inacessível.
Socket Error Code: 10051($2743)
10/01 19:08:07 - Iniciando Suporte Mobile 64 bit Versao: 1.15.17/12/2019 20:06
10/01 19:08:07 - Variaveis
10/01 19:08:07 - CurrencyString="R$", CurrencyFormat="#2", NegCurrFormat="#9", ThousandSeparator=".", DecimalSeparator=",", CurrencyDecimals="2", DateSeparator="/", ShortDateFormat="dd/MM/yyyy", LongDateFormat="dddd, d' de 'MMMM' de 'yyyy", TimeSeparator=":", TimeAMString="", TimePMString="", ShortTimeFormat="hh:mm", LongTimeFormat="hh:mm:ss", TwoDigitYearCenturyWindow="50", ListSeparator=";"
10/01 19:08:07 - TCP Servidor
10/01 19:08:07 - TCP Cliente
10/01 19:08:07 - Iniciado na porta => 4409
10/01 19:08:07 - Formato Valores:        -1.254,87 | -1254,87|        1.254,87 | 1254,87
10/01 19:08:07 - Formato Data   : 10/01/2020 19:08:07
10/01 19:08:07 - Flags debug 1 sem log 0
10/01 19:08:07 - h > 192.168.88.44 p > 3306 d > hbecia u > root
10/01 19:08:07 - ERRO AO CONECTAR NO BANCO DE DADOS: 192.168.88.44:hbecia,root
10/01 19:08:07 - Cannot connect to server on host '192.168.88.44':
Uma operação de soquete foi tentada em uma rede inacessível.
Socket Error Code: 10051($2743)
17/01 17:38:53 - Iniciando Suporte Mobile 64 bit Versao: 1.15.17/12/2019 20:06
17/01 17:38:53 - Variaveis
17/01 17:38:53 - CurrencyString="R$", CurrencyFormat="#2", NegCurrFormat="#9", ThousandSeparator=".", DecimalSeparator=",", CurrencyDecimals="2", DateSeparator="/", ShortDateFormat="dd/MM/yyyy", LongDateFormat="dddd, d' de 'MMMM' de 'yyyy", TimeSeparator=":", TimeAMString="", TimePMString="", ShortTimeFormat="hh:mm", LongTimeFormat="hh:mm:ss", TwoDigitYearCenturyWindow="50", ListSeparator=";"
17/01 17:38:53 - TCP Servidor
17/01 17:38:53 - TCP Cliente
17/01 17:38:53 - Iniciado na porta => 4409
17/01 17:38:53 - Formato Valores:        -1.254,87 | -1254,87|        1.254,87 | 1254,87
17/01 17:38:53 - Formato Data   : 17/01/2020 17:38:53
17/01 17:38:53 - Flags debug 1 sem log 0
