17/12 23:42:47 - LOGIN DO USUARIO {"operacao":"login",
"terminal":"1",
"usuario":"Atendente",
"senha":"123456"}
17/12 23:42:47 - salvando log -> C:\rcsv\App\mobile64\log\logs\LOG_APP_MOBILE_SERVICE_64_5.log
17/12 23:42:47 0 - POST / HTTP/1.1
HOST: 192.168.88.44:4409
content-length: 80

{"operacao":"login",
"terminal":"1",
"usuario":"Atendente",
"senha":"123456"} t:0,047 => OK
17/12 23:46:30 - ***  SERVIÇO PARADO
17/12 23:46:33 - Iniciando Suporte Mobile 64 bit Versao: 1.15.17/12/2019 20:06
17/12 23:46:33 - Variaveis
17/12 23:46:33 - CurrencyString="R$", CurrencyFormat="#2", NegCurrFormat="#9", ThousandSeparator=".", DecimalSeparator=",", CurrencyDecimals="2", DateSeparator="/", ShortDateFormat="dd/MM/yyyy", LongDateFormat="dddd, d' de 'MMMM' de 'yyyy", TimeSeparator=":", TimeAMString="", TimePMString="", ShortTimeFormat="hh:mm", LongTimeFormat="hh:mm:ss", TwoDigitYearCenturyWindow="50", ListSeparator=";"
17/12 23:46:33 - TCP Servidor
17/12 23:46:33 - TCP Cliente
17/12 23:46:33 - Iniciado na porta => 4409
17/12 23:46:33 - Formato Valores:        -1.254,87 | -1254,87|        1.254,87 | 1254,87
17/12 23:46:33 - Formato Data   : 17/12/2019 23:46:33
17/12 23:46:33 - Flags debug 1 sem log 0
17/12 23:46:33 - h > LOCALHOST p > 3306 d > hbecia u > root
17/12 23:46:33 - Terminal: 1
17/12 23:46:33 - BANCO DE DADOS ONLINE > LOCALHOST:hbecia
17/12 23:46:33 - PRECO => 23 /            23,00/23/23
17/12 23:46:33 - iniciar_identificacao_computador
17/12 23:46:33 - sistema_pegar_perfil
17/12 23:46:33 - empresa_carregar_segmentos
17/12 23:46:33 - rcs_iniciar_variaveis_globais
17/12 23:46:33 - terminal_id
17/12 23:46:33 - mesas_comandas
17/12 23:46:33 - LPRINT
17/12 23:46:33 - Status: Config => 192.168.88.83:9100
17/12 23:46:33 - Status: Config => 192.168.88.83:9100
17/12 23:46:33 - Status: Config => c:9100
17/12 23:46:33 - Status: Config => 192.168.88.83:9100
17/12 23:46:33 - LISTA DE IMPRESSORAS CARREGADA 4
17/12 23:46:33 - carregarImp
17/12 23:46:33 - objetos
17/12 23:46:33 - produtos_gerenciamento_de_estoque
17/12 23:46:33 - # status 100%
17/12 23:46:40 - LOGIN DO USUARIO {"operacao":"login",
"terminal":"1",
"usuario":"Atendente",
"senha":"123456"}
17/12 23:46:40 0 - POST / HTTP/1.1
HOST: 192.168.88.44:4409
content-length: 80

{"operacao":"login",
"terminal":"1",
"usuario":"Atendente",
"senha":"123456"} t:0,016 => OK
17/12 23:46:59 - STATUS DO SERVIDOR {"operacao":"status",
"terminal":"1",
"usuario":"Atendente",
"senha":"123456"}
17/12 23:46:59 0 - ERRO => POST / HTTP/1.1
HOST: 192.168.88.44:4409
content-length: 81

{"operacao":"status",
"terminal":"1",
"usuario":"Atendente",
"senha":"123456"} t:0,015 => DADOS JSON FORMATO ERRADO -> 301
17/12 23:47:30 - STATUS DO SERVIDOR {"operacao":"status",
"terminal":"1",
"usuario":"Atendente",
"senha":"123456"}
17/12 23:47:30 0 - ERRO => POST / HTTP/1.1
HOST: 192.168.88.44:4409
content-length: 81

{"operacao":"status",
"terminal":"1",
"usuario":"Atendente",
"senha":"123456"} => DADOS JSON FORMATO ERRADO -> 301
17/12 23:48:00 - JSON INVALIDO: {"operacao":"status",
 "id", "TERMIX"}
17/12 23:48:08 - STATUS DO SERVIDOR {"operacao":"status",
 "id": "TERMIX"}
17/12 23:48:08 0 - POST / HTTP/1.1
HOST: 192.168.88.44:4409
content-length: 39

{"operacao":"status",
 "id": "TERMIX"} t:0,016 => OK
17/12 23:49:47 - ***  SERVIÇO PARADO
17/12 23:49:50 - Iniciando Suporte Mobile 64 bit Versao: 1.15.17/12/2019 20:06
17/12 23:49:50 - Variaveis
17/12 23:49:50 - CurrencyString="R$", CurrencyFormat="#2", NegCurrFormat="#9", ThousandSeparator=".", DecimalSeparator=",", CurrencyDecimals="2", DateSeparator="/", ShortDateFormat="dd/MM/yyyy", LongDateFormat="dddd, d' de 'MMMM' de 'yyyy", TimeSeparator=":", TimeAMString="", TimePMString="", ShortTimeFormat="hh:mm", LongTimeFormat="hh:mm:ss", TwoDigitYearCenturyWindow="50", ListSeparator=";"
17/12 23:49:50 - TCP Servidor
17/12 23:49:50 - TCP Cliente
17/12 23:49:50 - Iniciado na porta => 4409
17/12 23:49:50 - Formato Valores:        -1.254,87 | -1254,87|        1.254,87 | 1254,87
17/12 23:49:50 - Formato Data   : 17/12/2019 23:49:50
17/12 23:49:50 - Flags debug 1 sem log 0
17/12 23:49:50 - h > LOCALHOST p > 3306 d > hbecia u > root
17/12 23:49:50 - Terminal: 1
17/12 23:49:50 - BANCO DE DADOS ONLINE > LOCALHOST:hbecia
17/12 23:49:50 - PRECO => 23 /            23,00/23/23
17/12 23:49:50 - iniciar_identificacao_computador
17/12 23:49:50 - sistema_pegar_perfil
17/12 23:49:50 - empresa_carregar_segmentos
17/12 23:49:50 - rcs_iniciar_variaveis_globais
17/12 23:49:50 - terminal_id
17/12 23:49:50 - mesas_comandas
17/12 23:49:50 - LPRINT
17/12 23:49:50 - Status: Config => 192.168.88.83:9100
17/12 23:49:50 - Status: Config => 192.168.88.83:9100
17/12 23:49:50 - Status: Config => c:9100
17/12 23:49:50 - Status: Config => 192.168.88.83:9100
17/12 23:49:50 - LISTA DE IMPRESSORAS CARREGADA 4
17/12 23:49:50 - carregarImp
17/12 23:49:50 - objetos
17/12 23:49:50 - produtos_gerenciamento_de_estoque
17/12 23:49:50 - # status 100%
17/12 23:49:59 - STATUS DO SERVIDOR {"operacao":"status"}
17/12 23:49:59 0 - ERRO => POST / HTTP/1.1
HOST: 192.168.88.44:4409
content-length: 21

{"operacao":"status"} t:0,016 => DADOS JSON FORMATO ERRADO -> 301
17/12 23:50:14 - JSON INVALIDO: {"operacao":"status"C}
17/12 23:51:46 - ***  SERVIÇO PARADO
17/12 23:51:49 - Iniciando Suporte Mobile 64 bit Versao: 1.15.17/12/2019 20:06
17/12 23:51:49 - Variaveis
17/12 23:51:49 - CurrencyString="R$", CurrencyFormat="#2", NegCurrFormat="#9", ThousandSeparator=".", DecimalSeparator=",", CurrencyDecimals="2", DateSeparator="/", ShortDateFormat="dd/MM/yyyy", LongDateFormat="dddd, d' de 'MMMM' de 'yyyy", TimeSeparator=":", TimeAMString="", TimePMString="", ShortTimeFormat="hh:mm", LongTimeFormat="hh:mm:ss", TwoDigitYearCenturyWindow="50", ListSeparator=";"
17/12 23:51:49 - TCP Servidor
17/12 23:51:49 - TCP Cliente
17/12 23:51:49 - Iniciado na porta => 4409
17/12 23:51:49 - Formato Valores:        -1.254,87 | -1254,87|        1.254,87 | 1254,87
17/12 23:51:49 - Formato Data   : 17/12/2019 23:51:49
17/12 23:51:49 - Flags debug 1 sem log 0
17/12 23:51:49 - h > LOCALHOST p > 3306 d > hbecia u > root
17/12 23:51:49 - Terminal: 1
17/12 23:51:49 - BANCO DE DADOS ONLINE > LOCALHOST:hbecia
17/12 23:51:49 - PRECO => 23 /            23,00/23/23
17/12 23:51:49 - iniciar_identificacao_computador
17/12 23:51:49 - sistema_pegar_perfil
17/12 23:51:49 - empresa_carregar_segmentos
17/12 23:51:49 - rcs_iniciar_variaveis_globais
17/12 23:51:49 - terminal_id
17/12 23:51:49 - mesas_comandas
17/12 23:51:49 - LPRINT
17/12 23:51:49 - Status: Config => 192.168.88.83:9100
17/12 23:51:49 - Status: Config => 192.168.88.83:9100
17/12 23:51:49 - Status: Config => c:9100
17/12 23:51:49 - Status: Config => 192.168.88.83:9100
17/12 23:51:49 - LISTA DE IMPRESSORAS CARREGADA 4
17/12 23:51:49 - carregarImp
17/12 23:51:49 - objetos
17/12 23:51:49 - produtos_gerenciamento_de_estoque
17/12 23:51:49 - # status 100%
17/12 23:51:55 - STATUS DO SERVIDOR {"operacao":"status"}
17/12 23:51:55 0 - ERRO => POST / HTTP/1.1
HOST: 192.168.88.44:4409
content-length: 21

{"operacao":"status"} t:0,015 => DADOS JSON FORMATO ERRADO -> 301
17/12 23:52:43 - STATUS DO SERVIDOR {"operacao":"status",
"id":"TERMIX"}
17/12 23:52:43 0 - POST / HTTP/1.1
HOST: 192.168.88.44:4409
content-length: 37

{"operacao":"status",
"id":"TERMIX"} t:0,016 => OK
17/12 23:53:02 - STATUS DO SERVIDOR {"operacao":"status",
"id":"TERMIX"}
17/12 23:53:02 0 - POST / HTTP/1.1
HOST: 192.168.88.44:4409
content-length: 37

{"operacao":"status",
"id":"TERMIX"} t:0,016 => OK
17/12 23:57:39 - STATUS DO SERVIDOR {"operacao":"status",
"id":"TERMIX"}
17/12 23:57:39 0 - POST / HTTP/1.1
HOST: 192.168.88.44:4409
content-length: 37

{"operacao":"status",
"id":"TERMIX"} t:0,016 => OK
17/12 23:57:50 - JSON INVALIDO: {"operacao":"status",
"id":"TERMIX"K}
17/12 23:59:17 - ***  SERVIÇO PARADO
17/12 23:59:20 - Iniciando Suporte Mobile 64 bit Versao: 1.15.17/12/2019 20:06
17/12 23:59:20 - Variaveis
17/12 23:59:20 - CurrencyString="R$", CurrencyFormat="#2", NegCurrFormat="#9", ThousandSeparator=".", DecimalSeparator=",", CurrencyDecimals="2", DateSeparator="/", ShortDateFormat="dd/MM/yyyy", LongDateFormat="dddd, d' de 'MMMM' de 'yyyy", TimeSeparator=":", TimeAMString="", TimePMString="", ShortTimeFormat="hh:mm", LongTimeFormat="hh:mm:ss", TwoDigitYearCenturyWindow="50", ListSeparator=";"
17/12 23:59:20 - TCP Servidor
17/12 23:59:20 - TCP Cliente
17/12 23:59:20 - Iniciado na porta => 4409
17/12 23:59:20 - Formato Valores:        -1.254,87 | -1254,87|        1.254,87 | 1254,87
17/12 23:59:20 - Formato Data   : 17/12/2019 23:59:20
17/12 23:59:20 - Flags debug 1 sem log 0
17/12 23:59:20 - h > LOCALHOST p > 3306 d > hbecia u > root
17/12 23:59:20 - Terminal: 1
17/12 23:59:20 - BANCO DE DADOS ONLINE > LOCALHOST:hbecia
17/12 23:59:20 - PRECO => 23 /            23,00/23/23
17/12 23:59:20 - iniciar_identificacao_computador
17/12 23:59:20 - sistema_pegar_perfil
17/12 23:59:20 - empresa_carregar_segmentos
17/12 23:59:20 - rcs_iniciar_variaveis_globais
17/12 23:59:20 - terminal_id
17/12 23:59:20 - mesas_comandas
17/12 23:59:20 - LPRINT
17/12 23:59:20 - Status: Config => 192.168.88.83:9100
17/12 23:59:20 - Status: Config => 192.168.88.83:9100
17/12 23:59:20 - Status: Config => c:9100
17/12 23:59:20 - Status: Config => 192.168.88.83:9100
17/12 23:59:20 - LISTA DE IMPRESSORAS CARREGADA 4
17/12 23:59:20 - carregarImp
17/12 23:59:20 - objetos
17/12 23:59:20 - produtos_gerenciamento_de_estoque
17/12 23:59:20 - # status 100%
17/12 23:59:24 - STATUS DO SERVIDOR {"operacao":"status",
"id":"TERMIX"}
17/12 23:59:24 0 - POST / HTTP/1.1
HOST: 192.168.88.44:4409
content-length: 37

{"operacao":"status",
"id":"TERMIX"} t:0,015 => OK
17/12 23:59:45 - ***  SERVIÇO PARADO
17/12 23:59:48 - Iniciando Suporte Mobile 64 bit Versao: 1.15.17/12/2019 20:06
17/12 23:59:48 - Variaveis
17/12 23:59:48 - CurrencyString="R$", CurrencyFormat="#2", NegCurrFormat="#9", ThousandSeparator=".", DecimalSeparator=",", CurrencyDecimals="2", DateSeparator="/", ShortDateFormat="dd/MM/yyyy", LongDateFormat="dddd, d' de 'MMMM' de 'yyyy", TimeSeparator=":", TimeAMString="", TimePMString="", ShortTimeFormat="hh:mm", LongTimeFormat="hh:mm:ss", TwoDigitYearCenturyWindow="50", ListSeparator=";"
17/12 23:59:48 - TCP Servidor
17/12 23:59:48 - TCP Cliente
17/12 23:59:48 - Iniciado na porta => 4409
17/12 23:59:48 - Formato Valores:        -1.254,87 | -1254,87|        1.254,87 | 1254,87
17/12 23:59:48 - Formato Data   : 17/12/2019 23:59:48
17/12 23:59:48 - Flags debug 1 sem log 0
17/12 23:59:48 - h > LOCALHOST p > 3306 d > hbecia u > root
17/12 23:59:48 - Terminal: 1
17/12 23:59:48 - BANCO DE DADOS ONLINE > LOCALHOST:hbecia
17/12 23:59:48 - PRECO => 23 /            23,00/23/23
17/12 23:59:48 - iniciar_identificacao_computador
17/12 23:59:48 - sistema_pegar_perfil
17/12 23:59:48 - empresa_carregar_segmentos
17/12 23:59:48 - rcs_iniciar_variaveis_globais
17/12 23:59:48 - terminal_id
17/12 23:59:48 - mesas_comandas
17/12 23:59:48 - LPRINT
17/12 23:59:48 - Status: Config => 192.168.88.83:9100
17/12 23:59:48 - Status: Config => 192.168.88.83:9100
17/12 23:59:48 - Status: Config => c:9100
17/12 23:59:48 - Status: Config => 192.168.88.83:9100
17/12 23:59:48 - LISTA DE IMPRESSORAS CARREGADA 4
17/12 23:59:48 - carregarImp
17/12 23:59:48 - objetos
17/12 23:59:48 - produtos_gerenciamento_de_estoque
17/12 23:59:48 - # status 100%
17/12 23:59:50 - STATUS DO SERVIDOR {"operacao":"status",
"id":"TERMIX"}
