18/12 20:03:15 - CurrencyString="R$", CurrencyFormat="#2", NegCurrFormat="#9", ThousandSeparator=".", DecimalSeparator=",", CurrencyDecimals="2", DateSeparator="/", ShortDateFormat="dd/MM/yyyy", LongDateFormat="dddd, d' de 'MMMM' de 'yyyy", TimeSeparator=":", TimeAMString="", TimePMString="", ShortTimeFormat="hh:mm", LongTimeFormat="hh:mm:ss", TwoDigitYearCenturyWindow="50", ListSeparator=";"
18/12 20:03:15 - salvando log -> C:\rcsv\App\mobile64\log\logs\LOG_APP_MOBILE_SERVICE_64_13.log
18/12 20:03:15 - TCP Servidor
18/12 20:03:15 - TCP Cliente
18/12 20:03:15 - Iniciado na porta => 4409
18/12 20:03:15 - Formato Valores:        -1.254,87 | -1254,87|        1.254,87 | 1254,87
18/12 20:03:15 - Formato Data   : 18/12/2019 20:03:15
18/12 20:03:15 - Flags debug 1 sem log 0
18/12 20:03:15 - h > LOCALHOST p > 3306 d > hbecia u > root
18/12 20:03:15 - Terminal: 1
18/12 20:03:15 - BANCO DE DADOS ONLINE > LOCALHOST:hbecia
18/12 20:03:15 - PRECO => 23 /            23,00/23/23
18/12 20:03:15 - iniciar_identificacao_computador
18/12 20:03:15 - sistema_pegar_perfil
18/12 20:03:15 - empresa_carregar_segmentos
18/12 20:03:15 - rcs_iniciar_variaveis_globais
18/12 20:03:15 - terminal_id
18/12 20:03:15 - mesas_comandas
18/12 20:03:15 - LPRINT
18/12 20:03:15 - Status: Config => 192.168.88.83:9100
18/12 20:03:15 - Status: Config => 192.168.88.83:9100
18/12 20:03:15 - Status: Config => c:9100
18/12 20:03:15 - Status: Config => 192.168.88.83:9100
18/12 20:03:15 - LISTA DE IMPRESSORAS CARREGADA 4
18/12 20:03:15 - carregarImp
18/12 20:03:15 - objetos
18/12 20:03:15 - produtos_gerenciamento_de_estoque
18/12 20:03:15 - # status 100%
18/12 20:04:05 - ***  SERVIÇO PARADO
18/12 20:04:08 - Iniciando Suporte Mobile 64 bit Versao: 1.15.17/12/2019 20:06
18/12 20:04:08 - Variaveis
18/12 20:04:08 - CurrencyString="R$", CurrencyFormat="#2", NegCurrFormat="#9", ThousandSeparator=".", DecimalSeparator=",", CurrencyDecimals="2", DateSeparator="/", ShortDateFormat="dd/MM/yyyy", LongDateFormat="dddd, d' de 'MMMM' de 'yyyy", TimeSeparator=":", TimeAMString="", TimePMString="", ShortTimeFormat="hh:mm", LongTimeFormat="hh:mm:ss", TwoDigitYearCenturyWindow="50", ListSeparator=";"
18/12 20:04:08 - TCP Servidor
18/12 20:04:08 - TCP Cliente
18/12 20:04:08 - Iniciado na porta => 4409
18/12 20:04:08 - Formato Valores:        -1.254,87 | -1254,87|        1.254,87 | 1254,87
18/12 20:04:08 - Formato Data   : 18/12/2019 20:04:08
18/12 20:04:08 - Flags debug 1 sem log 0
18/12 20:04:08 - h > LOCALHOST p > 3306 d > hbecia u > root
18/12 20:04:08 - Terminal: 1
18/12 20:04:08 - BANCO DE DADOS ONLINE > LOCALHOST:hbecia
18/12 20:04:08 - PRECO => 23 /            23,00/23/23
18/12 20:04:08 - iniciar_identificacao_computador
18/12 20:04:08 - sistema_pegar_perfil
18/12 20:04:08 - empresa_carregar_segmentos
18/12 20:04:08 - rcs_iniciar_variaveis_globais
18/12 20:04:08 - terminal_id
18/12 20:04:08 - mesas_comandas
18/12 20:04:08 - LPRINT
18/12 20:04:08 - Status: Config => 192.168.88.83:9100
18/12 20:04:08 - Status: Config => 192.168.88.83:9100
18/12 20:04:08 - Status: Config => c:9100
18/12 20:04:08 - Status: Config => 192.168.88.83:9100
18/12 20:04:08 - LISTA DE IMPRESSORAS CARREGADA 4
18/12 20:04:08 - carregarImp
18/12 20:04:08 - objetos
18/12 20:04:08 - produtos_gerenciamento_de_estoque
18/12 20:04:08 - # status 100%
18/12 20:07:19 - ***  SERVIÇO PARADO
18/12 20:07:22 - Iniciando Suporte Mobile 64 bit Versao: 1.15.17/12/2019 20:06
18/12 20:07:22 - Variaveis
18/12 20:07:22 - CurrencyString="R$", CurrencyFormat="#2", NegCurrFormat="#9", ThousandSeparator=".", DecimalSeparator=",", CurrencyDecimals="2", DateSeparator="/", ShortDateFormat="dd/MM/yyyy", LongDateFormat="dddd, d' de 'MMMM' de 'yyyy", TimeSeparator=":", TimeAMString="", TimePMString="", ShortTimeFormat="hh:mm", LongTimeFormat="hh:mm:ss", TwoDigitYearCenturyWindow="50", ListSeparator=";"
18/12 20:07:22 - TCP Servidor
18/12 20:07:22 - TCP Cliente
18/12 20:07:22 - Iniciado na porta => 4409
18/12 20:07:22 - Formato Valores:        -1.254,87 | -1254,87|        1.254,87 | 1254,87
18/12 20:07:22 - Formato Data   : 18/12/2019 20:07:22
18/12 20:07:22 - Flags debug 1 sem log 0
18/12 20:07:22 - h > LOCALHOST p > 3306 d > hbecia u > root
18/12 20:07:22 - Terminal: 1
18/12 20:07:22 - BANCO DE DADOS ONLINE > LOCALHOST:hbecia
18/12 20:07:22 - PRECO => 23 /            23,00/23/23
18/12 20:07:22 - iniciar_identificacao_computador
18/12 20:07:22 - sistema_pegar_perfil
18/12 20:07:22 - empresa_carregar_segmentos
18/12 20:07:22 - rcs_iniciar_variaveis_globais
18/12 20:07:22 - terminal_id
18/12 20:07:22 - mesas_comandas
18/12 20:07:22 - LPRINT
18/12 20:07:22 - Status: Config => 192.168.88.83:9100
18/12 20:07:22 - Status: Config => 192.168.88.83:9100
18/12 20:07:22 - Status: Config => c:9100
18/12 20:07:22 - Status: Config => 192.168.88.83:9100
18/12 20:07:22 - LISTA DE IMPRESSORAS CARREGADA 4
18/12 20:07:22 - carregarImp
18/12 20:07:22 - objetos
18/12 20:07:22 - produtos_gerenciamento_de_estoque
18/12 20:07:22 - # status 100%
18/12 20:07:41 - ***  SERVIÇO PARADO
18/12 20:07:43 - Iniciando Suporte Mobile 64 bit Versao: 1.15.17/12/2019 20:06
18/12 20:07:43 - Variaveis
18/12 20:07:43 - CurrencyString="R$", CurrencyFormat="#2", NegCurrFormat="#9", ThousandSeparator=".", DecimalSeparator=",", CurrencyDecimals="2", DateSeparator="/", ShortDateFormat="dd/MM/yyyy", LongDateFormat="dddd, d' de 'MMMM' de 'yyyy", TimeSeparator=":", TimeAMString="", TimePMString="", ShortTimeFormat="hh:mm", LongTimeFormat="hh:mm:ss", TwoDigitYearCenturyWindow="50", ListSeparator=";"
18/12 20:07:43 - TCP Servidor
18/12 20:07:43 - TCP Cliente
18/12 20:07:43 - Iniciado na porta => 4409
18/12 20:07:43 - Formato Valores:        -1.254,87 | -1254,87|        1.254,87 | 1254,87
18/12 20:07:43 - Formato Data   : 18/12/2019 20:07:43
18/12 20:07:43 - Flags debug 1 sem log 0
18/12 20:07:43 - h > LOCALHOST p > 3306 d > hbecia u > root
18/12 20:07:43 - Terminal: 1
18/12 20:07:43 - BANCO DE DADOS ONLINE > LOCALHOST:hbecia
18/12 20:07:43 - PRECO => 23 /            23,00/23/23
18/12 20:07:43 - iniciar_identificacao_computador
18/12 20:07:43 - sistema_pegar_perfil
18/12 20:07:43 - empresa_carregar_segmentos
18/12 20:07:43 - rcs_iniciar_variaveis_globais
18/12 20:07:43 - terminal_id
18/12 20:07:43 - mesas_comandas
18/12 20:07:43 - LPRINT
18/12 20:07:43 - Status: Config => 192.168.88.83:9100
18/12 20:07:43 - Status: Config => 192.168.88.83:9100
18/12 20:07:43 - Status: Config => c:9100
18/12 20:07:43 - Status: Config => 192.168.88.83:9100
18/12 20:07:43 - LISTA DE IMPRESSORAS CARREGADA 4
18/12 20:07:43 - carregarImp
18/12 20:07:43 - objetos
18/12 20:07:43 - produtos_gerenciamento_de_estoque
18/12 20:07:43 - # status 100%
18/12 20:09:02 - ***  SERVIÇO PARADO
18/12 20:09:05 - Iniciando Suporte Mobile 64 bit Versao: 1.15.17/12/2019 20:06
18/12 20:09:05 - Variaveis
18/12 20:09:05 - CurrencyString="R$", CurrencyFormat="#2", NegCurrFormat="#9", ThousandSeparator=".", DecimalSeparator=",", CurrencyDecimals="2", DateSeparator="/", ShortDateFormat="dd/MM/yyyy", LongDateFormat="dddd, d' de 'MMMM' de 'yyyy", TimeSeparator=":", TimeAMString="", TimePMString="", ShortTimeFormat="hh:mm", LongTimeFormat="hh:mm:ss", TwoDigitYearCenturyWindow="50", ListSeparator=";"
18/12 20:09:05 - TCP Servidor
18/12 20:09:05 - TCP Cliente
18/12 20:09:05 - Iniciado na porta => 4409
18/12 20:09:05 - Formato Valores:        -1.254,87 | -1254,87|        1.254,87 | 1254,87
18/12 20:09:05 - Formato Data   : 18/12/2019 20:09:05
18/12 20:09:05 - Flags debug 1 sem log 0
18/12 20:09:05 - h > LOCALHOST p > 3306 d > hbecia u > root
18/12 20:09:05 - Terminal: 1
18/12 20:09:05 - BANCO DE DADOS ONLINE > LOCALHOST:hbecia
18/12 20:09:05 - PRECO => 23 /            23,00/23/23
18/12 20:09:05 - iniciar_identificacao_computador
18/12 20:09:05 - sistema_pegar_perfil
18/12 20:09:05 - empresa_carregar_segmentos
18/12 20:09:05 - rcs_iniciar_variaveis_globais
18/12 20:09:05 - terminal_id
18/12 20:09:05 - mesas_comandas
18/12 20:09:05 - LPRINT
18/12 20:09:05 - Status: Config => 192.168.88.83:9100
18/12 20:09:05 - Status: Config => 192.168.88.83:9100
18/12 20:09:05 - Status: Config => c:9100
18/12 20:09:05 - Status: Config => 192.168.88.83:9100
18/12 20:09:05 - LISTA DE IMPRESSORAS CARREGADA 4
18/12 20:09:05 - carregarImp
18/12 20:09:05 - objetos
18/12 20:09:05 - produtos_gerenciamento_de_estoque
18/12 20:09:05 - # status 100%
18/12 20:09:11 - STATUS DO SERVIDOR {"operacao":"status",
 "token":"c009a001",
"id":"TERMIX"}
18/12 20:09:11 0 - POST / HTTP/1.1
HOST: 192.168.88.44:4409
content-type: application/json
content-length: 59

{"operacao":"status",
 "token":"c009a001",
"id":"TERMIX"} t:0,015 => OK
18/12 20:14:23 - ***  SERVIÇO PARADO
18/12 20:14:25 - Iniciando Suporte Mobile 64 bit Versao: 1.15.17/12/2019 20:06
18/12 20:14:25 - Variaveis
18/12 20:14:25 - CurrencyString="R$", CurrencyFormat="#2", NegCurrFormat="#9", ThousandSeparator=".", DecimalSeparator=",", CurrencyDecimals="2", DateSeparator="/", ShortDateFormat="dd/MM/yyyy", LongDateFormat="dddd, d' de 'MMMM' de 'yyyy", TimeSeparator=":", TimeAMString="", TimePMString="", ShortTimeFormat="hh:mm", LongTimeFormat="hh:mm:ss", TwoDigitYearCenturyWindow="50", ListSeparator=";"
18/12 20:14:25 - TCP Servidor
18/12 20:14:25 - TCP Cliente
18/12 20:14:25 - Iniciado na porta => 4409
18/12 20:14:25 - Formato Valores:        -1.254,87 | -1254,87|        1.254,87 | 1254,87
18/12 20:14:25 - Formato Data   : 18/12/2019 20:14:25
18/12 20:14:25 - Flags debug 1 sem log 0
18/12 20:14:25 - h > LOCALHOST p > 3306 d > hbecia u > root
18/12 20:14:25 - Terminal: 1
18/12 20:14:25 - BANCO DE DADOS ONLINE > LOCALHOST:hbecia
18/12 20:14:25 - PRECO => 23 /            23,00/23/23
18/12 20:14:25 - iniciar_identificacao_computador
18/12 20:14:25 - sistema_pegar_perfil
18/12 20:14:25 - empresa_carregar_segmentos
18/12 20:14:25 - rcs_iniciar_variaveis_globais
18/12 20:14:25 - terminal_id
18/12 20:14:25 - mesas_comandas
18/12 20:14:25 - LPRINT
18/12 20:14:25 - Status: Config => 192.168.88.83:9100
18/12 20:14:26 - Status: Config => 192.168.88.83:9100
18/12 20:14:26 - Status: Config => c:9100
18/12 20:14:26 - Status: Config => 192.168.88.83:9100
18/12 20:14:26 - LISTA DE IMPRESSORAS CARREGADA 4
18/12 20:14:26 - carregarImp
18/12 20:14:26 - objetos
18/12 20:14:26 - produtos_gerenciamento_de_estoque
18/12 20:14:26 - # status 100%
18/12 20:20:46 - ***  SERVIÇO PARADO
18/12 20:20:49 - Iniciando Suporte Mobile 64 bit Versao: 1.15.17/12/2019 20:06
18/12 20:20:49 - Variaveis
18/12 20:20:49 - CurrencyString="R$", CurrencyFormat="#2", NegCurrFormat="#9", ThousandSeparator=".", DecimalSeparator=",", CurrencyDecimals="2", DateSeparator="/", ShortDateFormat="dd/MM/yyyy", LongDateFormat="dddd, d' de 'MMMM' de 'yyyy", TimeSeparator=":", TimeAMString="", TimePMString="", ShortTimeFormat="hh:mm", LongTimeFormat="hh:mm:ss", TwoDigitYearCenturyWindow="50", ListSeparator=";"
18/12 20:20:49 - TCP Servidor
18/12 20:20:49 - TCP Cliente
18/12 20:20:49 - Iniciado na porta => 4409
18/12 20:20:49 - Formato Valores:        -1.254,87 | -1254,87|        1.254,87 | 1254,87
18/12 20:20:49 - Formato Data   : 18/12/2019 20:20:49
18/12 20:20:49 - Flags debug 1 sem log 0
18/12 20:20:49 - h > LOCALHOST p > 3306 d > hbecia u > root
18/12 20:20:49 - Terminal: 1
18/12 20:20:49 - BANCO DE DADOS ONLINE > LOCALHOST:hbecia
18/12 20:20:49 - PRECO => 23 /            23,00/23/23
18/12 20:20:49 - iniciar_identificacao_computador
18/12 20:20:49 - sistema_pegar_perfil
18/12 20:20:49 - empresa_carregar_segmentos
18/12 20:20:49 - rcs_iniciar_variaveis_globais
18/12 20:20:49 - terminal_id
18/12 20:20:49 - mesas_comandas
18/12 20:20:49 - LPRINT
18/12 20:20:49 - Status: Config => 192.168.88.83:9100
18/12 20:20:49 - Status: Config => 192.168.88.83:9100
18/12 20:20:49 - Status: Config => c:9100
18/12 20:20:49 - Status: Config => 192.168.88.83:9100
18/12 20:20:49 - LISTA DE IMPRESSORAS CARREGADA 4
18/12 20:20:49 - carregarImp
18/12 20:20:49 - objetos
18/12 20:20:49 - produtos_gerenciamento_de_estoque
18/12 20:20:49 - # status 100%
18/12 20:21:00 - ***  SERVIÇO PARADO
18/12 20:21:52 - Iniciando Suporte Mobile 64 bit Versao: 1.15.17/12/2019 20:06
18/12 20:21:52 - Variaveis
18/12 20:21:52 - CurrencyString="R$", CurrencyFormat="#2", NegCurrFormat="#9", ThousandSeparator=".", DecimalSeparator=",", CurrencyDecimals="2", DateSeparator="/", ShortDateFormat="dd/MM/yyyy", LongDateFormat="dddd, d' de 'MMMM' de 'yyyy", TimeSeparator=":", TimeAMString="", TimePMString="", ShortTimeFormat="hh:mm", LongTimeFormat="hh:mm:ss", TwoDigitYearCenturyWindow="50", ListSeparator=";"
18/12 20:21:52 - TCP Servidor
18/12 20:21:52 - TCP Cliente
18/12 20:21:52 - Iniciado na porta => 4409
18/12 20:21:52 - Formato Valores:        -1.254,87 | -1254,87|        1.254,87 | 1254,87
18/12 20:21:52 - Formato Data   : 18/12/2019 20:21:52
18/12 20:21:52 - Flags debug 1 sem log 0
18/12 20:21:52 - h > LOCALHOST p > 3306 d > hbecia u > root
18/12 20:21:52 - Terminal: 1
18/12 20:21:52 - BANCO DE DADOS ONLINE > LOCALHOST:hbecia
18/12 20:21:52 - PRECO => 23 /            23,00/23/23
18/12 20:21:52 - iniciar_identificacao_computador
18/12 20:21:52 - sistema_pegar_perfil
18/12 20:21:52 - empresa_carregar_segmentos
18/12 20:21:52 - rcs_iniciar_variaveis_globais
18/12 20:21:52 - terminal_id
18/12 20:21:52 - mesas_comandas
18/12 20:21:52 - LPRINT
18/12 20:21:52 - Status: Config => 192.168.88.83:9100
18/12 20:21:52 - Status: Config => 192.168.88.83:9100
18/12 20:21:52 - Status: Config => c:9100
18/12 20:21:52 - Status: Config => 192.168.88.83:9100
18/12 20:21:52 - LISTA DE IMPRESSORAS CARREGADA 4
18/12 20:21:52 - carregarImp
18/12 20:21:52 - objetos
18/12 20:21:52 - produtos_gerenciamento_de_estoque
18/12 20:21:52 - # status 100%
18/12 20:22:45 - ***  SERVIÇO PARADO
18/12 20:22:47 - Iniciando Suporte Mobile 64 bit Versao: 1.15.17/12/2019 20:06
18/12 20:22:47 - Variaveis
18/12 20:22:47 - CurrencyString="R$", CurrencyFormat="#2", NegCurrFormat="#9", ThousandSeparator=".", DecimalSeparator=",", CurrencyDecimals="2", DateSeparator="/", ShortDateFormat="dd/MM/yyyy", LongDateFormat="dddd, d' de 'MMMM' de 'yyyy", TimeSeparator=":", TimeAMString="", TimePMString="", ShortTimeFormat="hh:mm", LongTimeFormat="hh:mm:ss", TwoDigitYearCenturyWindow="50", ListSeparator=";"
18/12 20:22:47 - TCP Servidor
18/12 20:22:47 - TCP Cliente
18/12 20:22:47 - Iniciado na porta => 4409
18/12 20:22:47 - Formato Valores:        -1.254,87 | -1254,87|        1.254,87 | 1254,87
