20/12 20:18:49 - servico_logoff: {"operacao":"logoff","token":"a010a003","terminal":"15","codigo":"11"}
20/12 20:18:49 - servico_logoff: {"status":"ok","aviso":"USUARIO DESCONECTADO"}
20/12 20:18:49 - tempo:  => OK
20/12 20:18:56 - servico_status: {"operacao":"status","token":"a010a003","terminal":"15","id":"ota6qje6mum6rjc6rku6njg: "}
20/12 20:18:56 - servico_status: {"status":"ok","terminal":"15","nome":"HAMBURGUERIA E CIA","aviso":"SERVIDOR OPERANDO","app_timeout":5000,"log_timeout":259200}
20/12 20:18:56 - tempo: 0,016 => OK
20/12 20:18:58 - servico_login: {"operacao":"login","token":"a010a003","terminal":"15","usuario":"julia","senha":"123456"}
20/12 20:18:58 - servico_login: {"status":"ok","codigo":"11","aviso":"Usuario Ativo","comanda":"1;42;100;10000"}
20/12 20:18:58 - tempo: 0,016 => OK
20/12 20:21:45 - servico_logoff: {"operacao":"logoff","token":"a010a003","terminal":"15","codigo":"11"}
20/12 20:21:45 - servico_logoff: {"status":"ok","aviso":"USUARIO DESCONECTADO"}
20/12 20:21:45 - tempo: 0,016 => OK
20/12 20:21:52 - servico_status: {"operacao":"status","token":"a010a003","terminal":"15","id":"ota6qje6mum6rjc6rku6njg: "}
20/12 20:21:52 - servico_status: {"status":"ok","terminal":"15","nome":"HAMBURGUERIA E CIA","aviso":"SERVIDOR OPERANDO","app_timeout":5000,"log_timeout":259200}
20/12 20:21:52 - tempo: 0,016 => OK
20/12 20:21:55 - servico_login: {"operacao":"login","token":"a010a003","terminal":"15","usuario":"*D144024FFD","senha":"*8A40A3F180A9"}
20/12 20:21:55 - servico_login: {"status":"erro","aviso":"USUARIO NAO CADASTRADO"}
20/12 20:21:55 - tempo: 0,016 => OK
20/12 20:26:41 - ***  SERVIÇO PARADO
20/12 20:26:44 - Iniciando Suporte Mobile 64 bit Versao: 1.15.17/12/2019 20:06
20/12 20:26:44 - Variaveis
20/12 20:26:44 - CurrencyString="R$", CurrencyFormat="#2", NegCurrFormat="#9", ThousandSeparator=".", DecimalSeparator=",", CurrencyDecimals="2", DateSeparator="/", ShortDateFormat="dd/MM/yyyy", LongDateFormat="dddd, d' de 'MMMM' de 'yyyy", TimeSeparator=":", TimeAMString="", TimePMString="", ShortTimeFormat="hh:mm", LongTimeFormat="hh:mm:ss", TwoDigitYearCenturyWindow="50", ListSeparator=";"
20/12 20:26:44 - TCP Servidor
20/12 20:26:44 - TCP Cliente
20/12 20:26:44 - Iniciado na porta => 4409
20/12 20:26:44 - Formato Valores:        -1.254,87 | -1254,87|        1.254,87 | 1254,87
20/12 20:26:44 - Formato Data   : 20/12/2019 20:26:44
20/12 20:26:44 - Flags debug 1 sem log 0
20/12 20:26:44 - h > LOCALHOST p > 3306 d > hbecia u > root
20/12 20:26:44 - Terminal: 1
20/12 20:26:44 - BANCO DE DADOS ONLINE > LOCALHOST:hbecia
20/12 20:26:44 - PRECO => 23 /            23,00/23/23
20/12 20:26:44 - iniciar_identificacao_computador
20/12 20:26:44 - sistema_pegar_perfil
20/12 20:26:44 - empresa_carregar_segmentos
20/12 20:26:44 - rcs_iniciar_variaveis_globais
20/12 20:26:44 - terminal_id
20/12 20:26:44 - mesas_comandas
20/12 20:26:44 - LPRINT
20/12 20:26:44 - Status: Config => 192.168.88.83:9100
20/12 20:26:44 - Status: Config => 192.168.88.83:9100
20/12 20:26:44 - Status: Config => c:9100
20/12 20:26:44 - Status: Config => 192.168.88.83:9100
20/12 20:26:44 - LISTA DE IMPRESSORAS CARREGADA 4
20/12 20:26:44 - carregarImp
20/12 20:26:44 - objetos
20/12 20:26:44 - produtos_gerenciamento_de_estoque
20/12 20:26:44 - # status 100%
20/12 20:26:55 - servico_login: {"operacao":"login","token":"a010a003","terminal":"15","usuario":"*D144024FFD","senha":"*8A40A3F180A9"}
20/12 20:26:55 - servico_login: {"status":"erro","aviso":"LOGIN - SOLICITE ANTES O STATUS"}
20/12 20:26:55 - tempo: ERRO => 0,016 => LOGIN - SOLICITE ANTES O STATUS -> 301
20/12 20:27:15 - servico_status: {"operacao":"status","token":"a010a003","terminal":"15","id":"ota6qje6mum6rjc6rku6njg: "}
20/12 20:27:15 - servico_status: {"status":"ok","terminal":"15","nome":"HAMBURGUERIA E CIA","aviso":"SERVIDOR OPERANDO","app_timeout":5000,"log_timeout":259200}
20/12 20:27:15 - tempo: 0,016 => OK
20/12 20:27:17 - servico_login: {"operacao":"login","token":"a010a003","terminal":"15","usuario":"*D144024FFD","senha":"*8A40A3F180A9"}
20/12 20:27:17 - servico_login: {"status":"ok","codigo":"11","aviso":"Usuario Ativo","comanda":"1;42;100;10000"}
20/12 20:27:17 - tempo: 0,015 => OK
20/12 20:30:28 - servico_status: {"operacao":"status","token":"c000a003","terminal":"14","id":"y2q1mmy4zdm4ytczmmexma: ="}
20/12 20:30:28 - servico_status: {"status":"ok","terminal":"14","nome":"HAMBURGUERIA E CIA","aviso":"SERVIDOR OPERANDO","app_timeout":5000,"log_timeout":259200}
20/12 20:30:28 - tempo: 0,015 => OK
20/12 20:30:38 - servico_login: {"operacao":"login","token":"c000a003","terminal":"14","usuario":"*F16560C450","senha":"*8A40A3F180A9"}
20/12 20:30:38 - servico_login: {"status":"ok","codigo":"11","aviso":"Usuario Ativo","comanda":"1;42;100;10000"}
20/12 20:30:38 - tempo: 0,015 => OK
20/12 20:32:23 - servico_logoff: {"operacao":"logoff","token":"c000a003","terminal":"14","codigo":"11"}
20/12 20:32:23 - servico_logoff: {"status":"ok","aviso":"USUARIO DESCONECTADO"}
20/12 20:32:23 - tempo: 0,016 => OK
20/12 20:32:50 - ***  SERVIÇO PARADO
20/12 20:32:53 - Iniciando Suporte Mobile 64 bit Versao: 1.15.17/12/2019 20:06
20/12 20:32:53 - Variaveis
20/12 20:32:53 - CurrencyString="R$", CurrencyFormat="#2", NegCurrFormat="#9", ThousandSeparator=".", DecimalSeparator=",", CurrencyDecimals="2", DateSeparator="/", ShortDateFormat="dd/MM/yyyy", LongDateFormat="dddd, d' de 'MMMM' de 'yyyy", TimeSeparator=":", TimeAMString="", TimePMString="", ShortTimeFormat="hh:mm", LongTimeFormat="hh:mm:ss", TwoDigitYearCenturyWindow="50", ListSeparator=";"
20/12 20:32:53 - TCP Servidor
20/12 20:32:53 - TCP Cliente
20/12 20:32:53 - Iniciado na porta => 4409
20/12 20:32:53 - Formato Valores:        -1.254,87 | -1254,87|        1.254,87 | 1254,87
20/12 20:32:53 - Formato Data   : 20/12/2019 20:32:53
20/12 20:32:53 - Flags debug 1 sem log 0
20/12 20:32:53 - h > LOCALHOST p > 3306 d > hbecia u > root
20/12 20:32:53 - Terminal: 1
20/12 20:32:53 - BANCO DE DADOS ONLINE > LOCALHOST:hbecia
20/12 20:32:53 - PRECO => 23 /            23,00/23/23
20/12 20:32:53 - iniciar_identificacao_computador
20/12 20:32:53 - sistema_pegar_perfil
20/12 20:32:53 - empresa_carregar_segmentos
20/12 20:32:53 - rcs_iniciar_variaveis_globais
20/12 20:32:53 - terminal_id
20/12 20:32:53 - mesas_comandas
20/12 20:32:53 - LPRINT
20/12 20:32:53 - Status: Config => 192.168.88.83:9100
20/12 20:32:53 - Status: Config => 192.168.88.83:9100
20/12 20:32:53 - Status: Config => c:9100
20/12 20:32:53 - Status: Config => 192.168.88.83:9100
20/12 20:32:53 - LISTA DE IMPRESSORAS CARREGADA 4
20/12 20:32:53 - carregarImp
20/12 20:32:53 - objetos
20/12 20:32:53 - produtos_gerenciamento_de_estoque
20/12 20:32:53 - # status 100%
20/12 20:32:54 - servico_status: {"operacao":"status","token":"c000a003","terminal":"14","id":"y2q1mmy4zdm4ytczmmexma: ="}
20/12 20:32:54 - servico_status: {"status":"ok","terminal":"14","nome":"HAMBURGUERIA E CIA","aviso":"SERVIDOR OPERANDO","app_timeout":5000,"log_timeout":259200}
20/12 20:32:54 - tempo: 0,016 => OK
20/12 20:32:59 - servico_login: {"operacao":"login","token":"c000a003","terminal":"14","usuario":"*F16560C450","senha":"*8A40A3F180A9"}
20/12 20:32:59 - servico_login: {"status":"ok","codigo":"11","aviso":"Usuario Ativo","comanda":"1;42;100;10000"}
20/12 20:32:59 - tempo: 0,032 => OK
20/12 20:33:06 - servico_logoff: {"operacao":"logoff","token":"c000a003","terminal":"14","codigo":"11"}
20/12 20:33:06 - servico_logoff: {"status":"ok","aviso":"USUARIO DESCONECTADO"}
20/12 20:33:06 - tempo: 0,015 => OK
20/12 20:33:09 - servico_status: {"operacao":"status","token":"c000a003","terminal":"14","id":"y2q1mmy4zdm4ytczmmexma: ="}
20/12 20:33:09 - servico_status: {"status":"ok","terminal":"14","nome":"HAMBURGUERIA E CIA","aviso":"SERVIDOR OPERANDO","app_timeout":5000,"log_timeout":259200}
20/12 20:33:09 - tempo: 0,016 => OK
20/12 20:33:14 - servico_login: {"operacao":"login","token":"c000a003","terminal":"14","usuario":"*F16560C450","senha":"*8A40A3F180A9"}
20/12 20:33:14 - servico_login: {"status":"ok","codigo":"11","aviso":"Usuario Ativo","comanda":"1;42;100;10000"}
20/12 20:33:14 - tempo: 0,015 => OK
20/12 20:33:31 - ***  SERVIÇO PARADO
20/12 20:34:15 - Iniciando Suporte Mobile 64 bit Versao: 1.15.17/12/2019 20:06
20/12 20:34:15 - Variaveis
20/12 20:34:15 - CurrencyString="R$", CurrencyFormat="#2", NegCurrFormat="#9", ThousandSeparator=".", DecimalSeparator=",", CurrencyDecimals="2", DateSeparator="/", ShortDateFormat="dd/MM/yyyy", LongDateFormat="dddd, d' de 'MMMM' de 'yyyy", TimeSeparator=":", TimeAMString="", TimePMString="", ShortTimeFormat="hh:mm", LongTimeFormat="hh:mm:ss", TwoDigitYearCenturyWindow="50", ListSeparator=";"
20/12 20:34:15 - TCP Servidor
20/12 20:34:15 - TCP Cliente
20/12 20:34:15 - Iniciado na porta => 4409
20/12 20:34:15 - Formato Valores:        -1.254,87 | -1254,87|        1.254,87 | 1254,87
20/12 20:34:15 - Formato Data   : 20/12/2019 20:34:15
20/12 20:34:15 - Flags debug 1 sem log 0
20/12 20:34:15 - h > LOCALHOST p > 3306 d > hbecia u > root
20/12 20:34:15 - Terminal: 1
20/12 20:34:15 - BANCO DE DADOS ONLINE > LOCALHOST:hbecia
20/12 20:34:15 - PRECO => 23 /            23,00/23/23
20/12 20:34:15 - iniciar_identificacao_computador
20/12 20:34:15 - sistema_pegar_perfil
20/12 20:34:15 - empresa_carregar_segmentos
20/12 20:34:15 - rcs_iniciar_variaveis_globais
20/12 20:34:15 - terminal_id
20/12 20:34:15 - mesas_comandas
20/12 20:34:15 - LPRINT
20/12 20:34:15 - Status: Config => 192.168.88.83:9100
20/12 20:34:15 - Status: Config => 192.168.88.83:9100
20/12 20:34:15 - Status: Config => c:9100
20/12 20:34:15 - Status: Config => 192.168.88.83:9100
20/12 20:34:15 - LISTA DE IMPRESSORAS CARREGADA 4
20/12 20:34:15 - carregarImp
20/12 20:34:15 - objetos
20/12 20:34:15 - produtos_gerenciamento_de_estoque
20/12 20:34:15 - # status 100%
20/12 21:21:49 - servico_logoff: {"operacao":"logoff","token":"a010a003","terminal":"15","codigo":"11"}
20/12 21:21:49 - servico_logoff: {"status":"ok","aviso":"USUARIO DESCONECTADO"}
20/12 21:21:49 - tempo: 0,016 => OK
20/12 21:22:15 - servico_status: {"operacao":"status","token":"a010a003","terminal":"15","id":"ota6qje6mum6rjc6rku6njg: "}
20/12 21:22:15 - servico_status: {"status":"ok","terminal":"15","nome":"HAMBURGUERIA E CIA","aviso":"SERVIDOR OPERANDO","app_timeout":5000,"log_timeout":259200}
20/12 21:22:15 - tempo: 0,016 => OK
20/12 21:23:50 - servico_status: {"operacao":"status","token":"a010a003","terminal":"15","id":"ota6qje6mum6rjc6rku6njg: "}
20/12 21:23:50 - servico_status: {"status":"ok","terminal":"15","nome":"HAMBURGUERIA E CIA","aviso":"SERVIDOR OPERANDO","app_timeout":5000,"log_timeout":259200}
20/12 21:23:50 - tempo: 0,015 => OK
20/12 21:26:30 - servico_status: {"operacao":"status","token":"a010a003","terminal":"15","id":"ota6qje6mum6rjc6rku6njg: "}
20/12 21:26:30 - servico_status: {"status":"ok","terminal":"15","nome":"HAMBURGUERIA E CIA","aviso":"SERVIDOR OPERANDO","app_timeout":5000,"log_timeout":259200}
20/12 21:26:30 - tempo: 0,016 => OK
20/12 21:40:01 - servico_status: {"operacao":"status","token":"a010a003","terminal":"15","id":"ota6qje6mum6rjc6rku6njg: "}
20/12 21:40:01 - servico_status: {"status":"ok","terminal":"15","nome":"HAMBURGUERIA E CIA","aviso":"SERVIDOR OPERANDO","app_timeout":5000,"log_timeout":259200}
20/12 21:40:01 - tempo: 0,016 => OK
20/12 21:40:53 - servico_status: {"operacao":"status","token":"a010a003","terminal":"15","id":"ota6qje6mum6rjc6rku6njg: "}
20/12 21:40:53 - servico_status: {"status":"ok","terminal":"15","nome":"HAMBURGUERIA E CIA","aviso":"SERVIDOR OPERANDO","app_timeout":5000,"log_timeout":259200}
20/12 21:40:53 - tempo: 0,015 => OK
20/12 21:42:27 - servico_status: {"operacao":"status","token":"a010a003","terminal":"15","id":"ota6qje6mum6rjc6rku6njg: "}
20/12 21:42:27 - servico_status: {"status":"ok","terminal":"15","nome":"HAMBURGUERIA E CIA","aviso":"SERVIDOR OPERANDO","app_timeout":5000,"log_timeout":259200}
20/12 21:42:27 - tempo: 0,016 => OK
20/12 21:42:30 - servico_login: {"operacao":"login","token":"a010a003","terminal":"15","usuario":"*D144024FFD","senha":"*8A40A3F180A9"}
20/12 21:42:30 - servico_login: {"status":"ok","codigo":"11","aviso":"Usuario Ativo","comanda":"1;42;100;10000"}
20/12 21:42:30 - tempo: 0,015 => OK
20/12 21:42:33 - servico_login: {"operacao":"login","token":"a010a003","terminal":"15","usuario":"*D144024FFD","senha":"*8A40A3F180A9"}
20/12 21:42:33 - servico_login: {"status":"ok","codigo":"11","aviso":"Usuario Ativo","comanda":"1;42;100;10000"}
20/12 21:42:33 - tempo: 0,016 => OK
20/12 21:42:36 - servico_login: {"operacao":"login","token":"a010a003","terminal":"15","usuario":"*D144024FFD","senha":"*8A40A3F180A9"}
20/12 21:42:36 - servico_login: {"status":"ok","codigo":"11","aviso":"Usuario Ativo","comanda":"1;42;100;10000"}
20/12 21:42:36 - tempo: 0,015 => OK
20/12 21:43:22 - servico_status: {"operacao":"status","token":"a010a003","terminal":"15","id":"ota6qje6mum6rjc6rku6njg: "}
20/12 21:43:22 - servico_status: {"status":"ok","terminal":"15","nome":"HAMBURGUERIA E CIA","aviso":"SERVIDOR OPERANDO","app_timeout":5000,"log_timeout":259200}
20/12 21:43:22 - tempo: 0,015 => OK
20/12 21:43:24 - servico_login: {"operacao":"login","token":"a010a003","terminal":"15","usuario":"*D144024FFD","senha":"*8A40A3F180A9"}
20/12 21:43:24 - servico_login: {"status":"ok","codigo":"11","aviso":"Usuario Ativo","comanda":"1;42;100;10000"}
20/12 21:43:24 - tempo: 0,015 => OK
20/12 21:44:10 - servico_status: {"operacao":"status","token":"a010a003","terminal":"15","id":"ota6qje6mum6rjc6rku6njg: "}
20/12 21:44:11 - servico_status: {"status":"ok","terminal":"15","nome":"HAMBURGUERIA E CIA","aviso":"SERVIDOR OPERANDO","app_timeout":5000,"log_timeout":259200}
20/12 21:44:11 - tempo: 0,015 => OK
20/12 21:44:13 - servico_login: {"operacao":"login","token":"a010a003","terminal":"15","usuario":"*D144024FFD","senha":"*8A40A3F180A9"}
20/12 21:44:13 - servico_login: {"status":"ok","codigo":"11","aviso":"Usuario Ativo","comanda":"1;42;100;10000"}
20/12 21:44:13 - tempo: 0,031 => OK
20/12 21:45:02 - servico_status: {"operacao":"status","token":"a010a003","terminal":"15","id":"ota6qje6mum6rjc6rku6njg: "}
20/12 21:45:02 - servico_status: {"status":"ok","terminal":"15","nome":"HAMBURGUERIA E CIA","aviso":"SERVIDOR OPERANDO","app_timeout":5000,"log_timeout":259200}
20/12 21:45:02 - tempo: 0,016 => OK
20/12 21:45:05 - servico_login: {"operacao":"login","token":"a010a003","terminal":"15","usuario":"*D144024FFD","senha":"*8A40A3F180A9"}
20/12 21:45:05 - servico_login: {"status":"ok","codigo":"11","aviso":"Usuario Ativo","comanda":"1;42;100;10000"}
20/12 21:45:05 - tempo: 0,016 => OK
20/12 21:45:24 - servico_login: {"operacao":"login","token":"a010a003","terminal":"15","usuario":"*D144024FFD","senha":"*8A40A3F180A9"}
20/12 21:45:24 - servico_login: {"status":"ok","codigo":"11","aviso":"Usuario Ativo","comanda":"1;42;100;10000"}
20/12 21:45:24 - tempo: 0,016 => OK
20/12 21:50:38 - servico_status: {"operacao":"status","token":"a010a003","terminal":"15","id":"ota6qje6mum6rjc6rku6njg: "}
20/12 21:50:38 - servico_status: {"status":"ok","terminal":"15","nome":"HAMBURGUERIA E CIA","aviso":"SERVIDOR OPERANDO","app_timeout":5000,"log_timeout":259200}
20/12 21:50:38 - tempo: 0,016 => OK
20/12 21:50:42 - servico_login: {"operacao":"login","token":"a010a003","terminal":"15","usuario":"*D144024FFD","senha":"*8A40A3F180A9"}
20/12 21:50:42 - servico_login: {"status":"ok","codigo":"11","aviso":"Usuario Ativo","comanda":"1;42;100;10000"}
20/12 21:50:42 - tempo: 0,016 => OK
20/12 21:51:12 - servico_status: {"operacao":"status","token":"a010a003","terminal":"15","id":"ota6qje6mum6rjc6rku6njg: "}
20/12 21:51:12 - servico_status: {"status":"ok","terminal":"15","nome":"HAMBURGUERIA E CIA","aviso":"SERVIDOR OPERANDO","app_timeout":5000,"log_timeout":259200}
20/12 21:51:12 - tempo: 0,016 => OK
20/12 21:51:14 - servico_login: {"operacao":"login","token":"a010a003","terminal":"15","usuario":"*D144024FFD","senha":"*8A40A3F180A9"}
20/12 21:51:14 - servico_login: {"status":"ok","codigo":"11","aviso":"Usuario Ativo","comanda":"1;42;100;10000"}
20/12 21:51:14 - tempo: 0,016 => OK
20/12 21:51:48 - servico_status: {"operacao":"status","token":"a010a003","terminal":"15","id":"ota6qje6mum6rjc6rku6njg: "}
20/12 21:51:48 - servico_status: {"status":"ok","terminal":"15","nome":"HAMBURGUERIA E CIA","aviso":"SERVIDOR OPERANDO","app_timeout":5000,"log_timeout":259200}
20/12 21:51:48 - tempo: 0,032 => OK
20/12 21:51:50 - servico_login: {"operacao":"login","token":"a010a003","terminal":"15","usuario":"*D144024FFD","senha":"*8A40A3F180A9"}
20/12 21:51:50 - servico_login: {"status":"ok","codigo":"11","aviso":"Usuario Ativo","comanda":"1;42;100;10000"}
20/12 21:51:50 - tempo: 0,016 => OK
20/12 21:57:13 - servico_status: {"operacao":"status","token":"a010a003","terminal":"15","id":"ota6qje6mum6rjc6rku6njg: "}
20/12 21:57:13 - servico_status: {"status":"ok","terminal":"15","nome":"HAMBURGUERIA E CIA","aviso":"SERVIDOR OPERANDO","app_timeout":5000,"log_timeout":259200}
20/12 21:57:13 - tempo: 0,016 => OK
20/12 21:57:15 - servico_login: {"operacao":"login","token":"a010a003","terminal":"15","usuario":"*D144024FFD","senha":"*8A40A3F180A9"}
20/12 21:57:15 - servico_login: {"status":"ok","codigo":"11","aviso":"Usuario Ativo","comanda":"1;42;100;10000"}
20/12 21:57:15 - tempo: 0,016 => OK
20/12 21:57:46 - servico_status: {"operacao":"status","token":"a010a003","terminal":"15","id":"ota6qje6mum6rjc6rku6njg: "}
20/12 21:57:46 - servico_status: {"status":"ok","terminal":"15","nome":"HAMBURGUERIA E CIA","aviso":"SERVIDOR OPERANDO","app_timeout":5000,"log_timeout":259200}
20/12 21:57:46 - tempo: 0,016 => OK
20/12 21:57:48 - servico_login: {"operacao":"login","token":"a010a003","terminal":"15","usuario":"*D144024FFD","senha":"*8A40A3F180A9"}
20/12 21:57:48 - servico_login: {"status":"ok","codigo":"11","aviso":"Usuario Ativo","comanda":"1;42;100;10000"}
20/12 21:57:48 - tempo: 0,015 => OK
20/12 21:57:53 - servico_logoff: {"operacao":"logoff","token":"a010a003","terminal":"15","codigo":"11"}
20/12 21:57:53 - servico_logoff: {"status":"ok","aviso":"USUARIO DESCONECTADO"}
20/12 21:57:53 - tempo: 0,015 => OK
20/12 21:58:24 - servico_status: {"operacao":"status","token":"a010a003","terminal":"15","id":"ota6qje6mum6rjc6rku6njg: "}
20/12 21:58:24 - servico_status: {"status":"ok","terminal":"15","nome":"HAMBURGUERIA E CIA","aviso":"SERVIDOR OPERANDO","app_timeout":5000,"log_timeout":259200}
20/12 21:58:24 - tempo: 0,016 => OK
20/12 21:58:26 - servico_login: {"operacao":"login","token":"a010a003","terminal":"15","usuario":"*D144024FFD","senha":"*8A40A3F180A9"}
20/12 21:58:26 - servico_login: {"status":"ok","codigo":"11","aviso":"Usuario Ativo","comanda":"1;42;100;10000"}
20/12 21:58:26 - tempo: 0,031 => OK
20/12 21:58:33 - servico_logoff: {"operacao":"logoff","token":"a010a003","terminal":"15","codigo":"11"}
20/12 21:58:33 - servico_logoff: {"status":"ok","aviso":"USUARIO DESCONECTADO"}
20/12 21:58:33 - tempo: 0,015 => OK
20/12 22:01:41 - servico_status: {"operacao":"status","token":"a010a003","terminal":"15","id":"ota6qje6mum6rjc6rku6njg: "}
20/12 22:01:41 - servico_status: {"status":"ok","terminal":"15","nome":"HAMBURGUERIA E CIA","aviso":"SERVIDOR OPERANDO","app_timeout":5000,"log_timeout":259200}
20/12 22:01:41 - tempo: 0,015 => OK
20/12 22:01:43 - servico_login: {"operacao":"login","token":"a010a003","terminal":"15","usuario":"*D144024FFD","senha":"*8A40A3F180A9"}
20/12 22:01:43 - servico_login: {"status":"ok","codigo":"11","aviso":"Usuario Ativo","comanda":"1;42;100;10000"}
20/12 22:01:43 - tempo: 0,016 => OK
20/12 22:01:52 - servico_logoff: {"operacao":"logoff","token":"a010a003","terminal":"15","codigo":"11"}
20/12 22:01:52 - servico_logoff: {"status":"ok","aviso":"USUARIO DESCONECTADO"}
20/12 22:01:52 - tempo: 0,016 => OK
20/12 22:06:07 - servico_status: {"operacao":"status","token":"a010a003","terminal":"15","id":"ota6qje6mum6rjc6rku6njg: "}
20/12 22:06:07 - servico_status: {"status":"ok","terminal":"15","nome":"HAMBURGUERIA E CIA","aviso":"SERVIDOR OPERANDO","app_timeout":5000,"log_timeout":259200}
20/12 22:06:07 - tempo: 0,015 => OK
20/12 22:06:10 - servico_login: {"operacao":"login","token":"a010a003","terminal":"15","usuario":"*D144024FFD","senha":"*8A40A3F180A9"}
20/12 22:06:10 - servico_login: {"status":"ok","codigo":"11","aviso":"Usuario Ativo","comanda":"1;42;100;10000"}
20/12 22:06:10 - tempo: 0,031 => OK
20/12 22:06:19 - servico_logoff: {"operacao":"logoff","token":"a010a003","terminal":"15","codigo":"11"}
20/12 22:06:19 - servico_logoff: {"status":"ok","aviso":"USUARIO DESCONECTADO"}
20/12 22:06:19 - tempo: 0,016 => OK
20/12 22:06:38 - servico_status: {"operacao":"status","token":"a010a003","terminal":"15","id":"ota6qje6mum6rjc6rku6njg: "}
20/12 22:06:38 - servico_status: {"status":"ok","terminal":"15","nome":"HAMBURGUERIA E CIA","aviso":"SERVIDOR OPERANDO","app_timeout":5000,"log_timeout":259200}
20/12 22:06:38 - tempo: 0,031 => OK
20/12 22:06:40 - servico_login: {"operacao":"login","token":"a010a003","terminal":"15","usuario":"*D144024FFD","senha":"*8A40A3F180A9"}
20/12 22:06:40 - servico_login: {"status":"ok","codigo":"11","aviso":"Usuario Ativo","comanda":"1;42;100;10000"}
