19/12 17:00:28 - STATUS DO SERVIDOR {"operacao":"status",
"token":"c001a001",
"id":"TERMIX"}
19/12 17:00:28 - servico_status: {"status":"ok","terminal":"12","nome":"HAMBURGUERIA E CIA","aviso":"SERVIDOR OPERANDO","app_timeout":3000,"log_timeout",259200}
19/12 17:00:28 0 - POST / HTTP/1.1
HOST: 192.168.88.44:4409
content-type: application/json
content-length: 58

{"operacao":"status",
"token":"c001a001",
"id":"TERMIX"} t:0,015 => OK
19/12 19:02:57 - STATUS DO SERVIDOR {"operacao":"status","token":"c001a001","id":"TERMIX"}
19/12 19:02:57 - servico_status: {"status":"ok","terminal":"12","nome":"HAMBURGUERIA E CIA","aviso":"SERVIDOR OPERANDO","app_timeout":3000,"log_timeout",259200}
19/12 19:02:57 0 - POST / HTTP/1.1
Content-Length: 54

{"operacao":"status","token":"c001a001","id":"TERMIX"}

 t:0,031 => OK
19/12 19:03:20 - STATUS DO SERVIDOR {"operacao":"status","token":"c001a001","id":"TERMIX"}
19/12 19:03:20 - servico_status: {"status":"ok","terminal":"12","nome":"HAMBURGUERIA E CIA","aviso":"SERVIDOR OPERANDO","app_timeout":3000,"log_timeout",259200}
19/12 19:03:20 0 - POST / HTTP/1.1
Content-Length: 54

{"operacao":"status","token":"c001a001","id":"TERMIX"}

 t:0,015 => OK
19/12 19:05:03 - STATUS DO SERVIDOR {"operacao":"status","token":"c001a001","id":"TERMIX"}
19/12 19:05:03 - servico_status: {"status":"ok","terminal":"12","nome":"HAMBURGUERIA E CIA","aviso":"SERVIDOR OPERANDO","app_timeout":3000,"log_timeout",259200}
19/12 19:05:03 0 - POST / HTTP/1.1
Content-Length: 54

{"operacao":"status","token":"c001a001","id":"TERMIX"}

 t:0,016 => OK
19/12 19:05:51 - STATUS DO SERVIDOR {"operacao":"status","token":"c001a001","id":"TERMIX"}
19/12 19:05:51 - servico_status: {"status":"ok","terminal":"12","nome":"HAMBURGUERIA E CIA","aviso":"SERVIDOR OPERANDO","app_timeout":3000,"log_timeout",259200}
19/12 19:05:51 0 - POST / HTTP/1.1
Content-Length: 54

{"operacao":"status","token":"c001a001","id":"TERMIX"}

 t:0,016 => OK
19/12 19:07:14 - STATUS DO SERVIDOR {"operacao":"status","token":"c001a001","id":"TERMIX"}
19/12 19:07:14 - servico_status: {"status":"ok","terminal":"12","nome":"HAMBURGUERIA E CIA","aviso":"SERVIDOR OPERANDO","app_timeout":3000,"log_timeout",259200}
19/12 19:07:14 0 - POST / HTTP/1.1
Content-Length: 54

{"operacao":"status","token":"c001a001","id":"TERMIX"}

 t:0,016 => OK
19/12 19:07:40 - STATUS DO SERVIDOR {"operacao":"status","token":"c001a001","id":"TERMIX"}
19/12 19:07:40 - servico_status: {"status":"ok","terminal":"12","nome":"HAMBURGUERIA E CIA","aviso":"SERVIDOR OPERANDO","app_timeout":3000,"log_timeout",259200}
19/12 19:07:40 0 - POST / HTTP/1.1
Content-Length: 54

{"operacao":"status","token":"c001a001","id":"TERMIX"}

 t:0,015 => OK
19/12 19:07:44 - STATUS DO SERVIDOR {"operacao":"status","token":"c001a001","id":"TERMIX"}
19/12 19:07:44 - servico_status: {"status":"ok","terminal":"12","nome":"HAMBURGUERIA E CIA","aviso":"SERVIDOR OPERANDO","app_timeout":3000,"log_timeout",259200}
19/12 19:07:44 0 - POST / HTTP/1.1
Content-Length: 54

{"operacao":"status","token":"c001a001","id":"TERMIX"}

 t:0,016 => OK
19/12 19:09:23 - STATUS DO SERVIDOR {"operacao":"status","token":"c001a001","id":"TERMIX"}
19/12 19:09:23 - servico_status: {"status":"ok","terminal":"12","nome":"HAMBURGUERIA E CIA","aviso":"SERVIDOR OPERANDO","app_timeout":3000,"log_timeout",259200}
19/12 19:09:23 0 - POST / HTTP/1.1
Content-Length: 54

{"operacao":"status","token":"c001a001","id":"TERMIX"}

 t:0,016 => OK
19/12 19:10:12 - STATUS DO SERVIDOR {"operacao":"status","token":"c001a001","id":"TERMIX"}
19/12 19:10:12 - servico_status: {"status":"ok","terminal":"12","nome":"HAMBURGUERIA E CIA","aviso":"SERVIDOR OPERANDO","app_timeout":3000,"log_timeout",259200}
19/12 19:10:12 0 - POST / HTTP/1.1
Content-Length: 54

{"operacao":"status","token":"c001a001","id":"TERMIX"}

 t:0,015 => OK
19/12 19:11:09 - STATUS DO SERVIDOR {"operacao":"status","token":"c001a001","id":"TERMIX"}
19/12 19:11:09 - servico_status: {"status":"ok","terminal":"12","nome":"HAMBURGUERIA E CIA","aviso":"SERVIDOR OPERANDO","app_timeout":3000,"log_timeout",259200}
19/12 19:11:09 0 - POST / HTTP/1.1
Content-Length: 54

{"operacao":"status","token":"c001a001","id":"TERMIX"}

 t:0,016 => OK
19/12 19:12:00 - ***  SERVIÇO PARADO
19/12 19:12:03 - Iniciando Suporte Mobile 64 bit Versao: 1.15.17/12/2019 20:06
19/12 19:12:03 - Variaveis
19/12 19:12:03 - CurrencyString="R$", CurrencyFormat="#2", NegCurrFormat="#9", ThousandSeparator=".", DecimalSeparator=",", CurrencyDecimals="2", DateSeparator="/", ShortDateFormat="dd/MM/yyyy", LongDateFormat="dddd, d' de 'MMMM' de 'yyyy", TimeSeparator=":", TimeAMString="", TimePMString="", ShortTimeFormat="hh:mm", LongTimeFormat="hh:mm:ss", TwoDigitYearCenturyWindow="50", ListSeparator=";"
19/12 19:12:03 - TCP Servidor
19/12 19:12:03 - TCP Cliente
19/12 19:12:03 - Iniciado na porta => 4409
19/12 19:12:03 - Formato Valores:        -1.254,87 | -1254,87|        1.254,87 | 1254,87
19/12 19:12:03 - Formato Data   : 19/12/2019 19:12:03
19/12 19:12:03 - Flags debug 1 sem log 0
19/12 19:12:03 - h > LOCALHOST p > 3306 d > hbecia u > root
19/12 19:12:03 - Terminal: 1
19/12 19:12:03 - BANCO DE DADOS ONLINE > LOCALHOST:hbecia
19/12 19:12:03 - PRECO => 23 /            23,00/23/23
19/12 19:12:03 - iniciar_identificacao_computador
19/12 19:12:03 - sistema_pegar_perfil
19/12 19:12:03 - empresa_carregar_segmentos
19/12 19:12:03 - rcs_iniciar_variaveis_globais
19/12 19:12:03 - terminal_id
19/12 19:12:03 - mesas_comandas
19/12 19:12:03 - LPRINT
19/12 19:12:03 - Status: Config => 192.168.88.83:9100
19/12 19:12:03 - Status: Config => 192.168.88.83:9100
19/12 19:12:03 - Status: Config => c:9100
19/12 19:12:03 - Status: Config => 192.168.88.83:9100
19/12 19:12:03 - LISTA DE IMPRESSORAS CARREGADA 4
19/12 19:12:03 - carregarImp
19/12 19:12:03 - objetos
19/12 19:12:03 - produtos_gerenciamento_de_estoque
19/12 19:12:03 - # status 100%
19/12 19:12:10 - STATUS DO SERVIDOR {"operacao":"status","token":"c001a001","id":"TERMIX"}
19/12 19:12:10 - servico_status: {"status":"ok","terminal":"12","nome":"HAMBURGUERIA E CIA","aviso":"SERVIDOR OPERANDO","app_timeout":3000,"log_timeout":259200}
19/12 19:12:10 0 - POST / HTTP/1.1
Content-Length: 54

{"operacao":"status","token":"c001a001","id":"TERMIX"}

 t:0,015 => OK
19/12 19:13:11 - STATUS DO SERVIDOR {"operacao":"status","token":"c001a001","id":"TERMIX"}
19/12 19:13:11 - servico_status: {"status":"ok","terminal":"12","nome":"HAMBURGUERIA E CIA","aviso":"SERVIDOR OPERANDO","app_timeout":3000,"log_timeout":259200}
19/12 19:13:11 0 - POST / HTTP/1.1
Content-Length: 54

{"operacao":"status","token":"c001a001","id":"TERMIX"}

 t:0,016 => OK
19/12 19:15:40 - STATUS DO SERVIDOR {"operacao":"status","token":"c001a001","id":"TERMIX"}
19/12 19:15:40 - servico_status: {"status":"ok","terminal":"12","nome":"HAMBURGUERIA E CIA","aviso":"SERVIDOR OPERANDO","app_timeout":3000,"log_timeout":259200}
19/12 19:15:40 0 - POST / HTTP/1.1
Content-Length: 54

{"operacao":"status","token":"c001a001","id":"TERMIX"}

 t:0,015 => OK
19/12 19:27:37 - JSON INVALIDO: {"operacao":"status","token","a010a000","id":"TERMIX"}
19/12 19:27:57 - STATUS DO SERVIDOR {"operacao":"status","token":"a010a000","id":"TERMIX"}
19/12 19:27:57 - servico_status: {"status":"ok","terminal":"12","nome":"HAMBURGUERIA E CIA","aviso":"SERVIDOR OPERANDO","app_timeout":3000,"log_timeout":259200}
19/12 19:27:57 0 - POST / HTTP/1.1
Content-Length: 54

{"operacao":"status","token":"a010a000","id":"TERMIX"}

 t:0,016 => OK
19/12 19:28:34 - STATUS DO SERVIDOR {"operacao":"status","token":"a010a000","id":"TERMIX"}
19/12 19:28:34 - servico_status: {"status":"ok","terminal":"12","nome":"HAMBURGUERIA E CIA","aviso":"SERVIDOR OPERANDO","app_timeout":3000,"log_timeout":259200}
19/12 19:28:34 0 - POST / HTTP/1.1
Content-Length: 54

{"operacao":"status","token":"a010a000","id":"TERMIX"}

 t:0,016 => OK
19/12 19:28:43 - STATUS DO SERVIDOR {"operacao":"status","token":"a010a000","id":"TERMIX"}
19/12 19:28:43 - servico_status: {"status":"ok","terminal":"12","nome":"HAMBURGUERIA E CIA","aviso":"SERVIDOR OPERANDO","app_timeout":3000,"log_timeout":259200}
19/12 19:28:43 0 - POST / HTTP/1.1
Content-Length: 54

{"operacao":"status","token":"a010a000","id":"TERMIX"}

 t:0,016 => OK
19/12 19:29:03 - STATUS DO SERVIDOR {"operacao":"status","token":"a010a000","id":"TERMIX"}
19/12 19:29:03 - servico_status: {"status":"ok","terminal":"12","nome":"HAMBURGUERIA E CIA","aviso":"SERVIDOR OPERANDO","app_timeout":3000,"log_timeout":259200}
19/12 19:29:03 0 - POST / HTTP/1.1
Content-Length: 54

{"operacao":"status","token":"a010a000","id":"TERMIX"}

 t:0,016 => OK
19/12 23:57:03 - ***  SERVIÇO PARADO
19/12 23:57:06 - Iniciando Suporte Mobile 64 bit Versao: 1.15.17/12/2019 20:06
19/12 23:57:06 - Variaveis
19/12 23:57:06 - CurrencyString="R$", CurrencyFormat="#2", NegCurrFormat="#9", ThousandSeparator=".", DecimalSeparator=",", CurrencyDecimals="2", DateSeparator="/", ShortDateFormat="dd/MM/yyyy", LongDateFormat="dddd, d' de 'MMMM' de 'yyyy", TimeSeparator=":", TimeAMString="", TimePMString="", ShortTimeFormat="hh:mm", LongTimeFormat="hh:mm:ss", TwoDigitYearCenturyWindow="50", ListSeparator=";"
19/12 23:57:06 - TCP Servidor
19/12 23:57:06 - TCP Cliente
19/12 23:57:06 - Iniciado na porta => 4409
19/12 23:57:06 - Formato Valores:        -1.254,87 | -1254,87|        1.254,87 | 1254,87
19/12 23:57:06 - Formato Data   : 19/12/2019 23:57:06
19/12 23:57:06 - Flags debug 1 sem log 0
19/12 23:57:06 - h > LOCALHOST p > 3306 d > hbecia u > root
19/12 23:57:06 - Terminal: 1
19/12 23:57:06 - BANCO DE DADOS ONLINE > LOCALHOST:hbecia
19/12 23:57:06 - PRECO => 23 /            23,00/23/23
19/12 23:57:06 - iniciar_identificacao_computador
19/12 23:57:06 - sistema_pegar_perfil
19/12 23:57:06 - empresa_carregar_segmentos
19/12 23:57:06 - rcs_iniciar_variaveis_globais
19/12 23:57:06 - terminal_id
19/12 23:57:06 - mesas_comandas
19/12 23:57:06 - LPRINT
19/12 23:57:06 - Status: Config => 192.168.88.83:9100
19/12 23:57:06 - Status: Config => 192.168.88.83:9100
19/12 23:57:06 - Status: Config => c:9100
19/12 23:57:06 - Status: Config => 192.168.88.83:9100
19/12 23:57:06 - LISTA DE IMPRESSORAS CARREGADA 4
19/12 23:57:06 - carregarImp
19/12 23:57:06 - objetos
19/12 23:57:06 - produtos_gerenciamento_de_estoque
19/12 23:57:06 - # status 100%
19/12 23:58:19 - STATUS DO SERVIDOR {"operacao":"status","token":"c000a000","terminal":"14","id":"y2q1mmy4zdm4ytczmmexma: ="}
19/12 23:58:19 - servico_status: {"status":"ok","terminal":"14","nome":"HAMBURGUERIA E CIA","aviso":"SERVIDOR OPERANDO","app_timeout":3000,"log_timeout":259200}
19/12 23:58:19 0 - POST / HTTP/1.1
Content-Length: 88

{"operacao":"status","token":"c000a000","terminal":"14","id":"y2q1mmy4zdm4ytczmmexma: ="}

 t:0,016 => OK
19/12 23:59:01 - STATUS DO SERVIDOR {"operacao":"status","token":"c000a000","terminal":"14","id":"y2q1mmy4zdm4ytczmmexma: ="}
19/12 23:59:01 - servico_status: {"status":"ok","terminal":"14","nome":"HAMBURGUERIA E CIA","aviso":"SERVIDOR OPERANDO","app_timeout":3000,"log_timeout":259200}
19/12 23:59:01 0 - POST / HTTP/1.1
Content-Length: 88

{"operacao":"status","token":"c000a000","terminal":"14","id":"y2q1mmy4zdm4ytczmmexma: ="}

 t:0,015 => OK
20/12 00:32:15 - STATUS DO SERVIDOR {"operacao":"status","token":"c000a000","terminal":"14","id":"y2q1mmy4zdm4ytczmmexma: ="}
20/12 00:32:15 - servico_status: {"status":"ok","terminal":"14","nome":"HAMBURGUERIA E CIA","aviso":"SERVIDOR OPERANDO","app_timeout":3000,"log_timeout":259200}
20/12 00:32:15 0 - POST / HTTP/1.1
Content-Length: 88

{"operacao":"status","token":"c000a000","terminal":"14","id":"y2q1mmy4zdm4ytczmmexma: ="}

 t:0,016 => OK
20/12 00:32:21 - STATUS DO SERVIDOR {"operacao":"status","token":"c000a000","terminal":"14","id":"y2q1mmy4zdm4ytczmmexma: ="}
20/12 00:32:21 - servico_status: {"status":"ok","terminal":"14","nome":"HAMBURGUERIA E CIA","aviso":"SERVIDOR OPERANDO","app_timeout":3000,"log_timeout":259200}
20/12 00:32:22 0 - POST / HTTP/1.1
Content-Length: 88

{"operacao":"status","token":"c000a000","terminal":"14","id":"y2q1mmy4zdm4ytczmmexma: ="}

 t:0,015 => OK
20/12 00:32:27 - STATUS DO SERVIDOR {"operacao":"status","token":"c000a000","terminal":"14","id":"y2q1mmy4zdm4ytczmmexma: ="}
20/12 00:32:27 - servico_status: {"status":"ok","terminal":"14","nome":"HAMBURGUERIA E CIA","aviso":"SERVIDOR OPERANDO","app_timeout":3000,"log_timeout":259200}
20/12 00:32:27 0 - POST / HTTP/1.1
Content-Length: 88

{"operacao":"status","token":"c000a000","terminal":"14","id":"y2q1mmy4zdm4ytczmmexma: ="}

 t:0,016 => OK
20/12 00:40:19 - ***  SERVIÇO PARADO
20/12 00:40:22 - Iniciando Suporte Mobile 64 bit Versao: 1.15.17/12/2019 20:06
20/12 00:40:22 - Variaveis
20/12 00:40:22 - CurrencyString="R$", CurrencyFormat="#2", NegCurrFormat="#9", ThousandSeparator=".", DecimalSeparator=",", CurrencyDecimals="2", DateSeparator="/", ShortDateFormat="dd/MM/yyyy", LongDateFormat="dddd, d' de 'MMMM' de 'yyyy", TimeSeparator=":", TimeAMString="", TimePMString="", ShortTimeFormat="hh:mm", LongTimeFormat="hh:mm:ss", TwoDigitYearCenturyWindow="50", ListSeparator=";"
20/12 00:40:22 - TCP Servidor
20/12 00:40:22 - TCP Cliente
20/12 00:40:22 - Iniciado na porta => 4409
20/12 00:40:22 - Formato Valores:        -1.254,87 | -1254,87|        1.254,87 | 1254,87
