18/12 21:13:26 0 - POST / HTTP/1.1
HOST: 192.168.88.44:4409
content-type: application/json
content-length: 75

{"operacao":"logoff",
 "token":"c009a001",
"terminal":"1",
"codigo":"5"} t:0,016 => OK
18/12 21:13:26 - salvando log -> C:\rcsv\App\mobile64\log\logs\LOG_APP_MOBILE_SERVICE_64_17.log
18/12 21:13:29 - LOGOFF DO USUARIO {"operacao":"logoff",
 "token":"c009a001",
"terminal":"1",
"codigo":"5"}
18/12 21:13:29 0 - POST / HTTP/1.1
HOST: 192.168.88.44:4409
content-type: application/json
content-length: 75

{"operacao":"logoff",
 "token":"c009a001",
"terminal":"1",
"codigo":"5"} => OK
18/12 21:14:35 - DADOS MYSQL {"operacao":"mysql",
 "token":"c009a001",
"terminal":"1",
"codigo":"5"}
18/12 21:14:35 0 - POST / HTTP/1.1
HOST: 192.168.88.44:4409
content-type: application/json
content-length: 74

{"operacao":"mysql",
 "token":"c009a001",
"terminal":"1",
"codigo":"5"} t:0,016 => OK
18/12 21:16:45 - ***  SERVIÇO PARADO
18/12 21:16:47 - Iniciando Suporte Mobile 64 bit Versao: 1.15.17/12/2019 20:06
18/12 21:16:47 - Variaveis
18/12 21:16:47 - CurrencyString="R$", CurrencyFormat="#2", NegCurrFormat="#9", ThousandSeparator=".", DecimalSeparator=",", CurrencyDecimals="2", DateSeparator="/", ShortDateFormat="dd/MM/yyyy", LongDateFormat="dddd, d' de 'MMMM' de 'yyyy", TimeSeparator=":", TimeAMString="", TimePMString="", ShortTimeFormat="hh:mm", LongTimeFormat="hh:mm:ss", TwoDigitYearCenturyWindow="50", ListSeparator=";"
18/12 21:16:47 - TCP Servidor
18/12 21:16:47 - TCP Cliente
18/12 21:16:47 - Iniciado na porta => 4409
18/12 21:16:47 - Formato Valores:        -1.254,87 | -1254,87|        1.254,87 | 1254,87
18/12 21:16:47 - Formato Data   : 18/12/2019 21:16:47
18/12 21:16:47 - Flags debug 1 sem log 0
18/12 21:16:47 - h > LOCALHOST p > 3306 d > hbecia u > root
18/12 21:16:47 - Terminal: 1
18/12 21:16:47 - BANCO DE DADOS ONLINE > LOCALHOST:hbecia
18/12 21:16:47 - PRECO => 23 /            23,00/23/23
18/12 21:16:47 - iniciar_identificacao_computador
18/12 21:16:47 - sistema_pegar_perfil
18/12 21:16:47 - empresa_carregar_segmentos
18/12 21:16:47 - rcs_iniciar_variaveis_globais
18/12 21:16:47 - terminal_id
18/12 21:16:47 - mesas_comandas
18/12 21:16:47 - LPRINT
18/12 21:16:47 - Status: Config => 192.168.88.83:9100
18/12 21:16:47 - Status: Config => 192.168.88.83:9100
18/12 21:16:47 - Status: Config => c:9100
18/12 21:16:47 - Status: Config => 192.168.88.83:9100
18/12 21:16:47 - LISTA DE IMPRESSORAS CARREGADA 4
18/12 21:16:47 - carregarImp
18/12 21:16:47 - objetos
18/12 21:16:48 - produtos_gerenciamento_de_estoque
18/12 21:16:48 - # status 100%
18/12 21:16:56 - DADOS MYSQL {"operacao":"mysql",
 "token":"c009a001",
"terminal":"1",
"codigo":"5"}
18/12 21:16:56 0 - POST / HTTP/1.1
HOST: 192.168.88.44:4409
content-type: application/json
content-length: 74

{"operacao":"mysql",
 "token":"c009a001",
"terminal":"1",
"codigo":"5"} t:0,015 => OK
18/12 21:17:02 - LOGOFF DO USUARIO {"operacao":"logoff",
 "token":"c009a001",
"terminal":"1",
"codigo":"5"}
18/12 21:17:02 0 - POST / HTTP/1.1
HOST: 192.168.88.44:4409
content-type: application/json
content-length: 75

{"operacao":"logoff",
 "token":"c009a001",
"terminal":"1",
"codigo":"5"} t:0,015 => OK
18/12 21:17:04 - LOGOFF DO USUARIO {"operacao":"logoff",
 "token":"c009a001",
"terminal":"1",
"codigo":"5"}
18/12 21:17:04 0 - POST / HTTP/1.1
HOST: 192.168.88.44:4409
content-type: application/json
content-length: 75

{"operacao":"logoff",
 "token":"c009a001",
"terminal":"1",
"codigo":"5"} => OK
18/12 21:17:09 - LOGOFF DO USUARIO {"operacao":"logoff",
 "token":"c009a001",
"terminal":"1",
"codigo":"5"}
18/12 21:17:09 0 - POST / HTTP/1.1
HOST: 192.168.88.44:4409
content-type: application/json
content-length: 75

{"operacao":"logoff",
 "token":"c009a001",
"terminal":"1",
"codigo":"5"} t:0,015 => OK
18/12 21:17:15 - LOGOFF DO USUARIO {"operacao":"logoff",
 "token":"c009a001",
"terminal":"1",
"codigo":"5"}
18/12 21:17:15 0 - POST / HTTP/1.1
HOST: 192.168.88.44:4409
content-type: application/json
content-length: 75

{"operacao":"logoff",
 "token":"c009a001",
"terminal":"1",
"codigo":"5"} t:0,015 => OK
18/12 21:17:16 - LOGOFF DO USUARIO {"operacao":"logoff",
 "token":"c009a001",
"terminal":"1",
"codigo":"5"}
18/12 21:17:16 0 - POST / HTTP/1.1
HOST: 192.168.88.44:4409
content-type: application/json
content-length: 75

{"operacao":"logoff",
 "token":"c009a001",
"terminal":"1",
"codigo":"5"} t:0,015 => OK
18/12 21:17:42 - LOGOFF DO USUARIO {"operacao":"logoff",
 "token":"c009a001",
"terminal":"1",
"codigo":"5"}
18/12 21:17:42 0 - POST / HTTP/1.1
HOST: 192.168.88.44:4409
content-type: application/json
content-length: 75

{"operacao":"logoff",
 "token":"c009a001",
"terminal":"1",
"codigo":"5"} t:0,015 => OK
18/12 21:20:53 - ***  SERVIÇO PARADO
18/12 21:20:56 - Iniciando Suporte Mobile 64 bit Versao: 1.15.17/12/2019 20:06
18/12 21:20:56 - Variaveis
18/12 21:20:56 - CurrencyString="R$", CurrencyFormat="#2", NegCurrFormat="#9", ThousandSeparator=".", DecimalSeparator=",", CurrencyDecimals="2", DateSeparator="/", ShortDateFormat="dd/MM/yyyy", LongDateFormat="dddd, d' de 'MMMM' de 'yyyy", TimeSeparator=":", TimeAMString="", TimePMString="", ShortTimeFormat="hh:mm", LongTimeFormat="hh:mm:ss", TwoDigitYearCenturyWindow="50", ListSeparator=";"
18/12 21:20:56 - TCP Servidor
18/12 21:20:56 - TCP Cliente
18/12 21:20:56 - Iniciado na porta => 4409
18/12 21:20:56 - Formato Valores:        -1.254,87 | -1254,87|        1.254,87 | 1254,87
18/12 21:20:56 - Formato Data   : 18/12/2019 21:20:56
18/12 21:20:56 - Flags debug 1 sem log 0
18/12 21:20:56 - h > LOCALHOST p > 3306 d > hbecia u > root
18/12 21:20:56 - Terminal: 1
18/12 21:20:56 - BANCO DE DADOS ONLINE > LOCALHOST:hbecia
18/12 21:20:56 - PRECO => 23 /            23,00/23/23
18/12 21:20:56 - iniciar_identificacao_computador
18/12 21:20:56 - sistema_pegar_perfil
18/12 21:20:56 - empresa_carregar_segmentos
18/12 21:20:56 - rcs_iniciar_variaveis_globais
18/12 21:20:56 - terminal_id
18/12 21:20:56 - mesas_comandas
18/12 21:20:56 - LPRINT
18/12 21:20:56 - Status: Config => 192.168.88.83:9100
18/12 21:20:56 - Status: Config => 192.168.88.83:9100
18/12 21:20:56 - Status: Config => c:9100
18/12 21:20:56 - Status: Config => 192.168.88.83:9100
18/12 21:20:56 - LISTA DE IMPRESSORAS CARREGADA 4
18/12 21:20:56 - carregarImp
18/12 21:20:56 - objetos
18/12 21:20:56 - produtos_gerenciamento_de_estoque
18/12 21:20:56 - # status 100%
18/12 21:21:01 - LOGOFF DO USUARIO {"operacao":"logoff",
 "token":"c009a001",
"terminal":"1",
"codigo":"5"}
18/12 21:21:01 0 - POST / HTTP/1.1
HOST: 192.168.88.44:4409
content-type: application/json
content-length: 75

{"operacao":"logoff",
 "token":"c009a001",
"terminal":"1",
"codigo":"5"} => OK
18/12 21:21:02 - LOGOFF DO USUARIO {"operacao":"logoff",
 "token":"c009a001",
"terminal":"1",
"codigo":"5"}
18/12 21:21:02 0 - POST / HTTP/1.1
HOST: 192.168.88.44:4409
content-type: application/json
content-length: 75

{"operacao":"logoff",
 "token":"c009a001",
"terminal":"1",
"codigo":"5"} => OK
18/12 21:21:03 - LOGOFF DO USUARIO {"operacao":"logoff",
 "token":"c009a001",
"terminal":"1",
"codigo":"5"}
18/12 21:21:03 0 - POST / HTTP/1.1
HOST: 192.168.88.44:4409
content-type: application/json
content-length: 75

{"operacao":"logoff",
 "token":"c009a001",
"terminal":"1",
"codigo":"5"} => OK
18/12 21:21:03 - LOGOFF DO USUARIO {"operacao":"logoff",
 "token":"c009a001",
"terminal":"1",
"codigo":"5"}
18/12 21:21:03 0 - POST / HTTP/1.1
HOST: 192.168.88.44:4409
content-type: application/json
content-length: 75

{"operacao":"logoff",
 "token":"c009a001",
"terminal":"1",
"codigo":"5"} t:0,015 => OK
18/12 21:21:04 - LOGOFF DO USUARIO {"operacao":"logoff",
 "token":"c009a001",
"terminal":"1",
"codigo":"5"}
18/12 21:21:04 0 - POST / HTTP/1.1
HOST: 192.168.88.44:4409
content-type: application/json
content-length: 75

{"operacao":"logoff",
 "token":"c009a001",
"terminal":"1",
"codigo":"5"} t:0,015 => OK
18/12 21:21:04 - LOGOFF DO USUARIO {"operacao":"logoff",
 "token":"c009a001",
"terminal":"1",
"codigo":"5"}
18/12 21:21:04 0 - POST / HTTP/1.1
HOST: 192.168.88.44:4409
content-type: application/json
content-length: 75

{"operacao":"logoff",
 "token":"c009a001",
"terminal":"1",
"codigo":"5"} t:0,016 => OK
