10/10 15:16:26 - ***  SERVIÇO PARADO
10/10 15:18:01 - Iniciando Suporte Mobile 64bit Versao: 1.13
10/10 15:18:01 - Variaveis
10/10 15:18:01 - CurrencyString="R$", CurrencyFormat="#2", NegCurrFormat="#9", ThousandSeparator=".", DecimalSeparator=",", CurrencyDecimals="2", DateSeparator="/", ShortDateFormat="dd/MM/yyyy", LongDateFormat="dddd, d' de 'MMMM' de 'yyyy", TimeSeparator=":", TimeAMString="", TimePMString="", ShortTimeFormat="hh:mm", LongTimeFormat="hh:mm:ss", TwoDigitYearCenturyWindow="50", ListSeparator=";"
10/10 15:18:01 - TCP Servidor
10/10 15:18:01 - TCP Cliente
10/10 15:18:01 - Iniciado na porta => 4406
10/10 15:18:01 - Formato Valores:        -1.254,87 | -1254,87|        1.254,87 | 1254,87
10/10 15:18:01 - Formato Data   : 10/10/2019 15:18:01
10/10 15:18:01 - Flags debug 1 sem log 0
10/10 15:18:01 - h > 192.168.88.37 p > 3306 d > hbecia u > root
10/10 15:18:01 - Terminal: 1
10/10 15:18:01 - BANCO DE DADOS ONLINE > 192.168.88.37:hbecia
10/10 15:18:01 - PRECO => 2 /             2,00/2/2
10/10 15:18:01 - iniciar_identificacao_computador
10/10 15:18:01 - sistema_pegar_perfil
10/10 15:18:01 - empresa_carregar_segmentos
10/10 15:18:01 - rcs_iniciar_variaveis_globais
10/10 15:18:01 - terminal_id
10/10 15:18:01 - usuario por terminal >>>
10/10 15:18:01 - mesas_comandas
10/10 15:18:01 - LPRINT
10/10 15:18:01 - Status: Config => 192.168.88.41:9100
10/10 15:18:01 - Status: Config => 192.168.88.41:9100
10/10 15:18:01 - Status: Config => c:9100
10/10 15:18:01 - Status: Config => 192.168.88.41:9100
10/10 15:18:01 - LISTA DE IMPRESSORAS CARREGADA 4
10/10 15:18:01 - carregarImp
10/10 15:18:01 - objetos
10/10 15:18:01 - produtos_gerenciamento_de_estoque
10/10 15:18:01 - # status 100%
10/10 15:18:12 - PEDIDOS SOLICITADO {"sessao":"101020191511141358408136353636090131404MOBILEADM","operacao":"PIT","pedido":"26","usuario":"1","terminal":"3","conf":"1|1","items":[{"i0":"3|1"}]}
10/10 15:18:12 - sessao: 101020191511141358408136353636090131404MOBILEADM
10/10 15:18:12 - id: 26
10/10 15:18:12 - usuario: 1
10/10 15:18:12 - terminal: 3
10/10 15:18:12 - conf: 1|1
10/10 15:18:12 0 - 3|1
10/10 15:18:12 - dados
10/10 15:18:12 - passo 1
10/10 15:18:12 - passo 2
10/10 15:18:12 - passo 3
10/10 15:18:12 - passo 4
10/10 15:18:12 - passo 5
10/10 15:18:12 0 - {"sessao":"101020191511141358408136353636090131404MOBILEADM","operacao":"PIT","pedido":"26","usuario":"1","terminal":"3","conf":"1|1","items":[{"i0":"3|1"}]}
10/10 15:18:12 2 -  0,016t ERRO
10/10 15:18:29 - PEDIDOS SOLICITADO {"sessao":"101020191511141358408136353636090131404MOBILEADM","operacao":"PIT","pedido":"26","usuario":"1","terminal":"3","conf":"1|1","items":[{"i0":"3|1"}]}
10/10 15:18:29 - sessao: 101020191511141358408136353636090131404MOBILEADM
10/10 15:18:29 - id: 26
10/10 15:18:29 - usuario: 1
10/10 15:18:29 - terminal: 3
10/10 15:18:29 - conf: 1|1
10/10 15:18:29 0 - 3|1
10/10 15:18:29 - dados
10/10 15:18:29 - passo 1
10/10 15:18:29 - passo 2
10/10 15:18:29 - passo 3
10/10 15:18:29 - passo 4
10/10 15:18:29 - passo 5
10/10 15:18:29 - passo 6
10/10 15:18:29 - passo 7
10/10 15:18:29 - passo 7A-0
10/10 15:18:29 - VALORES? 16,90/16,9/16,9/,/"16.9"
10/10 15:18:29 - passo 7B-0
10/10 15:18:29 - passo 7C-0
10/10 15:18:29 - passo 7D-0
10/10 15:18:29 - passo 8
10/10 15:18:29 - passo 9
10/10 15:18:29 - PRODUCAO => id:26 user:2term:3 hora: sessao:101020191511141358408136353636090131404MOBILEADM
10/10 15:18:29 - select estoque.grupo,auxiliar.id from auxiliar,estoque where auxiliar.idpedido=26 and auxiliar.producao=0 and estoque.codigo=auxiliar.original and auxiliar.idtimer="101020191511141358408136353636090131404MOBILEADM" order by estoque.grupo,auxiliar.id
10/10 15:18:29 - GRUPOS:<1,481>
10/10 15:18:29 - Status: Config => 192.168.88.41:9100
10/10 15:18:29 - CIS Status: Create
10/10 15:18:31 - CIS Status: Exception = > Falha da impressora => 192.168.88.41
10/10 15:18:31 - Status: Config => 192.168.88.41:9100
10/10 15:18:31 - CIS Status: Create
10/10 15:18:33 - CIS Status: Exception = > Falha da impressora => 192.168.88.41
10/10 15:18:33 - PERFIL 7
10/10 15:18:33 - ERRO 50
10/10 15:18:33 - SPOOLER
10/10 15:18:33 - passo 10
10/10 15:18:33 0 - {"sessao":"101020191511141358408136353636090131404MOBILEADM","operacao":"PIT","pedido":"26","usuario":"1","terminal":"3","conf":"1|1","items":[{"i0":"3|1"}]}
10/10 15:18:33 2 -  4,109t OK
10/10 15:18:47 - PEDIDOS SOLICITADO {"sessao":"10102019151842135039836353636090131404MOBILEADM","operacao":"PIT","pedido":"26","usuario":"1","terminal":"3","conf":"1|1","items":[{"i0":"8|1"}]}
10/10 15:18:47 - sessao: 10102019151842135039836353636090131404MOBILEADM
10/10 15:18:47 - id: 26
10/10 15:18:47 - usuario: 1
10/10 15:18:47 - terminal: 3
10/10 15:18:47 - conf: 1|1
10/10 15:18:47 0 - 8|1
10/10 15:18:47 - dados
10/10 15:18:47 - passo 1
10/10 15:18:47 - passo 2
10/10 15:18:47 - passo 3
10/10 15:18:47 - passo 4
10/10 15:18:47 - passo 5
10/10 15:18:47 - passo 6
10/10 15:18:47 - passo 7
10/10 15:18:47 - passo 7A-0
10/10 15:18:47 - VALORES? 7,90/7,9/7,9/,/"7.9"
10/10 15:18:47 - passo 7B-0
10/10 15:18:47 - passo 7C-0
10/10 15:18:47 - passo 7D-0
10/10 15:18:47 - passo 8
10/10 15:18:47 - passo 9
10/10 15:18:47 - PRODUCAO => id:26 user:2term:3 hora: sessao:10102019151842135039836353636090131404MOBILEADM
10/10 15:18:47 - select estoque.grupo,auxiliar.id from auxiliar,estoque where auxiliar.idpedido=26 and auxiliar.producao=0 and estoque.codigo=auxiliar.original and auxiliar.idtimer="10102019151842135039836353636090131404MOBILEADM" order by estoque.grupo,auxiliar.id
10/10 15:18:47 - GRUPOS:<2,482>
10/10 15:18:47 - Status: Config => 192.168.88.41:9100
10/10 15:18:47 - CIS Status: Create
10/10 15:18:49 - CIS Status: Exception = > Falha da impressora => 192.168.88.41
10/10 15:18:49 - Status: Config => 192.168.88.41:9100
10/10 15:18:49 - CIS Status: Create
10/10 15:18:51 - CIS Status: Exception = > Falha da impressora => 192.168.88.41
10/10 15:18:51 - PERFIL 7
10/10 15:18:51 - ERRO 50
10/10 15:18:51 - SPOOLER
10/10 15:18:51 - passo 10
10/10 15:18:51 0 - {"sessao":"10102019151842135039836353636090131404MOBILEADM","operacao":"PIT","pedido":"26","usuario":"1","terminal":"3","conf":"1|1","items":[{"i0":"8|1"}]}
10/10 15:18:51 2 -  4,109t OK
10/10 15:22:25 - PEDIDOS SOLICITADO {"sessao":"101020191521121311430770353636090131404MOBILEADM","operacao":"PIT","pedido":"30","usuario":"1","terminal":"3","conf":"1|1","items":[{"i0":"20|1|4D41494F4E4553452053524952414348417E|2D2D2D630A3C2B3E0A5B504F4E544F5F41535341444F5D0A50414F204155535452414C49414E4F5B50414F5D0A50414F204252494F4348455B50414F5D0A424C454E4420424F56494E4F5B424C454E445D0A424C454E442043414C4142524553415B424C454E445D0A424C454E44204652414E474F5B424C454E445D0A424C454E442046414C4146454C5B424C454E445D0A515545494A4F20505241544F5B515545494A4F5D0A515545494A4F20434845444445525B515545494A4F5D0A515545494A4F204D5553534152454C415B515545494A4F5D|2,9"}]}
10/10 15:22:25 - sessao: 101020191521121311430770353636090131404MOBILEADM
10/10 15:22:25 - id: 30
10/10 15:22:25 - usuario: 1
10/10 15:22:25 - terminal: 3
10/10 15:22:25 - conf: 1|1
10/10 15:22:25 0 - 20|1|4D41494F4E4553452053524952414348417E|2D2D2D630A3C2B3E0A5B504F4E544F5F41535341444F5D0A50414F204155535452414C49414E4F5B50414F5D0A50414F204252494F4348455B50414F5D0A424C454E4420424F56494E4F5B424C454E445D0A424C454E442043414C4142524553415B424C454E445D0A424C454E44204652414E474F5B424C454E445D0A424C454E442046414C4146454C5B424C454E445D0A515545494A4F20505241544F5B515545494A4F5D0A515545494A4F20434845444445525B515545494A4F5D0A515545494A4F204D5553534152454C415B515545494A4F5D|2,9
10/10 15:22:25 - dados
10/10 15:22:25 - passo 1
10/10 15:22:25 - passo 2
10/10 15:22:25 - passo 3
10/10 15:22:25 - passo 4
10/10 15:22:25 - passo 5
10/10 15:22:25 - passo 6
10/10 15:22:25 - passo 7
10/10 15:22:25 - passo 7A-0
10/10 15:22:25 - VALORES? 29,90/29,9/29,9/,/"29.9"
10/10 15:22:25 - passo 7B-0
10/10 15:22:25 - passo 7C-0
10/10 15:22:25 - passo 7D-0
10/10 15:22:25 - passo 8
10/10 15:22:25 - passo 9
10/10 15:22:25 - PRODUCAO => id:30 user:2term:3 hora: sessao:101020191521121311430770353636090131404MOBILEADM
10/10 15:22:25 - select estoque.grupo,auxiliar.id from auxiliar,estoque where auxiliar.idpedido=30 and auxiliar.producao=0 and estoque.codigo=auxiliar.original and auxiliar.idtimer="101020191521121311430770353636090131404MOBILEADM" order by estoque.grupo,auxiliar.id
10/10 15:22:25 - GRUPOS:<1,483>
10/10 15:22:25 - Status: Config => 192.168.88.41:9100
10/10 15:22:25 - CIS Status: Create
10/10 15:22:27 - CIS Status: Exception = > Falha da impressora => 192.168.88.41
10/10 15:22:27 - Status: Config => 192.168.88.41:9100
10/10 15:22:27 - CIS Status: Create
10/10 15:22:29 - CIS Status: Exception = > Falha da impressora => 192.168.88.41
10/10 15:22:29 - PERFIL 7
10/10 15:22:29 - ERRO 50
10/10 15:22:29 - SPOOLER
10/10 15:22:29 - passo 10
10/10 15:22:29 0 - {"sessao":"101020191521121311430770353636090131404MOBILEADM","operacao":"PIT","pedido":"30","usuario":"1","terminal":"3","conf":"1|1","items":[{"i0":"20|1|4D41494F4E4553452053524952414348417E|2D2D2D630A3C2B3E0A5B504F4E544F5F41535341444F5D0A50414F204155535452414C49414E4F5B50414F5D0A50414F204252494F4348455B50414F5D0A424C454E4420424F56494E4F5B424C454E445D0A424C454E442043414C4142524553415B424C454E445D0A424C454E44204652414E474F5B424C454E445D0A424C454E442046414C4146454C5B424C454E445D0A515545494A4F20505241544F5B515545494A4F5D0A515545494A4F20434845444445525B515545494A4F5D0A515545494A4F204D5553534152454C415B515545494A4F5D|2,9"}]}
10/10 15:22:29 2 -  4,109t OK
10/10 15:24:31 - PRE-CONTA SOLICITADA {"operacao":"PRE","pedido":"21"}
10/10 15:24:31 - Lista das impressoras
10/10 15:24:31 - Id da impressora 7 => TCP:192.168.88.41
10/10 15:24:31 - Status: Config => 192.168.88.41:9100
10/10 15:24:31 - CIS Status: Create
10/10 15:24:33 - CIS Status: Exception = > Falha da impressora => 192.168.88.41
10/10 15:24:33 - Status: Config => 192.168.88.41:9100
10/10 15:24:33 - CIS Status: Create
10/10 15:24:35 - CIS Status: Exception = > Falha da impressora => 192.168.88.41
10/10 15:24:35 - ABRIR BANCO DE DADOS
10/10 15:24:35 - OK BANCO DE DADOS
10/10 15:24:35 - SET IMPRESSORA 7
10/10 15:24:35 - ERRO 51
10/10 15:24:35 - FALHA DA IMPRESSORA t:4,016
10/10 15:24:35 - GRAVANDO REGISTRO PRE
10/10 15:24:35 - CONCLUIDO
10/10 15:24:35 0 - ERRO => POST / HTTP/1.1
Content-Length: 32

{"operacao":"PRE","pedido":"21"}

 t:4,078 => FALHA DA IMPRESSORA t:4,016 -> 51
10/10 15:25:04 - PEDIDOS SOLICITADO {"sessao":"101020191524471394537059353636090131404MOBILEADM","operacao":"PIT","pedido":"22","usuario":"1","terminal":"3","conf":"1|1","items":[{"i0":"24|1|50414F204155535452414C49414E4F5B5D7E|2D2D2D630A3C2B3E0A5B504F4E544F5F41535341444F5D0A50414F204155535452414C49414E4F5B5D0A50414F204252494F4348455B5D0A424C454E4420424F56494E4F0A424C454E442043414C4142524553410A424C454E44204652414E474F0A424C454E442046414C4146454C|0"}]}
10/10 15:25:04 - sessao: 101020191524471394537059353636090131404MOBILEADM
10/10 15:25:04 - id: 22
10/10 15:25:04 - usuario: 1
10/10 15:25:04 - terminal: 3
10/10 15:25:04 - conf: 1|1
10/10 15:25:04 0 - 24|1|50414F204155535452414C49414E4F5B5D7E|2D2D2D630A3C2B3E0A5B504F4E544F5F41535341444F5D0A50414F204155535452414C49414E4F5B5D0A50414F204252494F4348455B5D0A424C454E4420424F56494E4F0A424C454E442043414C4142524553410A424C454E44204652414E474F0A424C454E442046414C4146454C|0
10/10 15:25:04 - dados
10/10 15:25:04 - passo 1
10/10 15:25:04 - passo 2
10/10 15:25:04 - passo 3
10/10 15:25:04 - passo 4
10/10 15:25:04 - passo 5
10/10 15:25:04 - passo 6
10/10 15:25:04 - passo 7
10/10 15:25:04 - passo 7A-0
10/10 15:25:04 - VALORES? 27,90/27,9/27,9/,/"27.9"
10/10 15:25:04 - passo 7B-0
10/10 15:25:04 - passo 7C-0
10/10 15:25:04 - passo 7D-0
10/10 15:25:04 - passo 8
10/10 15:25:04 - passo 9
10/10 15:25:04 - PRODUCAO => id:22 user:2term:3 hora: sessao:101020191524471394537059353636090131404MOBILEADM
10/10 15:25:04 - select estoque.grupo,auxiliar.id from auxiliar,estoque where auxiliar.idpedido=22 and auxiliar.producao=0 and estoque.codigo=auxiliar.original and auxiliar.idtimer="101020191524471394537059353636090131404MOBILEADM" order by estoque.grupo,auxiliar.id
10/10 15:25:04 - GRUPOS:<1,484>
10/10 15:25:04 - Status: Config => 192.168.88.41:9100
10/10 15:25:04 - CIS Status: Create
10/10 15:25:05 - CIS Status: Exception = > Falha da impressora => 192.168.88.41
10/10 15:25:06 - Status: Config => 192.168.88.41:9100
10/10 15:25:06 - CIS Status: Create
10/10 15:25:07 - CIS Status: Exception = > Falha da impressora => 192.168.88.41
10/10 15:25:08 - PERFIL 7
10/10 15:25:08 - ERRO 50
10/10 15:25:08 - SPOOLER
10/10 15:25:08 - passo 10
10/10 15:25:08 0 - {"sessao":"101020191524471394537059353636090131404MOBILEADM","operacao":"PIT","pedido":"22","usuario":"1","terminal":"3","conf":"1|1","items":[{"i0":"24|1|50414F204155535452414C49414E4F5B5D7E|2D2D2D630A3C2B3E0A5B504F4E544F5F41535341444F5D0A50414F204155535452414C49414E4F5B5D0A50414F204252494F4348455B5D0A424C454E4420424F56494E4F0A424C454E442043414C4142524553410A424C454E44204652414E474F0A424C454E442046414C4146454C|0"}]}
10/10 15:25:08 2 -  4,094t OK
10/10 15:25:42 - PEDIDOS SOLICITADO {"sessao":"10102019152535139169753353636090131404MOBILEADM","operacao":"PIT","pedido":"29","usuario":"1","terminal":"3","conf":"1|1","items":[{"i0":"30|1|47454C4F7E|2D2D2D620A47454C4F0A4C4152414E4A410A4C494D414F0A4C494D414F2045535052454D49444F|0"}]}
10/10 15:25:42 - sessao: 10102019152535139169753353636090131404MOBILEADM
10/10 15:25:42 - id: 29
10/10 15:25:42 - usuario: 1
10/10 15:25:42 - terminal: 3
10/10 15:25:42 - conf: 1|1
10/10 15:25:42 0 - 30|1|47454C4F7E|2D2D2D620A47454C4F0A4C4152414E4A410A4C494D414F0A4C494D414F2045535052454D49444F|0
10/10 15:25:42 - dados
10/10 15:25:42 - passo 1
10/10 15:25:42 - passo 2
10/10 15:25:42 - passo 3
10/10 15:25:42 - passo 4
10/10 15:25:42 - passo 5
10/10 15:25:42 - passo 6
10/10 15:25:42 - passo 7
10/10 15:25:42 - passo 7A-0
10/10 15:25:42 - VALORES? 5,90/5,9/5,9/,/"5.9"
10/10 15:25:42 - passo 7B-0
10/10 15:25:42 - passo 7C-0
10/10 15:25:42 - passo 7D-0
10/10 15:25:42 - passo 8
10/10 15:25:42 - passo 9
10/10 15:25:42 - PRODUCAO => id:29 user:2term:3 hora: sessao:10102019152535139169753353636090131404MOBILEADM
10/10 15:25:42 - select estoque.grupo,auxiliar.id from auxiliar,estoque where auxiliar.idpedido=29 and auxiliar.producao=0 and estoque.codigo=auxiliar.original and auxiliar.idtimer="10102019152535139169753353636090131404MOBILEADM" order by estoque.grupo,auxiliar.id
10/10 15:25:42 - GRUPOS:<2,485>
10/10 15:25:42 - Status: Config => 192.168.88.41:9100
10/10 15:25:42 - CIS Status: Create
10/10 15:25:44 - CIS Status: Exception = > Falha da impressora => 192.168.88.41
10/10 15:25:44 - Status: Config => 192.168.88.41:9100
10/10 15:25:45 - CIS Status: Create
10/10 15:25:46 - CIS Status: Exception = > Falha da impressora => 192.168.88.41
10/10 15:25:47 - PERFIL 7
10/10 15:25:47 - ERRO 50
10/10 15:25:47 - SPOOLER
10/10 15:25:47 - passo 10
10/10 15:25:47 0 - {"sessao":"10102019152535139169753353636090131404MOBILEADM","operacao":"PIT","pedido":"29","usuario":"1","terminal":"3","conf":"1|1","items":[{"i0":"30|1|47454C4F7E|2D2D2D620A47454C4F0A4C4152414E4A410A4C494D414F0A4C494D414F2045535052454D49444F|0"}]}
10/10 15:25:47 2 -  4,109t OK
10/10 15:26:37 - PEDIDOS SOLICITADO {"sessao":"10102019152634136028825353636090131404MOBILEADM","operacao":"PIT","pedido":"26","usuario":"1","terminal":"3","conf":"1|1","items":[{"i0":"4|1"}]}
10/10 15:26:37 - sessao: 10102019152634136028825353636090131404MOBILEADM
10/10 15:26:37 - id: 26
10/10 15:26:37 - usuario: 1
