18/12 23:10:24 - DADOS MYSQL {"operacao":"mysql",
"token":"c001a001",
"id":"TERMIX"}
18/12 23:10:24 - salvando log -> C:\rcsv\App\mobile64\log\logs\LOG_APP_MOBILE_SERVICE_64_21.log
18/12 23:10:24 0 - POST / HTTP/1.1
HOST: 192.168.88.44:4409
content-type: application/json
content-length: 57

{"operacao":"mysql",
"token":"c001a001",
"id":"TERMIX"} t:0,016 => OK
18/12 23:10:25 - DADOS MYSQL {"operacao":"mysql",
"token":"c001a001",
"id":"TERMIX"}
18/12 23:10:25 0 - POST / HTTP/1.1
HOST: 192.168.88.44:4409
content-type: application/json
content-length: 57

{"operacao":"mysql",
"token":"c001a001",
"id":"TERMIX"} t:0,016 => OK
18/12 23:10:25 - DADOS MYSQL {"operacao":"mysql",
"token":"c001a001",
"id":"TERMIX"}
18/12 23:10:25 0 - POST / HTTP/1.1
HOST: 192.168.88.44:4409
content-type: application/json
content-length: 57

{"operacao":"mysql",
"token":"c001a001",
"id":"TERMIX"} => OK
18/12 23:10:25 - DADOS MYSQL {"operacao":"mysql",
"token":"c001a001",
"id":"TERMIX"}
18/12 23:10:25 0 - POST / HTTP/1.1
HOST: 192.168.88.44:4409
content-type: application/json
content-length: 57

{"operacao":"mysql",
"token":"c001a001",
"id":"TERMIX"} => OK
18/12 23:10:25 - DADOS MYSQL {"operacao":"mysql",
"token":"c001a001",
"id":"TERMIX"}
18/12 23:10:25 0 - POST / HTTP/1.1
HOST: 192.168.88.44:4409
content-type: application/json
content-length: 57

{"operacao":"mysql",
"token":"c001a001",
"id":"TERMIX"} t:0,016 => OK
18/12 23:10:25 - DADOS MYSQL {"operacao":"mysql",
"token":"c001a001",
"id":"TERMIX"}
18/12 23:10:25 0 - POST / HTTP/1.1
HOST: 192.168.88.44:4409
content-type: application/json
content-length: 57

{"operacao":"mysql",
"token":"c001a001",
"id":"TERMIX"} => OK
18/12 23:10:25 - DADOS MYSQL {"operacao":"mysql",
"token":"c001a001",
"id":"TERMIX"}
18/12 23:10:25 0 - POST / HTTP/1.1
HOST: 192.168.88.44:4409
content-type: application/json
content-length: 57

{"operacao":"mysql",
"token":"c001a001",
"id":"TERMIX"} => OK
18/12 23:10:26 - DADOS MYSQL {"operacao":"mysql",
"token":"c001a001",
"id":"TERMIX"}
18/12 23:10:26 0 - POST / HTTP/1.1
HOST: 192.168.88.44:4409
content-type: application/json
content-length: 57

{"operacao":"mysql",
"token":"c001a001",
"id":"TERMIX"} => OK
18/12 23:10:26 - DADOS MYSQL {"operacao":"mysql",
"token":"c001a001",
"id":"TERMIX"}
18/12 23:10:26 0 - POST / HTTP/1.1
HOST: 192.168.88.44:4409
content-type: application/json
content-length: 57

{"operacao":"mysql",
"token":"c001a001",
"id":"TERMIX"} t:0,015 => OK
18/12 23:10:26 - DADOS MYSQL {"operacao":"mysql",
"token":"c001a001",
"id":"TERMIX"}
18/12 23:10:26 0 - POST / HTTP/1.1
HOST: 192.168.88.44:4409
content-type: application/json
content-length: 57

{"operacao":"mysql",
"token":"c001a001",
"id":"TERMIX"} => OK
18/12 23:10:26 - DADOS MYSQL {"operacao":"mysql",
"token":"c001a001",
"id":"TERMIX"}
18/12 23:10:26 0 - POST / HTTP/1.1
HOST: 192.168.88.44:4409
content-type: application/json
content-length: 57

{"operacao":"mysql",
"token":"c001a001",
"id":"TERMIX"} => OK
18/12 23:10:26 - DADOS MYSQL {"operacao":"mysql",
"token":"c001a001",
"id":"TERMIX"}
18/12 23:10:26 0 - POST / HTTP/1.1
HOST: 192.168.88.44:4409
content-type: application/json
content-length: 57

{"operacao":"mysql",
"token":"c001a001",
"id":"TERMIX"} t:0,016 => OK
18/12 23:10:27 - DADOS MYSQL {"operacao":"mysql",
"token":"c001a001",
"id":"TERMIX"}
18/12 23:10:27 0 - POST / HTTP/1.1
HOST: 192.168.88.44:4409
content-type: application/json
content-length: 57

{"operacao":"mysql",
"token":"c001a001",
"id":"TERMIX"} => OK
18/12 23:10:27 - DADOS MYSQL {"operacao":"mysql",
"token":"c001a001",
"id":"TERMIX"}
18/12 23:10:27 0 - POST / HTTP/1.1
HOST: 192.168.88.44:4409
content-type: application/json
content-length: 57

{"operacao":"mysql",
"token":"c001a001",
"id":"TERMIX"} => OK
18/12 23:10:27 - DADOS MYSQL {"operacao":"mysql",
"token":"c001a001",
"id":"TERMIX"}
18/12 23:10:27 0 - POST / HTTP/1.1
HOST: 192.168.88.44:4409
content-type: application/json
content-length: 57

{"operacao":"mysql",
"token":"c001a001",
"id":"TERMIX"} t:0,015 => OK
18/12 23:12:44 - ***  SERVIÇO PARADO
18/12 23:12:46 - Iniciando Suporte Mobile 64 bit Versao: 1.15.17/12/2019 20:06
18/12 23:12:46 - Variaveis
18/12 23:12:46 - CurrencyString="R$", CurrencyFormat="#2", NegCurrFormat="#9", ThousandSeparator=".", DecimalSeparator=",", CurrencyDecimals="2", DateSeparator="/", ShortDateFormat="dd/MM/yyyy", LongDateFormat="dddd, d' de 'MMMM' de 'yyyy", TimeSeparator=":", TimeAMString="", TimePMString="", ShortTimeFormat="hh:mm", LongTimeFormat="hh:mm:ss", TwoDigitYearCenturyWindow="50", ListSeparator=";"
18/12 23:12:46 - TCP Servidor
18/12 23:12:46 - TCP Cliente
18/12 23:12:46 - Iniciado na porta => 4409
18/12 23:12:46 - Formato Valores:        -1.254,87 | -1254,87|        1.254,87 | 1254,87
18/12 23:12:46 - Formato Data   : 18/12/2019 23:12:46
18/12 23:12:46 - Flags debug 1 sem log 0
18/12 23:12:46 - h > LOCALHOST p > 3306 d > hbecia u > root
18/12 23:12:46 - Terminal: 1
18/12 23:12:46 - BANCO DE DADOS ONLINE > LOCALHOST:hbecia
18/12 23:12:46 - PRECO => 23 /            23,00/23/23
18/12 23:12:46 - iniciar_identificacao_computador
18/12 23:12:46 - sistema_pegar_perfil
18/12 23:12:46 - empresa_carregar_segmentos
18/12 23:12:46 - rcs_iniciar_variaveis_globais
18/12 23:12:46 - terminal_id
18/12 23:12:46 - mesas_comandas
18/12 23:12:46 - LPRINT
18/12 23:12:46 - Status: Config => 192.168.88.83:9100
18/12 23:12:46 - Status: Config => 192.168.88.83:9100
18/12 23:12:46 - Status: Config => c:9100
18/12 23:12:46 - Status: Config => 192.168.88.83:9100
18/12 23:12:46 - LISTA DE IMPRESSORAS CARREGADA 4
18/12 23:12:46 - carregarImp
18/12 23:12:47 - objetos
18/12 23:12:47 - produtos_gerenciamento_de_estoque
18/12 23:12:47 - # status 100%
18/12 23:12:54 - DADOS MYSQL {"operacao":"mysql",
"token":"c001a001",
"id":"TERMIX"}
18/12 23:12:54 0 - POST / HTTP/1.1
HOST: 192.168.88.44:4409
content-type: application/json
content-length: 57

{"operacao":"mysql",
"token":"c001a001",
"id":"TERMIX"} t:0,015 => OK
18/12 23:12:55 - DADOS MYSQL {"operacao":"mysql",
"token":"c001a001",
"id":"TERMIX"}
18/12 23:12:55 0 - POST / HTTP/1.1
HOST: 192.168.88.44:4409
content-type: application/json
content-length: 57

{"operacao":"mysql",
"token":"c001a001",
"id":"TERMIX"} => OK
18/12 23:12:56 - DADOS MYSQL {"operacao":"mysql",
"token":"c001a001",
"id":"TERMIX"}
18/12 23:12:56 0 - POST / HTTP/1.1
HOST: 192.168.88.44:4409
content-type: application/json
content-length: 57

{"operacao":"mysql",
"token":"c001a001",
"id":"TERMIX"} t:0,015 => OK
18/12 23:13:02 - JSON INVALIDO: {"operacao":"mysql",
"token":"c001a001",
"id":"TERMIX"
18/12 23:13:17 - DADOS MYSQL {"operacao":"mysql",
"token":"c001a001",
"id":"TERMIX"}
18/12 23:13:17 0 - POST / HTTP/1.1
HOST: 192.168.88.44:4409
content-type: application/json
content-length: 57

{"operacao":"mysql",
"token":"c001a001",
"id":"TERMIX"} t:0,016 => OK
18/12 23:22:33 - ***  SERVIÇO PARADO
18/12 23:22:36 - Iniciando Suporte Mobile 64 bit Versao: 1.15.17/12/2019 20:06
18/12 23:22:36 - Variaveis
18/12 23:22:36 - CurrencyString="R$", CurrencyFormat="#2", NegCurrFormat="#9", ThousandSeparator=".", DecimalSeparator=",", CurrencyDecimals="2", DateSeparator="/", ShortDateFormat="dd/MM/yyyy", LongDateFormat="dddd, d' de 'MMMM' de 'yyyy", TimeSeparator=":", TimeAMString="", TimePMString="", ShortTimeFormat="hh:mm", LongTimeFormat="hh:mm:ss", TwoDigitYearCenturyWindow="50", ListSeparator=";"
18/12 23:22:36 - TCP Servidor
18/12 23:22:36 - TCP Cliente
18/12 23:22:36 - Iniciado na porta => 4409
18/12 23:22:36 - Formato Valores:        -1.254,87 | -1254,87|        1.254,87 | 1254,87
18/12 23:22:36 - Formato Data   : 18/12/2019 23:22:36
18/12 23:22:36 - Flags debug 1 sem log 0
18/12 23:22:36 - h > LOCALHOST p > 3306 d > hbecia u > root
18/12 23:22:36 - Terminal: 1
18/12 23:22:36 - BANCO DE DADOS ONLINE > LOCALHOST:hbecia
18/12 23:22:36 - PRECO => 23 /            23,00/23/23
