18/12 20:22:47 - Formato Data   : 18/12/2019 20:22:47
18/12 20:22:47 - salvando log -> C:\rcsv\App\mobile64\log\logs\LOG_APP_MOBILE_SERVICE_64_14.log
18/12 20:22:47 - Flags debug 1 sem log 0
18/12 20:22:48 - h > LOCALHOST p > 3306 d > hbecia u > root
18/12 20:22:54 - ERRO AO CONECTAR NO BANCO DE DADOS: LOCALHOST:hbecia,root
18/12 20:22:54 - Cannot connect to server on host '127.0.0.1':
Nenhuma conexão pôde ser feita porque a máquina de destino as recusou ativamente.
Socket Error Code: 10061($274D)
18/12 20:23:24 - ***  SERVIÇO PARADO
18/12 20:23:26 - Iniciando Suporte Mobile 64 bit Versao: 1.15.17/12/2019 20:06
18/12 20:23:26 - Variaveis
18/12 20:23:26 - CurrencyString="R$", CurrencyFormat="#2", NegCurrFormat="#9", ThousandSeparator=".", DecimalSeparator=",", CurrencyDecimals="2", DateSeparator="/", ShortDateFormat="dd/MM/yyyy", LongDateFormat="dddd, d' de 'MMMM' de 'yyyy", TimeSeparator=":", TimeAMString="", TimePMString="", ShortTimeFormat="hh:mm", LongTimeFormat="hh:mm:ss", TwoDigitYearCenturyWindow="50", ListSeparator=";"
18/12 20:23:26 - TCP Servidor
18/12 20:23:26 - TCP Cliente
18/12 20:23:26 - Iniciado na porta => 4409
18/12 20:23:26 - Formato Valores:        -1.254,87 | -1254,87|        1.254,87 | 1254,87
18/12 20:23:26 - Formato Data   : 18/12/2019 20:23:26
18/12 20:23:26 - Flags debug 1 sem log 0
18/12 20:23:26 - h > LOCALHOST p > 3306 d > hbecia u > root
18/12 20:23:26 - Terminal: 1
18/12 20:23:26 - BANCO DE DADOS ONLINE > LOCALHOST:hbecia
18/12 20:23:26 - PRECO => 23 /            23,00/23/23
18/12 20:23:26 - iniciar_identificacao_computador
18/12 20:23:26 - sistema_pegar_perfil
18/12 20:23:26 - empresa_carregar_segmentos
18/12 20:23:26 - rcs_iniciar_variaveis_globais
18/12 20:23:26 - terminal_id
18/12 20:23:26 - mesas_comandas
18/12 20:23:26 - LPRINT
18/12 20:23:26 - Status: Config => 192.168.88.83:9100
18/12 20:23:26 - Status: Config => 192.168.88.83:9100
18/12 20:23:26 - Status: Config => c:9100
18/12 20:23:26 - Status: Config => 192.168.88.83:9100
18/12 20:23:26 - LISTA DE IMPRESSORAS CARREGADA 4
18/12 20:23:26 - carregarImp
18/12 20:23:26 - objetos
18/12 20:23:26 - produtos_gerenciamento_de_estoque
18/12 20:23:26 - # status 100%
18/12 20:27:39 - ***  SERVIÇO PARADO
18/12 20:27:42 - Iniciando Suporte Mobile 64 bit Versao: 1.15.17/12/2019 20:06
18/12 20:27:42 - Variaveis
18/12 20:27:42 - CurrencyString="R$", CurrencyFormat="#2", NegCurrFormat="#9", ThousandSeparator=".", DecimalSeparator=",", CurrencyDecimals="2", DateSeparator="/", ShortDateFormat="dd/MM/yyyy", LongDateFormat="dddd, d' de 'MMMM' de 'yyyy", TimeSeparator=":", TimeAMString="", TimePMString="", ShortTimeFormat="hh:mm", LongTimeFormat="hh:mm:ss", TwoDigitYearCenturyWindow="50", ListSeparator=";"
18/12 20:27:42 - TCP Servidor
18/12 20:27:42 - TCP Cliente
18/12 20:27:42 - Iniciado na porta => 4409
18/12 20:27:42 - Formato Valores:        -1.254,87 | -1254,87|        1.254,87 | 1254,87
18/12 20:27:42 - Formato Data   : 18/12/2019 20:27:42
18/12 20:27:42 - Flags debug 1 sem log 0
18/12 20:27:42 - h > LOCALHOST p > 3306 d > hbecia u > root
18/12 20:27:42 - Terminal: 1
18/12 20:27:42 - BANCO DE DADOS ONLINE > LOCALHOST:hbecia
18/12 20:27:42 - PRECO => 23 /            23,00/23/23
18/12 20:27:42 - iniciar_identificacao_computador
18/12 20:27:42 - sistema_pegar_perfil
18/12 20:27:42 - empresa_carregar_segmentos
18/12 20:27:42 - rcs_iniciar_variaveis_globais
18/12 20:27:42 - terminal_id
18/12 20:27:42 - mesas_comandas
18/12 20:27:42 - LPRINT
18/12 20:27:42 - Status: Config => 192.168.88.83:9100
18/12 20:27:42 - Status: Config => 192.168.88.83:9100
18/12 20:27:42 - Status: Config => c:9100
18/12 20:27:42 - Status: Config => 192.168.88.83:9100
18/12 20:27:42 - LISTA DE IMPRESSORAS CARREGADA 4
18/12 20:27:42 - carregarImp
18/12 20:27:42 - objetos
18/12 20:27:42 - produtos_gerenciamento_de_estoque
18/12 20:27:42 - # status 100%
18/12 20:34:05 - ***  SERVIÇO PARADO
18/12 20:34:08 - Iniciando Suporte Mobile 64 bit Versao: 1.15.17/12/2019 20:06
18/12 20:34:08 - Variaveis
18/12 20:34:08 - CurrencyString="R$", CurrencyFormat="#2", NegCurrFormat="#9", ThousandSeparator=".", DecimalSeparator=",", CurrencyDecimals="2", DateSeparator="/", ShortDateFormat="dd/MM/yyyy", LongDateFormat="dddd, d' de 'MMMM' de 'yyyy", TimeSeparator=":", TimeAMString="", TimePMString="", ShortTimeFormat="hh:mm", LongTimeFormat="hh:mm:ss", TwoDigitYearCenturyWindow="50", ListSeparator=";"
18/12 20:34:08 - TCP Servidor
18/12 20:34:08 - TCP Cliente
18/12 20:34:08 - Iniciado na porta => 4409
18/12 20:34:08 - Formato Valores:        -1.254,87 | -1254,87|        1.254,87 | 1254,87
18/12 20:34:08 - Formato Data   : 18/12/2019 20:34:08
18/12 20:34:08 - Flags debug 1 sem log 0
18/12 20:34:08 - h > LOCALHOST p > 3306 d > hbecia u > root
18/12 20:34:08 - Terminal: 1
18/12 20:34:08 - BANCO DE DADOS ONLINE > LOCALHOST:hbecia
18/12 20:34:08 - PRECO => 23 /            23,00/23/23
18/12 20:34:08 - iniciar_identificacao_computador
18/12 20:34:08 - sistema_pegar_perfil
18/12 20:34:08 - empresa_carregar_segmentos
18/12 20:34:08 - rcs_iniciar_variaveis_globais
18/12 20:34:08 - terminal_id
18/12 20:34:08 - mesas_comandas
18/12 20:34:08 - LPRINT
18/12 20:34:08 - Status: Config => 192.168.88.83:9100
18/12 20:34:08 - Status: Config => 192.168.88.83:9100
18/12 20:34:08 - Status: Config => c:9100
18/12 20:34:08 - Status: Config => 192.168.88.83:9100
18/12 20:34:08 - LISTA DE IMPRESSORAS CARREGADA 4
18/12 20:34:08 - carregarImp
18/12 20:34:08 - objetos
18/12 20:34:08 - produtos_gerenciamento_de_estoque
18/12 20:34:08 - # status 100%
18/12 21:00:01 - ***  SERVIÇO PARADO
18/12 21:00:04 - Iniciando Suporte Mobile 64 bit Versao: 1.15.17/12/2019 20:06
18/12 21:00:04 - Variaveis
18/12 21:00:04 - CurrencyString="R$", CurrencyFormat="#2", NegCurrFormat="#9", ThousandSeparator=".", DecimalSeparator=",", CurrencyDecimals="2", DateSeparator="/", ShortDateFormat="dd/MM/yyyy", LongDateFormat="dddd, d' de 'MMMM' de 'yyyy", TimeSeparator=":", TimeAMString="", TimePMString="", ShortTimeFormat="hh:mm", LongTimeFormat="hh:mm:ss", TwoDigitYearCenturyWindow="50", ListSeparator=";"
18/12 21:00:04 - TCP Servidor
18/12 21:00:04 - TCP Cliente
18/12 21:00:04 - Iniciado na porta => 4409
18/12 21:00:04 - Formato Valores:        -1.254,87 | -1254,87|        1.254,87 | 1254,87
18/12 21:00:04 - Formato Data   : 18/12/2019 21:00:04
18/12 21:00:04 - Flags debug 1 sem log 0
18/12 21:00:04 - h > LOCALHOST p > 3306 d > hbecia u > root
18/12 21:00:04 - Terminal: 1
18/12 21:00:04 - BANCO DE DADOS ONLINE > LOCALHOST:hbecia
18/12 21:00:04 - PRECO => 23 /            23,00/23/23
18/12 21:00:04 - iniciar_identificacao_computador
18/12 21:00:04 - sistema_pegar_perfil
18/12 21:00:04 - empresa_carregar_segmentos
18/12 21:00:04 - rcs_iniciar_variaveis_globais
18/12 21:00:04 - terminal_id
18/12 21:00:04 - mesas_comandas
18/12 21:00:04 - LPRINT
18/12 21:00:04 - Status: Config => 192.168.88.83:9100
18/12 21:00:04 - Status: Config => 192.168.88.83:9100
18/12 21:00:04 - Status: Config => c:9100
18/12 21:00:04 - Status: Config => 192.168.88.83:9100
18/12 21:00:04 - LISTA DE IMPRESSORAS CARREGADA 4
18/12 21:00:04 - carregarImp
18/12 21:00:04 - objetos
18/12 21:00:04 - produtos_gerenciamento_de_estoque
18/12 21:00:04 - # status 100%
18/12 21:00:11 - STATUS DO SERVIDOR {"operacao":"status",
 "token":"c009a001",
"id":"TERMIX"}
18/12 21:00:11 0 - POST / HTTP/1.1
HOST: 192.168.88.44:4409
content-type: application/json
content-length: 59

{"operacao":"status",
 "token":"c009a001",
"id":"TERMIX"} => OK
18/12 21:04:37 - ***  SERVIÇO PARADO
18/12 21:04:40 - Iniciando Suporte Mobile 64 bit Versao: 1.15.17/12/2019 20:06
18/12 21:04:40 - Variaveis
18/12 21:04:40 - CurrencyString="R$", CurrencyFormat="#2", NegCurrFormat="#9", ThousandSeparator=".", DecimalSeparator=",", CurrencyDecimals="2", DateSeparator="/", ShortDateFormat="dd/MM/yyyy", LongDateFormat="dddd, d' de 'MMMM' de 'yyyy", TimeSeparator=":", TimeAMString="", TimePMString="", ShortTimeFormat="hh:mm", LongTimeFormat="hh:mm:ss", TwoDigitYearCenturyWindow="50", ListSeparator=";"
18/12 21:04:40 - TCP Servidor
18/12 21:04:40 - TCP Cliente
18/12 21:04:40 - Iniciado na porta => 4409
18/12 21:04:40 - Formato Valores:        -1.254,87 | -1254,87|        1.254,87 | 1254,87
18/12 21:04:40 - Formato Data   : 18/12/2019 21:04:40
18/12 21:04:40 - Flags debug 1 sem log 0
18/12 21:04:40 - h > LOCALHOST p > 3306 d > hbecia u > root
18/12 21:04:40 - Terminal: 1
18/12 21:04:40 - BANCO DE DADOS ONLINE > LOCALHOST:hbecia
18/12 21:04:40 - PRECO => 23 /            23,00/23/23
18/12 21:04:40 - iniciar_identificacao_computador
18/12 21:04:40 - sistema_pegar_perfil
18/12 21:04:40 - empresa_carregar_segmentos
18/12 21:04:40 - rcs_iniciar_variaveis_globais
18/12 21:04:40 - terminal_id
18/12 21:04:40 - mesas_comandas
18/12 21:04:40 - LPRINT
18/12 21:04:40 - Status: Config => 192.168.88.83:9100
18/12 21:04:40 - Status: Config => 192.168.88.83:9100
18/12 21:04:40 - Status: Config => c:9100
18/12 21:04:40 - Status: Config => 192.168.88.83:9100
18/12 21:04:40 - LISTA DE IMPRESSORAS CARREGADA 4
18/12 21:04:40 - carregarImp
18/12 21:04:40 - objetos
18/12 21:04:40 - produtos_gerenciamento_de_estoque
18/12 21:04:40 - # status 100%
18/12 21:04:48 - LOGOFF DO USUARIO {"operacao":"logoff",
 "token":"c009a001",
"id":"TERMIX"}
18/12 21:04:48 0 - POST / HTTP/1.1
HOST: 192.168.88.44:4409
content-type: application/json
content-length: 59

{"operacao":"logoff",
 "token":"c009a001",
"id":"TERMIX"} => OK
18/12 21:05:05 - LOGOFF DO USUARIO {"operacao":"logoff",
 "token":"c009a001",
"terminal":"1"}
18/12 21:05:05 0 - POST / HTTP/1.1
HOST: 192.168.88.44:4409
content-type: application/json
content-length: 60

{"operacao":"logoff",
 "token":"c009a001",
"terminal":"1"} => OK
18/12 21:05:27 - LOGOFF DO USUARIO {"operacao":"logoff",
 "token":"c009a001",
"terminal":"1",
"codigo":"5"}
18/12 21:05:27 0 - POST / HTTP/1.1
HOST: 192.168.88.44:4409
content-type: application/json
content-length: 75

{"operacao":"logoff",
 "token":"c009a001",
"terminal":"1",
"codigo":"5"} t:0,016 => OK
18/12 21:08:52 - Espera lista de terminais: 190,36ms (100001)
18/12 21:08:52 - ***  SERVIÇO PARADO
18/12 21:11:12 - Iniciando Suporte Mobile 64 bit Versao: 1.15.17/12/2019 20:06
18/12 21:11:12 - Variaveis
18/12 21:11:12 - CurrencyString="R$", CurrencyFormat="#2", NegCurrFormat="#9", ThousandSeparator=".", DecimalSeparator=",", CurrencyDecimals="2", DateSeparator="/", ShortDateFormat="dd/MM/yyyy", LongDateFormat="dddd, d' de 'MMMM' de 'yyyy", TimeSeparator=":", TimeAMString="", TimePMString="", ShortTimeFormat="hh:mm", LongTimeFormat="hh:mm:ss", TwoDigitYearCenturyWindow="50", ListSeparator=";"
18/12 21:11:12 - TCP Servidor
18/12 21:11:12 - TCP Cliente
18/12 21:11:12 - Iniciado na porta => 4409
18/12 21:11:12 - Formato Valores:        -1.254,87 | -1254,87|        1.254,87 | 1254,87
18/12 21:11:12 - Formato Data   : 18/12/2019 21:11:12
18/12 21:11:12 - Flags debug 1 sem log 0
18/12 21:11:12 - h > LOCALHOST p > 3306 d > hbecia u > root
18/12 21:11:12 - Terminal: 1
18/12 21:11:12 - BANCO DE DADOS ONLINE > LOCALHOST:hbecia
18/12 21:11:12 - PRECO => 23 /            23,00/23/23
18/12 21:11:12 - iniciar_identificacao_computador
18/12 21:11:12 - sistema_pegar_perfil
18/12 21:11:12 - empresa_carregar_segmentos
18/12 21:11:12 - rcs_iniciar_variaveis_globais
18/12 21:11:12 - terminal_id
18/12 21:11:12 - mesas_comandas
18/12 21:11:12 - LPRINT
18/12 21:11:12 - Status: Config => 192.168.88.83:9100
18/12 21:11:12 - Status: Config => 192.168.88.83:9100
18/12 21:11:12 - Status: Config => c:9100
18/12 21:11:12 - Status: Config => 192.168.88.83:9100
18/12 21:11:12 - LISTA DE IMPRESSORAS CARREGADA 4
18/12 21:11:12 - carregarImp
18/12 21:11:12 - objetos
18/12 21:11:12 - produtos_gerenciamento_de_estoque
18/12 21:11:12 - # status 100%
18/12 21:11:18 - ***  SERVIÇO PARADO
18/12 21:11:20 - Iniciando Suporte Mobile 64 bit Versao: 1.15.17/12/2019 20:06
18/12 21:11:20 - Variaveis
18/12 21:11:20 - CurrencyString="R$", CurrencyFormat="#2", NegCurrFormat="#9", ThousandSeparator=".", DecimalSeparator=",", CurrencyDecimals="2", DateSeparator="/", ShortDateFormat="dd/MM/yyyy", LongDateFormat="dddd, d' de 'MMMM' de 'yyyy", TimeSeparator=":", TimeAMString="", TimePMString="", ShortTimeFormat="hh:mm", LongTimeFormat="hh:mm:ss", TwoDigitYearCenturyWindow="50", ListSeparator=";"
18/12 21:11:20 - TCP Servidor
18/12 21:11:20 - TCP Cliente
18/12 21:11:20 - Iniciado na porta => 4409
18/12 21:11:21 - Formato Valores:        -1.254,87 | -1254,87|        1.254,87 | 1254,87
18/12 21:11:21 - Formato Data   : 18/12/2019 21:11:21
18/12 21:11:21 - Flags debug 1 sem log 0
18/12 21:11:21 - h > LOCALHOST p > 3306 d > hbecia u > root
18/12 21:11:21 - Terminal: 1
18/12 21:11:21 - BANCO DE DADOS ONLINE > LOCALHOST:hbecia
18/12 21:11:21 - PRECO => 23 /            23,00/23/23
18/12 21:11:21 - iniciar_identificacao_computador
18/12 21:11:21 - sistema_pegar_perfil
18/12 21:11:21 - empresa_carregar_segmentos
18/12 21:11:21 - rcs_iniciar_variaveis_globais
18/12 21:11:21 - terminal_id
18/12 21:11:21 - mesas_comandas
18/12 21:11:21 - LPRINT
18/12 21:11:21 - Status: Config => 192.168.88.83:9100
