20/12 22:06:40 - tempo: 0,016 => OK
20/12 22:06:40 - salvando log -> C:\rcsv\App\mobile64\log\logs\LOG_APP_MOBILE_SERVICE_64_27.log
20/12 22:07:00 - servico_logoff: {"operacao":"logoff","token":"a010a003","terminal":"15","codigo":"11"}
20/12 22:07:00 - servico_logoff: {"status":"ok","aviso":"USUARIO DESCONECTADO"}
20/12 22:07:00 - tempo: 0,016 => OK
21/12 00:34:53 - servico_status: {"operacao":"status","token":"a010a003","terminal":"15","id":"ota6qje6mum6rjc6rku6njg: "}
21/12 00:34:53 - servico_status: {"status":"ok","terminal":"15","nome":"HAMBURGUERIA E CIA","aviso":"SERVIDOR OPERANDO","app_timeout":5000,"log_timeout":259200}
21/12 00:34:53 - tempo: 0,016 => OK
21/12 00:34:56 - servico_login: {"operacao":"login","token":"a010a003","terminal":"15","usuario":"*D144024FFD","senha":"*8A40A3F180A9"}
21/12 00:34:56 - servico_login: {"status":"ok","codigo":"11","aviso":"Usuario Ativo","comanda":"1;42;100;10000"}
21/12 00:34:56 - tempo: 0,015 => OK
21/12 00:35:01 - servico_logoff: {"operacao":"logoff","token":"a010a003","terminal":"15","codigo":"11"}
21/12 00:35:01 - servico_logoff: {"status":"ok","aviso":"USUARIO DESCONECTADO"}
21/12 00:35:01 - tempo: 0,016 => OK
21/12 00:35:07 - servico_status: {"operacao":"status","token":"a010a003","terminal":"15","id":"ota6qje6mum6rjc6rku6njg: "}
21/12 00:35:07 - servico_status: {"status":"ok","terminal":"15","nome":"HAMBURGUERIA E CIA","aviso":"SERVIDOR OPERANDO","app_timeout":5000,"log_timeout":259200}
21/12 00:35:07 - tempo: 0,031 => OK
21/12 00:35:10 - servico_login: {"operacao":"login","token":"a010a003","terminal":"15","usuario":"*D144024FFD","senha":"*8A40A3F180A9"}
21/12 00:35:10 - servico_login: {"status":"ok","codigo":"11","aviso":"Usuario Ativo","comanda":"1;42;100;10000"}
21/12 00:35:10 - tempo: 0,016 => OK
21/12 00:35:47 - servico_logoff: {"operacao":"logoff","token":"a010a003","terminal":"15","codigo":"11"}
21/12 00:35:47 - servico_logoff: {"status":"ok","aviso":"USUARIO DESCONECTADO"}
21/12 00:35:47 - tempo:  => OK
21/12 00:36:51 - servico_status: {"operacao":"status","token":"a010a003","terminal":"15","id":"ota6qje6mum6rjc6rku6njg: "}
21/12 00:36:51 - servico_status: {"status":"ok","terminal":"15","nome":"HAMBURGUERIA E CIA","aviso":"SERVIDOR OPERANDO","app_timeout":5000,"log_timeout":259200}
21/12 00:36:51 - tempo: 0,031 => OK
21/12 00:36:55 - servico_login: {"operacao":"login","token":"a010a003","terminal":"15","usuario":"*D144024FFD","senha":"*8A40A3F180A9"}
21/12 00:36:55 - servico_login: {"status":"ok","codigo":"11","aviso":"Usuario Ativo","comanda":"1;42;100;10000"}
21/12 00:36:55 - tempo: 0,015 => OK
21/12 00:36:59 - servico_logoff: {"operacao":"logoff","token":"a010a003","terminal":"15","codigo":"11"}
21/12 00:36:59 - servico_logoff: {"status":"ok","aviso":"USUARIO DESCONECTADO"}
21/12 00:36:59 - tempo: 0,015 => OK
21/12 00:41:58 - servico_status: {"operacao":"status","token":"a010a003","terminal":"15","id":"ota6qje6mum6rjc6rku6njg: "}
21/12 00:41:58 - servico_status: {"status":"ok","terminal":"15","nome":"HAMBURGUERIA E CIA","aviso":"SERVIDOR OPERANDO","app_timeout":5000,"log_timeout":259200}
21/12 00:41:58 - tempo: 0,032 => OK
21/12 00:42:02 - servico_login: {"operacao":"login","token":"a010a003","terminal":"15","usuario":"*D144024FFD","senha":"*8A40A3F180A9"}
21/12 00:42:02 - servico_login: {"status":"ok","codigo":"11","aviso":"Usuario Ativo","comanda":"1;42;100;10000"}
21/12 00:42:02 - tempo: 0,016 => OK
21/12 00:42:12 - servico_logoff: {"operacao":"logoff","token":"a010a003","terminal":"15","codigo":"11"}
21/12 00:42:12 - servico_logoff: {"status":"ok","aviso":"USUARIO DESCONECTADO"}
21/12 00:42:12 - tempo: 0,016 => OK
21/12 00:42:29 - servico_status: {"operacao":"status","token":"a010a003","terminal":"15","id":"ota6qje6mum6rjc6rku6njg: "}
21/12 00:42:29 - servico_status: {"status":"ok","terminal":"15","nome":"HAMBURGUERIA E CIA","aviso":"SERVIDOR OPERANDO","app_timeout":5000,"log_timeout":259200}
21/12 00:42:29 - tempo: 0,031 => OK
21/12 00:42:34 - servico_login: {"operacao":"login","token":"a010a003","terminal":"15","usuario":"*D144024FFD","senha":"*8A40A3F180A9"}
21/12 00:42:34 - servico_login: {"status":"ok","codigo":"11","aviso":"Usuario Ativo","comanda":"1;42;100;10000"}
21/12 00:42:34 - tempo: 0,016 => OK
21/12 00:42:39 - servico_logoff: {"operacao":"logoff","token":"a010a003","terminal":"15","codigo":"11"}
21/12 00:42:39 - servico_logoff: {"status":"ok","aviso":"USUARIO DESCONECTADO"}
21/12 00:42:39 - tempo: 0,015 => OK
21/12 00:42:58 - servico_status: {"operacao":"status","token":"a010a003","terminal":"15","id":"ota6qje6mum6rjc6rku6njg: "}
21/12 00:42:58 - servico_status: {"status":"ok","terminal":"15","nome":"HAMBURGUERIA E CIA","aviso":"SERVIDOR OPERANDO","app_timeout":5000,"log_timeout":259200}
21/12 00:42:58 - tempo: 0,016 => OK
21/12 00:43:01 - servico_login: {"operacao":"login","token":"a010a003","terminal":"15","usuario":"*D144024FFD","senha":"*8A40A3F180A9"}
21/12 00:43:01 - servico_login: {"status":"ok","codigo":"11","aviso":"Usuario Ativo","comanda":"1;42;100;10000"}
21/12 00:43:01 - tempo: 0,015 => OK
21/12 00:43:07 - servico_logoff: {"operacao":"logoff","token":"a010a003","terminal":"15","codigo":"11"}
21/12 00:43:07 - servico_logoff: {"status":"ok","aviso":"USUARIO DESCONECTADO"}
21/12 00:43:07 - tempo:  => OK
21/12 00:43:48 - servico_status: {"operacao":"status","token":"a010a003","terminal":"15","id":"ota6qje6mum6rjc6rku6njg: "}
21/12 00:43:48 - servico_status: {"status":"ok","terminal":"15","nome":"HAMBURGUERIA E CIA","aviso":"SERVIDOR OPERANDO","app_timeout":5000,"log_timeout":259200}
21/12 00:43:48 - tempo: 0,031 => OK
21/12 00:43:52 - servico_login: {"operacao":"login","token":"a010a003","terminal":"15","usuario":"*D144024FFD","senha":"*8A40A3F180A9"}
21/12 00:43:52 - servico_login: {"status":"ok","codigo":"11","aviso":"Usuario Ativo","comanda":"1;42;100;10000"}
21/12 00:43:52 - tempo: 0,032 => OK
21/12 00:44:54 - servico_logoff: {"operacao":"logoff","token":"a010a003","terminal":"15","codigo":"11"}
21/12 00:44:54 - servico_logoff: {"status":"ok","aviso":"USUARIO DESCONECTADO"}
21/12 00:44:54 - tempo:  => OK
21/12 00:45:00 - servico_status: {"operacao":"status","token":"a010a003","terminal":"15","id":"ota6qje6mum6rjc6rku6njg: "}
21/12 00:45:00 - servico_status: {"status":"ok","terminal":"15","nome":"HAMBURGUERIA E CIA","aviso":"SERVIDOR OPERANDO","app_timeout":5000,"log_timeout":259200}
21/12 00:45:00 - tempo: 0,031 => OK
21/12 00:45:04 - servico_login: {"operacao":"login","token":"a010a003","terminal":"15","usuario":"*D144024FFD","senha":"*8A40A3F180A9"}
21/12 00:45:04 - servico_login: {"status":"ok","codigo":"11","aviso":"Usuario Ativo","comanda":"1;42;100;10000"}
21/12 00:45:04 - tempo: 0,016 => OK
21/12 00:45:26 - servico_logoff: {"operacao":"logoff","token":"a010a003","terminal":"15","codigo":"11"}
21/12 00:45:26 - servico_logoff: {"status":"ok","aviso":"USUARIO DESCONECTADO"}
21/12 00:45:26 - tempo: 0,015 => OK
21/12 00:53:57 - servico_status: {"operacao":"status","token":"a010a003","terminal":"15","id":"ota6qje6mum6rjc6rku6njg: "}
21/12 00:53:57 - servico_status: {"status":"ok","terminal":"15","nome":"HAMBURGUERIA E CIA","aviso":"SERVIDOR OPERANDO","app_timeout":5000,"log_timeout":259200}
21/12 00:53:57 - tempo: 0,031 => OK
21/12 00:54:02 - servico_login: {"operacao":"login","token":"a010a003","terminal":"15","usuario":"*D144024FFD","senha":"*8A40A3F180A9"}
21/12 00:54:02 - servico_login: {"status":"ok","codigo":"11","aviso":"Usuario Ativo","comanda":"1;42;100;10000"}
21/12 00:54:02 - tempo: 0,016 => OK
21/12 00:54:30 - servico_logoff: {"operacao":"logoff","token":"a010a003","terminal":"15","codigo":"11"}
21/12 00:54:30 - servico_logoff: {"status":"ok","aviso":"USUARIO DESCONECTADO"}
21/12 00:54:30 - tempo: 0,016 => OK
21/12 01:32:37 - servico_status: {"operacao":"status","token":"a010a003","terminal":"15","id":"ota6qje6mum6rjc6rku6njg: "}
21/12 01:32:37 - servico_status: {"status":"ok","terminal":"15","nome":"HAMBURGUERIA E CIA","aviso":"SERVIDOR OPERANDO","app_timeout":5000,"log_timeout":259200}
21/12 01:32:37 - tempo: 0,016 => OK
21/12 01:32:51 - servico_login: {"operacao":"login","token":"a010a003","terminal":"15","usuario":"*D144024FFD","senha":"*8A40A3F180A9"}
21/12 01:32:51 - servico_login: {"status":"ok","codigo":"11","aviso":"Usuario Ativo","comanda":"1;42;100;10000"}
21/12 01:32:51 - tempo: 0,032 => OK
21/12 01:32:57 - servico_logoff: {"operacao":"logoff","token":"a010a003","terminal":"15","codigo":"11"}
21/12 01:32:57 - servico_logoff: {"status":"ok","aviso":"USUARIO DESCONECTADO"}
21/12 01:32:57 - tempo:  => OK
21/12 01:33:04 - servico_status: {"operacao":"status","token":"a010a003","terminal":"15","id":"ota6qje6mum6rjc6rku6njg: "}
21/12 01:33:04 - servico_status: {"status":"ok","terminal":"15","nome":"HAMBURGUERIA E CIA","aviso":"SERVIDOR OPERANDO","app_timeout":5000,"log_timeout":259200}
21/12 01:33:04 - tempo: 0,015 => OK
21/12 01:33:33 - servico_login: {"operacao":"login","token":"a010a003","terminal":"15","usuario":"*D144024FFD","senha":"*8A40A3F180A9"}
21/12 01:33:33 - servico_login: {"status":"ok","codigo":"11","aviso":"Usuario Ativo","comanda":"1;42;100;10000"}
21/12 01:33:33 - tempo: 0,031 => OK
21/12 02:15:50 - servico_logoff: {"operacao":"logoff","token":"a010a003","terminal":"15","codigo":"11"}
21/12 02:15:50 - servico_logoff: {"status":"ok","aviso":"USUARIO DESCONECTADO"}
21/12 02:15:50 - tempo: 0,015 => OK
21/12 02:16:04 - servico_status: {"operacao":"status","token":"a010a003","terminal":"15","id":"ota6qje6mum6rjc6rku6njg: "}
21/12 02:16:04 - servico_status: {"status":"ok","terminal":"15","nome":"HAMBURGUERIA E CIA","aviso":"SERVIDOR OPERANDO","app_timeout":5000,"log_timeout":259200}
21/12 02:16:04 - tempo: 0,016 => OK
21/12 02:16:07 - servico_login: {"operacao":"login","token":"a010a003","terminal":"15","usuario":"*D144024FFD","senha":"*8A40A3F180A9"}
21/12 02:16:07 - servico_login: {"status":"ok","codigo":"11","aviso":"Usuario Ativo","comanda":"1;42;100;10000"}
21/12 02:16:07 - tempo: 0,016 => OK
21/12 02:17:31 - servico_logoff: {"operacao":"logoff","token":"a010a003","terminal":"15","codigo":"11"}
21/12 02:17:31 - servico_logoff: {"status":"ok","aviso":"USUARIO DESCONECTADO"}
21/12 02:17:31 - tempo: 0,015 => OK
21/12 02:17:39 - servico_status: {"operacao":"status","token":"a010a003","terminal":"15","id":"ota6qje6mum6rjc6rku6njg: "}
21/12 02:17:39 - servico_status: {"status":"ok","terminal":"15","nome":"HAMBURGUERIA E CIA","aviso":"SERVIDOR OPERANDO","app_timeout":5000,"log_timeout":259200}
21/12 02:17:39 - tempo: 0,016 => OK
21/12 02:17:42 - servico_login: {"operacao":"login","token":"a010a003","terminal":"15","usuario":"*D144024FFD","senha":"*8A40A3F180A9"}
21/12 02:17:42 - servico_login: {"status":"ok","codigo":"11","aviso":"Usuario Ativo","comanda":"1;42;100;10000"}
21/12 02:17:42 - tempo: 0,031 => OK
21/12 02:27:50 - servico_logoff: {"operacao":"logoff","token":"a010a003","terminal":"15","codigo":"11"}
21/12 02:27:50 - servico_logoff: {"status":"ok","aviso":"USUARIO DESCONECTADO"}
21/12 02:27:50 - tempo: 0,016 => OK
21/12 02:28:01 - servico_status: {"operacao":"status","token":"a010a003","terminal":"15","id":"ota6qje6mum6rjc6rku6njg: "}
21/12 02:28:01 - servico_status: {"status":"ok","terminal":"15","nome":"HAMBURGUERIA E CIA","aviso":"SERVIDOR OPERANDO","app_timeout":5000,"log_timeout":259200}
21/12 02:28:01 - tempo: 0,016 => OK
21/12 02:28:08 - servico_login: {"operacao":"login","token":"a010a003","terminal":"15","usuario":"*D144024FFD","senha":"*8A40A3F180A9"}
21/12 02:28:08 - servico_login: {"status":"ok","codigo":"11","aviso":"Usuario Ativo","comanda":"1;42;100;10000"}
21/12 02:28:08 - tempo: 0,032 => OK
21/12 02:47:54 - servico_logoff: {"operacao":"logoff","token":"a010a003","terminal":"15","codigo":"11"}
21/12 02:47:54 - servico_logoff: {"status":"ok","aviso":"USUARIO DESCONECTADO"}
21/12 02:47:54 - tempo:  => OK
21/12 03:01:10 - servico_status: {"operacao":"status","token":"a010a003","terminal":"15","id":"ota6qje6mum6rjc6rku6njg: "}
21/12 03:01:10 - servico_status: {"status":"ok","terminal":"15","nome":"HAMBURGUERIA E CIA","aviso":"SERVIDOR OPERANDO","app_timeout":5000,"log_timeout":259200}
21/12 03:01:10 - tempo: 0,016 => OK
21/12 03:01:15 - servico_login: {"operacao":"login","token":"a010a003","terminal":"15","usuario":"*D144024FFD","senha":"*8A40A3F180A967769ADD"}
21/12 03:01:15 - servico_login: {"status":"erro","aviso":"USUARIO NAO CADASTRADO"}
21/12 03:01:15 - tempo: 0,016 => OK
21/12 03:01:44 - servico_status: {"operacao":"status","token":"a010a003","terminal":"15","id":"ota6qje6mum6rjc6rku6njg: "}
21/12 03:01:44 - servico_status: {"status":"ok","terminal":"15","nome":"HAMBURGUERIA E CIA","aviso":"SERVIDOR OPERANDO","app_timeout":5000,"log_timeout":259200}
21/12 03:01:44 - tempo: 0,016 => OK
21/12 03:02:13 - servico_login: {"operacao":"login","token":"a010a003","terminal":"15","usuario":"*D144024FFD","senha":"*8A40A3F180A967769ADD"}
21/12 03:02:13 - servico_login: {"status":"erro","aviso":"USUARIO NAO CADASTRADO"}
21/12 03:02:13 - tempo: 0,032 => OK
21/12 03:02:34 - servico_login: {"operacao":"login","token":"a010a003","terminal":"15","usuario":"*D144024FFD","senha":"*8A40A3F180A967769ADD"}
21/12 03:02:34 - servico_login: {"status":"erro","aviso":"USUARIO NAO CADASTRADO"}
21/12 03:02:34 - tempo: 0,016 => OK
21/12 03:03:36 - servico_login: {"operacao":"login","token":"a010a003","terminal":"15","usuario":"*DDA1CE25B4","senha":"*8A40A3F180A967769ADD"}
21/12 03:03:36 - servico_login: {"status":"erro","aviso":"USUARIO NAO CADASTRADO"}
21/12 03:03:36 - tempo: 0,031 => OK
21/12 03:04:00 - servico_login: {"operacao":"login","token":"a010a003","terminal":"15","usuario":"*DDA1CE25B4","senha":"*8A40A3F180A967769ADD"}
21/12 03:04:00 - servico_login: {"status":"erro","aviso":"USUARIO NAO CADASTRADO"}
21/12 03:04:00 - tempo: 0,015 => OK
21/12 03:12:06 - servico_status: {"operacao":"status","token":"a010a003","terminal":"15","id":"ota6qje6mum6rjc6rku6njg: "}
21/12 03:12:06 - servico_status: {"status":"ok","terminal":"15","nome":"HAMBURGUERIA E CIA","aviso":"SERVIDOR OPERANDO","app_timeout":5000,"log_timeout":259200}
21/12 03:12:06 - tempo: 0,016 => OK
21/12 03:12:33 - servico_login: {"operacao":"login","token":"a010a003","terminal":"15","usuario":"*DDA1CE25B4","senha":"*8A40A3F180A967769ADD"}
21/12 03:12:33 - servico_login: {"status":"erro","aviso":"USUARIO NAO CADASTRADO"}
21/12 03:12:33 - tempo: 0,031 => OK
23/12 11:05:21 - servico_status: {"operacao":"status","token":"a010a003","terminal":"15","id":"ota6qje6mum6rjc6rku6njg: "}
23/12 11:05:21 - servico_status: {"status":"ok","terminal":"15","nome":"HAMBURGUERIA E CIA","aviso":"SERVIDOR OPERANDO","app_timeout":5000,"log_timeout":259200}
23/12 11:05:21 - tempo: 0,046 => OK
23/12 11:05:33 - ***  SERVIÇO PARADO
23/12 11:05:36 - Iniciando Suporte Mobile 64 bit Versao: 1.15.17/12/2019 20:06
23/12 11:05:36 - Variaveis
23/12 11:05:36 - CurrencyString="R$", CurrencyFormat="#2", NegCurrFormat="#9", ThousandSeparator=".", DecimalSeparator=",", CurrencyDecimals="2", DateSeparator="/", ShortDateFormat="dd/MM/yyyy", LongDateFormat="dddd, d' de 'MMMM' de 'yyyy", TimeSeparator=":", TimeAMString="", TimePMString="", ShortTimeFormat="hh:mm", LongTimeFormat="hh:mm:ss", TwoDigitYearCenturyWindow="50", ListSeparator=";"
23/12 11:05:36 - TCP Servidor
23/12 11:05:36 - TCP Cliente
23/12 11:05:36 - Iniciado na porta => 4409
23/12 11:05:36 - Formato Valores:        -1.254,87 | -1254,87|        1.254,87 | 1254,87
23/12 11:05:36 - Formato Data   : 23/12/2019 11:05:36
23/12 11:05:36 - Flags debug 1 sem log 0
23/12 11:05:36 - h > LOCALHOST p > 3306 d > hbecia u > root
23/12 11:05:36 - Terminal: 1
23/12 11:05:36 - BANCO DE DADOS ONLINE > LOCALHOST:hbecia
23/12 11:05:36 - PRECO => 23 /            23,00/23/23
23/12 11:05:36 - iniciar_identificacao_computador
23/12 11:05:36 - sistema_pegar_perfil
23/12 11:05:36 - empresa_carregar_segmentos
23/12 11:05:36 - rcs_iniciar_variaveis_globais
23/12 11:05:36 - terminal_id
23/12 11:05:36 - mesas_comandas
23/12 11:05:36 - LPRINT
23/12 11:05:36 - Status: Config => 192.168.88.83:9100
23/12 11:05:36 - Status: Config => 192.168.88.83:9100
23/12 11:05:36 - Status: Config => c:9100
23/12 11:05:36 - Status: Config => 192.168.88.83:9100
23/12 11:05:36 - LISTA DE IMPRESSORAS CARREGADA 4
23/12 11:05:36 - carregarImp
23/12 11:05:36 - objetos
23/12 11:05:36 - produtos_gerenciamento_de_estoque
23/12 11:05:36 - # status 100%
23/12 11:08:14 - ***  SERVIÇO PARADO
23/12 11:08:17 - Iniciando Suporte Mobile 64 bit Versao: 1.15.17/12/2019 20:06
23/12 11:08:17 - Variaveis
23/12 11:08:17 - CurrencyString="R$", CurrencyFormat="#2", NegCurrFormat="#9", ThousandSeparator=".", DecimalSeparator=",", CurrencyDecimals="2", DateSeparator="/", ShortDateFormat="dd/MM/yyyy", LongDateFormat="dddd, d' de 'MMMM' de 'yyyy", TimeSeparator=":", TimeAMString="", TimePMString="", ShortTimeFormat="hh:mm", LongTimeFormat="hh:mm:ss", TwoDigitYearCenturyWindow="50", ListSeparator=";"
23/12 11:08:17 - TCP Servidor
23/12 11:08:17 - TCP Cliente
23/12 11:08:17 - Iniciado na porta => 4409
23/12 11:08:17 - Formato Valores:        -1.254,87 | -1254,87|        1.254,87 | 1254,87
23/12 11:08:17 - Formato Data   : 23/12/2019 11:08:17
23/12 11:08:17 - Flags debug 1 sem log 0
23/12 11:08:17 - h > LOCALHOST p > 3306 d > hbecia u > root
23/12 11:08:17 - Terminal: 1
23/12 11:08:17 - BANCO DE DADOS ONLINE > LOCALHOST:hbecia
23/12 11:08:17 - PRECO => 23 /            23,00/23/23
23/12 11:08:17 - iniciar_identificacao_computador
23/12 11:08:17 - sistema_pegar_perfil
23/12 11:08:17 - empresa_carregar_segmentos
23/12 11:08:17 - rcs_iniciar_variaveis_globais
23/12 11:08:17 - terminal_id
23/12 11:08:17 - mesas_comandas
23/12 11:08:17 - LPRINT
23/12 11:08:17 - Status: Config => 192.168.88.83:9100
23/12 11:08:17 - Status: Config => 192.168.88.83:9100
23/12 11:08:17 - Status: Config => c:9100
23/12 11:08:17 - Status: Config => 192.168.88.83:9100
23/12 11:08:17 - LISTA DE IMPRESSORAS CARREGADA 4
23/12 11:08:17 - carregarImp
23/12 11:08:17 - objetos
23/12 11:08:17 - produtos_gerenciamento_de_estoque
23/12 11:08:17 - # status 100%
23/12 11:13:12 - servico_status: {"operacao":"status","token":"a010a003","terminal":"15","id":"ota6qje6mum6rjc6rku6njg: "}
23/12 11:13:12 - servico_status: {"status":"ok","terminal":"15","nome":"HAMBURGUERIA E CIA","aviso":"SERVIDOR OPERANDO","timeout":5000}
23/12 11:13:12 - tempo: 0,016 => OK
23/12 11:14:27 - servico_status: {"operacao":"status","token":"a010a003","terminal":"15","id":"ota6qje6mum6rjc6rku6njg: "}
23/12 11:14:27 - servico_status: {"status":"ok","terminal":"15","nome":"HAMBURGUERIA E CIA","aviso":"SERVIDOR OPERANDO","timeout":5000}
23/12 11:14:27 - tempo: 0,016 => OK
23/12 11:14:50 - servico_status: {"operacao":"status","token":"a010a003","terminal":"15","id":"ota6qje6mum6rjc6rku6njg: "}
23/12 11:14:50 - servico_status: {"status":"ok","terminal":"15","nome":"HAMBURGUERIA E CIA","aviso":"SERVIDOR OPERANDO","timeout":5000}
23/12 11:14:50 - tempo: 0,015 => OK
23/12 11:14:55 - servico_login: {"operacao":"login","token":"a010a003","terminal":"15","usuario":"*DDA1CE25B4","senha":"*8A40A3F180A967769ADD"}
23/12 11:14:55 - servico_login: {"status":"erro","aviso":"USUARIO NAO CADASTRADO"}
23/12 11:14:55 - tempo: 0,031 => OK
23/12 11:15:36 - servico_status: {"operacao":"status","token":"a010a003","terminal":"15","id":"ota6qje6mum6rjc6rku6njg: "}
23/12 11:15:36 - servico_status: {"status":"ok","terminal":"15","nome":"HAMBURGUERIA E CIA","aviso":"SERVIDOR OPERANDO","timeout":5000}
23/12 11:15:36 - tempo: 0,015 => OK
23/12 11:16:53 - servico_status: {"operacao":"status","token":"a010a003","terminal":"15","id":"ota6qje6mum6rjc6rku6njg: "}
23/12 11:16:53 - servico_status: {"status":"ok","terminal":"15","nome":"HAMBURGUERIA E CIA","aviso":"SERVIDOR OPERANDO","timeout":5000}
23/12 11:16:53 - tempo: 0,016 => OK
23/12 11:16:56 - servico_login: {"operacao":"login","token":"a010a003","terminal":"15","usuario":"*DDA1CE25B4","senha":"*8A40A3F180A967769ADD"}
23/12 11:16:56 - servico_login: {"status":"erro","aviso":"USUARIO NAO CADASTRADO"}
23/12 11:16:56 - tempo: 0,015 => OK
23/12 11:17:03 - servico_login: {"operacao":"login","token":"a010a003","terminal":"15","usuario":"*DDA1CE25B4","senha":"*8A40A3F180A967769ADD"}
23/12 11:17:03 - servico_login: {"status":"erro","aviso":"USUARIO NAO CADASTRADO"}
23/12 11:17:03 - tempo: 0,016 => OK
23/12 11:17:09 - servico_login: {"operacao":"login","token":"a010a003","terminal":"15","usuario":"*DDA1CE25B4","senha":"*8A40A3F180A967769ADD"}
23/12 11:17:09 - servico_login: {"status":"erro","aviso":"USUARIO NAO CADASTRADO"}
23/12 11:17:09 - tempo: 0,015 => OK
23/12 13:52:00 - ***  SERVIÇO PARADO
23/12 13:52:03 - Iniciando Suporte Mobile 64 bit Versao: 1.15.17/12/2019 20:06
23/12 13:52:03 - Variaveis
23/12 13:52:03 - CurrencyString="R$", CurrencyFormat="#2", NegCurrFormat="#9", ThousandSeparator=".", DecimalSeparator=",", CurrencyDecimals="2", DateSeparator="/", ShortDateFormat="dd/MM/yyyy", LongDateFormat="dddd, d' de 'MMMM' de 'yyyy", TimeSeparator=":", TimeAMString="", TimePMString="", ShortTimeFormat="hh:mm", LongTimeFormat="hh:mm:ss", TwoDigitYearCenturyWindow="50", ListSeparator=";"
23/12 13:52:03 - TCP Servidor
23/12 13:52:03 - TCP Cliente
23/12 13:52:03 - Iniciado na porta => 4409
23/12 13:52:03 - Formato Valores:        -1.254,87 | -1254,87|        1.254,87 | 1254,87
23/12 13:52:03 - Formato Data   : 23/12/2019 13:52:03
