18/12 23:36:14 0 - POST / HTTP/1.1
HOST: 192.168.88.44:4409
content-type: application/json
content-length: 98

{"operacao":"login",
"terminal":"1",
 "token":"c001a001",
"usuario":"JULIA",
"senha":"123456"} => OK
18/12 23:36:14 - salvando log -> C:\rcsv\App\mobile64\log\logs\LOG_APP_MOBILE_SERVICE_64_24.log
18/12 23:36:14 - LOGIN DO USUARIO {"operacao":"login",
"terminal":"1",
 "token":"c001a001",
"usuario":"JULIA",
"senha":"123456"}
18/12 23:36:14 0 - POST / HTTP/1.1
HOST: 192.168.88.44:4409
content-type: application/json
content-length: 98

{"operacao":"login",
"terminal":"1",
 "token":"c001a001",
"usuario":"JULIA",
"senha":"123456"} t:0,015 => OK
18/12 23:36:27 - LOGIN DO USUARIO {"operacao":"login",
"terminal":"1",
 "token":"c001a001",
"usuario":"JULIA",
"senha":"123456"}
18/12 23:36:27 0 - POST / HTTP/1.1
HOST: 192.168.88.44:4409
content-type: application/json
content-length: 98

{"operacao":"login",
"terminal":"1",
 "token":"c001a001",
"usuario":"JULIA",
"senha":"123456"} => OK
18/12 23:36:27 - LOGIN DO USUARIO {"operacao":"login",
"terminal":"1",
 "token":"c001a001",
"usuario":"JULIA",
"senha":"123456"}
18/12 23:36:27 0 - POST / HTTP/1.1
HOST: 192.168.88.44:4409
content-type: application/json
content-length: 98

{"operacao":"login",
"terminal":"1",
 "token":"c001a001",
"usuario":"JULIA",
"senha":"123456"} t:0,016 => OK
18/12 23:36:27 - LOGIN DO USUARIO {"operacao":"login",
"terminal":"1",
 "token":"c001a001",
"usuario":"JULIA",
"senha":"123456"}
18/12 23:36:27 0 - POST / HTTP/1.1
HOST: 192.168.88.44:4409
content-type: application/json
content-length: 98

{"operacao":"login",
"terminal":"1",
 "token":"c001a001",
"usuario":"JULIA",
"senha":"123456"} t:0,016 => OK
18/12 23:36:27 - LOGIN DO USUARIO {"operacao":"login",
"terminal":"1",
 "token":"c001a001",
"usuario":"JULIA",
"senha":"123456"}
18/12 23:36:28 0 - POST / HTTP/1.1
HOST: 192.168.88.44:4409
content-type: application/json
content-length: 98

{"operacao":"login",
"terminal":"1",
 "token":"c001a001",
"usuario":"JULIA",
"senha":"123456"} t:0,015 => OK
18/12 23:41:57 - ***  SERVIÇO PARADO
18/12 23:42:00 - Iniciando Suporte Mobile 64 bit Versao: 1.15.17/12/2019 20:06
18/12 23:42:00 - Variaveis
18/12 23:42:00 - CurrencyString="R$", CurrencyFormat="#2", NegCurrFormat="#9", ThousandSeparator=".", DecimalSeparator=",", CurrencyDecimals="2", DateSeparator="/", ShortDateFormat="dd/MM/yyyy", LongDateFormat="dddd, d' de 'MMMM' de 'yyyy", TimeSeparator=":", TimeAMString="", TimePMString="", ShortTimeFormat="hh:mm", LongTimeFormat="hh:mm:ss", TwoDigitYearCenturyWindow="50", ListSeparator=";"
18/12 23:42:00 - TCP Servidor
18/12 23:42:00 - TCP Cliente
18/12 23:42:00 - Iniciado na porta => 4409
18/12 23:42:00 - Formato Valores:        -1.254,87 | -1254,87|        1.254,87 | 1254,87
18/12 23:42:00 - Formato Data   : 18/12/2019 23:42:00
18/12 23:42:00 - Flags debug 1 sem log 0
18/12 23:42:00 - h > LOCALHOST p > 3306 d > hbecia u > root
18/12 23:42:00 - Terminal: 1
18/12 23:42:00 - BANCO DE DADOS ONLINE > LOCALHOST:hbecia
18/12 23:42:00 - PRECO => 23 /            23,00/23/23
18/12 23:42:00 - iniciar_identificacao_computador
18/12 23:42:00 - sistema_pegar_perfil
18/12 23:42:00 - empresa_carregar_segmentos
18/12 23:42:00 - rcs_iniciar_variaveis_globais
18/12 23:42:00 - terminal_id
18/12 23:42:00 - mesas_comandas
18/12 23:42:00 - LPRINT
18/12 23:42:00 - Status: Config => 192.168.88.83:9100
18/12 23:42:00 - Status: Config => 192.168.88.83:9100
18/12 23:42:00 - Status: Config => c:9100
18/12 23:42:00 - Status: Config => 192.168.88.83:9100
18/12 23:42:00 - LISTA DE IMPRESSORAS CARREGADA 4
18/12 23:42:00 - carregarImp
18/12 23:42:00 - objetos
18/12 23:42:00 - produtos_gerenciamento_de_estoque
18/12 23:42:00 - # status 100%
19/12 15:19:43 - ***  SERVIÇO PARADO
19/12 15:19:45 - Iniciando Suporte Mobile 64 bit Versao: 1.15.17/12/2019 20:06
19/12 15:19:45 - Variaveis
19/12 15:19:45 - CurrencyString="R$", CurrencyFormat="#2", NegCurrFormat="#9", ThousandSeparator=".", DecimalSeparator=",", CurrencyDecimals="2", DateSeparator="/", ShortDateFormat="dd/MM/yyyy", LongDateFormat="dddd, d' de 'MMMM' de 'yyyy", TimeSeparator=":", TimeAMString="", TimePMString="", ShortTimeFormat="hh:mm", LongTimeFormat="hh:mm:ss", TwoDigitYearCenturyWindow="50", ListSeparator=";"
19/12 15:19:45 - TCP Servidor
19/12 15:19:45 - TCP Cliente
19/12 15:19:45 - Iniciado na porta => 4409
19/12 15:19:45 - Formato Valores:        -1.254,87 | -1254,87|        1.254,87 | 1254,87
19/12 15:19:45 - Formato Data   : 19/12/2019 15:19:45
19/12 15:19:45 - Flags debug 1 sem log 0
19/12 15:19:45 - h > LOCALHOST p > 3306 d > hbecia u > root
19/12 15:19:45 - Terminal: 1
19/12 15:19:45 - BANCO DE DADOS ONLINE > LOCALHOST:hbecia
19/12 15:19:45 - PRECO => 23 /            23,00/23/23
19/12 15:19:45 - iniciar_identificacao_computador
19/12 15:19:46 - sistema_pegar_perfil
19/12 15:19:46 - empresa_carregar_segmentos
19/12 15:19:46 - rcs_iniciar_variaveis_globais
19/12 15:19:46 - terminal_id
19/12 15:19:46 - mesas_comandas
19/12 15:19:46 - LPRINT
19/12 15:19:46 - Status: Config => 192.168.88.83:9100
19/12 15:19:46 - Status: Config => 192.168.88.83:9100
19/12 15:19:46 - Status: Config => c:9100
19/12 15:19:46 - Status: Config => 192.168.88.83:9100
19/12 15:19:46 - LISTA DE IMPRESSORAS CARREGADA 4
19/12 15:19:46 - carregarImp
19/12 15:19:46 - objetos
19/12 15:19:46 - produtos_gerenciamento_de_estoque
19/12 15:19:46 - # status 100%
19/12 16:01:16 - ***  SERVIÇO PARADO
19/12 16:01:19 - Iniciando Suporte Mobile 64 bit Versao: 1.15.17/12/2019 20:06
19/12 16:01:19 - Variaveis
19/12 16:01:19 - CurrencyString="R$", CurrencyFormat="#2", NegCurrFormat="#9", ThousandSeparator=".", DecimalSeparator=",", CurrencyDecimals="2", DateSeparator="/", ShortDateFormat="dd/MM/yyyy", LongDateFormat="dddd, d' de 'MMMM' de 'yyyy", TimeSeparator=":", TimeAMString="", TimePMString="", ShortTimeFormat="hh:mm", LongTimeFormat="hh:mm:ss", TwoDigitYearCenturyWindow="50", ListSeparator=";"
19/12 16:01:19 - TCP Servidor
19/12 16:01:19 - TCP Cliente
19/12 16:01:19 - Iniciado na porta => 4409
19/12 16:01:19 - Formato Valores:        -1.254,87 | -1254,87|        1.254,87 | 1254,87
19/12 16:01:19 - Formato Data   : 19/12/2019 16:01:19
19/12 16:01:19 - Flags debug 1 sem log 0
19/12 16:01:19 - h > LOCALHOST p > 3306 d > hbecia u > root
19/12 16:01:19 - Terminal: 1
19/12 16:01:19 - BANCO DE DADOS ONLINE > LOCALHOST:hbecia
19/12 16:01:19 - PRECO => 23 /            23,00/23/23
19/12 16:01:19 - iniciar_identificacao_computador
19/12 16:01:19 - sistema_pegar_perfil
19/12 16:01:19 - empresa_carregar_segmentos
19/12 16:01:19 - rcs_iniciar_variaveis_globais
19/12 16:01:19 - terminal_id
19/12 16:01:19 - mesas_comandas
19/12 16:01:19 - LPRINT
19/12 16:01:19 - Status: Config => 192.168.88.83:9100
19/12 16:01:19 - Status: Config => 192.168.88.83:9100
19/12 16:01:19 - Status: Config => c:9100
19/12 16:01:19 - Status: Config => 192.168.88.83:9100
19/12 16:01:19 - LISTA DE IMPRESSORAS CARREGADA 4
19/12 16:01:19 - carregarImp
19/12 16:01:19 - objetos
19/12 16:01:19 - produtos_gerenciamento_de_estoque
19/12 16:01:19 - # status 100%
19/12 16:19:28 - ***  SERVIÇO PARADO
19/12 16:19:30 - Iniciando Suporte Mobile 64 bit Versao: 1.15.17/12/2019 20:06
19/12 16:19:30 - Variaveis
19/12 16:19:30 - CurrencyString="R$", CurrencyFormat="#2", NegCurrFormat="#9", ThousandSeparator=".", DecimalSeparator=",", CurrencyDecimals="2", DateSeparator="/", ShortDateFormat="dd/MM/yyyy", LongDateFormat="dddd, d' de 'MMMM' de 'yyyy", TimeSeparator=":", TimeAMString="", TimePMString="", ShortTimeFormat="hh:mm", LongTimeFormat="hh:mm:ss", TwoDigitYearCenturyWindow="50", ListSeparator=";"
19/12 16:19:30 - TCP Servidor
19/12 16:19:30 - TCP Cliente
19/12 16:19:30 - Iniciado na porta => 4409
19/12 16:19:30 - Formato Valores:        -1.254,87 | -1254,87|        1.254,87 | 1254,87
19/12 16:19:30 - Formato Data   : 19/12/2019 16:19:30
19/12 16:19:30 - Flags debug 1 sem log 0
19/12 16:19:30 - h > LOCALHOST p > 3306 d > hbecia u > root
19/12 16:19:30 - Terminal: 1
19/12 16:19:30 - BANCO DE DADOS ONLINE > LOCALHOST:hbecia
19/12 16:19:30 - PRECO => 23 /            23,00/23/23
19/12 16:19:30 - iniciar_identificacao_computador
19/12 16:19:30 - sistema_pegar_perfil
19/12 16:19:30 - empresa_carregar_segmentos
19/12 16:19:30 - rcs_iniciar_variaveis_globais
19/12 16:19:30 - terminal_id
19/12 16:19:30 - mesas_comandas
19/12 16:19:30 - LPRINT
19/12 16:19:30 - Status: Config => 192.168.88.83:9100
19/12 16:19:30 - Status: Config => 192.168.88.83:9100
19/12 16:19:30 - Status: Config => c:9100
19/12 16:19:30 - Status: Config => 192.168.88.83:9100
19/12 16:19:30 - LISTA DE IMPRESSORAS CARREGADA 4
19/12 16:19:30 - carregarImp
19/12 16:19:31 - objetos
19/12 16:19:31 - produtos_gerenciamento_de_estoque
19/12 16:19:31 - # status 100%
19/12 16:19:50 - STATUS DO SERVIDOR {"operacao":"status",
"token":"c001a001",
"id":"TERMIX"}
19/12 16:19:50 0 - POST / HTTP/1.1
HOST: 192.168.88.44:4409
content-type: application/json
content-length: 58

{"operacao":"status",
"token":"c001a001",
"id":"TERMIX"} t:0,032 => OK
19/12 16:55:20 - ***  SERVIÇO PARADO
19/12 16:55:23 - Iniciando Suporte Mobile 64 bit Versao: 1.15.17/12/2019 20:06
19/12 16:55:23 - Variaveis
19/12 16:55:23 - CurrencyString="R$", CurrencyFormat="#2", NegCurrFormat="#9", ThousandSeparator=".", DecimalSeparator=",", CurrencyDecimals="2", DateSeparator="/", ShortDateFormat="dd/MM/yyyy", LongDateFormat="dddd, d' de 'MMMM' de 'yyyy", TimeSeparator=":", TimeAMString="", TimePMString="", ShortTimeFormat="hh:mm", LongTimeFormat="hh:mm:ss", TwoDigitYearCenturyWindow="50", ListSeparator=";"
19/12 16:55:23 - TCP Servidor
19/12 16:55:23 - TCP Cliente
19/12 16:55:23 - Iniciado na porta => 4409
19/12 16:55:23 - Formato Valores:        -1.254,87 | -1254,87|        1.254,87 | 1254,87
19/12 16:55:23 - Formato Data   : 19/12/2019 16:55:23
19/12 16:55:23 - Flags debug 1 sem log 0
19/12 16:55:23 - h > LOCALHOST p > 3306 d > hbecia u > root
19/12 16:55:23 - Terminal: 1
19/12 16:55:23 - BANCO DE DADOS ONLINE > LOCALHOST:hbecia
19/12 16:55:23 - PRECO => 23 /            23,00/23/23
19/12 16:55:23 - iniciar_identificacao_computador
19/12 16:55:23 - sistema_pegar_perfil
19/12 16:55:23 - empresa_carregar_segmentos
19/12 16:55:23 - rcs_iniciar_variaveis_globais
19/12 16:55:23 - terminal_id
19/12 16:55:23 - mesas_comandas
19/12 16:55:23 - LPRINT
19/12 16:55:23 - Status: Config => 192.168.88.83:9100
19/12 16:55:23 - Status: Config => 192.168.88.83:9100
19/12 16:55:23 - Status: Config => c:9100
19/12 16:55:23 - Status: Config => 192.168.88.83:9100
19/12 16:55:23 - LISTA DE IMPRESSORAS CARREGADA 4
19/12 16:55:23 - carregarImp
19/12 16:55:23 - objetos
19/12 16:55:23 - produtos_gerenciamento_de_estoque
19/12 16:55:23 - # status 100%
19/12 16:56:50 - LOGIN DO USUARIO {"operacao":"login",
"terminal":"1",
 "token":"c001a001",
"usuario":"JULIA",
"senha":"123456"}
19/12 16:56:50 - servico_login: {"status":"erro","aviso":"LOGIN - SOLICITE ANTES O STATUS"}
19/12 16:56:50 0 - ERRO => POST / HTTP/1.1
HOST: 192.168.88.44:4409
content-type: application/json
content-length: 98

{"operacao":"login",
"terminal":"1",
 "token":"c001a001",
"usuario":"JULIA",
"senha":"123456"} t:0,016 => LOGIN - SOLICITE ANTES O STATUS -> 301
