12/11 21:18:39 - Iniciado na porta => 4406
12/11 21:18:39 - salvando log -> C:\rcsv\App\mobile64\log\logs\LOG_APP_MOBILE_SERVICE_64_2.log
12/11 21:18:39 - Formato Valores:        -1.254,87 | -1254,87|        1.254,87 | 1254,87
12/11 21:18:39 - Formato Data   : 12/11/2019 21:18:39
12/11 21:18:39 - Flags debug 1 sem log 0
12/11 21:18:39 - h > 192.168.88.37 p > 3306 d > hbecia u > root
12/11 21:18:39 - ERRO AO CONECTAR NO BANCO DE DADOS: 192.168.88.37:hbecia,root
12/11 21:18:39 - Cannot connect to server on host '192.168.88.37':
Uma operação de soquete foi tentada em uma rede inacessível.
Socket Error Code: 10051($2743)
12/11 21:20:09 - Iniciando Suporte Mobile 64bit Versao: 1.13
12/11 21:20:09 - Variaveis
12/11 21:20:09 - CurrencyString="R$", CurrencyFormat="#2", NegCurrFormat="#9", ThousandSeparator=".", DecimalSeparator=",", CurrencyDecimals="2", DateSeparator="/", ShortDateFormat="dd/MM/yyyy", LongDateFormat="dddd, d' de 'MMMM' de 'yyyy", TimeSeparator=":", TimeAMString="", TimePMString="", ShortTimeFormat="hh:mm", LongTimeFormat="hh:mm:ss", TwoDigitYearCenturyWindow="50", ListSeparator=";"
12/11 21:20:09 - TCP Servidor
12/11 21:20:09 - TCP Cliente
12/11 21:20:09 - Iniciado na porta => 4406
12/11 21:20:09 - Formato Valores:        -1.254,87 | -1254,87|        1.254,87 | 1254,87
12/11 21:20:09 - Formato Data   : 12/11/2019 21:20:09
12/11 21:20:09 - Flags debug 1 sem log 0
12/11 21:20:09 - h > 192.168.88.37 p > 3306 d > hbecia u > root
12/11 21:20:09 - ERRO AO CONECTAR NO BANCO DE DADOS: 192.168.88.37:hbecia,root
12/11 21:20:09 - Cannot connect to server on host '192.168.88.37':
Uma operação de soquete foi tentada em uma rede inacessível.
Socket Error Code: 10051($2743)
13/11 17:41:44 - Iniciando Suporte Mobile 64bit Versao: 1.13
13/11 17:41:44 - Variaveis
13/11 17:41:44 - CurrencyString="R$", CurrencyFormat="#2", NegCurrFormat="#9", ThousandSeparator=".", DecimalSeparator=",", CurrencyDecimals="2", DateSeparator="/", ShortDateFormat="dd/MM/yyyy", LongDateFormat="dddd, d' de 'MMMM' de 'yyyy", TimeSeparator=":", TimeAMString="", TimePMString="", ShortTimeFormat="hh:mm", LongTimeFormat="hh:mm:ss", TwoDigitYearCenturyWindow="50", ListSeparator=";"
13/11 17:41:44 - TCP Servidor
13/11 17:41:44 - TCP Cliente
13/11 17:41:44 - Iniciado na porta => 4406
13/11 17:41:44 - Formato Valores:        -1.254,87 | -1254,87|        1.254,87 | 1254,87
13/11 17:41:44 - Formato Data   : 13/11/2019 17:41:44
13/11 17:41:44 - Flags debug 1 sem log 0
13/11 17:41:44 - h > 192.168.88.37 p > 3306 d > hbecia u > root
13/11 17:41:44 - ERRO AO CONECTAR NO BANCO DE DADOS: 192.168.88.37:hbecia,root
13/11 17:41:44 - Cannot connect to server on host '192.168.88.37':
Uma operação de soquete foi tentada em uma rede inacessível.
Socket Error Code: 10051($2743)
14/11 19:29:23 - ***  SERVIÇO PARADO
18/11 17:29:07 - Iniciando Suporte Mobile 64bit Versao: 1.13
18/11 17:29:07 - Variaveis
18/11 17:29:07 - CurrencyString="R$", CurrencyFormat="#2", NegCurrFormat="#9", ThousandSeparator=".", DecimalSeparator=",", CurrencyDecimals="2", DateSeparator="/", ShortDateFormat="dd/MM/yyyy", LongDateFormat="dddd, d' de 'MMMM' de 'yyyy", TimeSeparator=":", TimeAMString="", TimePMString="", ShortTimeFormat="hh:mm", LongTimeFormat="hh:mm:ss", TwoDigitYearCenturyWindow="50", ListSeparator=";"
18/11 17:29:07 - TCP Servidor
18/11 17:29:07 - TCP Cliente
18/11 17:29:07 - Iniciado na porta => 4406
18/11 17:29:07 - Formato Valores:        -1.254,87 | -1254,87|        1.254,87 | 1254,87
18/11 17:29:07 - Formato Data   : 18/11/2019 17:29:07
18/11 17:29:07 - Flags debug 1 sem log 0
18/11 17:29:07 - h > 192.168.88.37 p > 3306 d > hbecia u > root
18/11 17:29:07 - ERRO AO CONECTAR NO BANCO DE DADOS: 192.168.88.37:hbecia,root
18/11 17:29:07 - Cannot connect to server on host '192.168.88.37':
Uma operação de soquete foi tentada em uma rede inacessível.
Socket Error Code: 10051($2743)
19/11 15:13:46 - Iniciando Suporte Mobile 64bit Versao: 1.13
19/11 15:13:46 - Variaveis
19/11 15:13:46 - CurrencyString="R$", CurrencyFormat="#2", NegCurrFormat="#9", ThousandSeparator=".", DecimalSeparator=",", CurrencyDecimals="2", DateSeparator="/", ShortDateFormat="dd/MM/yyyy", LongDateFormat="dddd, d' de 'MMMM' de 'yyyy", TimeSeparator=":", TimeAMString="", TimePMString="", ShortTimeFormat="hh:mm", LongTimeFormat="hh:mm:ss", TwoDigitYearCenturyWindow="50", ListSeparator=";"
19/11 15:13:46 - TCP Servidor
19/11 15:13:46 - TCP Cliente
19/11 15:13:46 - Iniciado na porta => 4406
19/11 15:13:46 - Formato Valores:        -1.254,87 | -1254,87|        1.254,87 | 1254,87
19/11 15:13:46 - Formato Data   : 19/11/2019 15:13:46
19/11 15:13:46 - Flags debug 1 sem log 0
19/11 15:13:46 - h > 192.168.88.37 p > 3306 d > hbecia u > root
19/11 15:13:46 - ERRO AO CONECTAR NO BANCO DE DADOS: 192.168.88.37:hbecia,root
19/11 15:13:46 - Cannot connect to server on host '192.168.88.37':
Uma operação de soquete foi tentada em uma rede inacessível.
Socket Error Code: 10051($2743)
21/11 16:50:16 - -----> REINICIANDO SERVICO
21/11 16:50:16 - Iniciando Suporte Mobile 64bit Versao: 1.13
21/11 16:50:16 - Variaveis
21/11 16:50:16 - CurrencyString="R$", CurrencyFormat="#2", NegCurrFormat="#9", ThousandSeparator=".", DecimalSeparator=",", CurrencyDecimals="2", DateSeparator="/", ShortDateFormat="dd/MM/yyyy", LongDateFormat="dddd, d' de 'MMMM' de 'yyyy", TimeSeparator=":", TimeAMString="", TimePMString="", ShortTimeFormat="hh:mm", LongTimeFormat="hh:mm:ss", TwoDigitYearCenturyWindow="50", ListSeparator=";"
21/11 16:50:16 - Formato Valores:        -1.254,87 | -1254,87|        1.254,87 | 1254,87
21/11 16:50:16 - Formato Data   : 21/11/2019 16:50:16
21/11 16:50:16 - Flags debug 1 sem log 0
21/11 16:50:16 - h > 192.168.88.37 p > 3306 d > hbecia u > root
21/11 16:50:16 - Terminal: 1
21/11 16:50:16 - BANCO DE DADOS ONLINE > 192.168.88.37:hbecia
21/11 16:50:16 - PRECO => 23 /            23,00/23/23
21/11 16:50:16 - iniciar_identificacao_computador
21/11 16:50:16 - sistema_pegar_perfil
21/11 16:50:16 - empresa_carregar_segmentos
21/11 16:50:16 - rcs_iniciar_variaveis_globais
21/11 16:50:16 - terminal_id
21/11 16:50:16 - mesas_comandas
21/11 16:50:16 - LPRINT
21/11 16:50:16 - Status: Config => 192.168.88.83:9100
21/11 16:50:16 - Status: Config => 192.168.88.83:9100
21/11 16:50:16 - Status: Config => c:9100
21/11 16:50:16 - Status: Config => 192.168.88.83:9100
21/11 16:50:16 - LISTA DE IMPRESSORAS CARREGADA 4
21/11 16:50:16 - carregarImp
21/11 16:50:16 - objetos
21/11 16:50:16 - produtos_gerenciamento_de_estoque
21/11 16:50:16 - # status 100%
21/11 16:50:16 - PEDIDOS SOLICITADO {"sessao":"2111201916493911931755335MOBILEJulia","operacao":"PIT","pedido":"336","usuario":"11","terminal":"9","conf":"1|1","items":[{"i0":"14|1|3C323E424F56494E4F204558545241203C333E50414F204252494F4348455B50414F5D203C333E50414F204155535452414C49414E4F5B50414F5D203C333E424F56494E4F5B424C454E445D203C333E43414C4142524553415B424C454E445D7E54727374657C31|2D2D2D630A3C2B3E0A5B504F4E544F5F41535341444F5D0A50414F204252494F4348455B50414F5D0A50414F204155535452414C49414E4F5B50414F5D0A424F56494E4F5B424C454E445D0A43414C4142524553415B424C454E445D0A455256494C48415B424C454E445D0A46414C4146454C5B424C454E445D0A4652414E474F5B424C454E445D0A515545494A4F20434845444441525B515545494A4F5D0A515545494A4F20505241544F5B515545494A4F5D0A515545494A4F20455350454349414C5B515545494A4F5D|0"}]}
21/11 16:50:16 - sessao: 2111201916493911931755335MOBILEJulia
21/11 16:50:16 - id: 336
21/11 16:50:16 - usuario: 11
21/11 16:50:16 - terminal: 9
21/11 16:50:16 - conf: 1|1
21/11 16:50:16 0 - 14|1|3C323E424F56494E4F204558545241203C333E50414F204252494F4348455B50414F5D203C333E50414F204155535452414C49414E4F5B50414F5D203C333E424F56494E4F5B424C454E445D203C333E43414C4142524553415B424C454E445D7E54727374657C31|2D2D2D630A3C2B3E0A5B504F4E544F5F41535341444F5D0A50414F204252494F4348455B50414F5D0A50414F204155535452414C49414E4F5B50414F5D0A424F56494E4F5B424C454E445D0A43414C4142524553415B424C454E445D0A455256494C48415B424C454E445D0A46414C4146454C5B424C454E445D0A4652414E474F5B424C454E445D0A515545494A4F20434845444441525B515545494A4F5D0A515545494A4F20505241544F5B515545494A4F5D0A515545494A4F20455350454349414C5B515545494A4F5D|0
21/11 16:50:16 - dados
21/11 16:50:16 - passo 1
21/11 16:50:16 - passo 2
21/11 16:50:16 - passo 3
21/11 16:50:16 - passo 4
21/11 16:50:16 - passo 5
21/11 16:50:16 - passo 6
21/11 16:50:16 - passo 7
21/11 16:50:16 - passo 7A-0
21/11 16:50:16 - VALORES? 19,90/19,9/19,9/,/"19.9"
21/11 16:50:16 - passo 7B-0
21/11 16:50:16 - passo 7C-0
21/11 16:50:16 - passo 7D-0
21/11 16:50:16 - passo 8
21/11 16:50:16 - passo 9
21/11 16:50:16 - PRODUCAO => id:336 user:4term:9 hora: sessao:2111201916493911931755335MOBILEJulia
21/11 16:50:16 - select estoque.grupo,auxiliar.id from auxiliar,estoque where auxiliar.idpedido=336 and auxiliar.producao=0 and estoque.codigo=auxiliar.original and auxiliar.idtimer="2111201916493911931755335MOBILEJulia" order by estoque.grupo,auxiliar.id
21/11 16:50:16 - GRUPOS:<1,1828>
21/11 16:50:16 - PERFIL 5
21/11 16:50:16 - cupom_impressao_producao(336,True,"",[],1828
,4);
21/11 16:50:16 - IOK 1 STAGE => 28
21/11 16:50:16 - passo 10
21/11 16:50:16 0 - {"sessao":"2111201916493911931755335MOBILEJulia","operacao":"PIT","pedido":"336","usuario":"11","terminal":"9","conf":"1|1","items":[{"i0":"14|1|3C323E424F56494E4F204558545241203C333E50414F204252494F4348455B50414F5D203C333E50414F204155535452414C49414E4F5B50414F5D203C333E424F56494E4F5B424C454E445D203C333E43414C4142524553415B424C454E445D7E54727374657C31|2D2D2D630A3C2B3E0A5B504F4E544F5F41535341444F5D0A50414F204252494F4348455B50414F5D0A50414F204155535452414C49414E4F5B50414F5D0A424F56494E4F5B424C454E445D0A43414C4142524553415B424C454E445D0A455256494C48415B424C454E445D0A46414C4146454C5B424C454E445D0A4652414E474F5B424C454E445D0A515545494A4F20434845444441525B515545494A4F5D0A515545494A4F20505241544F5B515545494A4F5D0A515545494A4F20455350454349414C5B515545494A4F5D|0"}]}
21/11 16:50:16 2 -  0,125t OK
21/11 16:51:06 - PEDIDOS SOLICITADO {"sessao":"2111201916504811917726550MOBILEJulia","operacao":"PIT","pedido":"336","usuario":"11","terminal":"9","conf":"1|1","items":[{"i0":"14|1|3C333E50414F204252494F4348455B50414F5D203C333E50414F204155535452414C49414E4F5B50414F5D203C333E424F56494E4F5B424C454E445D203C333E43414C4142524553415B424C454E445D203C333E455256494C48415B424C454E445D203C333E46414C4146454C5B424C454E445D203C333E4652414E474F5B424C454E445D203C333E515545494A4F20434845444441525B515545494A4F5D7E7C34|2D2D2D630A3C2B3E0A5B504F4E544F5F41535341444F5D0A50414F204252494F4348455B50414F5D0A50414F204155535452414C49414E4F5B50414F5D0A424F56494E4F5B424C454E445D0A43414C4142524553415B424C454E445D0A455256494C48415B424C454E445D0A46414C4146454C5B424C454E445D0A4652414E474F5B424C454E445D0A515545494A4F20434845444441525B515545494A4F5D0A515545494A4F20505241544F5B515545494A4F5D0A515545494A4F20455350454349414C5B515545494A4F5D|0"}]}
21/11 16:51:06 - sessao: 2111201916504811917726550MOBILEJulia
21/11 16:51:06 - id: 336
21/11 16:51:06 - usuario: 11
21/11 16:51:06 - terminal: 9
21/11 16:51:06 - conf: 1|1
21/11 16:51:06 0 - 14|1|3C333E50414F204252494F4348455B50414F5D203C333E50414F204155535452414C49414E4F5B50414F5D203C333E424F56494E4F5B424C454E445D203C333E43414C4142524553415B424C454E445D203C333E455256494C48415B424C454E445D203C333E46414C4146454C5B424C454E445D203C333E4652414E474F5B424C454E445D203C333E515545494A4F20434845444441525B515545494A4F5D7E7C34|2D2D2D630A3C2B3E0A5B504F4E544F5F41535341444F5D0A50414F204252494F4348455B50414F5D0A50414F204155535452414C49414E4F5B50414F5D0A424F56494E4F5B424C454E445D0A43414C4142524553415B424C454E445D0A455256494C48415B424C454E445D0A46414C4146454C5B424C454E445D0A4652414E474F5B424C454E445D0A515545494A4F20434845444441525B515545494A4F5D0A515545494A4F20505241544F5B515545494A4F5D0A515545494A4F20455350454349414C5B515545494A4F5D|0
21/11 16:51:06 - dados
21/11 16:51:06 - passo 1
21/11 16:51:06 - passo 2
21/11 16:51:06 - passo 3
21/11 16:51:06 - passo 4
21/11 16:51:06 - passo 5
21/11 16:51:06 - passo 6
21/11 16:51:06 - passo 7
21/11 16:51:06 - passo 7A-0
21/11 16:51:06 - VALORES? 19,90/19,9/19,9/,/"19.9"
21/11 16:51:06 - passo 7B-0
21/11 16:51:06 - passo 7C-0
21/11 16:51:06 - passo 7D-0
21/11 16:51:06 - passo 8
21/11 16:51:06 - passo 9
21/11 16:51:06 - PRODUCAO => id:336 user:4term:9 hora: sessao:2111201916504811917726550MOBILEJulia
21/11 16:51:06 - select estoque.grupo,auxiliar.id from auxiliar,estoque where auxiliar.idpedido=336 and auxiliar.producao=0 and estoque.codigo=auxiliar.original and auxiliar.idtimer="2111201916504811917726550MOBILEJulia" order by estoque.grupo,auxiliar.id
21/11 16:51:06 - GRUPOS:<1,1829>
21/11 16:51:06 - PERFIL 5
21/11 16:51:06 - cupom_impressao_producao(336,True,"",[],1829
,4);
21/11 16:51:06 - IOK 1 STAGE => 28
21/11 16:51:06 - passo 10
21/11 16:51:06 0 - {"sessao":"2111201916504811917726550MOBILEJulia","operacao":"PIT","pedido":"336","usuario":"11","terminal":"9","conf":"1|1","items":[{"i0":"14|1|3C333E50414F204252494F4348455B50414F5D203C333E50414F204155535452414C49414E4F5B50414F5D203C333E424F56494E4F5B424C454E445D203C333E43414C4142524553415B424C454E445D203C333E455256494C48415B424C454E445D203C333E46414C4146454C5B424C454E445D203C333E4652414E474F5B424C454E445D203C333E515545494A4F20434845444441525B515545494A4F5D7E7C34|2D2D2D630A3C2B3E0A5B504F4E544F5F41535341444F5D0A50414F204252494F4348455B50414F5D0A50414F204155535452414C49414E4F5B50414F5D0A424F56494E4F5B424C454E445D0A43414C4142524553415B424C454E445D0A455256494C48415B424C454E445D0A46414C4146454C5B424C454E445D0A4652414E474F5B424C454E445D0A515545494A4F20434845444441525B515545494A4F5D0A515545494A4F20505241544F5B515545494A4F5D0A515545494A4F20455350454349414C5B515545494A4F5D|0"}]}
21/11 16:51:06 2 -  0,109t OK
22/11 15:35:37 - PEDIDOS SOLICITADO {"sessao":"2211201915352211107823862100MOBILEjulia","operacao":"PIT","pedido":"336","usuario":"11","terminal":"10","conf":"1|1","items":[{"i0":"14|1|3C323E414C46414345204520544F4D4154457C3C323E4241434F4E2048427C3C323E424F56494E4F2045585452417C3C333E50414F204155535452414C49414E4F5B50414F5D7C3C333E424F56494E4F5B424C454E445D7C3C333E455256494C48415B424C454E445D7C3C333E46414C4146454C5B424C454E445D7E7C35|2D2D2D630D0A3C2B3E0D0A5B504F4E544F5F41535341444F5D0D0A50414F204252494F4348455B50414F5D0D0A50414F204155535452414C49414E4F5B50414F5D0D0A424F56494E4F5B424C454E445D0D0A43414C4142524553415B424C454E445D0D0A455256494C48415B424C454E445D0D0A46414C4146454C5B424C454E445D0D0A4652414E474F5B424C454E445D0D0A515545494A4F20434845444441525B515545494A4F5D0D0A515545494A4F20505241544F5B515545494A4F5D0D0A515545494A4F20455350454349414C5B515545494A4F5D|2,9"}]}
22/11 15:35:37 - sessao: 2211201915352211107823862100MOBILEjulia
22/11 15:35:37 - id: 336
22/11 15:35:37 - usuario: 11
22/11 15:35:37 - terminal: 10
22/11 15:35:37 - conf: 1|1
22/11 15:35:37 0 - 14|1|3C323E414C46414345204520544F4D4154457C3C323E4241434F4E2048427C3C323E424F56494E4F2045585452417C3C333E50414F204155535452414C49414E4F5B50414F5D7C3C333E424F56494E4F5B424C454E445D7C3C333E455256494C48415B424C454E445D7C3C333E46414C4146454C5B424C454E445D7E7C35|2D2D2D630D0A3C2B3E0D0A5B504F4E544F5F41535341444F5D0D0A50414F204252494F4348455B50414F5D0D0A50414F204155535452414C49414E4F5B50414F5D0D0A424F56494E4F5B424C454E445D0D0A43414C4142524553415B424C454E445D0D0A455256494C48415B424C454E445D0D0A46414C4146454C5B424C454E445D0D0A4652414E474F5B424C454E445D0D0A515545494A4F20434845444441525B515545494A4F5D0D0A515545494A4F20505241544F5B515545494A4F5D0D0A515545494A4F20455350454349414C5B515545494A4F5D|2,9
22/11 15:35:37 - dados
22/11 15:35:37 - passo 1
22/11 15:35:37 - passo 2
22/11 15:35:37 - passo 3
22/11 15:35:37 - passo 4
22/11 15:35:37 - passo 5
22/11 15:35:37 - passo 6
22/11 15:35:37 - passo 7
22/11 15:35:37 - passo 7A-0
22/11 15:35:37 - VALORES? 19,90/19,9/19,9/,/"19.9"
22/11 15:35:37 - passo 7B-0
22/11 15:35:37 - passo 7C-0
22/11 15:35:37 - passo 7D-0
22/11 15:35:37 - passo 8
22/11 15:35:37 - passo 9
22/11 15:35:37 - PRODUCAO => id:336 user:4term:10 hora: sessao:2211201915352211107823862100MOBILEjulia
22/11 15:35:37 - select estoque.grupo,auxiliar.id from auxiliar,estoque where auxiliar.idpedido=336 and auxiliar.producao=0 and estoque.codigo=auxiliar.original and auxiliar.idtimer="2211201915352211107823862100MOBILEjulia" order by estoque.grupo,auxiliar.id
22/11 15:35:37 - GRUPOS:<1,1830>
22/11 15:35:37 - PERFIL 5
22/11 15:35:37 - cupom_impressao_producao(336,True,"",[],1830
,4);
22/11 15:35:37 - IOK 1 STAGE => 28
22/11 15:35:37 - passo 10
22/11 15:35:37 0 - {"sessao":"2211201915352211107823862100MOBILEjulia","operacao":"PIT","pedido":"336","usuario":"11","terminal":"10","conf":"1|1","items":[{"i0":"14|1|3C323E414C46414345204520544F4D4154457C3C323E4241434F4E2048427C3C323E424F56494E4F2045585452417C3C333E50414F204155535452414C49414E4F5B50414F5D7C3C333E424F56494E4F5B424C454E445D7C3C333E455256494C48415B424C454E445D7C3C333E46414C4146454C5B424C454E445D7E7C35|2D2D2D630D0A3C2B3E0D0A5B504F4E544F5F41535341444F5D0D0A50414F204252494F4348455B50414F5D0D0A50414F204155535452414C49414E4F5B50414F5D0D0A424F56494E4F5B424C454E445D0D0A43414C4142524553415B424C454E445D0D0A455256494C48415B424C454E445D0D0A46414C4146454C5B424C454E445D0D0A4652414E474F5B424C454E445D0D0A515545494A4F20434845444441525B515545494A4F5D0D0A515545494A4F20505241544F5B515545494A4F5D0D0A515545494A4F20455350454349414C5B515545494A4F5D|2,9"}]}
22/11 15:35:37 2 -  0,14t OK
22/11 15:36:57 - PEDIDOS SOLICITADO {"sessao":"22112019153632111057855947100MOBILEjulia","operacao":"PIT","pedido":"336","usuario":"11","terminal":"10","conf":"1|1","items":[{"i0":"15|1|3C323E414C46414345204520544F4D4154457C3C323E4241434F4E2048427C3C323E424F56494E4F2045585452417C3C333E50414F204252494F4348457C3C333E50414F204155535452414C49414E4F7C3C333E424F56494E4F7E74657374657C35|2D2D2D630D0A3C2B3E0D0A5B504F4E544F5F41535341444F5D0D0A50414F204252494F4348450D0A50414F204155535452414C49414E4F0D0A424F56494E4F0D0A43414C4142524553410D0A455256494C48410D0A46414C4146454C0D0A4652414E474F|2,9"}]}
22/11 15:36:57 - sessao: 22112019153632111057855947100MOBILEjulia
22/11 15:36:57 - id: 336
22/11 15:36:57 - usuario: 11
22/11 15:36:57 - terminal: 10
22/11 15:36:57 - conf: 1|1
22/11 15:36:57 0 - 15|1|3C323E414C46414345204520544F4D4154457C3C323E4241434F4E2048427C3C323E424F56494E4F2045585452417C3C333E50414F204252494F4348457C3C333E50414F204155535452414C49414E4F7C3C333E424F56494E4F7E74657374657C35|2D2D2D630D0A3C2B3E0D0A5B504F4E544F5F41535341444F5D0D0A50414F204252494F4348450D0A50414F204155535452414C49414E4F0D0A424F56494E4F0D0A43414C4142524553410D0A455256494C48410D0A46414C4146454C0D0A4652414E474F|2,9
22/11 15:36:57 - dados
22/11 15:36:57 - passo 1
22/11 15:36:57 - passo 2
22/11 15:36:57 - passo 3
22/11 15:36:57 - passo 4
22/11 15:36:57 - passo 5
22/11 15:36:57 - passo 6
22/11 15:36:57 - passo 7
22/11 15:36:57 - passo 7A-0
22/11 15:36:57 - VALORES? 25,90/25,9/25,9/,/"25.9"
22/11 15:36:57 - passo 7B-0
22/11 15:36:57 - passo 7C-0
22/11 15:36:57 - passo 7D-0
22/11 15:36:57 - passo 8
22/11 15:36:57 - passo 9
22/11 15:36:57 - PRODUCAO => id:336 user:4term:10 hora: sessao:22112019153632111057855947100MOBILEjulia
22/11 15:36:57 - select estoque.grupo,auxiliar.id from auxiliar,estoque where auxiliar.idpedido=336 and auxiliar.producao=0 and estoque.codigo=auxiliar.original and auxiliar.idtimer="22112019153632111057855947100MOBILEjulia" order by estoque.grupo,auxiliar.id
22/11 15:36:57 - GRUPOS:<1,1834>
22/11 15:36:57 - PERFIL 5
22/11 15:36:57 - cupom_impressao_producao(336,True,"",[],1834
,4);
22/11 15:36:57 - IOK 1 STAGE => 28
22/11 15:36:57 - passo 10
22/11 15:36:57 0 - {"sessao":"22112019153632111057855947100MOBILEjulia","operacao":"PIT","pedido":"336","usuario":"11","terminal":"10","conf":"1|1","items":[{"i0":"15|1|3C323E414C46414345204520544F4D4154457C3C323E4241434F4E2048427C3C323E424F56494E4F2045585452417C3C333E50414F204252494F4348457C3C333E50414F204155535452414C49414E4F7C3C333E424F56494E4F7E74657374657C35|2D2D2D630D0A3C2B3E0D0A5B504F4E544F5F41535341444F5D0D0A50414F204252494F4348450D0A50414F204155535452414C49414E4F0D0A424F56494E4F0D0A43414C4142524553410D0A455256494C48410D0A46414C4146454C0D0A4652414E474F|2,9"}]}
22/11 15:36:57 2 -  0,094t OK
22/11 16:39:04 - PEDIDOS SOLICITADO {"sessao":"2211201916384211104029066100MOBILEjulia","operacao":"PIT","pedido":"336","usuario":"11","terminal":"10","conf":"1|1","items":[{"i0":"14|1|3C323E414C46414345204520544F4D4154457C3C323E4241434F4E2048427C3C333E50414F204252494F4348455B50414F5D7C3C333E50414F204155535452414C49414E4F5B50414F5D7E7C35|2D2D2D630D0A3C2B3E0D0A5B504F4E544F5F41535341444F5D0D0A50414F204252494F4348455B50414F5D0D0A50414F204155535452414C49414E4F5B50414F5D0D0A424F56494E4F5B424C454E445D0D0A43414C4142524553415B424C454E445D0D0A455256494C48415B424C454E445D0D0A46414C4146454C5B424C454E445D0D0A4652414E474F5B424C454E445D0D0A515545494A4F20434845444441525B515545494A4F5D0D0A515545494A4F20505241544F5B515545494A4F5D0D0A515545494A4F20455350454349414C5B515545494A4F5D|2,9"}]}
22/11 16:39:04 - sessao: 2211201916384211104029066100MOBILEjulia
22/11 16:39:04 - id: 336
22/11 16:39:04 - usuario: 11
22/11 16:39:04 - terminal: 10
22/11 16:39:04 - conf: 1|1
22/11 16:39:04 0 - 14|1|3C323E414C46414345204520544F4D4154457C3C323E4241434F4E2048427C3C333E50414F204252494F4348455B50414F5D7C3C333E50414F204155535452414C49414E4F5B50414F5D7E7C35|2D2D2D630D0A3C2B3E0D0A5B504F4E544F5F41535341444F5D0D0A50414F204252494F4348455B50414F5D0D0A50414F204155535452414C49414E4F5B50414F5D0D0A424F56494E4F5B424C454E445D0D0A43414C4142524553415B424C454E445D0D0A455256494C48415B424C454E445D0D0A46414C4146454C5B424C454E445D0D0A4652414E474F5B424C454E445D0D0A515545494A4F20434845444441525B515545494A4F5D0D0A515545494A4F20505241544F5B515545494A4F5D0D0A515545494A4F20455350454349414C5B515545494A4F5D|2,9
22/11 16:39:04 - dados
22/11 16:39:04 - passo 1
22/11 16:39:04 - passo 2
22/11 16:39:04 - passo 3
22/11 16:39:04 - passo 4
22/11 16:39:04 - passo 5
22/11 16:39:04 - passo 6
22/11 16:39:04 - passo 7
22/11 16:39:04 - passo 7A-0
22/11 16:39:04 - VALORES? 19,90/19,9/19,9/,/"19.9"
22/11 16:39:04 - passo 7B-0
22/11 16:39:04 - passo 7C-0
22/11 16:39:04 - passo 7D-0
22/11 16:39:04 - passo 8
22/11 16:39:04 - passo 9
22/11 16:39:04 - PRODUCAO => id:336 user:4term:10 hora: sessao:2211201916384211104029066100MOBILEjulia
22/11 16:39:04 - select estoque.grupo,auxiliar.id from auxiliar,estoque where auxiliar.idpedido=336 and auxiliar.producao=0 and estoque.codigo=auxiliar.original and auxiliar.idtimer="2211201916384211104029066100MOBILEjulia" order by estoque.grupo,auxiliar.id
22/11 16:39:04 - GRUPOS:<1,1838>
22/11 16:39:04 - PERFIL 5
22/11 16:39:04 - cupom_impressao_producao(336,True,"",[],1838
,4);
22/11 16:39:04 - IOK 1 STAGE => 28
22/11 16:39:04 - passo 10
22/11 16:39:04 0 - {"sessao":"2211201916384211104029066100MOBILEjulia","operacao":"PIT","pedido":"336","usuario":"11","terminal":"10","conf":"1|1","items":[{"i0":"14|1|3C323E414C46414345204520544F4D4154457C3C323E4241434F4E2048427C3C333E50414F204252494F4348455B50414F5D7C3C333E50414F204155535452414C49414E4F5B50414F5D7E7C35|2D2D2D630D0A3C2B3E0D0A5B504F4E544F5F41535341444F5D0D0A50414F204252494F4348455B50414F5D0D0A50414F204155535452414C49414E4F5B50414F5D0D0A424F56494E4F5B424C454E445D0D0A43414C4142524553415B424C454E445D0D0A455256494C48415B424C454E445D0D0A46414C4146454C5B424C454E445D0D0A4652414E474F5B424C454E445D0D0A515545494A4F20434845444441525B515545494A4F5D0D0A515545494A4F20505241544F5B515545494A4F5D0D0A515545494A4F20455350454349414C5B515545494A4F5D|2,9"}]}
22/11 16:39:04 2 -  0,094t OK
25/11 15:16:14 - Iniciando Suporte Mobile 64bit Versao: 1.13
25/11 15:16:14 - Variaveis
25/11 15:16:14 - CurrencyString="R$", CurrencyFormat="#2", NegCurrFormat="#9", ThousandSeparator=".", DecimalSeparator=",", CurrencyDecimals="2", DateSeparator="/", ShortDateFormat="dd/MM/yyyy", LongDateFormat="dddd, d' de 'MMMM' de 'yyyy", TimeSeparator=":", TimeAMString="", TimePMString="", ShortTimeFormat="hh:mm", LongTimeFormat="hh:mm:ss", TwoDigitYearCenturyWindow="50", ListSeparator=";"
