18/12 21:11:21 - Status: Config => 192.168.88.83:9100
18/12 21:11:21 - salvando log -> C:\rcsv\App\mobile64\log\logs\LOG_APP_MOBILE_SERVICE_64_15.log
18/12 21:11:21 - Status: Config => c:9100
18/12 21:11:21 - Status: Config => 192.168.88.83:9100
18/12 21:11:21 - LISTA DE IMPRESSORAS CARREGADA 4
18/12 21:11:21 - carregarImp
18/12 21:11:21 - objetos
18/12 21:11:21 - produtos_gerenciamento_de_estoque
18/12 21:11:21 - # status 100%
18/12 21:11:25 - LOGOFF DO USUARIO {"operacao":"logoff",
 "token":"c009a001",
"terminal":"1",
"codigo":"5"}
18/12 21:11:25 0 - POST / HTTP/1.1
HOST: 192.168.88.44:4409
content-type: application/json
content-length: 75

{"operacao":"logoff",
 "token":"c009a001",
"terminal":"1",
"codigo":"5"} => OK
18/12 21:12:14 - Iniciando Suporte Mobile 64 bit Versao: 1.15.17/12/2019 20:06
18/12 21:12:14 - Variaveis
18/12 21:12:14 - CurrencyString="R$", CurrencyFormat="#2", NegCurrFormat="#9", ThousandSeparator=".", DecimalSeparator=",", CurrencyDecimals="2", DateSeparator="/", ShortDateFormat="dd/MM/yyyy", LongDateFormat="dddd, d' de 'MMMM' de 'yyyy", TimeSeparator=":", TimeAMString="", TimePMString="", ShortTimeFormat="hh:mm", LongTimeFormat="hh:mm:ss", TwoDigitYearCenturyWindow="50", ListSeparator=";"
18/12 21:12:14 - TCP Servidor
18/12 21:12:14 - TCP Cliente
18/12 21:12:14 - Iniciado na porta => 4409
18/12 21:12:14 - Formato Valores:        -1.254,87 | -1254,87|        1.254,87 | 1254,87
18/12 21:12:14 - Formato Data   : 18/12/2019 21:12:14
18/12 21:12:14 - Flags debug 1 sem log 0
18/12 21:12:14 - h > LOCALHOST p > 3306 d > hbecia u > root
18/12 21:12:14 - Terminal: 1
18/12 21:12:14 - BANCO DE DADOS ONLINE > LOCALHOST:hbecia
18/12 21:12:14 - PRECO => 23 /            23,00/23/23
18/12 21:12:14 - iniciar_identificacao_computador
18/12 21:12:14 - sistema_pegar_perfil
18/12 21:12:14 - empresa_carregar_segmentos
18/12 21:12:14 - rcs_iniciar_variaveis_globais
18/12 21:12:14 - terminal_id
18/12 21:12:14 - mesas_comandas
18/12 21:12:14 - LPRINT
18/12 21:12:14 - Status: Config => 192.168.88.83:9100
18/12 21:12:14 - Status: Config => 192.168.88.83:9100
18/12 21:12:14 - Status: Config => c:9100
18/12 21:12:14 - Status: Config => 192.168.88.83:9100
18/12 21:12:14 - LISTA DE IMPRESSORAS CARREGADA 4
18/12 21:12:14 - carregarImp
18/12 21:12:14 - objetos
18/12 21:12:14 - produtos_gerenciamento_de_estoque
18/12 21:12:14 - # status 100%
18/12 21:12:23 - LOGOFF DO USUARIO {"operacao":"logoff",
 "token":"c009a001",
"terminal":"1",
"codigo":"5"}
18/12 21:12:23 0 - POST / HTTP/1.1
HOST: 192.168.88.44:4409
content-type: application/json
content-length: 75

{"operacao":"logoff",
 "token":"c009a001",
"terminal":"1",
"codigo":"5"} t:0,016 => OK
18/12 21:12:24 - LOGOFF DO USUARIO {"operacao":"logoff",
 "token":"c009a001",
"terminal":"1",
"codigo":"5"}
18/12 21:12:24 0 - POST / HTTP/1.1
HOST: 192.168.88.44:4409
content-type: application/json
content-length: 75

{"operacao":"logoff",
 "token":"c009a001",
"terminal":"1",
"codigo":"5"} => OK
18/12 21:12:25 - LOGOFF DO USUARIO {"operacao":"logoff",
 "token":"c009a001",
"terminal":"1",
"codigo":"5"}
18/12 21:12:25 0 - POST / HTTP/1.1
HOST: 192.168.88.44:4409
content-type: application/json
content-length: 75

{"operacao":"logoff",
 "token":"c009a001",
"terminal":"1",
"codigo":"5"} => OK
18/12 21:12:25 - LOGOFF DO USUARIO {"operacao":"logoff",
 "token":"c009a001",
"terminal":"1",
"codigo":"5"}
18/12 21:12:25 0 - POST / HTTP/1.1
HOST: 192.168.88.44:4409
content-type: application/json
content-length: 75

{"operacao":"logoff",
 "token":"c009a001",
"terminal":"1",
"codigo":"5"} => OK
18/12 21:12:25 - LOGOFF DO USUARIO {"operacao":"logoff",
 "token":"c009a001",
"terminal":"1",
"codigo":"5"}
18/12 21:12:25 0 - POST / HTTP/1.1
HOST: 192.168.88.44:4409
content-type: application/json
content-length: 75

{"operacao":"logoff",
 "token":"c009a001",
"terminal":"1",
"codigo":"5"} => OK
18/12 21:12:25 - LOGOFF DO USUARIO {"operacao":"logoff",
 "token":"c009a001",
"terminal":"1",
"codigo":"5"}
18/12 21:12:25 0 - POST / HTTP/1.1
HOST: 192.168.88.44:4409
content-type: application/json
content-length: 75

{"operacao":"logoff",
 "token":"c009a001",
"terminal":"1",
"codigo":"5"} => OK
18/12 21:12:25 - LOGOFF DO USUARIO {"operacao":"logoff",
 "token":"c009a001",
"terminal":"1",
"codigo":"5"}
18/12 21:12:25 0 - POST / HTTP/1.1
HOST: 192.168.88.44:4409
content-type: application/json
content-length: 75

{"operacao":"logoff",
 "token":"c009a001",
"terminal":"1",
"codigo":"5"} t:0,015 => OK
18/12 21:12:26 - LOGOFF DO USUARIO {"operacao":"logoff",
 "token":"c009a001",
"terminal":"1",
"codigo":"5"}
18/12 21:12:26 0 - POST / HTTP/1.1
HOST: 192.168.88.44:4409
content-type: application/json
content-length: 75

{"operacao":"logoff",
 "token":"c009a001",
"terminal":"1",
"codigo":"5"} => OK
18/12 21:12:26 - LOGOFF DO USUARIO {"operacao":"logoff",
 "token":"c009a001",
"terminal":"1",
"codigo":"5"}
18/12 21:12:26 0 - POST / HTTP/1.1
HOST: 192.168.88.44:4409
content-type: application/json
content-length: 75

{"operacao":"logoff",
 "token":"c009a001",
"terminal":"1",
"codigo":"5"} => OK
18/12 21:12:26 - LOGOFF DO USUARIO {"operacao":"logoff",
 "token":"c009a001",
"terminal":"1",
"codigo":"5"}
18/12 21:12:26 0 - POST / HTTP/1.1
HOST: 192.168.88.44:4409
content-type: application/json
content-length: 75

{"operacao":"logoff",
 "token":"c009a001",
"terminal":"1",
"codigo":"5"} t:0,016 => OK
18/12 21:12:26 - LOGOFF DO USUARIO {"operacao":"logoff",
 "token":"c009a001",
"terminal":"1",
"codigo":"5"}
18/12 21:12:26 0 - POST / HTTP/1.1
HOST: 192.168.88.44:4409
content-type: application/json
content-length: 75

{"operacao":"logoff",
 "token":"c009a001",
"terminal":"1",
"codigo":"5"} => OK
18/12 21:12:26 - LOGOFF DO USUARIO {"operacao":"logoff",
 "token":"c009a001",
"terminal":"1",
"codigo":"5"}
18/12 21:12:26 0 - POST / HTTP/1.1
HOST: 192.168.88.44:4409
content-type: application/json
content-length: 75

{"operacao":"logoff",
 "token":"c009a001",
"terminal":"1",
"codigo":"5"} t:0,016 => OK
18/12 21:12:26 - LOGOFF DO USUARIO {"operacao":"logoff",
 "token":"c009a001",
"terminal":"1",
"codigo":"5"}
18/12 21:12:26 0 - POST / HTTP/1.1
HOST: 192.168.88.44:4409
content-type: application/json
content-length: 75

{"operacao":"logoff",
 "token":"c009a001",
"terminal":"1",
"codigo":"5"} => OK
18/12 21:12:27 - LOGOFF DO USUARIO {"operacao":"logoff",
 "token":"c009a001",
"terminal":"1",
"codigo":"5"}
18/12 21:12:27 0 - POST / HTTP/1.1
HOST: 192.168.88.44:4409
content-type: application/json
content-length: 75

{"operacao":"logoff",
 "token":"c009a001",
"terminal":"1",
"codigo":"5"} => OK
18/12 21:12:27 - LOGOFF DO USUARIO {"operacao":"logoff",
 "token":"c009a001",
"terminal":"1",
"codigo":"5"}
18/12 21:12:27 0 - POST / HTTP/1.1
HOST: 192.168.88.44:4409
content-type: application/json
content-length: 75

{"operacao":"logoff",
 "token":"c009a001",
"terminal":"1",
"codigo":"5"} => OK
18/12 21:12:56 - ***  SERVIÇO PARADO
18/12 21:12:59 - Iniciando Suporte Mobile 64 bit Versao: 1.15.17/12/2019 20:06
18/12 21:12:59 - Variaveis
18/12 21:12:59 - CurrencyString="R$", CurrencyFormat="#2", NegCurrFormat="#9", ThousandSeparator=".", DecimalSeparator=",", CurrencyDecimals="2", DateSeparator="/", ShortDateFormat="dd/MM/yyyy", LongDateFormat="dddd, d' de 'MMMM' de 'yyyy", TimeSeparator=":", TimeAMString="", TimePMString="", ShortTimeFormat="hh:mm", LongTimeFormat="hh:mm:ss", TwoDigitYearCenturyWindow="50", ListSeparator=";"
18/12 21:12:59 - TCP Servidor
18/12 21:12:59 - TCP Cliente
18/12 21:12:59 - Iniciado na porta => 4409
18/12 21:12:59 - Formato Valores:        -1.254,87 | -1254,87|        1.254,87 | 1254,87
18/12 21:12:59 - Formato Data   : 18/12/2019 21:12:59
18/12 21:12:59 - Flags debug 1 sem log 0
18/12 21:12:59 - h > LOCALHOST p > 3306 d > hbecia u > root
