25/11 15:16:14 - TCP Servidor
25/11 15:16:14 - salvando log -> C:\rcsv\App\mobile64\log\logs\LOG_APP_MOBILE_SERVICE_64_3.log
25/11 15:16:14 - TCP Cliente
25/11 15:16:14 - Iniciado na porta => 4406
25/11 15:16:14 - Formato Valores:        -1.254,87 | -1254,87|        1.254,87 | 1254,87
25/11 15:16:14 - Formato Data   : 25/11/2019 15:16:14
25/11 15:16:14 - Flags debug 1 sem log 0
25/11 15:16:14 - h > 192.168.88.37 p > 3306 d > hbecia u > root
25/11 15:16:14 - ERRO AO CONECTAR NO BANCO DE DADOS: 192.168.88.37:hbecia,root
25/11 15:16:14 - Cannot connect to server on host '192.168.88.37':
Uma operação de soquete foi tentada em uma rede inacessível.
Socket Error Code: 10051($2743)
25/11 17:26:05 - -----> REINICIANDO SERVICO
25/11 17:26:05 - Iniciando Suporte Mobile 64bit Versao: 1.13
25/11 17:26:05 - Variaveis
25/11 17:26:05 - CurrencyString="R$", CurrencyFormat="#2", NegCurrFormat="#9", ThousandSeparator=".", DecimalSeparator=",", CurrencyDecimals="2", DateSeparator="/", ShortDateFormat="dd/MM/yyyy", LongDateFormat="dddd, d' de 'MMMM' de 'yyyy", TimeSeparator=":", TimeAMString="", TimePMString="", ShortTimeFormat="hh:mm", LongTimeFormat="hh:mm:ss", TwoDigitYearCenturyWindow="50", ListSeparator=";"
25/11 17:26:05 - Formato Valores:        -1.254,87 | -1254,87|        1.254,87 | 1254,87
25/11 17:26:05 - Formato Data   : 25/11/2019 17:26:05
25/11 17:26:05 - Flags debug 1 sem log 0
25/11 17:26:05 - h > 192.168.88.37 p > 3306 d > hbecia u > root
25/11 17:26:05 - Terminal: 1
25/11 17:26:05 - BANCO DE DADOS ONLINE > 192.168.88.37:hbecia
25/11 17:26:05 - PRECO => 23 /            23,00/23/23
25/11 17:26:05 - iniciar_identificacao_computador
25/11 17:26:05 - sistema_pegar_perfil
25/11 17:26:05 - empresa_carregar_segmentos
25/11 17:26:05 - rcs_iniciar_variaveis_globais
25/11 17:26:05 - terminal_id
25/11 17:26:05 - mesas_comandas
25/11 17:26:05 - LPRINT
25/11 17:26:05 - Status: Config => 192.168.88.83:9100
25/11 17:26:05 - Status: Config => 192.168.88.83:9100
25/11 17:26:05 - Status: Config => c:9100
25/11 17:26:05 - Status: Config => 192.168.88.83:9100
25/11 17:26:05 - LISTA DE IMPRESSORAS CARREGADA 4
25/11 17:26:05 - carregarImp
25/11 17:26:05 - objetos
25/11 17:26:05 - produtos_gerenciamento_de_estoque
25/11 17:26:05 - # status 100%
25/11 17:26:05 - PEDIDOS SOLICITADO {"sessao":"25112019172600193728952MOBILEADM","operacao":"PIT","pedido":"338","usuario":"1","terminal":"9","conf":"1|1","items":[{"i0":"50|1"}]}
25/11 17:26:05 - sessao: 25112019172600193728952MOBILEADM
25/11 17:26:05 - id: 338
25/11 17:26:05 - usuario: 1
25/11 17:26:05 - terminal: 9
25/11 17:26:05 - conf: 1|1
25/11 17:26:05 0 - 50|1
25/11 17:26:05 - dados
25/11 17:26:05 - passo 1
25/11 17:26:05 - passo 2
25/11 17:26:05 - passo 3
25/11 17:26:05 - passo 4
25/11 17:26:05 - passo 5
25/11 17:26:05 - passo 6
25/11 17:26:05 - passo 7
25/11 17:26:05 - passo 7A-0
25/11 17:26:05 - VALORES? 23,90/23,9/23,9/,/"23.9"
25/11 17:26:05 - passo 7B-0
25/11 17:26:05 - passo 7C-0
25/11 17:26:05 - passo 7D-0
25/11 17:26:05 - passo 8
25/11 17:26:05 - passo 9
25/11 17:26:05 - PRODUCAO => id:338 user:2term:9 hora: sessao:25112019172600193728952MOBILEADM
25/11 17:26:05 - select estoque.grupo,auxiliar.id from auxiliar,estoque where auxiliar.idpedido=338 and auxiliar.producao=0 and estoque.codigo=auxiliar.original and auxiliar.idtimer="25112019172600193728952MOBILEADM" order by estoque.grupo,auxiliar.id
25/11 17:26:05 - GRUPOS:<2,1845>
25/11 17:26:05 - PERFIL 7
25/11 17:26:05 - cupom_impressao_producao(338,True,"",[],1845
,2);
25/11 17:26:05 - IOK 1 STAGE => 28
25/11 17:26:05 - passo 10
25/11 17:26:05 0 - {"sessao":"25112019172600193728952MOBILEADM","operacao":"PIT","pedido":"338","usuario":"1","terminal":"9","conf":"1|1","items":[{"i0":"50|1"}]}
25/11 17:26:05 2 -  0,125t OK
25/11 19:13:30 - PEDIDOS SOLICITADO {"sessao":"25112019191322193374348MOBILEADM","operacao":"PIT","pedido":"336","usuario":"1","terminal":"9","conf":"1|1","items":[{"i0":"1|1"}]}
25/11 19:13:30 - sessao: 25112019191322193374348MOBILEADM
25/11 19:13:30 - id: 336
25/11 19:13:30 - usuario: 1
25/11 19:13:30 - terminal: 9
25/11 19:13:30 - conf: 1|1
25/11 19:13:30 0 - 1|1
25/11 19:13:30 - dados
25/11 19:13:30 - passo 1
25/11 19:13:30 - passo 2
25/11 19:13:30 - passo 3
25/11 19:13:30 - passo 4
25/11 19:13:30 - passo 5
25/11 19:13:30 - passo 6
25/11 19:13:30 - passo 7
25/11 19:13:30 - passo 7A-0
25/11 19:13:30 - VALORES? 12,90/12,9/12,9/,/"12.9"
25/11 19:13:30 - passo 7B-0
25/11 19:13:30 - passo 7C-0
25/11 19:13:30 - passo 7D-0
25/11 19:13:30 - passo 8
25/11 19:13:30 - passo 9
25/11 19:13:30 - PRODUCAO => id:336 user:2term:9 hora: sessao:25112019191322193374348MOBILEADM
25/11 19:13:30 - select estoque.grupo,auxiliar.id from auxiliar,estoque where auxiliar.idpedido=336 and auxiliar.producao=0 and estoque.codigo=auxiliar.original and auxiliar.idtimer="25112019191322193374348MOBILEADM" order by estoque.grupo,auxiliar.id
25/11 19:13:30 - GRUPOS:<1,1846>
25/11 19:13:30 - PERFIL 5
25/11 19:13:30 - cupom_impressao_producao(336,True,"",[],1846
,2);
25/11 19:13:30 - IOK 1 STAGE => 28
25/11 19:13:30 - passo 10
25/11 19:13:30 0 - {"sessao":"25112019191322193374348MOBILEADM","operacao":"PIT","pedido":"336","usuario":"1","terminal":"9","conf":"1|1","items":[{"i0":"1|1"}]}
25/11 19:13:30 2 -  0,094t OK
25/11 19:16:18 - PEDIDOS SOLICITADO {"sessao":"251120191915371914473983MOBILEADM","operacao":"PIT","pedido":"341","usuario":"1","terminal":"9","conf":"2|1","items":[{"i0":"76|1"},{"i1":"62|1"}]}
25/11 19:16:18 - sessao: 251120191915371914473983MOBILEADM
25/11 19:16:18 - id: 341
25/11 19:16:18 - usuario: 1
25/11 19:16:18 - terminal: 9
25/11 19:16:18 - conf: 2|1
25/11 19:16:18 0 - 76|1
25/11 19:16:18 1 - 62|1
25/11 19:16:18 - dados
25/11 19:16:18 - passo 1
25/11 19:16:18 - passo 2
25/11 19:16:18 - passo 3
25/11 19:16:18 - passo 4
25/11 19:16:18 - passo 5
25/11 19:16:18 - passo 6
25/11 19:16:18 - passo 7
25/11 19:16:18 - passo 7A-0
25/11 19:16:18 - VALORES? 2,00/2/2/,/"2"
25/11 19:16:18 - passo 7B-0
25/11 19:16:18 - passo 7C-0
25/11 19:16:18 - passo 7D-0
25/11 19:16:18 - passo 7A-1
25/11 19:16:18 - VALORES? 3,00/3/3/,/"3"
25/11 19:16:18 - passo 7B-1
25/11 19:16:18 - passo 7C-1
25/11 19:16:18 - passo 7D-1
25/11 19:16:18 - passo 8
25/11 19:16:18 - passo 9
25/11 19:16:18 - PRODUCAO => id:341 user:2term:9 hora: sessao:251120191915371914473983MOBILEADM
25/11 19:16:18 - select estoque.grupo,auxiliar.id from auxiliar,estoque where auxiliar.idpedido=341 and auxiliar.producao=0 and estoque.codigo=auxiliar.original and auxiliar.idtimer="251120191915371914473983MOBILEADM" order by estoque.grupo,auxiliar.id
25/11 19:16:18 - GRUPOS:<1,1847><1,1848>
25/11 19:16:18 - PERFIL 5
25/11 19:16:18 - cupom_impressao_producao(341,True,"",[],1847
1848
,2);
25/11 19:16:18 - IOK 1 STAGE => 28
25/11 19:16:18 - passo 10
25/11 19:16:18 0 - {"sessao":"251120191915371914473983MOBILEADM","operacao":"PIT","pedido":"341","usuario":"1","terminal":"9","conf":"2|1","items":[{"i0":"76|1"},{"i1":"62|1"}]}
25/11 19:16:18 2 -  0,094t OK
25/11 19:16:41 - PEDIDOS SOLICITADO {"sessao":"251120191916401929831014MOBILEADM","operacao":"PIT","pedido":"338","usuario":"1","terminal":"9","conf":"1|1","items":[{"i0":"85|1"}]}
25/11 19:16:41 - sessao: 251120191916401929831014MOBILEADM
25/11 19:16:41 - id: 338
25/11 19:16:41 - usuario: 1
25/11 19:16:41 - terminal: 9
25/11 19:16:41 - conf: 1|1
25/11 19:16:41 0 - 85|1
25/11 19:16:41 - dados
25/11 19:16:41 - passo 1
25/11 19:16:41 - passo 2
25/11 19:16:41 - passo 3
25/11 19:16:41 - passo 4
25/11 19:16:41 - passo 5
25/11 19:16:41 - passo 6
25/11 19:16:41 - passo 7
25/11 19:16:41 - passo 7A-0
25/11 19:16:41 - VALORES? 23,00/23/23/,/"23"
25/11 19:16:41 - passo 7B-0
25/11 19:16:41 - passo 7C-0
25/11 19:16:41 - passo 7D-0
25/11 19:16:41 - passo 8
25/11 19:16:41 - passo 9
25/11 19:16:41 - PRODUCAO => id:338 user:2term:9 hora: sessao:251120191916401929831014MOBILEADM
25/11 19:16:41 - select estoque.grupo,auxiliar.id from auxiliar,estoque where auxiliar.idpedido=338 and auxiliar.producao=0 and estoque.codigo=auxiliar.original and auxiliar.idtimer="251120191916401929831014MOBILEADM" order by estoque.grupo,auxiliar.id
25/11 19:16:41 - GRUPOS:<1,1849>
25/11 19:16:41 - PERFIL 5
25/11 19:16:41 - cupom_impressao_producao(338,True,"",[],1849
,2);
25/11 19:16:41 - IOK 1 STAGE => 28
25/11 19:16:41 - passo 10
25/11 19:16:41 0 - {"sessao":"251120191916401929831014MOBILEADM","operacao":"PIT","pedido":"338","usuario":"1","terminal":"9","conf":"1|1","items":[{"i0":"85|1"}]}
25/11 19:16:41 2 -  0,078t OK
28/11 16:23:15 - PEDIDOS SOLICITADO {"sessao":"28112019162241111014090054100MOBILEjulia","operacao":"PIT","pedido":"336","usuario":"11","terminal":"10","conf":"3|1","items":[{"i0":"1|1"},{"i1":"38|1|3C333E434F4D2047454C4F7E7C30|2D2D2D620D0A434F4D2047454C4F0D0A53454D2047454C4F|0"},{"i2":"14|1|3C323E414C46414345204520544F4D4154457C3C323E4241434F4E2048427C3C333E50414F204155535452414C49414E4F5B50414F5D7C3C333E43414C4142524553415B424C454E445D7E7C31|2D2D2D630D0A3C2B3E0D0A5B504F4E544F5F41535341444F5D0D0A50414F204252494F4348455B50414F5D0D0A50414F204155535452414C49414E4F5B50414F5D0D0A424F56494E4F5B424C454E445D0D0A43414C4142524553415B424C454E445D0D0A455256494C48415B424C454E445D0D0A46414C4146454C5B424C454E445D0D0A4652414E474F5B424C454E445D0D0A515545494A4F20434845444441525B515545494A4F5D0D0A515545494A4F20505241544F5B515545494A4F5D0D0A515545494A4F20455350454349414C5B515545494A4F5D|2,9"}]}
28/11 16:23:15 - sessao: 28112019162241111014090054100MOBILEjulia
28/11 16:23:15 - id: 336
28/11 16:23:15 - usuario: 11
28/11 16:23:15 - terminal: 10
28/11 16:23:15 - conf: 3|1
28/11 16:23:15 0 - 1|1
28/11 16:23:15 1 - 38|1|3C333E434F4D2047454C4F7E7C30|2D2D2D620D0A434F4D2047454C4F0D0A53454D2047454C4F|0
28/11 16:23:15 2 - 14|1|3C323E414C46414345204520544F4D4154457C3C323E4241434F4E2048427C3C333E50414F204155535452414C49414E4F5B50414F5D7C3C333E43414C4142524553415B424C454E445D7E7C31|2D2D2D630D0A3C2B3E0D0A5B504F4E544F5F41535341444F5D0D0A50414F204252494F4348455B50414F5D0D0A50414F204155535452414C49414E4F5B50414F5D0D0A424F56494E4F5B424C454E445D0D0A43414C4142524553415B424C454E445D0D0A455256494C48415B424C454E445D0D0A46414C4146454C5B424C454E445D0D0A4652414E474F5B424C454E445D0D0A515545494A4F20434845444441525B515545494A4F5D0D0A515545494A4F20505241544F5B515545494A4F5D0D0A515545494A4F20455350454349414C5B515545494A4F5D|2,9
28/11 16:23:15 - dados
28/11 16:23:15 - passo 1
28/11 16:23:15 - passo 2
28/11 16:23:15 - passo 3
28/11 16:23:15 - passo 4
28/11 16:23:15 - passo 5
28/11 16:23:15 - passo 6
28/11 16:23:15 - passo 7
28/11 16:23:15 - passo 7A-0
28/11 16:23:15 - VALORES? 12,90/12,9/12,9/,/"12.9"
28/11 16:23:15 - passo 7B-0
28/11 16:23:15 - passo 7C-0
28/11 16:23:15 - passo 7D-0
28/11 16:23:15 - passo 7A-1
28/11 16:23:15 - VALORES? 9,90/9,9/9,9/,/"9.9"
28/11 16:23:15 - passo 7B-1
28/11 16:23:15 - passo 7C-1
28/11 16:23:15 - passo 7D-1
28/11 16:23:15 - passo 7A-2
28/11 16:23:15 - VALORES? 19,90/19,9/19,9/,/"19.9"
28/11 16:23:15 - passo 7B-2
28/11 16:23:15 - passo 7C-2
28/11 16:23:15 - passo 7D-2
28/11 16:23:15 - passo 8
28/11 16:23:15 - passo 9
28/11 16:23:15 - PRODUCAO => id:336 user:4term:10 hora: sessao:28112019162241111014090054100MOBILEjulia
28/11 16:23:15 - select estoque.grupo,auxiliar.id from auxiliar,estoque where auxiliar.idpedido=336 and auxiliar.producao=0 and estoque.codigo=auxiliar.original and auxiliar.idtimer="28112019162241111014090054100MOBILEjulia" order by estoque.grupo,auxiliar.id
28/11 16:23:15 - GRUPOS:<1,1850><1,1852><2,1851>
28/11 16:23:15 - PERFIL 5
28/11 16:23:15 - cupom_impressao_producao(336,True,"",[],1850
1852
,4);
28/11 16:23:15 - IOK 1 STAGE => 28
28/11 16:23:15 - PERFIL 7
28/11 16:23:15 - cupom_impressao_producao(336,True,"",[],1851
,4);
28/11 16:23:15 - IOK 1 STAGE => 28
28/11 16:23:15 - passo 10
28/11 16:23:15 0 - {"sessao":"28112019162241111014090054100MOBILEjulia","operacao":"PIT","pedido":"336","usuario":"11","terminal":"10","conf":"3|1","items":[{"i0":"1|1"},{"i1":"38|1|3C333E434F4D2047454C4F7E7C30|2D2D2D620D0A434F4D2047454C4F0D0A53454D2047454C4F|0"},{"i2":"14|1|3C323E414C46414345204520544F4D4154457C3C323E4241434F4E2048427C3C333E50414F204155535452414C49414E4F5B50414F5D7C3C333E43414C4142524553415B424C454E445D7E7C31|2D2D2D630D0A3C2B3E0D0A5B504F4E544F5F41535341444F5D0D0A50414F204252494F4348455B50414F5D0D0A50414F204155535452414C49414E4F5B50414F5D0D0A424F56494E4F5B424C454E445D0D0A43414C4142524553415B424C454E445D0D0A455256494C48415B424C454E445D0D0A46414C4146454C5B424C454E445D0D0A4652414E474F5B424C454E445D0D0A515545494A4F20434845444441525B515545494A4F5D0D0A515545494A4F20505241544F5B515545494A4F5D0D0A515545494A4F20455350454349414C5B515545494A4F5D|2,9"}]}
28/11 16:23:15 2 -  0,219t OK
17/12 21:45:23 - Iniciando Suporte Mobile 64 bit Versao: 1.15.17/12/2019 20:06
17/12 21:45:23 - Iniciado na porta => 4409
17/12 21:45:23 - Terminal: 1
17/12 21:45:23 - BANCO DE DADOS ONLINE > LOCALHOST:hbecia
17/12 21:46:45 - JSON INVALIDO:
17/12 21:46:45 - JSON INVALIDO:
17/12 21:47:14 - JSON INVALIDO:
17/12 21:47:14 - JSON INVALIDO:
17/12 21:48:49 - ***  SERVIÇO PARADO
17/12 21:48:51 - Iniciando Suporte Mobile 64 bit Versao: 1.15.17/12/2019 20:06
17/12 21:48:51 - Variaveis
17/12 21:48:51 - CurrencyString="R$", CurrencyFormat="#2", NegCurrFormat="#9", ThousandSeparator=".", DecimalSeparator=",", CurrencyDecimals="2", DateSeparator="/", ShortDateFormat="dd/MM/yyyy", LongDateFormat="dddd, d' de 'MMMM' de 'yyyy", TimeSeparator=":", TimeAMString="", TimePMString="", ShortTimeFormat="hh:mm", LongTimeFormat="hh:mm:ss", TwoDigitYearCenturyWindow="50", ListSeparator=";"
17/12 21:48:51 - TCP Servidor
17/12 21:48:51 - TCP Cliente
17/12 21:48:51 - Iniciado na porta => 4409
17/12 21:48:51 - Formato Valores:        -1.254,87 | -1254,87|        1.254,87 | 1254,87
17/12 21:48:51 - Formato Data   : 17/12/2019 21:48:51
17/12 21:48:51 - Flags debug 1 sem log 0
17/12 21:48:51 - h > LOCALHOST p > 3306 d > hbecia u > root
17/12 21:48:51 - Terminal: 1
17/12 21:48:51 - BANCO DE DADOS ONLINE > LOCALHOST:hbecia
17/12 21:48:51 - PRECO => 23 /            23,00/23/23
17/12 21:48:51 - iniciar_identificacao_computador
17/12 21:48:52 - sistema_pegar_perfil
17/12 21:48:52 - empresa_carregar_segmentos
17/12 21:48:52 - rcs_iniciar_variaveis_globais
17/12 21:48:52 - terminal_id
17/12 21:48:52 - mesas_comandas
17/12 21:48:52 - LPRINT
17/12 21:48:52 - Status: Config => 192.168.88.83:9100
17/12 21:48:52 - Status: Config => 192.168.88.83:9100
17/12 21:48:52 - Status: Config => c:9100
17/12 21:48:52 - Status: Config => 192.168.88.83:9100
17/12 21:48:52 - LISTA DE IMPRESSORAS CARREGADA 4
