17/12 21:48:52 - carregarImp
17/12 21:48:52 - salvando log -> C:\rcsv\App\mobile64\log\logs\LOG_APP_MOBILE_SERVICE_64_4.log
17/12 21:48:52 - objetos
17/12 21:48:52 - produtos_gerenciamento_de_estoque
17/12 21:48:52 - # status 100%
17/12 21:48:57 - JSON INVALIDO:
17/12 21:48:57 - JSON INVALIDO:
17/12 21:49:47 - JSON INVALIDO:
17/12 21:49:47 - JSON INVALIDO:
17/12 21:53:38 - STATUS DO SERVIDOR {"operacao":"status","id":"TERMINALX"}
17/12 21:53:38 0 - POST / HTTP/1.1
HOST: 192.168.88.44:4409
content-length: 38

{"operacao":"status","id":"TERMINALX"} t:0,016 => OK
17/12 21:55:41 - ***  SERVIÇO PARADO
17/12 21:55:44 - Iniciando Suporte Mobile 64 bit Versao: 1.15.17/12/2019 20:06
17/12 21:55:44 - Variaveis
17/12 21:55:44 - CurrencyString="R$", CurrencyFormat="#2", NegCurrFormat="#9", ThousandSeparator=".", DecimalSeparator=",", CurrencyDecimals="2", DateSeparator="/", ShortDateFormat="dd/MM/yyyy", LongDateFormat="dddd, d' de 'MMMM' de 'yyyy", TimeSeparator=":", TimeAMString="", TimePMString="", ShortTimeFormat="hh:mm", LongTimeFormat="hh:mm:ss", TwoDigitYearCenturyWindow="50", ListSeparator=";"
17/12 21:55:44 - TCP Servidor
17/12 21:55:44 - TCP Cliente
17/12 21:55:44 - Iniciado na porta => 4409
17/12 21:55:44 - Formato Valores:        -1.254,87 | -1254,87|        1.254,87 | 1254,87
17/12 21:55:44 - Formato Data   : 17/12/2019 21:55:44
17/12 21:55:44 - Flags debug 1 sem log 0
17/12 21:55:44 - h > LOCALHOST p > 3306 d > hbecia u > root
17/12 21:55:44 - Terminal: 1
17/12 21:55:44 - BANCO DE DADOS ONLINE > LOCALHOST:hbecia
17/12 21:55:44 - PRECO => 23 /            23,00/23/23
17/12 21:55:44 - iniciar_identificacao_computador
17/12 21:55:44 - sistema_pegar_perfil
17/12 21:55:44 - empresa_carregar_segmentos
17/12 21:55:44 - rcs_iniciar_variaveis_globais
17/12 21:55:44 - terminal_id
17/12 21:55:44 - mesas_comandas
17/12 21:55:44 - LPRINT
17/12 21:55:44 - Status: Config => 192.168.88.83:9100
17/12 21:55:44 - Status: Config => 192.168.88.83:9100
17/12 21:55:44 - Status: Config => c:9100
17/12 21:55:44 - Status: Config => 192.168.88.83:9100
17/12 21:55:44 - LISTA DE IMPRESSORAS CARREGADA 4
17/12 21:55:44 - carregarImp
17/12 21:55:44 - objetos
17/12 21:55:44 - produtos_gerenciamento_de_estoque
17/12 21:55:44 - # status 100%
17/12 21:55:56 - STATUS DO SERVIDOR {"operacao":"status","id":"TERMINALX"}
17/12 21:55:56 0 - POST / HTTP/1.1
HOST: 192.168.88.44:4409
content-length: 38

{"operacao":"status","id":"TERMINALX"} t:0,015 => OK
17/12 21:56:05 - STATUS DO SERVIDOR {"operacao":"status","id":"TERMINALX"}
17/12 21:56:05 0 - POST / HTTP/1.1
HOST: 192.168.88.44:4409
content-length: 38

{"operacao":"status","id":"TERMINALX"} t:0,015 => OK
17/12 21:56:29 - STATUS DO SERVIDOR {"operacao":"status","id":"TERMINALX"}
17/12 21:56:29 0 - POST / HTTP/1.1
HOST: 192.168.88.44:4409
content-length: 38

{"operacao":"status","id":"TERMINALX"} t:0,016 => OK
17/12 21:58:34 - ***  SERVIÇO PARADO
17/12 21:58:36 - Iniciando Suporte Mobile 64 bit Versao: 1.15.17/12/2019 20:06
17/12 21:58:36 - Variaveis
17/12 21:58:36 - CurrencyString="R$", CurrencyFormat="#2", NegCurrFormat="#9", ThousandSeparator=".", DecimalSeparator=",", CurrencyDecimals="2", DateSeparator="/", ShortDateFormat="dd/MM/yyyy", LongDateFormat="dddd, d' de 'MMMM' de 'yyyy", TimeSeparator=":", TimeAMString="", TimePMString="", ShortTimeFormat="hh:mm", LongTimeFormat="hh:mm:ss", TwoDigitYearCenturyWindow="50", ListSeparator=";"
17/12 21:58:36 - TCP Servidor
17/12 21:58:36 - TCP Cliente
17/12 21:58:36 - Iniciado na porta => 4409
17/12 21:58:36 - Formato Valores:        -1.254,87 | -1254,87|        1.254,87 | 1254,87
17/12 21:58:36 - Formato Data   : 17/12/2019 21:58:36
17/12 21:58:36 - Flags debug 1 sem log 0
17/12 21:58:36 - h > LOCALHOST p > 3306 d > hbecia u > root
17/12 21:58:36 - Terminal: 1
17/12 21:58:36 - BANCO DE DADOS ONLINE > LOCALHOST:hbecia
17/12 21:58:36 - PRECO => 23 /            23,00/23/23
17/12 21:58:36 - iniciar_identificacao_computador
17/12 21:58:36 - sistema_pegar_perfil
17/12 21:58:36 - empresa_carregar_segmentos
17/12 21:58:36 - rcs_iniciar_variaveis_globais
17/12 21:58:36 - terminal_id
17/12 21:58:36 - mesas_comandas
17/12 21:58:36 - LPRINT
17/12 21:58:36 - Status: Config => 192.168.88.83:9100
17/12 21:58:36 - Status: Config => 192.168.88.83:9100
17/12 21:58:36 - Status: Config => c:9100
17/12 21:58:36 - Status: Config => 192.168.88.83:9100
17/12 21:58:36 - LISTA DE IMPRESSORAS CARREGADA 4
17/12 21:58:36 - carregarImp
17/12 21:58:36 - objetos
17/12 21:58:36 - produtos_gerenciamento_de_estoque
17/12 21:58:36 - # status 100%
17/12 21:58:46 - STATUS DO SERVIDOR {"operacao":"status","id":"TERMINALX"}
17/12 21:58:46 0 - POST / HTTP/1.1
HOST: 192.168.88.44:4409
content-length: 38

{"operacao":"status","id":"TERMINALX"} t:0,016 => OK
17/12 22:00:33 - STATUS DO SERVIDOR {"operacao":"status","id":"TERMINALX"}
17/12 22:00:33 0 - POST / HTTP/1.1
HOST: 192.168.88.44:4409
content-length: 38

{"operacao":"status","id":"TERMINALX"} t:0,016 => OK
17/12 22:01:56 - STATUS DO SERVIDOR {"operacao":"status","id":"TERMINALX"}
17/12 22:01:56 0 - POST / HTTP/1.1
HOST: 192.168.88.44:4409
content-length: 38

{"operacao":"status","id":"TERMINALX"} t:0,015 => OK
17/12 22:09:50 - ***  SERVIÇO PARADO
17/12 22:09:53 - Iniciando Suporte Mobile 64 bit Versao: 1.15.17/12/2019 20:06
17/12 22:09:53 - Variaveis
17/12 22:09:53 - CurrencyString="R$", CurrencyFormat="#2", NegCurrFormat="#9", ThousandSeparator=".", DecimalSeparator=",", CurrencyDecimals="2", DateSeparator="/", ShortDateFormat="dd/MM/yyyy", LongDateFormat="dddd, d' de 'MMMM' de 'yyyy", TimeSeparator=":", TimeAMString="", TimePMString="", ShortTimeFormat="hh:mm", LongTimeFormat="hh:mm:ss", TwoDigitYearCenturyWindow="50", ListSeparator=";"
17/12 22:09:53 - TCP Servidor
17/12 22:09:53 - TCP Cliente
17/12 22:09:53 - Iniciado na porta => 4409
17/12 22:09:53 - Formato Valores:        -1.254,87 | -1254,87|        1.254,87 | 1254,87
17/12 22:09:53 - Formato Data   : 17/12/2019 22:09:53
17/12 22:09:53 - Flags debug 1 sem log 0
17/12 22:09:53 - h > LOCALHOST p > 3306 d > hbecia u > root
17/12 22:09:53 - Terminal: 1
17/12 22:09:53 - BANCO DE DADOS ONLINE > LOCALHOST:hbecia
17/12 22:09:53 - PRECO => 23 /            23,00/23/23
17/12 22:09:53 - iniciar_identificacao_computador
17/12 22:09:53 - sistema_pegar_perfil
17/12 22:09:53 - empresa_carregar_segmentos
17/12 22:09:53 - rcs_iniciar_variaveis_globais
17/12 22:09:53 - terminal_id
17/12 22:09:53 - mesas_comandas
17/12 22:09:53 - LPRINT
17/12 22:09:53 - Status: Config => 192.168.88.83:9100
17/12 22:09:53 - Status: Config => 192.168.88.83:9100
17/12 22:09:53 - Status: Config => c:9100
17/12 22:09:53 - Status: Config => 192.168.88.83:9100
17/12 22:09:53 - LISTA DE IMPRESSORAS CARREGADA 4
17/12 22:09:53 - carregarImp
17/12 22:09:53 - objetos
17/12 22:09:53 - produtos_gerenciamento_de_estoque
17/12 22:09:53 - # status 100%
17/12 22:10:14 - JSON INVALIDO: {"operacao":","mysql"}
17/12 22:10:25 - STATUS DO SERVIDOR {"operacao":"mysql"}
17/12 22:10:25 0 - ERRO => POST / HTTP/1.1
HOST: 192.168.88.44:4409
content-length: 20

{"operacao":"mysql"} => STATUS - ERRO NO PROCESSAMENTO DO PEDIDO - Access violation at address 000000000106C3EA in module 'clbmobile64.exe'. Read of address 0000000000000018 -> 50
17/12 22:15:22 - ***  SERVIÇO PARADO
17/12 22:15:25 - Iniciando Suporte Mobile 64 bit Versao: 1.15.17/12/2019 20:06
17/12 22:15:25 - Variaveis
17/12 22:15:25 - CurrencyString="R$", CurrencyFormat="#2", NegCurrFormat="#9", ThousandSeparator=".", DecimalSeparator=",", CurrencyDecimals="2", DateSeparator="/", ShortDateFormat="dd/MM/yyyy", LongDateFormat="dddd, d' de 'MMMM' de 'yyyy", TimeSeparator=":", TimeAMString="", TimePMString="", ShortTimeFormat="hh:mm", LongTimeFormat="hh:mm:ss", TwoDigitYearCenturyWindow="50", ListSeparator=";"
17/12 22:15:25 - TCP Servidor
17/12 22:15:25 - TCP Cliente
17/12 22:15:25 - Iniciado na porta => 4409
17/12 22:15:25 - Formato Valores:        -1.254,87 | -1254,87|        1.254,87 | 1254,87
17/12 22:15:25 - Formato Data   : 17/12/2019 22:15:25
17/12 22:15:25 - Flags debug 1 sem log 0
17/12 22:15:25 - h > LOCALHOST p > 3306 d > hbecia u > root
17/12 22:15:25 - Terminal: 1
17/12 22:15:25 - BANCO DE DADOS ONLINE > LOCALHOST:hbecia
17/12 22:15:25 - PRECO => 23 /            23,00/23/23
17/12 22:15:25 - iniciar_identificacao_computador
17/12 22:15:25 - sistema_pegar_perfil
17/12 22:15:25 - empresa_carregar_segmentos
17/12 22:15:25 - rcs_iniciar_variaveis_globais
17/12 22:15:25 - terminal_id
17/12 22:15:25 - mesas_comandas
17/12 22:15:25 - LPRINT
17/12 22:15:25 - Status: Config => 192.168.88.83:9100
17/12 22:15:25 - Status: Config => 192.168.88.83:9100
17/12 22:15:25 - Status: Config => c:9100
17/12 22:15:25 - Status: Config => 192.168.88.83:9100
17/12 22:15:25 - LISTA DE IMPRESSORAS CARREGADA 4
17/12 22:15:25 - carregarImp
17/12 22:15:25 - objetos
17/12 22:15:25 - produtos_gerenciamento_de_estoque
17/12 22:15:25 - # status 100%
17/12 22:15:37 - STATUS DO SERVIDOR {"operacao":"mysql"}
17/12 22:15:37 0 - ERRO => POST / HTTP/1.1
HOST: 192.168.88.44:4409
content-length: 20

{"operacao":"mysql"} => STATUS - ERRO NO PROCESSAMENTO DO PEDIDO - Access violation at address 000000000106C3FD in module 'clbmobile64.exe'. Read of address 0000000000000018 -> 50
17/12 22:18:59 - ***  SERVIÇO PARADO
17/12 22:19:02 - Iniciando Suporte Mobile 64 bit Versao: 1.15.17/12/2019 20:06
17/12 22:19:02 - Variaveis
17/12 22:19:02 - CurrencyString="R$", CurrencyFormat="#2", NegCurrFormat="#9", ThousandSeparator=".", DecimalSeparator=",", CurrencyDecimals="2", DateSeparator="/", ShortDateFormat="dd/MM/yyyy", LongDateFormat="dddd, d' de 'MMMM' de 'yyyy", TimeSeparator=":", TimeAMString="", TimePMString="", ShortTimeFormat="hh:mm", LongTimeFormat="hh:mm:ss", TwoDigitYearCenturyWindow="50", ListSeparator=";"
17/12 22:19:02 - TCP Servidor
17/12 22:19:02 - TCP Cliente
17/12 22:19:02 - Iniciado na porta => 4409
17/12 22:19:02 - Formato Valores:        -1.254,87 | -1254,87|        1.254,87 | 1254,87
17/12 22:19:02 - Formato Data   : 17/12/2019 22:19:02
17/12 22:19:02 - Flags debug 1 sem log 0
17/12 22:19:02 - h > LOCALHOST p > 3306 d > hbecia u > root
17/12 22:19:02 - Terminal: 1
17/12 22:19:02 - BANCO DE DADOS ONLINE > LOCALHOST:hbecia
17/12 22:19:02 - PRECO => 23 /            23,00/23/23
17/12 22:19:02 - iniciar_identificacao_computador
17/12 22:19:02 - sistema_pegar_perfil
17/12 22:19:02 - empresa_carregar_segmentos
17/12 22:19:02 - rcs_iniciar_variaveis_globais
17/12 22:19:02 - terminal_id
17/12 22:19:02 - mesas_comandas
17/12 22:19:02 - LPRINT
17/12 22:19:02 - Status: Config => 192.168.88.83:9100
17/12 22:19:02 - Status: Config => 192.168.88.83:9100
17/12 22:19:02 - Status: Config => c:9100
17/12 22:19:02 - Status: Config => 192.168.88.83:9100
17/12 22:19:02 - LISTA DE IMPRESSORAS CARREGADA 4
17/12 22:19:02 - carregarImp
17/12 22:19:02 - objetos
17/12 22:19:02 - produtos_gerenciamento_de_estoque
17/12 22:19:02 - # status 100%
17/12 22:19:11 - DADOS MYSQL {"operacao":"mysql"}
17/12 22:19:11 0 - POST / HTTP/1.1
HOST: 192.168.88.44:4409
content-length: 20

{"operacao":"mysql"} => OK
17/12 23:17:46 - DADOS MYSQL {"operacao":"mysql"}
17/12 23:17:46 0 - POST / HTTP/1.1
HOST: 192.168.88.44:4409
content-length: 20

{"operacao":"mysql"} t:0,016 => OK
17/12 23:41:08 - ***  SERVIÇO PARADO
17/12 23:41:11 - Iniciando Suporte Mobile 64 bit Versao: 1.15.17/12/2019 20:06
17/12 23:41:11 - Variaveis
17/12 23:41:11 - CurrencyString="R$", CurrencyFormat="#2", NegCurrFormat="#9", ThousandSeparator=".", DecimalSeparator=",", CurrencyDecimals="2", DateSeparator="/", ShortDateFormat="dd/MM/yyyy", LongDateFormat="dddd, d' de 'MMMM' de 'yyyy", TimeSeparator=":", TimeAMString="", TimePMString="", ShortTimeFormat="hh:mm", LongTimeFormat="hh:mm:ss", TwoDigitYearCenturyWindow="50", ListSeparator=";"
17/12 23:41:11 - TCP Servidor
17/12 23:41:11 - TCP Cliente
17/12 23:41:11 - Iniciado na porta => 4409
17/12 23:41:11 - Formato Valores:        -1.254,87 | -1254,87|        1.254,87 | 1254,87
17/12 23:41:11 - Formato Data   : 17/12/2019 23:41:11
17/12 23:41:11 - Flags debug 1 sem log 0
17/12 23:41:11 - h > LOCALHOST p > 3306 d > hbecia u > root
17/12 23:41:11 - Terminal: 1
17/12 23:41:11 - BANCO DE DADOS ONLINE > LOCALHOST:hbecia
17/12 23:41:11 - PRECO => 23 /            23,00/23/23
17/12 23:41:11 - iniciar_identificacao_computador
17/12 23:41:11 - sistema_pegar_perfil
17/12 23:41:11 - empresa_carregar_segmentos
17/12 23:41:11 - rcs_iniciar_variaveis_globais
17/12 23:41:11 - terminal_id
17/12 23:41:11 - mesas_comandas
17/12 23:41:11 - LPRINT
17/12 23:41:11 - Status: Config => 192.168.88.83:9100
17/12 23:41:11 - Status: Config => 192.168.88.83:9100
17/12 23:41:11 - Status: Config => c:9100
17/12 23:41:11 - Status: Config => 192.168.88.83:9100
17/12 23:41:11 - LISTA DE IMPRESSORAS CARREGADA 4
17/12 23:41:11 - carregarImp
17/12 23:41:11 - objetos
17/12 23:41:11 - produtos_gerenciamento_de_estoque
17/12 23:41:11 - # status 100%
17/12 23:42:20 - JSON INVALIDO: {"operacao":"login",
"terminal","1",
"usuario","Atendente",
"senha","123456"}
