18/12 00:12:09 - Flags debug 1 sem log 0
18/12 00:12:09 - salvando log -> C:\rcsv\App\mobile64\log\logs\LOG_APP_MOBILE_SERVICE_64_7.log
18/12 00:12:09 - h > LOCALHOST p > 3306 d > hbecia u > root
18/12 00:12:09 - Terminal: 1
18/12 00:12:09 - BANCO DE DADOS ONLINE > LOCALHOST:hbecia
18/12 00:12:09 - PRECO => 23 /            23,00/23/23
18/12 00:12:09 - iniciar_identificacao_computador
18/12 00:12:09 - sistema_pegar_perfil
18/12 00:12:09 - empresa_carregar_segmentos
18/12 00:12:09 - rcs_iniciar_variaveis_globais
18/12 00:12:09 - terminal_id
18/12 00:12:09 - mesas_comandas
18/12 00:12:09 - LPRINT
18/12 00:12:09 - Status: Config => 192.168.88.83:9100
18/12 00:12:09 - Status: Config => 192.168.88.83:9100
18/12 00:12:09 - Status: Config => c:9100
18/12 00:12:09 - Status: Config => 192.168.88.83:9100
18/12 00:12:09 - LISTA DE IMPRESSORAS CARREGADA 4
18/12 00:12:09 - carregarImp
18/12 00:12:09 - objetos
18/12 00:12:09 - produtos_gerenciamento_de_estoque
18/12 00:12:09 - # status 100%
18/12 00:13:04 - STATUS DO SERVIDOR {"operacao":"status",
"id":"TERMIX"}
18/12 00:13:04 0 - POST / HTTP/1.1
HOST: 192.168.88.44:4409
content-type: application/json
content-length: 39

{"operacao":"status",
"id":"TERMIX"}
 t:0,015 => OK
18/12 00:13:19 - LOGIN DO USUARIO {"operacao":"login",
"terminal":"1",
"usuario":"JULIA",
"senha":"123456"}
18/12 00:13:19 0 - POST / HTTP/1.1
HOST: 192.168.88.44:4409
content-type: application/json
content-length: 76

{"operacao":"login",
"terminal":"1",
"usuario":"JULIA",
"senha":"123456"} t:0,016 => OK
18/12 00:13:32 - DADOS MYSQL {"operacao":"mysql"}
18/12 00:13:32 0 - POST / HTTP/1.1
HOST: 192.168.88.44:4409
content-type: application/json
content-length: 22


{"operacao":"mysql"} => OK
18/12 00:13:48 - DADOS MYSQL {"operacao":"mysql"}
18/12 00:13:48 0 - POST / HTTP/1.1
HOST: 192.168.88.44:4409
content-type: application/json
content-length: 20

{"operacao":"mysql"} t:0,015 => OK
18/12 00:21:46 - ***  SERVIÇO PARADO
18/12 00:21:49 - Iniciando Suporte Mobile 64 bit Versao: 1.15.17/12/2019 20:06
18/12 00:21:49 - Variaveis
18/12 00:21:49 - CurrencyString="R$", CurrencyFormat="#2", NegCurrFormat="#9", ThousandSeparator=".", DecimalSeparator=",", CurrencyDecimals="2", DateSeparator="/", ShortDateFormat="dd/MM/yyyy", LongDateFormat="dddd, d' de 'MMMM' de 'yyyy", TimeSeparator=":", TimeAMString="", TimePMString="", ShortTimeFormat="hh:mm", LongTimeFormat="hh:mm:ss", TwoDigitYearCenturyWindow="50", ListSeparator=";"
18/12 00:21:49 - TCP Servidor
18/12 00:21:49 - TCP Cliente
18/12 00:21:49 - Iniciado na porta => 4409
18/12 00:21:49 - Formato Valores:        -1.254,87 | -1254,87|        1.254,87 | 1254,87
18/12 00:21:49 - Formato Data   : 18/12/2019 00:21:49
18/12 00:21:49 - Flags debug 1 sem log 0
18/12 00:21:49 - h > LOCALHOST p > 3306 d > hbecia u > root
18/12 00:21:49 - Terminal: 1
18/12 00:21:49 - BANCO DE DADOS ONLINE > LOCALHOST:hbecia
18/12 00:21:49 - PRECO => 23 /            23,00/23/23
18/12 00:21:49 - iniciar_identificacao_computador
18/12 00:21:49 - sistema_pegar_perfil
18/12 00:21:49 - empresa_carregar_segmentos
18/12 00:21:49 - rcs_iniciar_variaveis_globais
18/12 00:21:49 - terminal_id
18/12 00:21:49 - mesas_comandas
18/12 00:21:49 - LPRINT
18/12 00:21:49 - Status: Config => 192.168.88.83:9100
18/12 00:21:49 - Status: Config => 192.168.88.83:9100
18/12 00:21:49 - Status: Config => c:9100
18/12 00:21:49 - Status: Config => 192.168.88.83:9100
18/12 00:21:49 - LISTA DE IMPRESSORAS CARREGADA 4
18/12 00:21:49 - carregarImp
18/12 00:21:49 - objetos
18/12 00:21:49 - produtos_gerenciamento_de_estoque
18/12 00:21:49 - # status 100%
18/12 00:21:52 - DADOS MYSQL {"operacao":"mysql"}
18/12 00:21:52 0 - POST / HTTP/1.1
HOST: 192.168.88.44:4409
content-type: application/json
content-length: 20

{"operacao":"mysql"} => OK
18/12 00:22:03 - STATUS DO SERVIDOR {"operacao":"status",
"id":"TERMIX"}
18/12 00:22:03 0 - POST / HTTP/1.1
HOST: 192.168.88.44:4409
content-type: application/json
content-length: 37

{"operacao":"status",
"id":"TERMIX"} t:0,015 => OK
18/12 00:22:14 - LOGIN DO USUARIO {"operacao":"login",
"terminal":"1",
"usuario":"JULIA",
"senha":"123456"}
18/12 00:22:14 0 - POST / HTTP/1.1
HOST: 192.168.88.44:4409
content-type: application/json
content-length: 76

{"operacao":"login",
"terminal":"1",
"usuario":"JULIA",
"senha":"123456"} t:0,016 => OK
18/12 00:22:19 - LOGIN DO USUARIO {"operacao":"login",
"terminal":"1",
"usuario":"JULIA",
"senha":"123456"}
18/12 00:22:19 0 - POST / HTTP/1.1
HOST: 192.168.88.44:4409
content-type: application/json
content-length: 76

{"operacao":"login",
"terminal":"1",
"usuario":"JULIA",
"senha":"123456"} t:0,016 => OK
18/12 00:22:22 - LOGIN DO USUARIO {"operacao":"login",
"terminal":"1",
"usuario":"JULIA",
"senha":"123456"}
18/12 00:22:22 0 - POST / HTTP/1.1
HOST: 192.168.88.44:4409
content-type: application/json
content-length: 76

{"operacao":"login",
"terminal":"1",
"usuario":"JULIA",
"senha":"123456"} t:0,016 => OK
18/12 00:22:23 - LOGIN DO USUARIO {"operacao":"login",
"terminal":"1",
"usuario":"JULIA",
"senha":"123456"}
18/12 00:22:23 0 - POST / HTTP/1.1
HOST: 192.168.88.44:4409
content-type: application/json
content-length: 76

{"operacao":"login",
"terminal":"1",
"usuario":"JULIA",
"senha":"123456"} => OK
18/12 00:22:26 - LOGIN DO USUARIO {"operacao":"login",
"terminal":"1",
"usuario":"JULIA",
"senha":"123456"}
18/12 00:22:26 0 - POST / HTTP/1.1
HOST: 192.168.88.44:4409
content-type: application/json
content-length: 76

{"operacao":"login",
"terminal":"1",
"usuario":"JULIA",
"senha":"123456"} t:0,016 => OK
18/12 00:25:00 - ***  SERVIÇO PARADO
18/12 00:25:03 - Iniciando Suporte Mobile 64 bit Versao: 1.15.17/12/2019 20:06
18/12 00:25:03 - Variaveis
18/12 00:25:03 - CurrencyString="R$", CurrencyFormat="#2", NegCurrFormat="#9", ThousandSeparator=".", DecimalSeparator=",", CurrencyDecimals="2", DateSeparator="/", ShortDateFormat="dd/MM/yyyy", LongDateFormat="dddd, d' de 'MMMM' de 'yyyy", TimeSeparator=":", TimeAMString="", TimePMString="", ShortTimeFormat="hh:mm", LongTimeFormat="hh:mm:ss", TwoDigitYearCenturyWindow="50", ListSeparator=";"
18/12 00:25:03 - TCP Servidor
18/12 00:25:03 - TCP Cliente
18/12 00:25:03 - Iniciado na porta => 4409
18/12 00:25:03 - Formato Valores:        -1.254,87 | -1254,87|        1.254,87 | 1254,87
18/12 00:25:03 - Formato Data   : 18/12/2019 00:25:03
18/12 00:25:03 - Flags debug 1 sem log 0
18/12 00:25:03 - h > LOCALHOST p > 3306 d > hbecia u > root
18/12 00:25:03 - Terminal: 1
18/12 00:25:03 - BANCO DE DADOS ONLINE > LOCALHOST:hbecia
18/12 00:25:03 - PRECO => 23 /            23,00/23/23
18/12 00:25:03 - iniciar_identificacao_computador
18/12 00:25:03 - sistema_pegar_perfil
18/12 00:25:03 - empresa_carregar_segmentos
18/12 00:25:03 - rcs_iniciar_variaveis_globais
18/12 00:25:03 - terminal_id
18/12 00:25:03 - mesas_comandas
18/12 00:25:03 - LPRINT
18/12 00:25:03 - Status: Config => 192.168.88.83:9100
18/12 00:25:03 - Status: Config => 192.168.88.83:9100
18/12 00:25:03 - Status: Config => c:9100
18/12 00:25:03 - Status: Config => 192.168.88.83:9100
18/12 00:25:03 - LISTA DE IMPRESSORAS CARREGADA 4
18/12 00:25:03 - carregarImp
18/12 00:25:03 - objetos
18/12 00:25:03 - produtos_gerenciamento_de_estoque
18/12 00:25:03 - # status 100%
18/12 00:25:11 - LOGIN DO USUARIO {"operacao":"login",
"terminal":"1",
"usuario":"JULIA",
"senha":"123456"}
18/12 00:25:11 0 - POST / HTTP/1.1
HOST: 192.168.88.44:4409
content-type: application/json
content-length: 76

{"operacao":"login",
"terminal":"1",
"usuario":"JULIA",
"senha":"123456"} t:0,016 => OK
18/12 00:25:22 - STATUS DO SERVIDOR {"operacao":"status",
"id":"TERMIX"}
18/12 00:25:22 0 - POST / HTTP/1.1
HOST: 192.168.88.44:4409
content-type: application/json
content-length: 37

{"operacao":"status",
"id":"TERMIX"} t:0,016 => OK
18/12 00:25:31 - LOGIN DO USUARIO {"operacao":"login",
"terminal":"1",
"usuario":"JULIA",
"senha":"123456"}
18/12 00:25:31 0 - POST / HTTP/1.1
HOST: 192.168.88.44:4409
content-type: application/json
content-length: 76

{"operacao":"login",
"terminal":"1",
"usuario":"JULIA",
"senha":"123456"} t:0,015 => OK
18/12 00:25:40 - LOGIN DO USUARIO {"operacao":"login",
"terminal":"1",
"usuario":"JULIA",
"senha":"123456"}
18/12 00:25:40 0 - POST / HTTP/1.1
HOST: 192.168.88.44:4409
content-type: application/json
content-length: 76

{"operacao":"login",
"terminal":"1",
"usuario":"JULIA",
"senha":"123456"} t:0,016 => OK
18/12 00:29:00 - ***  SERVIÇO PARADO
18/12 00:29:03 - Iniciando Suporte Mobile 64 bit Versao: 1.15.17/12/2019 20:06
18/12 00:29:03 - Variaveis
18/12 00:29:03 - CurrencyString="R$", CurrencyFormat="#2", NegCurrFormat="#9", ThousandSeparator=".", DecimalSeparator=",", CurrencyDecimals="2", DateSeparator="/", ShortDateFormat="dd/MM/yyyy", LongDateFormat="dddd, d' de 'MMMM' de 'yyyy", TimeSeparator=":", TimeAMString="", TimePMString="", ShortTimeFormat="hh:mm", LongTimeFormat="hh:mm:ss", TwoDigitYearCenturyWindow="50", ListSeparator=";"
18/12 00:29:03 - TCP Servidor
18/12 00:29:03 - TCP Cliente
18/12 00:29:03 - Iniciado na porta => 4409
18/12 00:29:03 - Formato Valores:        -1.254,87 | -1254,87|        1.254,87 | 1254,87
