10/10 15:26:37 - terminal: 3
10/10 15:26:37 - salvando log -> C:\rcsv\App\mobile64\log\logs\LOG_APP_MOBILE_SERVICE_64_0.log
10/10 15:26:37 - conf: 1|1
10/10 15:26:37 0 - 4|1
10/10 15:26:37 - dados
10/10 15:26:37 - passo 1
10/10 15:26:37 - passo 2
10/10 15:26:37 - passo 3
10/10 15:26:37 - passo 4
10/10 15:26:37 - passo 5
10/10 15:26:37 - passo 6
10/10 15:26:37 - passo 7
10/10 15:26:37 - passo 7A-0
10/10 15:26:37 - VALORES? 17,90/17,9/17,9/,/"17.9"
10/10 15:26:37 - passo 7B-0
10/10 15:26:37 - passo 7C-0
10/10 15:26:37 - passo 7D-0
10/10 15:26:37 - passo 8
10/10 15:26:37 - passo 9
10/10 15:26:37 - PRODUCAO => id:26 user:2term:3 hora: sessao:10102019152634136028825353636090131404MOBILEADM
10/10 15:26:37 - select estoque.grupo,auxiliar.id from auxiliar,estoque where auxiliar.idpedido=26 and auxiliar.producao=0 and estoque.codigo=auxiliar.original and auxiliar.idtimer="10102019152634136028825353636090131404MOBILEADM" order by estoque.grupo,auxiliar.id
10/10 15:26:37 - GRUPOS:<1,486>
10/10 15:26:37 - Status: Config => 192.168.88.41:9100
10/10 15:26:37 - CIS Status: Create
10/10 15:26:39 - CIS Status: Exception = > Falha da impressora => 192.168.88.41
10/10 15:26:39 - Status: Config => 192.168.88.41:9100
10/10 15:26:39 - CIS Status: Create
10/10 15:26:41 - CIS Status: Exception = > Falha da impressora => 192.168.88.41
10/10 15:26:41 - PERFIL 7
10/10 15:26:41 - ERRO 50
10/10 15:26:41 - SPOOLER
10/10 15:26:41 - passo 10
10/10 15:26:41 0 - {"sessao":"10102019152634136028825353636090131404MOBILEADM","operacao":"PIT","pedido":"26","usuario":"1","terminal":"3","conf":"1|1","items":[{"i0":"4|1"}]}
10/10 15:26:41 2 -  4,094t OK
10/10 15:27:05 - PEDIDOS SOLICITADO {"sessao":"101020191527011365104518353636090131404MOBILEADM","operacao":"PIT","pedido":"28","usuario":"1","terminal":"3","conf":"1|1","items":[{"i0":"46|1"}]}
10/10 15:27:05 - sessao: 101020191527011365104518353636090131404MOBILEADM
10/10 15:27:05 - id: 28
10/10 15:27:05 - usuario: 1
10/10 15:27:05 - terminal: 3
10/10 15:27:05 - conf: 1|1
10/10 15:27:05 0 - 46|1
10/10 15:27:05 - dados
10/10 15:27:05 - passo 1
10/10 15:27:05 - passo 2
10/10 15:27:05 - passo 3
10/10 15:27:05 - passo 4
10/10 15:27:05 - passo 5
10/10 15:27:05 - passo 6
10/10 15:27:05 - passo 7
10/10 15:27:05 - passo 7A-0
10/10 15:27:05 - VALORES? 12,50/12,5/12,5/,/"12.5"
10/10 15:27:05 - passo 7B-0
10/10 15:27:05 - passo 7C-0
10/10 15:27:05 - passo 7D-0
10/10 15:27:05 - passo 8
10/10 15:27:05 - passo 9
10/10 15:27:05 - PRODUCAO => id:28 user:2term:3 hora: sessao:101020191527011365104518353636090131404MOBILEADM
10/10 15:27:05 - select estoque.grupo,auxiliar.id from auxiliar,estoque where auxiliar.idpedido=28 and auxiliar.producao=0 and estoque.codigo=auxiliar.original and auxiliar.idtimer="101020191527011365104518353636090131404MOBILEADM" order by estoque.grupo,auxiliar.id
10/10 15:27:05 - GRUPOS:<2,487>
10/10 15:27:05 - Status: Config => 192.168.88.41:9100
10/10 15:27:05 - CIS Status: Create
10/10 15:27:06 - CIS Status: Exception = > Falha da impressora => 192.168.88.41
10/10 15:27:07 - Status: Config => 192.168.88.41:9100
10/10 15:27:07 - CIS Status: Create
10/10 15:27:09 - CIS Status: Exception = > Falha da impressora => 192.168.88.41
10/10 15:27:09 - PERFIL 7
10/10 15:27:09 - ERRO 50
10/10 15:27:09 - SPOOLER
10/10 15:27:09 - passo 10
10/10 15:27:09 0 - {"sessao":"101020191527011365104518353636090131404MOBILEADM","operacao":"PIT","pedido":"28","usuario":"1","terminal":"3","conf":"1|1","items":[{"i0":"46|1"}]}
10/10 15:27:09 2 -  4,094t OK
11/10 16:21:18 - PEDIDOS SOLICITADO {"sessao":"11102019162112132389234353636090131404MOBILEADM","operacao":"PIT","pedido":"26","usuario":"1","terminal":"3","conf":"1|1","items":[{"i0":"27|1||2D2D2D|0"}]}
11/10 16:21:18 - sessao: 11102019162112132389234353636090131404MOBILEADM
11/10 16:21:18 - id: 26
11/10 16:21:18 - usuario: 1
11/10 16:21:18 - terminal: 3
11/10 16:21:18 - conf: 1|1
11/10 16:21:18 0 - 27|1||2D2D2D|0
11/10 16:21:18 - dados
11/10 16:21:18 - passo 1
11/10 16:21:18 - passo 2
11/10 16:21:18 - passo 3
11/10 16:21:18 - passo 4
11/10 16:21:18 - passo 5
11/10 16:21:18 - passo 6
11/10 16:21:18 - passo 7
11/10 16:21:18 - passo 7A-0
11/10 16:21:18 - VALORES? 11,90/11,9/11,9/,/"11.9"
11/10 16:21:18 - passo 7B-0
11/10 16:21:18 - passo 7C-0
11/10 16:21:18 - passo 7D-0
11/10 16:21:18 - passo 8
11/10 16:21:18 - passo 9
11/10 16:21:18 - PRODUCAO => id:26 user:2term:3 hora: sessao:11102019162112132389234353636090131404MOBILEADM
11/10 16:21:18 - select estoque.grupo,auxiliar.id from auxiliar,estoque where auxiliar.idpedido=26 and auxiliar.producao=0 and estoque.codigo=auxiliar.original and auxiliar.idtimer="11102019162112132389234353636090131404MOBILEADM" order by estoque.grupo,auxiliar.id
11/10 16:21:18 - GRUPOS:<2,502>
11/10 16:21:18 - Status: Config => 192.168.88.41:9100
11/10 16:21:18 - CIS Status: Create
11/10 16:21:19 - CIS Status: Exception = > Falha da impressora => 192.168.88.41
11/10 16:21:20 - Status: Config => 192.168.88.41:9100
11/10 16:21:20 - CIS Status: Create
11/10 16:21:21 - CIS Status: Exception = > Falha da impressora => 192.168.88.41
11/10 16:21:22 - PERFIL 7
11/10 16:21:22 - ERRO 50
11/10 16:21:22 - SPOOLER
11/10 16:21:22 - passo 10
11/10 16:21:22 0 - {"sessao":"11102019162112132389234353636090131404MOBILEADM","operacao":"PIT","pedido":"26","usuario":"1","terminal":"3","conf":"1|1","items":[{"i0":"27|1||2D2D2D|0"}]}
11/10 16:21:22 2 -  4,094t OK
11/10 16:22:35 - ***  SERVIÇO PARADO
11/10 16:22:38 - Iniciando Suporte Mobile 64bit Versao: 1.13
11/10 16:22:38 - Variaveis
11/10 16:22:38 - CurrencyString="R$", CurrencyFormat="#2", NegCurrFormat="#9", ThousandSeparator=".", DecimalSeparator=",", CurrencyDecimals="2", DateSeparator="/", ShortDateFormat="dd/MM/yyyy", LongDateFormat="dddd, d' de 'MMMM' de 'yyyy", TimeSeparator=":", TimeAMString="", TimePMString="", ShortTimeFormat="hh:mm", LongTimeFormat="hh:mm:ss", TwoDigitYearCenturyWindow="50", ListSeparator=";"
11/10 16:22:38 - TCP Servidor
11/10 16:22:38 - TCP Cliente
11/10 16:22:38 - Iniciado na porta => 4406
11/10 16:22:38 - Formato Valores:        -1.254,87 | -1254,87|        1.254,87 | 1254,87
11/10 16:22:38 - Formato Data   : 11/10/2019 16:22:38
11/10 16:22:38 - Flags debug 1 sem log 0
11/10 16:22:38 - h > 192.168.88.37 p > 3306 d > hbecia u > root
11/10 16:22:38 - Terminal: 1
11/10 16:22:38 - BANCO DE DADOS ONLINE > 192.168.88.37:hbecia
11/10 16:22:38 - PRECO => 2 /             2,00/2/2
11/10 16:22:38 - iniciar_identificacao_computador
11/10 16:22:38 - sistema_pegar_perfil
11/10 16:22:38 - empresa_carregar_segmentos
11/10 16:22:38 - rcs_iniciar_variaveis_globais
11/10 16:22:38 - terminal_id
11/10 16:22:38 - mesas_comandas
11/10 16:22:38 - LPRINT
11/10 16:22:38 - Status: Config => 192.168.88.83:9100
11/10 16:22:38 - Status: Config => 192.168.88.83:9100
11/10 16:22:38 - Status: Config => c:9100
11/10 16:22:38 - Status: Config => 192.168.88.83:9100
11/10 16:22:38 - LISTA DE IMPRESSORAS CARREGADA 4
11/10 16:22:38 - carregarImp
11/10 16:22:38 - objetos
11/10 16:22:38 - produtos_gerenciamento_de_estoque
11/10 16:22:38 - # status 100%
11/10 16:24:25 - PEDIDOS SOLICITADO {"sessao":"111020191624161353466186353636090131404MOBILEADM","operacao":"PIT","pedido":"26","usuario":"1","terminal":"3","conf":"1|1","items":[{"i0":"21|1|3C333E50414F204252494F4348455B5D7E|2D2D2D630A3C2B3E0A5B504F4E544F5F41535341444F5D0A50414F204155535452414C49414E4F5B5D0A50414F204252494F4348455B5D0A424C454E4420424F56494E4F0A424C454E442043414C4142524553410A424C454E44204652414E474F0A424C454E442046414C4146454C|0"}]}
11/10 16:24:25 - sessao: 111020191624161353466186353636090131404MOBILEADM
11/10 16:24:25 - id: 26
11/10 16:24:25 - usuario: 1
11/10 16:24:25 - terminal: 3
11/10 16:24:25 - conf: 1|1
11/10 16:24:25 0 - 21|1|3C333E50414F204252494F4348455B5D7E|2D2D2D630A3C2B3E0A5B504F4E544F5F41535341444F5D0A50414F204155535452414C49414E4F5B5D0A50414F204252494F4348455B5D0A424C454E4420424F56494E4F0A424C454E442043414C4142524553410A424C454E44204652414E474F0A424C454E442046414C4146454C|0
11/10 16:24:25 - dados
11/10 16:24:25 - passo 1
11/10 16:24:25 - passo 2
11/10 16:24:25 - passo 3
11/10 16:24:25 - passo 4
11/10 16:24:25 - passo 5
11/10 16:24:25 - passo 6
11/10 16:24:25 - passo 7
11/10 16:24:25 - passo 7A-0
11/10 16:24:25 - VALORES? 29,90/29,9/29,9/,/"29.9"
11/10 16:24:25 - passo 7B-0
11/10 16:24:25 - passo 7C-0
11/10 16:24:25 - passo 7D-0
11/10 16:24:25 - passo 8
11/10 16:24:25 - passo 9
11/10 16:24:25 - PRODUCAO => id:26 user:2term:3 hora: sessao:111020191624161353466186353636090131404MOBILEADM
11/10 16:24:25 - select estoque.grupo,auxiliar.id from auxiliar,estoque where auxiliar.idpedido=26 and auxiliar.producao=0 and estoque.codigo=auxiliar.original and auxiliar.idtimer="111020191624161353466186353636090131404MOBILEADM" order by estoque.grupo,auxiliar.id
11/10 16:24:25 - GRUPOS:<1,503>
11/10 16:24:25 - Status: Config => 192.168.88.83:9100
11/10 16:24:25 - CIS Status: Create
11/10 16:24:25 - CIS Status: Connect
11/10 16:24:25 - Status: Write cmd #16#4 (1..4)
11/10 16:24:25 - Status: ok
11/10 16:24:25 - Status: Tampa aberta 0, Sem Papel 0, Off-line 0, Erro1 0, Erro2 0, Erro3 0, Erro4 0
11/10 16:24:25 - CIS Status: Close
11/10 16:24:25 - PERFIL 7
11/10 16:24:25 - cupom_impressao_producao(26,True,"",[],503
,2);
11/10 16:24:25 - IOK 1 STAGE => 28
11/10 16:24:25 - passo 10
11/10 16:24:25 0 - {"sessao":"111020191624161353466186353636090131404MOBILEADM","operacao":"PIT","pedido":"26","usuario":"1","terminal":"3","conf":"1|1","items":[{"i0":"21|1|3C333E50414F204252494F4348455B5D7E|2D2D2D630A3C2B3E0A5B504F4E544F5F41535341444F5D0A50414F204155535452414C49414E4F5B5D0A50414F204252494F4348455B5D0A424C454E4420424F56494E4F0A424C454E442043414C4142524553410A424C454E44204652414E474F0A424C454E442046414C4146454C|0"}]}
11/10 16:24:25 2 -  0,485t OK
11/10 16:25:04 - PEDIDOS SOLICITADO {"sessao":"1110201916244113148085142353636090131404MOBILEADM","operacao":"PIT","pedido":"26","usuario":"1","terminal":"3","conf":"1|1","items":[{"i0":"20|1|3C323E4D41494F4E4553452053524952414348417C3C323E515545494A4F20434845444441527C3C333E50414F204155535452414C49414E4F5B50414F5D7C3C333E424C454E4420424F56494E4F5B424C454E445D7C3C333E515545494A4F20505241544F5B515545494A4F5D7E556D6D6D6D207465737465|2D2D2D630A3C2B3E0A5B504F4E544F5F41535341444F5D0A50414F204155535452414C49414E4F5B50414F5D0A50414F204252494F4348455B50414F5D0A424C454E4420424F56494E4F5B424C454E445D0A424C454E442043414C4142524553415B424C454E445D0A424C454E44204652414E474F5B424C454E445D0A424C454E442046414C4146454C5B424C454E445D0A515545494A4F20505241544F5B515545494A4F5D0A515545494A4F20434845444445525B515545494A4F5D0A515545494A4F204D5553534152454C415B515545494A4F5D|5,9"}]}
11/10 16:25:04 - sessao: 1110201916244113148085142353636090131404MOBILEADM
11/10 16:25:04 - id: 26
11/10 16:25:04 - usuario: 1
11/10 16:25:04 - terminal: 3
11/10 16:25:04 - conf: 1|1
11/10 16:25:04 0 - 20|1|3C323E4D41494F4E4553452053524952414348417C3C323E515545494A4F20434845444441527C3C333E50414F204155535452414C49414E4F5B50414F5D7C3C333E424C454E4420424F56494E4F5B424C454E445D7C3C333E515545494A4F20505241544F5B515545494A4F5D7E556D6D6D6D207465737465|2D2D2D630A3C2B3E0A5B504F4E544F5F41535341444F5D0A50414F204155535452414C49414E4F5B50414F5D0A50414F204252494F4348455B50414F5D0A424C454E4420424F56494E4F5B424C454E445D0A424C454E442043414C4142524553415B424C454E445D0A424C454E44204652414E474F5B424C454E445D0A424C454E442046414C4146454C5B424C454E445D0A515545494A4F20505241544F5B515545494A4F5D0A515545494A4F20434845444445525B515545494A4F5D0A515545494A4F204D5553534152454C415B515545494A4F5D|5,9
11/10 16:25:04 - dados
11/10 16:25:04 - passo 1
11/10 16:25:04 - passo 2
11/10 16:25:04 - passo 3
11/10 16:25:04 - passo 4
11/10 16:25:04 - passo 5
11/10 16:25:04 - passo 6
11/10 16:25:04 - passo 7
11/10 16:25:04 - passo 7A-0
11/10 16:25:04 - VALORES? 29,90/29,9/29,9/,/"29.9"
11/10 16:25:04 - passo 7B-0
11/10 16:25:04 - passo 7C-0
11/10 16:25:04 - passo 7D-0
11/10 16:25:04 - passo 8
11/10 16:25:04 - passo 9
11/10 16:25:04 - PRODUCAO => id:26 user:2term:3 hora: sessao:1110201916244113148085142353636090131404MOBILEADM
11/10 16:25:04 - select estoque.grupo,auxiliar.id from auxiliar,estoque where auxiliar.idpedido=26 and auxiliar.producao=0 and estoque.codigo=auxiliar.original and auxiliar.idtimer="1110201916244113148085142353636090131404MOBILEADM" order by estoque.grupo,auxiliar.id
11/10 16:25:04 - GRUPOS:<1,504>
11/10 16:25:04 - Status: Config => 192.168.88.83:9100
11/10 16:25:04 - CIS Status: Create
11/10 16:25:04 - CIS Status: Connect
11/10 16:25:04 - Status: Write cmd #16#4 (1..4)
11/10 16:25:04 - Status: ok
11/10 16:25:04 - Status: Tampa aberta 0, Sem Papel 0, Off-line 0, Erro1 0, Erro2 0, Erro3 0, Erro4 0
11/10 16:25:04 - CIS Status: Close
11/10 16:25:04 - PERFIL 7
11/10 16:25:04 - cupom_impressao_producao(26,True,"",[],504
,2);
11/10 16:25:04 - IOK 1 STAGE => 28
11/10 16:25:04 - passo 10
11/10 16:25:04 0 - {"sessao":"1110201916244113148085142353636090131404MOBILEADM","operacao":"PIT","pedido":"26","usuario":"1","terminal":"3","conf":"1|1","items":[{"i0":"20|1|3C323E4D41494F4E4553452053524952414348417C3C323E515545494A4F20434845444441527C3C333E50414F204155535452414C49414E4F5B50414F5D7C3C333E424C454E4420424F56494E4F5B424C454E445D7C3C333E515545494A4F20505241544F5B515545494A4F5D7E556D6D6D6D207465737465|2D2D2D630A3C2B3E0A5B504F4E544F5F41535341444F5D0A50414F204155535452414C49414E4F5B50414F5D0A50414F204252494F4348455B50414F5D0A424C454E4420424F56494E4F5B424C454E445D0A424C454E442043414C4142524553415B424C454E445D0A424C454E44204652414E474F5B424C454E445D0A424C454E442046414C4146454C5B424C454E445D0A515545494A4F20505241544F5B515545494A4F5D0A515545494A4F20434845444445525B515545494A4F5D0A515545494A4F204D5553534152454C415B515545494A4F5D|5,9"}]}
11/10 16:25:04 2 -  0,516t OK
12/10 16:17:10 - ***  SERVIÇO PARADO
12/10 16:17:13 - Iniciando Suporte Mobile 64bit Versao: 1.13
12/10 16:17:13 - Variaveis
12/10 16:17:13 - CurrencyString="R$", CurrencyFormat="#2", NegCurrFormat="#9", ThousandSeparator=".", DecimalSeparator=",", CurrencyDecimals="2", DateSeparator="/", ShortDateFormat="dd/MM/yyyy", LongDateFormat="dddd, d' de 'MMMM' de 'yyyy", TimeSeparator=":", TimeAMString="", TimePMString="", ShortTimeFormat="hh:mm", LongTimeFormat="hh:mm:ss", TwoDigitYearCenturyWindow="50", ListSeparator=";"
12/10 16:17:13 - TCP Servidor
12/10 16:17:13 - TCP Cliente
12/10 16:17:13 - Iniciado na porta => 4406
12/10 16:17:13 - Formato Valores:        -1.254,87 | -1254,87|        1.254,87 | 1254,87
12/10 16:17:13 - Formato Data   : 12/10/2019 16:17:13
12/10 16:17:13 - Flags debug 1 sem log 0
12/10 16:17:13 - h > 192.168.88.37 p > 3306 d > hbecia u > root
12/10 16:17:13 - Terminal: 1
12/10 16:17:13 - BANCO DE DADOS ONLINE > 192.168.88.37:hbecia
12/10 16:17:13 - PRECO => 2 /             2,00/2/2
12/10 16:17:13 - iniciar_identificacao_computador
12/10 16:17:13 - sistema_pegar_perfil
12/10 16:17:13 - empresa_carregar_segmentos
12/10 16:17:13 - rcs_iniciar_variaveis_globais
12/10 16:17:13 - terminal_id
12/10 16:17:13 - mesas_comandas
12/10 16:17:13 - LPRINT
12/10 16:17:13 - Status: Config => 192.168.88.83:9100
12/10 16:17:13 - Status: Config => 192.168.88.83:9100
12/10 16:17:13 - Status: Config => c:9100
12/10 16:17:13 - Status: Config => 192.168.88.83:9100
12/10 16:17:13 - LISTA DE IMPRESSORAS CARREGADA 4
12/10 16:17:13 - carregarImp
12/10 16:17:13 - objetos
12/10 16:17:13 - produtos_gerenciamento_de_estoque
12/10 16:17:13 - # status 100%
12/10 18:15:05 - PEDIDOS SOLICITADO {"sessao":"1210201918143813140275028353636090131404MOBILEADM","operacao":"PIT","pedido":"330","usuario":"1","terminal":"3","conf":"1|1","items":[{"i0":"14|1|3C323E4D41494F4E4553452053524952414348417C3C323E4D4F4C484F2042415242454355457C3C323E4D4F4C484F20444520434845444441527C3C333E50414F204252494F4348457E|2D2D2D630A3C2B3E0A5B504F4E544F5F41535341444F5D0A50414F204252494F4348450A50414F204155535452414C49414E4F0A424F56494E4F0A43414C4142524553410A455256494C48410A46414C4146454C0A4652414E474F0A514A20434845444441520A514A20505241544F|9,4"}]}
12/10 18:15:05 - sessao: 1210201918143813140275028353636090131404MOBILEADM
12/10 18:15:05 - id: 330
12/10 18:15:05 - usuario: 1
12/10 18:15:05 - terminal: 3
12/10 18:15:05 - conf: 1|1
12/10 18:15:05 0 - 14|1|3C323E4D41494F4E4553452053524952414348417C3C323E4D4F4C484F2042415242454355457C3C323E4D4F4C484F20444520434845444441527C3C333E50414F204252494F4348457E|2D2D2D630A3C2B3E0A5B504F4E544F5F41535341444F5D0A50414F204252494F4348450A50414F204155535452414C49414E4F0A424F56494E4F0A43414C4142524553410A455256494C48410A46414C4146454C0A4652414E474F0A514A20434845444441520A514A20505241544F|9,4
12/10 18:15:05 - dados
12/10 18:15:05 - passo 1
12/10 18:15:05 - passo 2
12/10 18:15:05 - passo 3
