24/01 10:38:55 - servico_status: {"operacao":"status","token":"c000a003","terminal":"14","id":"y2q1mmy4zdm4ytczmmexma: =","usuario":"*F16560C450","senha":"*8A40A3F180A9"}
24/01 10:38:55 - salvando log -> C:\rcsv\App\mobile64\log\logs\LOG_APP_MOBILE_SERVICE_64_P4409_1.log
24/01 10:38:55 - servico_status: {"status":"ok","terminal":"14","nome":"HAMBURGUERIA E CIA","code":"200","aviso":"Em operacao","timeout":5000}
24/01 10:38:55 - tempo: ERRO => 0,047 =>  ->
24/01 10:40:49 - servico_status: {"operacao":"status","token":"c000a003","terminal":"14","id":"y2q1mmy4zdm4ytczmmexma: ="}
24/01 10:40:49 - servico_status: {"status":"ok","terminal":"14","nome":"HAMBURGUERIA E CIA","code":"200","aviso":"Em operacao","timeout":5000}
24/01 10:40:49 - tempo: ERRO => 0,016 =>  ->
24/01 11:00:59 - servico_status: {"operacao":"status","token":"c000a003","terminal":"14","id":"y2q1mmy4zdm4ytczmmexma: ="}
24/01 11:00:59 - servico_status: {"status":"ok","terminal":"14","nome":"HAMBURGUERIA E CIA","code":"200","aviso":"Em operacao","timeout":5000}
24/01 11:00:59 - tempo: ERRO => 0,031 =>  ->
24/01 11:01:04 - servico_login GET: {"operacao":"login","token":"c000a003","terminal":"14","usuario":"*F16560C450","senha":"*8A40A3F180A9"}
24/01 11:01:04 - servico_login PUT: {"status":"ok","codigo":"11","code":"201","aviso":"Conectado","timeout":259200,"comanda":"1;42;100;10000"}
24/01 11:01:04 - tempo: ERRO => 0,031 =>  ->
24/01 11:01:05 - servico_mysql GET: {"operacao":"mysql","token":"c000a003","terminal":"14","usuario":"*F16560C450","senha":"*8A40A3F180A9"}
24/01 11:01:05 - servico_mysql PUT: {"status":"ok","ip":"192.168.88.44","porta":"3306","database":"hbecia","username":"*C9166421","password":"*D85E94BA65E2F5"}
24/01 11:01:05 - tempo: ERRO => 0,016 =>  ->
24/01 11:01:32 - servico_status: {"operacao":"status","token":"c000a003","terminal":"14","id":"y2q1mmy4zdm4ytczmmexma: ="}
24/01 11:01:32 - servico_status: {"status":"ok","terminal":"14","nome":"HAMBURGUERIA E CIA","code":"200","aviso":"Em operacao","timeout":5000}
24/01 11:01:32 - tempo: ERRO => 0,031 =>  ->
24/01 11:01:39 - servico_login GET: {"operacao":"login","token":"c000a003","terminal":"14","usuario":"*F16560C450","senha":"*8A40A3F180A9"}
24/01 11:01:39 - servico_login PUT: {"status":"ok","codigo":"11","code":"201","aviso":"Conectado","timeout":259200,"comanda":"1;42;100;10000"}
24/01 11:01:39 - tempo: ERRO => 0,032 =>  ->
24/01 11:01:39 - servico_mysql GET: {"operacao":"mysql","token":"c000a003","terminal":"14","usuario":"*F16560C450","senha":"*8A40A3F180A9"}
24/01 11:01:39 - servico_mysql PUT: {"status":"ok","ip":"192.168.88.44","porta":"3306","database":"hbecia","username":"*C9166421","password":"*D85E94BA65E2F5"}
24/01 11:01:39 - tempo: ERRO => 0,015 =>  ->
24/01 11:02:12 - servico_status: {"operacao":"status","token":"c000a003","terminal":"14","id":"y2q1mmy4zdm4ytczmmexma: ="}
24/01 11:02:12 - servico_status: {"status":"ok","terminal":"14","nome":"HAMBURGUERIA E CIA","code":"200","aviso":"Em operacao","timeout":5000}
24/01 11:02:12 - tempo: ERRO => 0,031 =>  ->
24/01 11:02:56 - servico_login GET: {"operacao":"login","token":"c000a003","terminal":"14","usuario":"*F16560C450","senha":"*8A40A3F180A9"}
24/01 11:02:56 - servico_login PUT: {"status":"ok","codigo":"11","code":"201","aviso":"Conectado","timeout":259200,"comanda":"1;42;100;10000"}
24/01 11:02:56 - tempo: ERRO => 0,016 =>  ->
24/01 11:02:57 - servico_mysql GET: {"operacao":"mysql","token":"c000a003","terminal":"14","usuario":"*F16560C450","senha":"*8A40A3F180A9"}
24/01 11:02:57 - servico_mysql PUT: {"status":"ok","ip":"192.168.88.44","porta":"3306","database":"hbecia","username":"*C9166421","password":"*D85E94BA65E2F5"}
24/01 11:02:57 - tempo: ERRO => 0,031 =>  ->
24/01 11:03:47 - servico_status: {"operacao":"status","token":"c000a003","terminal":"14","id":"y2q1mmy4zdm4ytczmmexma: ="}
24/01 11:03:47 - servico_status: {"status":"ok","terminal":"14","nome":"HAMBURGUERIA E CIA","code":"200","aviso":"Em operacao","timeout":5000}
24/01 11:03:47 - tempo: ERRO => 0,031 =>  ->
24/01 11:03:49 - servico_login GET: {"operacao":"login","token":"c000a003","terminal":"14","usuario":"*F16560C450","senha":"*8A40A3F180A9"}
24/01 11:03:49 - servico_login PUT: {"status":"ok","codigo":"11","code":"201","aviso":"Conectado","timeout":259200,"comanda":"1;42;100;10000"}
24/01 11:03:49 - tempo: ERRO => 0,031 =>  ->
24/01 11:03:50 - servico_mysql GET: {"operacao":"mysql","token":"c000a003","terminal":"14","usuario":"*F16560C450","senha":"*8A40A3F180A9"}
24/01 11:03:50 - servico_mysql PUT: {"status":"ok","ip":"192.168.88.44","porta":"3306","database":"hbecia","username":"*C9166421","password":"*D85E94BA65E2F5"}
24/01 11:03:50 - tempo: ERRO => 0,016 =>  ->
24/01 11:04:36 - servico_status: {"operacao":"status","token":"c000a003","terminal":"14","id":"y2q1mmy4zdm4ytczmmexma: =","usuario":"*F16560C450","senha":"*8A40A3F180A9"}
24/01 11:04:36 - servico_status: {"status":"ok","terminal":"14","nome":"HAMBURGUERIA E CIA","code":"200","aviso":"Em operacao","timeout":5000}
24/01 11:04:36 - tempo: ERRO => 0,031 =>  ->
24/01 11:04:38 - servico_login GET: {"operacao":"login","token":"c000a003","terminal":"14","usuario":"*F16560C450","senha":"*8A40A3F180A9"}
24/01 11:04:38 - servico_login PUT: {"status":"ok","codigo":"11","code":"201","aviso":"Conectado","timeout":259200,"comanda":"1;42;100;10000"}
24/01 11:04:38 - tempo: ERRO => 0,015 =>  ->
24/01 11:04:38 - servico_mysql GET: {"operacao":"mysql","token":"c000a003","terminal":"14","usuario":"*F16560C450","senha":"*8A40A3F180A9"}
24/01 11:04:38 - servico_mysql PUT: {"status":"ok","ip":"192.168.88.44","porta":"3306","database":"hbecia","username":"*C9166421","password":"*D85E94BA65E2F5"}
24/01 11:04:38 - tempo: ERRO => 0,031 =>  ->
24/01 11:05:02 - servico_status: {"operacao":"status","token":"c000a003","terminal":"14","id":"y2q1mmy4zdm4ytczmmexma: ="}
24/01 11:05:03 - servico_status: {"status":"ok","terminal":"14","nome":"HAMBURGUERIA E CIA","code":"200","aviso":"Em operacao","timeout":5000}
24/01 11:05:03 - tempo: ERRO => 0,015 =>  ->
24/01 11:05:09 - servico_login GET: {"operacao":"login","token":"c000a003","terminal":"14","usuario":"*F16560C450","senha":"*8A40A3F180A9"}
24/01 11:05:09 - servico_login PUT: {"status":"ok","codigo":"11","code":"201","aviso":"Conectado","timeout":259200,"comanda":"1;42;100;10000"}
24/01 11:05:09 - tempo: ERRO => 0,016 =>  ->
24/01 11:05:09 - servico_mysql GET: {"operacao":"mysql","token":"c000a003","terminal":"14","usuario":"*F16560C450","senha":"*8A40A3F180A9"}
24/01 11:05:09 - servico_mysql PUT: {"status":"ok","ip":"192.168.88.44","porta":"3306","database":"hbecia","username":"*C9166421","password":"*D85E94BA65E2F5"}
24/01 11:05:09 - tempo: ERRO => 0,015 =>  ->
24/01 11:10:26 - servico_status: {"operacao":"status","token":"c000a003","terminal":"14","id":"y2q1mmy4zdm4ytczmmexma: ="}
24/01 11:10:26 - servico_status: {"status":"ok","terminal":"14","nome":"HAMBURGUERIA E CIA","code":"200","aviso":"Em operacao","timeout":5000}
24/01 11:10:26 - tempo: ERRO => 0,032 =>  ->
24/01 11:10:28 - servico_login GET: {"operacao":"login","token":"c000a003","terminal":"14","usuario":"*F16560C450","senha":"*8A40A3F180A9"}
24/01 11:10:28 - servico_login PUT: {"status":"ok","codigo":"11","code":"201","aviso":"Conectado","timeout":259200,"comanda":"1;42;100;10000"}
24/01 11:10:28 - tempo: ERRO => 0,016 =>  ->
24/01 11:10:29 - servico_mysql GET: {"operacao":"mysql","token":"c000a003","terminal":"14","usuario":"*F16560C450","senha":"*8A40A3F180A9"}
24/01 11:10:29 - servico_mysql PUT: {"status":"ok","ip":"192.168.88.44","porta":"3306","database":"hbecia","username":"*C9166421","password":"*D85E94BA65E2F5"}
24/01 11:10:29 - tempo: ERRO => 0,031 =>  ->
24/01 11:55:48 - servico_status: {"operacao":"status","token":"a010a003","terminal":"13","id":"ota6qje6mum6rjc6rku6njg: "}
24/01 11:55:48 - servico_status: {"status":"ok","terminal":"15","nome":"HAMBURGUERIA E CIA","code":"200","aviso":"Em operacao","timeout":5000}
24/01 11:55:48 - tempo: ERRO => 0,032 =>  ->
24/01 11:55:52 - servico_login GET: {"operacao":"login","token":"a010a003","terminal":"15","usuario":"*D144024FFD","senha":"*8A40A3F180A9"}
24/01 11:55:52 - servico_login PUT: {"status":"ok","codigo":"11","code":"201","aviso":"Conectado","timeout":259200,"comanda":"1;42;100;10000"}
24/01 11:55:52 - tempo: ERRO => 0,032 =>  ->
24/01 11:55:52 - servico_mysql GET: {"operacao":"mysql","token":"a010a003","terminal":"15","usuario":"*D144024FFD","senha":"*8A40A3F180A9"}
24/01 11:55:52 - servico_mysql PUT: {"status":"ok","ip":"192.168.88.44","porta":"3306","database":"hbecia","username":"*C9166421","password":"*D85E94BA65E2F5"}
24/01 11:55:52 - tempo: ERRO => 0,032 =>  ->
24/01 12:00:56 - servico_status: {"operacao":"status","token":"a010a003","terminal":"15","id":"ota6qje6mum6rjc6rku6njg: "}
24/01 12:00:56 - servico_status: {"status":"ok","terminal":"15","nome":"HAMBURGUERIA E CIA","code":"200","aviso":"Em operacao","timeout":5000}
24/01 12:00:56 - tempo: ERRO => 0,031 =>  ->
24/01 12:01:04 - servico_login GET: {"operacao":"login","token":"a010a003","terminal":"15","usuario":"*D144024FFD","senha":"*8A40A3F180A964"}
24/01 12:01:04 - erro login: 104-Usuario nao cadastrado
24/01 12:01:04 - servico_login PUT: {"status":"erro","erro":"104","aviso":"Usuario nao cadastrado"}
24/01 12:01:04 - tempo: ERRO => 0,031 =>  ->
24/01 12:01:24 - servico_login GET: {"operacao":"login","token":"a010a003","terminal":"15","usuario":"*D144024FFD","senha":"*8A40A3F180A964"}
24/01 12:01:24 - erro login: 104-Usuario nao cadastrado
24/01 12:01:24 - servico_login PUT: {"status":"erro","erro":"104","aviso":"Usuario nao cadastrado"}
24/01 12:01:24 - tempo: ERRO => 0,031 =>  ->
24/01 12:01:26 - servico_login GET: {"operacao":"login","token":"a010a003","terminal":"15","usuario":"*D144024FFD","senha":"*8A40A3F180A964"}
24/01 12:01:26 - erro login: 104-Usuario nao cadastrado
24/01 12:01:26 - servico_login PUT: {"status":"erro","erro":"104","aviso":"Usuario nao cadastrado"}
24/01 12:01:26 - tempo: ERRO => 0,031 =>  ->
24/01 12:07:02 - servico_status: {"operacao":"status","token":"a010a003","terminal":"15","id":"ota6qje6mum6rjc6rku6njg: "}
24/01 12:07:02 - servico_status: {"status":"ok","terminal":"15","nome":"HAMBURGUERIA E CIA","code":"200","aviso":"Em operacao","timeout":5000}
24/01 12:07:02 - tempo: ERRO => 0,016 =>  ->
24/01 12:08:21 - servico_login GET: {"operacao":"login","token":"a010a003","terminal":"15","usuario":"*D144024FFD","senha":"*8A40A3F180A9"}
24/01 12:08:21 - servico_login PUT: {"status":"ok","codigo":"11","code":"201","aviso":"Conectado","timeout":259200,"comanda":"1;42;100;10000"}
24/01 12:08:21 - tempo: ERRO => 0,047 =>  ->
24/01 12:08:22 - servico_mysql GET: {"operacao":"mysql","token":"a010a003","terminal":"15","usuario":"*D144024FFD","senha":"*8A40A3F180A9"}
24/01 12:08:22 - servico_mysql PUT: {"status":"ok","ip":"192.168.88.44","porta":"3306","database":"hbecia","username":"*C9166421","password":"*D85E94BA65E2F5"}
24/01 12:08:22 - tempo: ERRO => 0,015 =>  ->
24/01 17:31:58 - servico_status: {"operacao":"status","token":"c000a003","terminal":"14","id":"y2q1mmy4zdm4ytczmmexma: ="}
24/01 17:31:58 - servico_status: {"status":"ok","terminal":"14","nome":"HAMBURGUERIA E CIA","code":"200","aviso":"Em operacao","timeout":5000}
24/01 17:31:58 - tempo: ERRO => 0,032 =>  ->
24/01 17:32:00 - servico_login GET: {"operacao":"login","token":"c000a003","terminal":"14","usuario":"*F16560C450","senha":"*8A40A3F180A9"}
24/01 17:32:00 - servico_login PUT: {"status":"ok","codigo":"11","code":"201","aviso":"Conectado","timeout":259200,"comanda":"1;42;100;10000"}
24/01 17:32:00 - tempo: ERRO => 0,031 =>  ->
24/01 17:32:00 - servico_mysql GET: {"operacao":"mysql","token":"c000a003","terminal":"14","usuario":"*F16560C450","senha":"*8A40A3F180A9"}
24/01 17:32:00 - servico_mysql PUT: {"status":"ok","ip":"192.168.88.44","porta":"3306","database":"hbecia","username":"*C9166421","password":"*D85E94BA65E2F5"}
24/01 17:32:00 - tempo: ERRO => 0,015 =>  ->
24/01 17:33:38 - servico_status: {"operacao":"status","token":"c000a003","terminal":"14","id":"y2q1mmy4zdm4ytczmmexma: ="}
24/01 17:33:38 - servico_status: {"status":"ok","terminal":"14","nome":"HAMBURGUERIA E CIA","code":"200","aviso":"Em operacao","timeout":5000}
24/01 17:33:38 - tempo: ERRO => 0,031 =>  ->
24/01 17:34:01 - servico_status: {"operacao":"status","token":"c000a003","terminal":"14","id":"y2q1mmy4zdm4ytczmmexma: ="}
24/01 17:34:01 - servico_status: {"status":"ok","terminal":"14","nome":"HAMBURGUERIA E CIA","code":"200","aviso":"Em operacao","timeout":5000}
24/01 17:34:01 - tempo: ERRO => 0,016 =>  ->
24/01 17:34:12 - servico_login GET: {"operacao":"login","token":"c000a003","terminal":"14","usuario":"*F16560C450","senha":"*8A40A3F180A9"}
24/01 17:34:12 - servico_login PUT: {"status":"ok","codigo":"11","code":"201","aviso":"Conectado","timeout":259200,"comanda":"1;42;100;10000"}
24/01 17:34:12 - tempo: ERRO => 0,015 =>  ->
24/01 17:34:13 - servico_mysql GET: {"operacao":"mysql","token":"c000a003","terminal":"14","usuario":"*F16560C450","senha":"*8A40A3F180A9"}
24/01 17:34:13 - servico_mysql PUT: {"status":"ok","ip":"192.168.88.44","porta":"3306","database":"hbecia","username":"*C9166421","password":"*D85E94BA65E2F5"}
24/01 17:34:13 - tempo: ERRO => 0,031 =>  ->
24/01 17:36:06 - servico_status: {"operacao":"status","token":"c000a003","terminal":"15","id":"ywvkmtm3mti2odbingvhyq: ="}
24/01 17:36:06 - servico_status: {"status":"ok","terminal":"16","nome":"HAMBURGUERIA E CIA","code":"200","aviso":"Em operacao","timeout":5000}
24/01 17:36:06 - tempo: ERRO => 0,031 =>  ->
24/01 17:36:08 - servico_login GET: {"operacao":"login","token":"c000a003","terminal":"16","usuario":"*F16560C450","senha":"*8A40A3F180A9"}
24/01 17:36:08 - servico_login PUT: {"status":"ok","codigo":"11","code":"201","aviso":"Conectado","timeout":259200,"comanda":"1;42;100;10000"}
24/01 17:36:08 - tempo: ERRO => 0,031 =>  ->
24/01 17:36:09 - servico_mysql GET: {"operacao":"mysql","token":"c000a003","terminal":"16","usuario":"*F16560C450","senha":"*8A40A3F180A9"}
24/01 17:36:09 - servico_mysql PUT: {"status":"ok","ip":"192.168.88.44","porta":"3306","database":"hbecia","username":"*C9166421","password":"*D85E94BA65E2F5"}
24/01 17:36:09 - tempo: ERRO => 0,016 =>  ->
24/01 17:37:35 - servico_status: {"operacao":"status","token":"c000a003","terminal":"14","id":"y2q1mmy4zdm4ytczmmexma: ="}
24/01 17:37:35 - servico_status: {"status":"ok","terminal":"14","nome":"HAMBURGUERIA E CIA","code":"200","aviso":"Em operacao","timeout":5000}
24/01 17:37:35 - tempo: ERRO => 0,015 =>  ->
24/01 17:38:17 - servico_login GET: {"operacao":"login","token":"c000a003","terminal":"14","usuario":"*F16560C450","senha":"*8A40A3F180A9"}
24/01 17:38:17 - servico_login PUT: {"status":"ok","codigo":"11","code":"201","aviso":"Conectado","timeout":259200,"comanda":"1;42;100;10000"}
24/01 17:38:17 - tempo: ERRO => 0,031 =>  ->
24/01 17:38:17 - servico_mysql GET: {"operacao":"mysql","token":"c000a003","terminal":"14","usuario":"*F16560C450","senha":"*8A40A3F180A9"}
24/01 17:38:17 - servico_mysql PUT: {"status":"ok","ip":"192.168.88.44","porta":"3306","database":"hbecia","username":"*C9166421","password":"*D85E94BA65E2F5"}
24/01 17:38:17 - tempo: ERRO => 0,031 =>  ->
24/01 17:38:58 - servico_status: {"operacao":"status","token":"c000a003","terminal":"14","id":"y2q1mmy4zdm4ytczmmexma: ="}
24/01 17:38:58 - servico_status: {"status":"ok","terminal":"14","nome":"HAMBURGUERIA E CIA","code":"200","aviso":"Em operacao","timeout":5000}
24/01 17:38:58 - tempo: ERRO => 0,047 =>  ->
24/01 17:39:28 - servico_status: {"operacao":"status","token":"c000a003","terminal":"14","id":"y2q1mmy4zdm4ytczmmexma: ="}
24/01 17:39:28 - servico_status: {"status":"ok","terminal":"14","nome":"HAMBURGUERIA E CIA","code":"200","aviso":"Em operacao","timeout":5000}
24/01 17:39:28 - tempo: ERRO => 0,031 =>  ->
24/01 17:39:45 - servico_login GET: {"operacao":"login","token":"c000a003","terminal":"14","usuario":"*F16560C450","senha":"*8A40A3F180A9"}
24/01 17:39:45 - servico_login PUT: {"status":"ok","codigo":"11","code":"201","aviso":"Conectado","timeout":259200,"comanda":"1;42;100;10000"}
24/01 17:39:45 - tempo: ERRO => 0,016 =>  ->
24/01 17:39:45 - servico_mysql GET: {"operacao":"mysql","token":"c000a003","terminal":"14","usuario":"*F16560C450","senha":"*8A40A3F180A9"}
24/01 17:39:45 - servico_mysql PUT: {"status":"ok","ip":"192.168.88.44","porta":"3306","database":"hbecia","username":"*C9166421","password":"*D85E94BA65E2F5"}
24/01 17:39:45 - tempo: ERRO => 0,032 =>  ->
24/01 17:44:22 - servico_status: {"operacao":"status","token":"c000a003","terminal":"14","id":"y2q1mmy4zdm4ytczmmexma: ="}
24/01 17:44:22 - servico_status: {"status":"ok","terminal":"14","nome":"HAMBURGUERIA E CIA","code":"200","aviso":"Em operacao","timeout":5000}
24/01 17:44:22 - tempo: ERRO => 0,031 =>  ->
24/01 17:44:47 - servico_status: {"operacao":"status","token":"c000a003","terminal":"14","id":"y2q1mmy4zdm4ytczmmexma: ="}
24/01 17:44:47 - servico_status: {"status":"ok","terminal":"14","nome":"HAMBURGUERIA E CIA","code":"200","aviso":"Em operacao","timeout":5000}
24/01 17:44:47 - tempo: ERRO => 0,016 =>  ->
24/01 17:44:50 - servico_login GET: {"operacao":"login","token":"c000a003","terminal":"14","usuario":"*F16560C450","senha":"*8A40A3F180A9"}
24/01 17:44:50 - servico_login PUT: {"status":"ok","codigo":"11","code":"201","aviso":"Conectado","timeout":259200,"comanda":"1;42;100;10000"}
24/01 17:44:50 - tempo: ERRO => 0,031 =>  ->
24/01 17:44:50 - servico_mysql GET: {"operacao":"mysql","token":"c000a003","terminal":"14","usuario":"*F16560C450","senha":"*8A40A3F180A9"}
24/01 17:44:50 - servico_mysql PUT: {"status":"ok","ip":"192.168.88.44","porta":"3306","database":"hbecia","username":"*C9166421","password":"*D85E94BA65E2F5"}
24/01 17:44:50 - tempo: ERRO => 0,016 =>  ->
24/01 17:46:19 - servico_status: {"operacao":"status","token":"c000a003","terminal":"14","id":"y2q1mmy4zdm4ytczmmexma: =","usuario":"*F16560C450","senha":"*8A40A3F180A9"}
24/01 17:46:19 - servico_status: {"status":"ok","terminal":"14","nome":"HAMBURGUERIA E CIA","code":"200","aviso":"Em operacao","timeout":5000}
24/01 17:46:19 - tempo: ERRO => 0,031 =>  ->
24/01 17:48:01 - servico_status: {"operacao":"status","token":"c000a003","terminal":"14","id":"y2q1mmy4zdm4ytczmmexma: ="}
24/01 17:48:01 - servico_status: {"status":"ok","terminal":"14","nome":"HAMBURGUERIA E CIA","code":"200","aviso":"Em operacao","timeout":5000}
24/01 17:48:01 - tempo: ERRO => 0,016 =>  ->
24/01 17:48:05 - servico_login GET: {"operacao":"login","token":"c000a003","terminal":"14","usuario":"*F16560C450","senha":"*8A40A3F180A9"}
24/01 17:48:05 - servico_login PUT: {"status":"ok","codigo":"11","code":"201","aviso":"Conectado","timeout":259200,"comanda":"1;42;100;10000"}
24/01 17:48:05 - tempo: ERRO => 0,032 =>  ->
24/01 17:48:06 - servico_mysql GET: {"operacao":"mysql","token":"c000a003","terminal":"14","usuario":"*F16560C450","senha":"*8A40A3F180A9"}
24/01 17:48:06 - servico_mysql PUT: {"status":"ok","ip":"192.168.88.44","porta":"3306","database":"hbecia","username":"*C9166421","password":"*D85E94BA65E2F5"}
24/01 17:48:06 - tempo: ERRO => 0,031 =>  ->
24/01 17:59:53 - servico_status: {"operacao":"status","token":"c000a003","terminal":"16","id":"ywvkmtm3mti2odbingvhyq: ="}
24/01 17:59:53 - servico_status: {"status":"ok","terminal":"16","nome":"HAMBURGUERIA E CIA","code":"200","aviso":"Em operacao","timeout":5000}
24/01 17:59:53 - tempo: ERRO => 0,031 =>  ->
24/01 18:03:27 - servico_status: {"operacao":"status","token":"c000a003","terminal":"16","id":"ywvkmtm3mti2odbingvhyq: ="}
24/01 18:03:27 - servico_status: {"status":"ok","terminal":"16","nome":"HAMBURGUERIA E CIA","code":"200","aviso":"Em operacao","timeout":5000}
24/01 18:03:27 - tempo: ERRO => 0,031 =>  ->
24/01 18:06:35 - servico_status: {"operacao":"status","token":"c000a003","terminal":"16","id":"ywvkmtm3mti2odbingvhyq: ="}
24/01 18:06:35 - servico_status: {"status":"ok","terminal":"16","nome":"HAMBURGUERIA E CIA","code":"200","aviso":"Em operacao","timeout":5000}
24/01 18:06:35 - tempo: ERRO => 0,031 =>  ->
24/01 18:07:59 - servico_status: {"operacao":"status","token":"c000a003","terminal":"16","id":"ywvkmtm3mti2odbingvhyq: ="}
24/01 18:07:59 - servico_status: {"status":"ok","terminal":"16","nome":"HAMBURGUERIA E CIA","code":"200","aviso":"Em operacao","timeout":5000}
24/01 18:07:59 - tempo: ERRO => 0,031 =>  ->
24/01 18:08:17 - servico_login GET: {"operacao":"login","token":"c000a003","terminal":"16","usuario":"*F16560C450","senha":"*8A40A3F180A9"}
24/01 18:08:17 - servico_login PUT: {"status":"ok","codigo":"11","code":"201","aviso":"Conectado","timeout":259200,"comanda":"1;42;100;10000"}
24/01 18:08:17 - tempo: ERRO => 0,016 =>  ->
24/01 18:08:17 - servico_mysql GET: {"operacao":"mysql","token":"c000a003","terminal":"16","usuario":"*F16560C450","senha":"*8A40A3F180A9"}
24/01 18:08:17 - servico_mysql PUT: {"status":"ok","ip":"192.168.88.44","porta":"3306","database":"hbecia","username":"*C9166421","password":"*D85E94BA65E2F5"}
24/01 18:08:17 - tempo: ERRO => 0,032 =>  ->
24/01 18:08:23 - servico_status: {"operacao":"status","token":"c000a003","terminal":"16","id":"ywvkmtm3mti2odbingvhyq: ="}
24/01 18:08:23 - servico_status: {"status":"ok","terminal":"16","nome":"HAMBURGUERIA E CIA","code":"200","aviso":"Em operacao","timeout":5000}
24/01 18:08:23 - tempo: ERRO => 0,016 =>  ->
24/01 18:09:26 - servico_status: {"operacao":"status","token":"c000a003","terminal":"16","id":"ywvkmtm3mti2odbingvhyq: ="}
24/01 18:09:26 - servico_status: {"status":"ok","terminal":"16","nome":"HAMBURGUERIA E CIA","code":"200","aviso":"Em operacao","timeout":5000}
24/01 18:09:26 - tempo: ERRO => 0,031 =>  ->
24/01 18:09:30 - servico_status: {"operacao":"status","token":"c000a003","terminal":"14","id":"y2q1mmy4zdm4ytczmmexma: ="}
24/01 18:09:30 - servico_status: {"status":"ok","terminal":"14","nome":"HAMBURGUERIA E CIA","code":"200","aviso":"Em operacao","timeout":5000}
24/01 18:09:30 - tempo: ERRO => 0,031 =>  ->
24/01 18:09:33 - servico_login GET: {"operacao":"login","token":"c000a003","terminal":"14","usuario":"*F16560C450","senha":"*8A40A3F180A9"}
24/01 18:09:33 - servico_login PUT: {"status":"ok","codigo":"11","code":"201","aviso":"Conectado","timeout":259200,"comanda":"1;42;100;10000"}
24/01 18:09:33 - tempo: ERRO => 0,016 =>  ->
24/01 18:09:33 - servico_mysql GET: {"operacao":"mysql","token":"c000a003","terminal":"14","usuario":"*F16560C450","senha":"*8A40A3F180A9"}
24/01 18:09:33 - servico_mysql PUT: {"status":"ok","ip":"192.168.88.44","porta":"3306","database":"hbecia","username":"*C9166421","password":"*D85E94BA65E2F5"}
24/01 18:09:33 - tempo: ERRO => 0,016 =>  ->
24/01 18:13:02 - servico_status: {"operacao":"status","token":"c000a003","terminal":"16","id":"ywvkmtm3mti2odbingvhyq: ="}
24/01 18:13:02 - servico_status: {"status":"ok","terminal":"16","nome":"HAMBURGUERIA E CIA","code":"200","aviso":"Em operacao","timeout":5000}
24/01 18:13:02 - tempo: ERRO => 0,032 =>  ->
24/01 18:15:35 - servico_status: {"operacao":"status","token":"c000a003","terminal":"16","id":"ywvkmtm3mti2odbingvhyq: ="}
24/01 18:15:35 - servico_status: {"status":"ok","terminal":"16","nome":"HAMBURGUERIA E CIA","code":"200","aviso":"Em operacao","timeout":5000}
24/01 18:15:35 - tempo: ERRO => 0,016 =>  ->
24/01 18:18:00 - servico_status: {"operacao":"status","token":"c000a003","terminal":"16","id":"ywvkmtm3mti2odbingvhyq: ="}
24/01 18:18:00 - servico_status: {"status":"ok","terminal":"16","nome":"HAMBURGUERIA E CIA","code":"200","aviso":"Em operacao","timeout":5000}
24/01 18:18:00 - tempo: ERRO => 0,016 =>  ->
24/01 18:22:59 - servico_status: {"operacao":"status","token":"c000a003","terminal":"14","id":"y2q1mmy4zdm4ytczmmexma: ="}
24/01 18:22:59 - servico_status: {"status":"ok","terminal":"14","nome":"HAMBURGUERIA E CIA","code":"200","aviso":"Em operacao","timeout":5000}
24/01 18:22:59 - tempo: ERRO => 0,032 =>  ->
24/01 18:41:09 - servico_status: {"operacao":"status","token":"c000a003","terminal":"16","id":"ywvkmtm3mti2odbingvhyq: ="}
24/01 18:41:09 - servico_status: {"status":"ok","terminal":"16","nome":"HAMBURGUERIA E CIA","code":"200","aviso":"Em operacao","timeout":5000}
24/01 18:41:09 - tempo: ERRO => 0,031 =>  ->
24/01 18:42:36 - servico_status: {"operacao":"status","token":"c000a003","terminal":"16","id":"ywvkmtm3mti2odbingvhyq: ="}
24/01 18:42:36 - servico_status: {"status":"ok","terminal":"16","nome":"HAMBURGUERIA E CIA","code":"200","aviso":"Em operacao","timeout":5000}
24/01 18:42:36 - tempo: ERRO => 0,015 =>  ->
24/01 18:44:04 - Iniciando Suporte Mobile 64 bit Versao: 1.15.17/12/2019 20:06
24/01 18:44:04 - Variaveis
24/01 18:44:04 - CurrencyString="R$", CurrencyFormat="#2", NegCurrFormat="#9", ThousandSeparator=".", DecimalSeparator=",", CurrencyDecimals="2", DateSeparator="/", ShortDateFormat="dd/MM/yyyy", LongDateFormat="dddd, d' de 'MMMM' de 'yyyy", TimeSeparator=":", TimeAMString="", TimePMString="", ShortTimeFormat="hh:mm", LongTimeFormat="hh:mm:ss", TwoDigitYearCenturyWindow="50", ListSeparator=";"
24/01 18:44:04 - TCP Servidor
24/01 18:44:04 - TCP Cliente
24/01 18:44:04 - Iniciado na porta => 4409
24/01 18:44:04 - Formato Valores:        -1.254,87 | -1254,87|        1.254,87 | 1254,87
24/01 18:44:04 - Formato Data   : 24/01/2020 18:44:04
24/01 18:44:04 - Flags debug 1 sem log 0
24/01 18:44:04 - h > 192.168.88.44 p > 3306 d > hbecia u > root
24/01 18:44:04 - ERRO AO CONECTAR NO BANCO DE DADOS: 192.168.88.44:hbecia,root
24/01 18:44:04 - Cannot connect to server on host '192.168.88.44':
Uma operação de soquete foi tentada em uma rede inacessível.
Socket Error Code: 10051($2743)
24/01 18:44:22 - -----> REINICIANDO SERVICO
24/01 18:44:22 - Iniciando Suporte Mobile 64 bit Versao: 1.15.17/12/2019 20:06
24/01 18:44:22 - Variaveis
24/01 18:44:22 - CurrencyString="R$", CurrencyFormat="#2", NegCurrFormat="#9", ThousandSeparator=".", DecimalSeparator=",", CurrencyDecimals="2", DateSeparator="/", ShortDateFormat="dd/MM/yyyy", LongDateFormat="dddd, d' de 'MMMM' de 'yyyy", TimeSeparator=":", TimeAMString="", TimePMString="", ShortTimeFormat="hh:mm", LongTimeFormat="hh:mm:ss", TwoDigitYearCenturyWindow="50", ListSeparator=";"
24/01 18:44:22 - |
24/01 18:44:22 - Formato Valores:        -1.254,87 | -1254,87|        1.254,87 | 1254,87
24/01 18:44:22 - Formato Data   : 24/01/2020 18:44:22
24/01 18:44:22 - Flags debug 1 sem log 0
24/01 18:44:22 - h > 192.168.88.44 p > 3306 d > hbecia u > root
24/01 18:44:22 - Terminal: 1
24/01 18:44:22 - BANCO DE DADOS ONLINE > 192.168.88.44:hbecia
24/01 18:44:22 - PRECO => 23 /            23,00/23/23
24/01 18:44:22 - iniciar_identificacao_computador
24/01 18:44:22 - sistema_pegar_perfil
