29/01 01:49:58 - servico_login PUT: {"status":"ok","codigo":"11","code":"201","aviso":"Conectado","timeout":259200,"comanda":"1;42;100;10000"}
29/01 01:49:58 - salvando log -> C:\rcsv\App\mobile64\log\logs\LOG_APP_MOBILE_SERVICE_64_P4409_3.log
29/01 01:49:58 - tempo: ERRO => 0,031 =>  ->
29/01 01:49:58 - servico_mysql GET: {"operacao":"mysql","token":"c000a003","terminal":"14","usuario":"*F16560C450","senha":"*8A40A3F180A9"}
29/01 01:49:58 - servico_mysql PUT: {"status":"ok","ip":"192.168.88.44","porta":"3306","database":"hbecia","username":"*C9166421","password":"*D85E94BA65E2F5"}
29/01 01:49:58 - tempo: ERRO => 0,016 =>  ->
29/01 01:50:07 - servico_status: {"operacao":"status","token":"c000a003","terminal":"14","id":"y2q1mmy4zdm4ytczmmexma: ="}
29/01 01:50:07 - servico_status: {"status":"ok","terminal":"14","nome":"HAMBURGUERIA E CIA","code":"200","aviso":"Em operacao","timeout":5000}
29/01 01:50:07 - tempo: ERRO => 0,016 =>  ->
29/01 01:50:08 - servico_login GET: {"operacao":"login","token":"c000a003","terminal":"14","usuario":"*F16560C450","senha":"*8A40A3F180A9"}
29/01 01:50:08 - servico_login PUT: {"status":"ok","codigo":"11","code":"201","aviso":"Conectado","timeout":259200,"comanda":"1;42;100;10000"}
29/01 01:50:08 - tempo: ERRO => 0,032 =>  ->
29/01 01:50:09 - servico_mysql GET: {"operacao":"mysql","token":"c000a003","terminal":"14","usuario":"*F16560C450","senha":"*8A40A3F180A9"}
29/01 01:50:09 - servico_mysql PUT: {"status":"ok","ip":"192.168.88.44","porta":"3306","database":"hbecia","username":"*C9166421","password":"*D85E94BA65E2F5"}
29/01 01:50:09 - tempo: ERRO => 0,031 =>  ->
29/01 13:44:17 - servico_status: {"operacao":"status","token":"c000a003","terminal":"17","id":"y2u3otbkzgnlzwe2mjcxnw: ="}
29/01 13:44:17 - servico_status: {"status":"ok","terminal":"17","nome":"HAMBURGUERIA E CIA","code":"200","aviso":"Em operacao","timeout":5000}
29/01 13:44:17 - tempo: ERRO => 0,047 =>  ->
29/01 13:47:12 - servico_status: {"operacao":"status","token":"c000a003","terminal":"17","id":"y2u3otbkzgnlzwe2mjcxnw: ="}
29/01 13:47:12 - servico_status: {"status":"ok","terminal":"17","nome":"HAMBURGUERIA E CIA","code":"200","aviso":"Em operacao","timeout":5000}
29/01 13:47:12 - tempo: ERRO => 0,015 =>  ->
29/01 13:47:14 - servico_login GET: {"operacao":"login","token":"c000a003","terminal":"17","usuario":"*F16560C450","senha":"*8A40A3F180A9"}
29/01 13:47:14 - servico_login PUT: {"status":"ok","codigo":"11","code":"201","aviso":"Conectado","timeout":259200,"comanda":"1;42;100;10000"}
29/01 13:47:14 - tempo: ERRO => 0,063 =>  ->
29/01 13:47:15 - servico_mysql GET: {"operacao":"mysql","token":"c000a003","terminal":"17","usuario":"*F16560C450","senha":"*8A40A3F180A9"}
29/01 13:47:15 - servico_mysql PUT: {"status":"ok","ip":"192.168.88.44","porta":"3306","database":"hbecia","username":"*C9166421","password":"*D85E94BA65E2F5"}
29/01 13:47:15 - tempo: ERRO => 0,015 =>  ->
29/01 15:00:58 - servico_status: {"operacao":"status","token":"c000a003","terminal":"17","id":"y2u3otbkzgnlzwe2mjcxnw: ="}
29/01 15:00:58 - servico_status: {"status":"ok","terminal":"17","nome":"HAMBURGUERIA E CIA","code":"200","aviso":"Em operacao","timeout":5000}
29/01 15:00:58 - tempo: ERRO => 0,031 =>  ->
29/01 15:01:00 - servico_login GET: {"operacao":"login","token":"c000a003","terminal":"17","usuario":"*F16560C450","senha":"*8A40A3F180A9"}
29/01 15:01:00 - servico_login PUT: {"status":"ok","codigo":"11","code":"201","aviso":"Conectado","timeout":259200,"comanda":"1;42;100;10000"}
29/01 15:01:00 - tempo: ERRO => 0,016 =>  ->
29/01 15:01:01 - servico_mysql GET: {"operacao":"mysql","token":"c000a003","terminal":"17","usuario":"*F16560C450","senha":"*8A40A3F180A9"}
29/01 15:01:01 - servico_mysql PUT: {"status":"ok","ip":"192.168.88.44","porta":"3306","database":"hbecia","username":"*C9166421","password":"*D85E94BA65E2F5"}
29/01 15:01:01 - tempo: ERRO => 0,015 =>  ->
29/01 15:14:03 - servico_status: {"operacao":"status","token":"c000a003","terminal":"17","id":"y2u3otbkzgnlzwe2mjcxnw: ="}
29/01 15:14:03 - servico_status: {"status":"ok","terminal":"17","nome":"HAMBURGUERIA E CIA","code":"200","aviso":"Em operacao","timeout":5000}
29/01 15:14:03 - tempo: ERRO => 0,031 =>  ->
29/01 15:14:06 - servico_login GET: {"operacao":"login","token":"c000a003","terminal":"17","usuario":"*F16560C450","senha":"*8A40A3F180A9"}
29/01 15:14:06 - servico_login PUT: {"status":"ok","codigo":"11","code":"201","aviso":"Conectado","timeout":259200,"comanda":"1;42;100;10000"}
29/01 15:14:06 - tempo: ERRO => 0,032 =>  ->
29/01 15:14:07 - servico_mysql GET: {"operacao":"mysql","token":"c000a003","terminal":"17","usuario":"*F16560C450","senha":"*8A40A3F180A9"}
29/01 15:14:07 - servico_mysql PUT: {"status":"ok","ip":"192.168.88.44","porta":"3306","database":"hbecia","username":"*C9166421","password":"*D85E94BA65E2F5"}
29/01 15:14:07 - tempo: ERRO => 0,015 =>  ->
29/01 15:14:14 - servico_status: {"operacao":"status","token":"c000a003","terminal":"17","id":"y2u3otbkzgnlzwe2mjcxnw: ="}
29/01 15:14:14 - servico_status: {"status":"ok","terminal":"17","nome":"HAMBURGUERIA E CIA","code":"200","aviso":"Em operacao","timeout":5000}
29/01 15:14:14 - tempo: ERRO => 0,016 =>  ->
29/01 15:14:26 - servico_status: {"operacao":"status","token":"c000a003","terminal":"17","id":"y2u3otbkzgnlzwe2mjcxnw: ="}
29/01 15:14:26 - servico_status: {"status":"ok","terminal":"17","nome":"HAMBURGUERIA E CIA","code":"200","aviso":"Em operacao","timeout":5000}
29/01 15:14:26 - tempo: ERRO => 0,031 =>  ->
29/01 15:14:28 - servico_login GET: {"operacao":"login","token":"c000a003","terminal":"17","usuario":"*F16560C450","senha":"*8A40A3F180A9"}
29/01 15:14:28 - servico_login PUT: {"status":"ok","codigo":"11","code":"201","aviso":"Conectado","timeout":259200,"comanda":"1;42;100;10000"}
29/01 15:14:28 - tempo: ERRO => 0,031 =>  ->
29/01 15:14:28 - servico_mysql GET: {"operacao":"mysql","token":"c000a003","terminal":"17","usuario":"*F16560C450","senha":"*8A40A3F180A9"}
29/01 15:14:28 - servico_mysql PUT: {"status":"ok","ip":"192.168.88.44","porta":"3306","database":"hbecia","username":"*C9166421","password":"*D85E94BA65E2F5"}
29/01 15:14:28 - tempo: ERRO => 0,015 =>  ->
29/01 15:24:15 - servico_status: {"operacao":"status","token":"c000a003","terminal":"17","id":"y2u3otbkzgnlzwe2mjcxnw: ="}
29/01 15:24:15 - servico_status: {"status":"ok","terminal":"17","nome":"HAMBURGUERIA E CIA","code":"200","aviso":"Em operacao","timeout":5000}
29/01 15:24:15 - tempo: ERRO => 0,015 =>  ->
29/01 15:24:51 - servico_status: {"operacao":"status","token":"c000a003","terminal":"17","id":"y2u3otbkzgnlzwe2mjcxnw: ="}
29/01 15:24:51 - servico_status: {"status":"ok","terminal":"17","nome":"HAMBURGUERIA E CIA","code":"200","aviso":"Em operacao","timeout":5000}
29/01 15:24:51 - tempo: ERRO => 0,016 =>  ->
29/01 15:24:56 - servico_login GET: {"operacao":"login","token":"c000a003","terminal":"17","usuario":"*F16560C450","senha":"*8A40A3F180A9"}
29/01 15:24:56 - servico_login PUT: {"status":"ok","codigo":"11","code":"201","aviso":"Conectado","timeout":259200,"comanda":"1;42;100;10000"}
29/01 15:24:56 - tempo: ERRO => 0,016 =>  ->
29/01 15:24:57 - servico_mysql GET: {"operacao":"mysql","token":"c000a003","terminal":"17","usuario":"*F16560C450","senha":"*8A40A3F180A9"}
29/01 15:24:57 - servico_mysql PUT: {"status":"ok","ip":"192.168.88.44","porta":"3306","database":"hbecia","username":"*C9166421","password":"*D85E94BA65E2F5"}
29/01 15:24:57 - tempo: ERRO => 0,016 =>  ->
29/01 16:47:50 - servico_status: {"operacao":"status","token":"c000a003","terminal":"17","id":"y2u3otbkzgnlzwe2mjcxnw: ="}
29/01 16:47:50 - servico_status: {"status":"ok","terminal":"17","nome":"HAMBURGUERIA E CIA","code":"200","aviso":"Em operacao","timeout":5000}
29/01 16:47:50 - tempo: ERRO => 0,047 =>  ->
29/01 16:53:19 - servico_status: {"operacao":"status","token":"c000a003","terminal":"17","id":"y2u3otbkzgnlzwe2mjcxnw: ="}
29/01 16:53:19 - servico_status: {"status":"ok","terminal":"17","nome":"HAMBURGUERIA E CIA","code":"200","aviso":"Em operacao","timeout":5000}
29/01 16:53:19 - tempo: ERRO => 0,031 =>  ->
29/01 16:53:30 - servico_login GET: {"operacao":"login","token":"c000a003","terminal":"17","usuario":"*F16560C450","senha":"*8A40A3F180A9"}
29/01 16:53:30 - servico_login PUT: {"status":"ok","codigo":"11","code":"201","aviso":"Conectado","timeout":259200,"comanda":"1;42;100;10000"}
29/01 16:53:30 - tempo: ERRO => 0,016 =>  ->
29/01 16:53:31 - servico_mysql GET: {"operacao":"mysql","token":"c000a003","terminal":"17","usuario":"*F16560C450","senha":"*8A40A3F180A9"}
29/01 16:53:31 - servico_mysql PUT: {"status":"ok","ip":"192.168.88.44","porta":"3306","database":"hbecia","username":"*C9166421","password":"*D85E94BA65E2F5"}
29/01 16:53:31 - tempo: ERRO => 0,031 =>  ->
29/01 16:59:25 - servico_status: {"operacao":"status","token":"c000a003","terminal":"17","id":"y2u3otbkzgnlzwe2mjcxnw: ="}
29/01 16:59:25 - servico_status: {"status":"ok","terminal":"17","nome":"HAMBURGUERIA E CIA","code":"200","aviso":"Em operacao","timeout":5000}
29/01 16:59:25 - tempo: ERRO => 0,031 =>  ->
29/01 16:59:32 - servico_login GET: {"operacao":"login","token":"c000a003","terminal":"17","usuario":"*F16560C450","senha":"*8A40A3F180A9"}
29/01 16:59:32 - servico_login PUT: {"status":"ok","codigo":"11","code":"201","aviso":"Conectado","timeout":259200,"comanda":"1;42;100;10000"}
29/01 16:59:32 - tempo: ERRO => 0,031 =>  ->
29/01 16:59:33 - servico_mysql GET: {"operacao":"mysql","token":"c000a003","terminal":"17","usuario":"*F16560C450","senha":"*8A40A3F180A9"}
29/01 16:59:33 - servico_mysql PUT: {"status":"ok","ip":"192.168.88.44","porta":"3306","database":"hbecia","username":"*C9166421","password":"*D85E94BA65E2F5"}
29/01 16:59:33 - tempo: ERRO => 0,031 =>  ->
29/01 17:00:23 - servico_status: {"operacao":"status","token":"c000a003","terminal":"17","id":"y2u3otbkzgnlzwe2mjcxnw: ="}
29/01 17:00:23 - servico_status: {"status":"ok","terminal":"17","nome":"HAMBURGUERIA E CIA","code":"200","aviso":"Em operacao","timeout":5000}
29/01 17:00:23 - tempo: ERRO => 0,031 =>  ->
29/01 17:00:30 - servico_login GET: {"operacao":"login","token":"c000a003","terminal":"17","usuario":"*F16560C450","senha":"*8A40A3F180A9"}
29/01 17:00:30 - servico_login PUT: {"status":"ok","codigo":"11","code":"201","aviso":"Conectado","timeout":259200,"comanda":"1;42;100;10000"}
29/01 17:00:30 - tempo: ERRO => 0,047 =>  ->
29/01 17:00:31 - servico_mysql GET: {"operacao":"mysql","token":"c000a003","terminal":"17","usuario":"*F16560C450","senha":"*8A40A3F180A9"}
29/01 17:00:31 - servico_mysql PUT: {"status":"ok","ip":"192.168.88.44","porta":"3306","database":"hbecia","username":"*C9166421","password":"*D85E94BA65E2F5"}
29/01 17:00:31 - tempo: ERRO => 0,047 =>  ->
29/01 17:01:04 - servico_status: {"operacao":"status","token":"c000a003","terminal":"17","id":"y2u3otbkzgnlzwe2mjcxnw: ="}
29/01 17:01:04 - servico_status: {"status":"ok","terminal":"17","nome":"HAMBURGUERIA E CIA","code":"200","aviso":"Em operacao","timeout":5000}
29/01 17:01:04 - tempo: ERRO => 0,047 =>  ->
29/01 17:01:05 - servico_login GET: {"operacao":"login","token":"c000a003","terminal":"17","usuario":"*F16560C450","senha":"*8A40A3F180A9"}
29/01 17:01:05 - servico_login PUT: {"status":"ok","codigo":"11","code":"201","aviso":"Conectado","timeout":259200,"comanda":"1;42;100;10000"}
29/01 17:01:05 - tempo: ERRO => 0,047 =>  ->
29/01 17:01:06 - servico_mysql GET: {"operacao":"mysql","token":"c000a003","terminal":"17","usuario":"*F16560C450","senha":"*8A40A3F180A9"}
29/01 17:01:06 - servico_mysql PUT: {"status":"ok","ip":"192.168.88.44","porta":"3306","database":"hbecia","username":"*C9166421","password":"*D85E94BA65E2F5"}
29/01 17:01:06 - tempo: ERRO => 0,031 =>  ->
29/01 17:21:41 - servico_status: {"operacao":"status","token":"c000a003","terminal":"14","id":"y2q1mmy4zdm4ytczmmexma: ="}
29/01 17:21:41 - servico_status: {"status":"ok","terminal":"14","nome":"HAMBURGUERIA E CIA","code":"200","aviso":"Em operacao","timeout":5000}
29/01 17:21:41 - tempo: ERRO => 0,016 =>  ->
29/01 17:21:44 - servico_login GET: {"operacao":"login","token":"c000a003","terminal":"14","usuario":"*F16560C450","senha":"*8A40A3F180A9"}
29/01 17:21:44 - servico_login PUT: {"status":"ok","codigo":"11","code":"201","aviso":"Conectado","timeout":259200,"comanda":"1;42;100;10000"}
29/01 17:21:44 - tempo: ERRO => 0,031 =>  ->
29/01 17:21:45 - servico_mysql GET: {"operacao":"mysql","token":"c000a003","terminal":"14","usuario":"*F16560C450","senha":"*8A40A3F180A9"}
29/01 17:21:45 - servico_mysql PUT: {"status":"ok","ip":"192.168.88.44","porta":"3306","database":"hbecia","username":"*C9166421","password":"*D85E94BA65E2F5"}
29/01 17:21:45 - tempo: ERRO => 0,047 =>  ->
29/01 17:22:12 - servico_status: {"operacao":"status","token":"c000a003","terminal":"14","id":"y2q1mmy4zdm4ytczmmexma: ="}
29/01 17:22:12 - servico_status: {"status":"ok","terminal":"14","nome":"HAMBURGUERIA E CIA","code":"200","aviso":"Em operacao","timeout":5000}
29/01 17:22:12 - tempo: ERRO => 0,047 =>  ->
29/01 17:22:14 - servico_login GET: {"operacao":"login","token":"c000a003","terminal":"14","usuario":"*F16560C450","senha":"*8A40A3F180A9"}
29/01 17:22:14 - servico_login PUT: {"status":"ok","codigo":"11","code":"201","aviso":"Conectado","timeout":259200,"comanda":"1;42;100;10000"}
29/01 17:22:14 - tempo: ERRO => 0,046 =>  ->
29/01 17:22:14 - servico_mysql GET: {"operacao":"mysql","token":"c000a003","terminal":"14","usuario":"*F16560C450","senha":"*8A40A3F180A9"}
29/01 17:22:14 - servico_mysql PUT: {"status":"ok","ip":"192.168.88.44","porta":"3306","database":"hbecia","username":"*C9166421","password":"*D85E94BA65E2F5"}
29/01 17:22:14 - tempo: ERRO => 0,031 =>  ->
29/01 17:43:30 - servico_status: {"operacao":"status","token":"c000a003","terminal":"14","id":"y2q1mmy4zdm4ytczmmexma: ="}
29/01 17:43:30 - servico_status: {"status":"ok","terminal":"14","nome":"HAMBURGUERIA E CIA","code":"200","aviso":"Em operacao","timeout":5000}
29/01 17:43:30 - tempo: ERRO => 0,047 =>  ->
29/01 17:46:50 - servico_status: {"operacao":"status","token":"c000a003","terminal":"14","id":"y2q1mmy4zdm4ytczmmexma: ="}
29/01 17:46:50 - servico_status: {"status":"ok","terminal":"14","nome":"HAMBURGUERIA E CIA","code":"200","aviso":"Em operacao","timeout":5000}
29/01 17:46:50 - tempo: ERRO => 0,047 =>  ->
29/01 17:46:54 - servico_login GET: {"operacao":"login","token":"c000a003","terminal":"14","usuario":"*F16560C450","senha":"*8A40A3F180A9"}
29/01 17:46:54 - servico_login PUT: {"status":"ok","codigo":"11","code":"201","aviso":"Conectado","timeout":259200,"comanda":"1;42;100;10000"}
29/01 17:46:54 - tempo: ERRO => 0,047 =>  ->
29/01 17:46:54 - servico_mysql GET: {"operacao":"mysql","token":"c000a003","terminal":"14","usuario":"*F16560C450","senha":"*8A40A3F180A9"}
29/01 17:46:54 - servico_mysql PUT: {"status":"ok","ip":"192.168.88.44","porta":"3306","database":"hbecia","username":"*C9166421","password":"*D85E94BA65E2F5"}
29/01 17:46:54 - tempo: ERRO => 0,031 =>  ->
29/01 17:56:13 - servico_status: {"operacao":"status","token":"a010a003","terminal":"","id":"ota6qje6mum6rjc6rku6njg: "}
29/01 17:56:13 - servico_status: {"status":"ok","terminal":"15","nome":"HAMBURGUERIA E CIA","code":"200","aviso":"Em operacao","timeout":5000}
29/01 17:56:13 - tempo: ERRO => 0,047 =>  ->
29/01 17:56:44 - servico_status: {"operacao":"status","token":"a010a003","terminal":"15","id":"ota6qje6mum6rjc6rku6njg: "}
29/01 17:56:44 - servico_status: {"status":"ok","terminal":"15","nome":"HAMBURGUERIA E CIA","code":"200","aviso":"Em operacao","timeout":5000}
29/01 17:56:44 - tempo: ERRO => 0,031 =>  ->
29/01 18:04:48 - servico_status: {"operacao":"status","token":"c000a003","terminal":"14","id":"y2q1mmy4zdm4ytczmmexma: ="}
29/01 18:04:48 - servico_status: {"status":"ok","terminal":"14","nome":"HAMBURGUERIA E CIA","code":"200","aviso":"Em operacao","timeout":5000}
29/01 18:04:48 - tempo: ERRO => 0,047 =>  ->
29/01 18:04:50 - servico_login GET: {"operacao":"login","token":"c000a003","terminal":"14","usuario":"*F16560C450","senha":"*8A40A3F180A9"}
29/01 18:04:50 - servico_login PUT: {"status":"ok","codigo":"11","code":"201","aviso":"Conectado","timeout":259200,"comanda":"1;42;100;10000"}
29/01 18:04:50 - tempo: ERRO => 0,047 =>  ->
29/01 18:04:51 - servico_mysql GET: {"operacao":"mysql","token":"c000a003","terminal":"14","usuario":"*F16560C450","senha":"*8A40A3F180A9"}
29/01 18:04:51 - servico_mysql PUT: {"status":"ok","ip":"192.168.88.44","porta":"3306","database":"hbecia","username":"*C9166421","password":"*D85E94BA65E2F5"}
29/01 18:04:51 - tempo: ERRO => 0,016 =>  ->
29/01 18:19:11 - servico_status: {"operacao":"status","token":"c000a003","terminal":"14","id":"y2q1mmy4zdm4ytczmmexma: ="}
29/01 18:19:11 - servico_status: {"status":"ok","terminal":"14","nome":"HAMBURGUERIA E CIA","code":"200","aviso":"Em operacao","timeout":5000}
29/01 18:19:11 - tempo: ERRO => 0,047 =>  ->
29/01 18:19:13 - servico_login GET: {"operacao":"login","token":"c000a003","terminal":"14","usuario":"*F16560C450","senha":"*8A40A3F180A9"}
29/01 18:19:13 - servico_login PUT: {"status":"ok","codigo":"11","code":"201","aviso":"Conectado","timeout":259200,"comanda":"1;42;100;10000"}
29/01 18:19:13 - tempo: ERRO => 0,031 =>  ->
29/01 18:19:13 - servico_mysql GET: {"operacao":"mysql","token":"c000a003","terminal":"14","usuario":"*F16560C450","senha":"*8A40A3F180A9"}
29/01 18:19:13 - servico_mysql PUT: {"status":"ok","ip":"192.168.88.44","porta":"3306","database":"hbecia","username":"*C9166421","password":"*D85E94BA65E2F5"}
29/01 18:19:13 - tempo: ERRO => 0,016 =>  ->
29/01 18:22:17 - servico_status: {"operacao":"status","token":"c000a003","terminal":"14","id":"y2q1mmy4zdm4ytczmmexma: ="}
29/01 18:22:17 - servico_status: {"status":"ok","terminal":"14","nome":"HAMBURGUERIA E CIA","code":"200","aviso":"Em operacao","timeout":5000}
29/01 18:22:17 - tempo: ERRO => 0,046 =>  ->
29/01 18:22:19 - servico_login GET: {"operacao":"login","token":"c000a003","terminal":"14","usuario":"*F16560C450","senha":"*8A40A3F180A9"}
29/01 18:22:19 - servico_login PUT: {"status":"ok","codigo":"11","code":"201","aviso":"Conectado","timeout":259200,"comanda":"1;42;100;10000"}
29/01 18:22:19 - tempo: ERRO => 0,047 =>  ->
29/01 18:22:19 - servico_mysql GET: {"operacao":"mysql","token":"c000a003","terminal":"14","usuario":"*F16560C450","senha":"*8A40A3F180A9"}
29/01 18:22:19 - servico_mysql PUT: {"status":"ok","ip":"192.168.88.44","porta":"3306","database":"hbecia","username":"*C9166421","password":"*D85E94BA65E2F5"}
29/01 18:22:19 - tempo: ERRO => 0,031 =>  ->
29/01 18:25:27 - servico_status: {"operacao":"status","token":"c000a003","terminal":"17","id":"y2u3otbkzgnlzwe2mjcxnw: ="}
29/01 18:25:27 - servico_status: {"status":"ok","terminal":"17","nome":"HAMBURGUERIA E CIA","code":"200","aviso":"Em operacao","timeout":5000}
29/01 18:25:27 - tempo: ERRO => 0,047 =>  ->
29/01 18:25:30 - servico_login GET: {"operacao":"login","token":"c000a003","terminal":"17","usuario":"*F16560C450","senha":"*8A40A3F180A9"}
29/01 18:25:30 - servico_login PUT: {"status":"ok","codigo":"11","code":"201","aviso":"Conectado","timeout":259200,"comanda":"1;42;100;10000"}
29/01 18:25:30 - tempo: ERRO => 0,015 =>  ->
29/01 18:25:31 - servico_mysql GET: {"operacao":"mysql","token":"c000a003","terminal":"17","usuario":"*F16560C450","senha":"*8A40A3F180A9"}
29/01 18:25:31 - servico_mysql PUT: {"status":"ok","ip":"192.168.88.44","porta":"3306","database":"hbecia","username":"*C9166421","password":"*D85E94BA65E2F5"}
29/01 18:25:31 - tempo: ERRO => 0,047 =>  ->
29/01 18:26:39 - servico_status: {"operacao":"status","token":"c000a003","terminal":"17","id":"y2u3otbkzgnlzwe2mjcxnw: ="}
29/01 18:26:39 - servico_status: {"status":"ok","terminal":"17","nome":"HAMBURGUERIA E CIA","code":"200","aviso":"Em operacao","timeout":5000}
29/01 18:26:40 - tempo: ERRO => 0,047 =>  ->
29/01 18:26:48 - servico_login GET: {"operacao":"login","token":"c000a003","terminal":"17","usuario":"*F16560C450","senha":"*8A40A3F180A9"}
29/01 18:26:48 - servico_login PUT: {"status":"ok","codigo":"11","code":"201","aviso":"Conectado","timeout":259200,"comanda":"1;42;100;10000"}
29/01 18:26:48 - tempo: ERRO => 0,031 =>  ->
29/01 18:26:49 - servico_mysql GET: {"operacao":"mysql","token":"c000a003","terminal":"17","usuario":"*F16560C450","senha":"*8A40A3F180A9"}
29/01 18:26:49 - servico_mysql PUT: {"status":"ok","ip":"192.168.88.44","porta":"3306","database":"hbecia","username":"*C9166421","password":"*D85E94BA65E2F5"}
29/01 18:26:49 - tempo: ERRO => 0,016 =>  ->
29/01 18:27:24 - servico_status: {"operacao":"status","token":"c000a003","terminal":"17","id":"y2u3otbkzgnlzwe2mjcxnw: =","usuario":"*F16560C450","senha":"*8A40A3F180A9"}
29/01 18:27:24 - servico_status: {"status":"ok","terminal":"17","nome":"HAMBURGUERIA E CIA","code":"200","aviso":"Em operacao","timeout":5000}
29/01 18:27:24 - tempo: ERRO => 0,046 =>  ->
29/01 18:27:26 - servico_login GET: {"operacao":"login","token":"c000a003","terminal":"17","usuario":"*F16560C450","senha":"*8A40A3F180A9"}
29/01 18:27:26 - servico_login PUT: {"status":"ok","codigo":"11","code":"201","aviso":"Conectado","timeout":259200,"comanda":"1;42;100;10000"}
29/01 18:27:26 - tempo: ERRO => 0,047 =>  ->
29/01 18:27:26 - servico_mysql GET: {"operacao":"mysql","token":"c000a003","terminal":"17","usuario":"*F16560C450","senha":"*8A40A3F180A9"}
29/01 18:27:26 - servico_mysql PUT: {"status":"ok","ip":"192.168.88.44","porta":"3306","database":"hbecia","username":"*C9166421","password":"*D85E94BA65E2F5"}
29/01 18:27:26 - tempo: ERRO => 0,015 =>  ->
29/01 18:27:41 - servico_status: {"operacao":"status","token":"c000a003","terminal":"17","id":"y2u3otbkzgnlzwe2mjcxnw: ="}
29/01 18:27:41 - servico_status: {"status":"ok","terminal":"17","nome":"HAMBURGUERIA E CIA","code":"200","aviso":"Em operacao","timeout":5000}
29/01 18:27:41 - tempo: ERRO => 0,015 =>  ->
29/01 18:28:10 - servico_status: {"operacao":"status","token":"c000a003","terminal":"14","id":"y2q1mmy4zdm4ytczmmexma: =","usuario":"*F16560C450","senha":"*8A40A3F180A9"}
29/01 18:28:10 - servico_status: {"status":"ok","terminal":"14","nome":"HAMBURGUERIA E CIA","code":"200","aviso":"Em operacao","timeout":5000}
29/01 18:28:10 - tempo: ERRO => 0,046 =>  ->
29/01 18:28:17 - servico_login GET: {"operacao":"login","token":"c000a003","terminal":"14","usuario":"*F16560C450","senha":"*8A40A3F180A9"}
29/01 18:28:17 - servico_login PUT: {"status":"ok","codigo":"11","code":"201","aviso":"Conectado","timeout":259200,"comanda":"1;42;100;10000"}
29/01 18:28:17 - tempo: ERRO => 0,016 =>  ->
29/01 18:28:17 - servico_mysql GET: {"operacao":"mysql","token":"c000a003","terminal":"14","usuario":"*F16560C450","senha":"*8A40A3F180A9"}
29/01 18:28:17 - servico_mysql PUT: {"status":"ok","ip":"192.168.88.44","porta":"3306","database":"hbecia","username":"*C9166421","password":"*D85E94BA65E2F5"}
29/01 18:28:17 - tempo: ERRO => 0,047 =>  ->
29/01 18:28:25 - servico_login GET: {"operacao":"login","token":"c000a003","terminal":"17","usuario":"*F16560C450","senha":"*8A40A3F180A9"}
29/01 18:28:25 - servico_login PUT: {"status":"ok","codigo":"11","code":"201","aviso":"Conectado","timeout":259200,"comanda":"1;42;100;10000"}
29/01 18:28:25 - tempo: ERRO => 0,047 =>  ->
29/01 18:28:25 - servico_mysql GET: {"operacao":"mysql","token":"c000a003","terminal":"17","usuario":"*F16560C450","senha":"*8A40A3F180A9"}
29/01 18:28:26 - servico_mysql PUT: {"status":"ok","ip":"192.168.88.44","porta":"3306","database":"hbecia","username":"*C9166421","password":"*D85E94BA65E2F5"}
29/01 18:28:26 - tempo: ERRO => 0,032 =>  ->
29/01 18:28:39 - servico_status: {"operacao":"status","token":"c000a003","terminal":"17","id":"y2u3otbkzgnlzwe2mjcxnw: ="}
29/01 18:28:39 - servico_status: {"status":"ok","terminal":"17","nome":"HAMBURGUERIA E CIA","code":"200","aviso":"Em operacao","timeout":5000}
29/01 18:28:39 - tempo: ERRO => 0,016 =>  ->
29/01 18:28:42 - servico_login GET: {"operacao":"login","token":"c000a003","terminal":"17","usuario":"*F16560C450","senha":"*8A40A3F180A9"}
29/01 18:28:42 - servico_login PUT: {"status":"ok","codigo":"11","code":"201","aviso":"Conectado","timeout":259200,"comanda":"1;42;100;10000"}
29/01 18:28:42 - tempo: ERRO => 0,047 =>  ->
29/01 18:28:43 - servico_mysql GET: {"operacao":"mysql","token":"c000a003","terminal":"17","usuario":"*F16560C450","senha":"*8A40A3F180A9"}
29/01 18:28:43 - servico_mysql PUT: {"status":"ok","ip":"192.168.88.44","porta":"3306","database":"hbecia","username":"*C9166421","password":"*D85E94BA65E2F5"}
29/01 18:28:43 - tempo: ERRO => 0,031 =>  ->
29/01 21:00:37 - servico_status: {"operacao":"status","token":"c000a003","terminal":"14","id":"y2q1mmy4zdm4ytczmmexma: ="}
29/01 21:00:37 - servico_status: {"status":"ok","terminal":"14","nome":"HAMBURGUERIA E CIA","code":"200","aviso":"Em operacao","timeout":5000}
29/01 21:00:37 - tempo: ERRO => 0,063 =>  ->
29/01 22:10:03 - servico_status: {"operacao":"status","token":"c000a003","terminal":"14","id":"y2q1mmy4zdm4ytczmmexma: ="}
29/01 22:10:03 - servico_status: {"status":"ok","terminal":"14","nome":"HAMBURGUERIA E CIA","code":"200","aviso":"Em operacao","timeout":5000}
29/01 22:10:03 - tempo: ERRO => 0,031 =>  ->
29/01 22:10:04 - servico_login GET: {"operacao":"login","token":"c000a003","terminal":"14","usuario":"*F16560C450","senha":"*8A40A3F180A9"}
29/01 22:10:05 - servico_login PUT: {"status":"ok","codigo":"11","code":"201","aviso":"Conectado","timeout":259200,"comanda":"1;42;100;10000"}
29/01 22:10:05 - tempo: ERRO => 0,047 =>  ->
29/01 22:10:05 - servico_mysql GET: {"operacao":"mysql","token":"c000a003","terminal":"14","usuario":"*F16560C450","senha":"*8A40A3F180A9"}
29/01 22:10:05 - servico_mysql PUT: {"status":"ok","ip":"192.168.88.44","porta":"3306","database":"hbecia","username":"*C9166421","password":"*D85E94BA65E2F5"}
29/01 22:10:05 - tempo: ERRO => 0,031 =>  ->
29/01 22:53:46 - servico_status: {"operacao":"status","token":"c000a003","terminal":"17","id":"y2u3otbkzgnlzwe2mjcxnw: ="}
29/01 22:53:46 - servico_status: {"status":"ok","terminal":"17","nome":"HAMBURGUERIA E CIA","code":"200","aviso":"Em operacao","timeout":5000}
29/01 22:53:46 - tempo: ERRO => 0,032 =>  ->
29/01 22:53:48 - servico_login GET: {"operacao":"login","token":"c000a003","terminal":"17","usuario":"*F16560C450","senha":"*8A40A3F180A9"}
29/01 22:53:48 - servico_login PUT: {"status":"ok","codigo":"11","code":"201","aviso":"Conectado","timeout":259200,"comanda":"1;42;100;10000"}
29/01 22:53:48 - tempo: ERRO => 0,016 =>  ->
29/01 22:53:49 - servico_mysql GET: {"operacao":"mysql","token":"c000a003","terminal":"17","usuario":"*F16560C450","senha":"*8A40A3F180A9"}
29/01 22:53:49 - servico_mysql PUT: {"status":"ok","ip":"192.168.88.44","porta":"3306","database":"hbecia","username":"*C9166421","password":"*D85E94BA65E2F5"}
29/01 22:53:49 - tempo: ERRO => 0,016 =>  ->
30/01 00:11:13 - servico_status: {"operacao":"status","token":"c000a003","terminal":"17","id":"y2u3otbkzgnlzwe2mjcxnw: ="}
30/01 00:11:13 - servico_status: {"status":"ok","terminal":"17","nome":"HAMBURGUERIA E CIA","code":"200","aviso":"Em operacao","timeout":5000}
30/01 00:11:13 - tempo: ERRO => 0,031 =>  ->
30/01 00:12:05 - servico_login GET: {"operacao":"login","token":"c000a003","terminal":"17","usuario":"*F16560C450","senha":"*8A40A3F180A9"}
30/01 00:12:05 - servico_login PUT: {"status":"ok","codigo":"11","code":"201","aviso":"Conectado","timeout":259200,"comanda":"1;42;100;10000"}
30/01 00:12:05 - tempo: ERRO => 0,031 =>  ->
30/01 00:12:05 - servico_mysql GET: {"operacao":"mysql","token":"c000a003","terminal":"17","usuario":"*F16560C450","senha":"*8A40A3F180A9"}
30/01 00:12:05 - servico_mysql PUT: {"status":"ok","ip":"192.168.88.44","porta":"3306","database":"hbecia","username":"*C9166421","password":"*D85E94BA65E2F5"}
30/01 00:12:05 - tempo: ERRO => 0,031 =>  ->
31/01 10:45:05 - servico_status: {"operacao":"status","token":"c000a003","terminal":"14","id":"y2q1mmy4zdm4ytczmmexma: ="}
31/01 10:45:05 - servico_status: {"status":"ok","terminal":"14","nome":"HAMBURGUERIA E CIA","code":"200","aviso":"Em operacao","timeout":5000}
