18/12 21:21:04 - LOGOFF DO USUARIO {"operacao":"logoff",
 "token":"c009a001",
"terminal":"1",
"codigo":"5"}
18/12 21:21:04 - salvando log -> C:\rcsv\App\mobile64\log\logs\LOG_APP_MOBILE_SERVICE_64_18.log
18/12 21:21:04 0 - POST / HTTP/1.1
HOST: 192.168.88.44:4409
content-type: application/json
content-length: 75

{"operacao":"logoff",
 "token":"c009a001",
"terminal":"1",
"codigo":"5"} t:0,016 => OK
18/12 21:21:04 - LOGOFF DO USUARIO {"operacao":"logoff",
 "token":"c009a001",
"terminal":"1",
"codigo":"5"}
18/12 21:21:04 0 - POST / HTTP/1.1
HOST: 192.168.88.44:4409
content-type: application/json
content-length: 75

{"operacao":"logoff",
 "token":"c009a001",
"terminal":"1",
"codigo":"5"} => OK
18/12 21:21:04 - LOGOFF DO USUARIO {"operacao":"logoff",
 "token":"c009a001",
"terminal":"1",
"codigo":"5"}
18/12 21:21:04 0 - POST / HTTP/1.1
HOST: 192.168.88.44:4409
content-type: application/json
content-length: 75

{"operacao":"logoff",
 "token":"c009a001",
"terminal":"1",
"codigo":"5"} => OK
18/12 21:21:05 - LOGOFF DO USUARIO {"operacao":"logoff",
 "token":"c009a001",
"terminal":"1",
"codigo":"5"}
18/12 21:21:05 0 - POST / HTTP/1.1
HOST: 192.168.88.44:4409
content-type: application/json
content-length: 75

{"operacao":"logoff",
 "token":"c009a001",
"terminal":"1",
"codigo":"5"} t:0,015 => OK
18/12 21:21:09 - LOGOFF DO USUARIO {"operacao":"logoff",
 "token":"c009a001",
"terminal1":"1",
"codigo":"5"}
18/12 21:21:09 0 - POST / HTTP/1.1
HOST: 192.168.88.44:4409
content-type: application/json
content-length: 76

{"operacao":"logoff",
 "token":"c009a001",
"terminal1":"1",
"codigo":"5"} t:0,015 => OK
18/12 21:21:09 - LOGOFF DO USUARIO {"operacao":"logoff",
 "token":"c009a001",
"terminal1":"1",
"codigo":"5"}
18/12 21:21:09 0 - POST / HTTP/1.1
HOST: 192.168.88.44:4409
content-type: application/json
content-length: 76

{"operacao":"logoff",
 "token":"c009a001",
"terminal1":"1",
"codigo":"5"} => OK
18/12 21:21:09 - LOGOFF DO USUARIO {"operacao":"logoff",
 "token":"c009a001",
"terminal1":"1",
"codigo":"5"}
18/12 21:21:09 0 - POST / HTTP/1.1
HOST: 192.168.88.44:4409
content-type: application/json
content-length: 76

{"operacao":"logoff",
 "token":"c009a001",
"terminal1":"1",
"codigo":"5"} => OK
18/12 21:21:10 - LOGOFF DO USUARIO {"operacao":"logoff",
 "token":"c009a001",
"terminal1":"1",
"codigo":"5"}
18/12 21:21:10 0 - POST / HTTP/1.1
HOST: 192.168.88.44:4409
content-type: application/json
content-length: 76

{"operacao":"logoff",
 "token":"c009a001",
"terminal1":"1",
"codigo":"5"} => OK
18/12 21:21:16 - LOGOFF DO USUARIO {"operacao":"logoff",
 "token":"c009a001",
"terminal1":"1",
"codigo":"5"}
18/12 21:21:16 0 - POST / HTTP/1.1
HOST: 192.168.88.44:4409
content-type: application/json
content-length: 76

{"operacao":"logoff",
 "token":"c009a001",
"terminal1":"1",
"codigo":"5"} => OK
18/12 21:21:17 - LOGOFF DO USUARIO {"operacao":"logoff",
 "token":"c009a001",
"terminal1":"1",
"codigo":"5"}
18/12 21:21:17 0 - POST / HTTP/1.1
HOST: 192.168.88.44:4409
content-type: application/json
content-length: 76

{"operacao":"logoff",
 "token":"c009a001",
"terminal1":"1",
"codigo":"5"} t:0,016 => OK
18/12 21:21:17 - LOGOFF DO USUARIO {"operacao":"logoff",
 "token":"c009a001",
"terminal1":"1",
"codigo":"5"}
18/12 21:21:17 0 - POST / HTTP/1.1
HOST: 192.168.88.44:4409
content-type: application/json
content-length: 76

{"operacao":"logoff",
 "token":"c009a001",
"terminal1":"1",
"codigo":"5"} => OK
18/12 21:21:17 - LOGOFF DO USUARIO {"operacao":"logoff",
 "token":"c009a001",
"terminal1":"1",
"codigo":"5"}
18/12 21:21:17 0 - POST / HTTP/1.1
HOST: 192.168.88.44:4409
content-type: application/json
content-length: 76

{"operacao":"logoff",
 "token":"c009a001",
"terminal1":"1",
"codigo":"5"} => OK
18/12 21:21:17 - LOGOFF DO USUARIO {"operacao":"logoff",
 "token":"c009a001",
"terminal1":"1",
"codigo":"5"}
18/12 21:21:17 0 - POST / HTTP/1.1
HOST: 192.168.88.44:4409
content-type: application/json
content-length: 76

{"operacao":"logoff",
 "token":"c009a001",
"terminal1":"1",
"codigo":"5"} => OK
18/12 21:21:18 - LOGOFF DO USUARIO {"operacao":"logoff",
 "token":"c009a001",
"terminal1":"1",
"codigo":"5"}
18/12 21:21:18 0 - POST / HTTP/1.1
HOST: 192.168.88.44:4409
content-type: application/json
content-length: 76

{"operacao":"logoff",
 "token":"c009a001",
"terminal1":"1",
"codigo":"5"} => OK
18/12 21:21:23 - LOGOFF DO USUARIO {"operacao":"logoff",
 "token":"c009a001",
"terminal":"1",
"codigo":"5"}
18/12 21:21:23 0 - POST / HTTP/1.1
HOST: 192.168.88.44:4409
content-type: application/json
content-length: 75

{"operacao":"logoff",
 "token":"c009a001",
"terminal":"1",
"codigo":"5"} t:0,016 => OK
18/12 21:36:41 - LOGOFF DO USUARIO {"operacao":"logoff",
 "token":"c009a001",
"terminal":"1",
"codigo":"5"}
18/12 21:36:41 0 - POST / HTTP/1.1
HOST: 192.168.88.44:4409
content-type: application/json
content-length: 75

{"operacao":"logoff",
 "token":"c009a001",
"terminal":"1",
"codigo":"5"} => OK
18/12 21:36:42 - LOGOFF DO USUARIO {"operacao":"logoff",
 "token":"c009a001",
"terminal":"1",
"codigo":"5"}
18/12 21:36:42 0 - POST / HTTP/1.1
HOST: 192.168.88.44:4409
content-type: application/json
content-length: 75

{"operacao":"logoff",
 "token":"c009a001",
"terminal":"1",
"codigo":"5"} t:0,015 => OK
18/12 21:36:42 - LOGOFF DO USUARIO {"operacao":"logoff",
 "token":"c009a001",
"terminal":"1",
"codigo":"5"}
18/12 21:36:42 0 - POST / HTTP/1.1
HOST: 192.168.88.44:4409
content-type: application/json
content-length: 75

{"operacao":"logoff",
 "token":"c009a001",
"terminal":"1",
"codigo":"5"} => OK
18/12 21:36:42 - LOGOFF DO USUARIO {"operacao":"logoff",
 "token":"c009a001",
"terminal":"1",
"codigo":"5"}
18/12 21:36:42 0 - POST / HTTP/1.1
HOST: 192.168.88.44:4409
content-type: application/json
content-length: 75

{"operacao":"logoff",
 "token":"c009a001",
"terminal":"1",
"codigo":"5"} t:0,016 => OK
18/12 21:36:42 - LOGOFF DO USUARIO {"operacao":"logoff",
 "token":"c009a001",
"terminal":"1",
"codigo":"5"}
18/12 21:36:42 0 - POST / HTTP/1.1
HOST: 192.168.88.44:4409
content-type: application/json
content-length: 75

{"operacao":"logoff",
 "token":"c009a001",
"terminal":"1",
"codigo":"5"} t:0,016 => OK
