18/12 23:23:26 - LOGIN DO USUARIO {"operacao":"login",
"terminal":"1",
 "token":"c001a001",
"usuario":"JULIA",
"senha":"123456"}
18/12 23:23:26 - salvando log -> C:\rcsv\App\mobile64\log\logs\LOG_APP_MOBILE_SERVICE_64_23.log
18/12 23:23:26 0 - POST / HTTP/1.1
HOST: 192.168.88.44:4409
content-type: application/json
content-length: 98

{"operacao":"login",
"terminal":"1",
 "token":"c001a001",
"usuario":"JULIA",
"senha":"123456"} => OK
18/12 23:28:49 - ***  SERVIÇO PARADO
18/12 23:28:52 - Iniciando Suporte Mobile 64 bit Versao: 1.15.17/12/2019 20:06
18/12 23:28:52 - Variaveis
18/12 23:28:52 - CurrencyString="R$", CurrencyFormat="#2", NegCurrFormat="#9", ThousandSeparator=".", DecimalSeparator=",", CurrencyDecimals="2", DateSeparator="/", ShortDateFormat="dd/MM/yyyy", LongDateFormat="dddd, d' de 'MMMM' de 'yyyy", TimeSeparator=":", TimeAMString="", TimePMString="", ShortTimeFormat="hh:mm", LongTimeFormat="hh:mm:ss", TwoDigitYearCenturyWindow="50", ListSeparator=";"
18/12 23:28:52 - TCP Servidor
18/12 23:28:52 - TCP Cliente
18/12 23:28:52 - Iniciado na porta => 4409
18/12 23:28:52 - Formato Valores:        -1.254,87 | -1254,87|        1.254,87 | 1254,87
18/12 23:28:52 - Formato Data   : 18/12/2019 23:28:52
18/12 23:28:52 - Flags debug 1 sem log 0
18/12 23:28:52 - h > LOCALHOST p > 3306 d > hbecia u > root
18/12 23:28:52 - Terminal: 1
18/12 23:28:52 - BANCO DE DADOS ONLINE > LOCALHOST:hbecia
18/12 23:28:52 - PRECO => 23 /            23,00/23/23
18/12 23:28:52 - iniciar_identificacao_computador
18/12 23:28:52 - sistema_pegar_perfil
18/12 23:28:52 - empresa_carregar_segmentos
18/12 23:28:52 - rcs_iniciar_variaveis_globais
18/12 23:28:52 - terminal_id
18/12 23:28:52 - mesas_comandas
18/12 23:28:52 - LPRINT
18/12 23:28:52 - Status: Config => 192.168.88.83:9100
18/12 23:28:52 - Status: Config => 192.168.88.83:9100
18/12 23:28:52 - Status: Config => c:9100
18/12 23:28:52 - Status: Config => 192.168.88.83:9100
18/12 23:28:52 - LISTA DE IMPRESSORAS CARREGADA 4
18/12 23:28:52 - carregarImp
18/12 23:28:52 - objetos
18/12 23:28:52 - produtos_gerenciamento_de_estoque
18/12 23:28:52 - # status 100%
18/12 23:28:57 - LOGIN DO USUARIO {"operacao":"login",
"terminal":"1",
 "token":"c001a001",
"usuario":"JULIA",
"senha":"123456"}
18/12 23:28:57 0 - ERRO => POST / HTTP/1.1
HOST: 192.168.88.44:4409
content-type: application/json
content-length: 98

{"operacao":"login",
"terminal":"1",
 "token":"c001a001",
"usuario":"JULIA",
"senha":"123456"} t:0,016 => LOGIN - SOLICITE ANTES O STATUS -> 301
18/12 23:29:21 - STATUS DO SERVIDOR {"operacao":"status",
"token":"c001a001",
"id":"TERMIX"}
18/12 23:29:21 0 - POST / HTTP/1.1
HOST: 192.168.88.44:4409
content-type: application/json
content-length: 60

{"operacao":"status",
"token":"c001a001",
"id":"TERMIX"}
 => OK
18/12 23:29:29 - LOGIN DO USUARIO {"operacao":"login",
"terminal":"1",
 "token":"c001a001",
"usuario":"JULIA",
"senha":"123456"}
18/12 23:29:29 0 - POST / HTTP/1.1
HOST: 192.168.88.44:4409
content-type: application/json
content-length: 98

{"operacao":"login",
"terminal":"1",
 "token":"c001a001",
"usuario":"JULIA",
"senha":"123456"} t:0,016 => OK
18/12 23:36:11 - LOGIN DO USUARIO {"operacao":"login",
"terminal":"1",
 "token":"c001a001",
"usuario":"JULIA",
"senha":"123456"}
18/12 23:36:11 0 - POST / HTTP/1.1
HOST: 192.168.88.44:4409
content-type: application/json
content-length: 98

{"operacao":"login",
"terminal":"1",
 "token":"c001a001",
"usuario":"JULIA",
"senha":"123456"} t:0,016 => OK
18/12 23:36:12 - LOGIN DO USUARIO {"operacao":"login",
"terminal":"1",
 "token":"c001a001",
"usuario":"JULIA",
"senha":"123456"}
18/12 23:36:12 0 - POST / HTTP/1.1
HOST: 192.168.88.44:4409
content-type: application/json
content-length: 98

{"operacao":"login",
"terminal":"1",
 "token":"c001a001",
"usuario":"JULIA",
"senha":"123456"} t:0,016 => OK
18/12 23:36:12 - LOGIN DO USUARIO {"operacao":"login",
"terminal":"1",
 "token":"c001a001",
"usuario":"JULIA",
"senha":"123456"}
18/12 23:36:12 0 - POST / HTTP/1.1
HOST: 192.168.88.44:4409
content-type: application/json
content-length: 98

{"operacao":"login",
"terminal":"1",
 "token":"c001a001",
"usuario":"JULIA",
"senha":"123456"} t:0,016 => OK
18/12 23:36:13 - LOGIN DO USUARIO {"operacao":"login",
"terminal":"1",
 "token":"c001a001",
"usuario":"JULIA",
"senha":"123456"}
18/12 23:36:13 0 - POST / HTTP/1.1
HOST: 192.168.88.44:4409
content-type: application/json
content-length: 98

{"operacao":"login",
"terminal":"1",
 "token":"c001a001",
"usuario":"JULIA",
"senha":"123456"} => OK
18/12 23:36:13 - LOGIN DO USUARIO {"operacao":"login",
"terminal":"1",
 "token":"c001a001",
"usuario":"JULIA",
"senha":"123456"}
18/12 23:36:13 0 - POST / HTTP/1.1
HOST: 192.168.88.44:4409
content-type: application/json
content-length: 98

{"operacao":"login",
"terminal":"1",
 "token":"c001a001",
"usuario":"JULIA",
"senha":"123456"} t:0,016 => OK
18/12 23:36:13 - LOGIN DO USUARIO {"operacao":"login",
"terminal":"1",
 "token":"c001a001",
"usuario":"JULIA",
"senha":"123456"}
18/12 23:36:13 0 - POST / HTTP/1.1
HOST: 192.168.88.44:4409
content-type: application/json
content-length: 98

{"operacao":"login",
"terminal":"1",
 "token":"c001a001",
"usuario":"JULIA",
"senha":"123456"} t:0,015 => OK
18/12 23:36:13 - LOGIN DO USUARIO {"operacao":"login",
"terminal":"1",
 "token":"c001a001",
"usuario":"JULIA",
"senha":"123456"}
18/12 23:36:13 0 - POST / HTTP/1.1
HOST: 192.168.88.44:4409
content-type: application/json
content-length: 98

{"operacao":"login",
"terminal":"1",
 "token":"c001a001",
"usuario":"JULIA",
"senha":"123456"} t:0,016 => OK
18/12 23:36:13 - LOGIN DO USUARIO {"operacao":"login",
"terminal":"1",
 "token":"c001a001",
"usuario":"JULIA",
"senha":"123456"}
18/12 23:36:13 0 - POST / HTTP/1.1
HOST: 192.168.88.44:4409
content-type: application/json
content-length: 98

{"operacao":"login",
"terminal":"1",
 "token":"c001a001",
"usuario":"JULIA",
"senha":"123456"} => OK
18/12 23:36:14 - LOGIN DO USUARIO {"operacao":"login",
"terminal":"1",
 "token":"c001a001",
"usuario":"JULIA",
"senha":"123456"}
18/12 23:36:14 0 - POST / HTTP/1.1
HOST: 192.168.88.44:4409
content-type: application/json
content-length: 98

{"operacao":"login",
"terminal":"1",
 "token":"c001a001",
"usuario":"JULIA",
"senha":"123456"} => OK
18/12 23:36:14 - LOGIN DO USUARIO {"operacao":"login",
"terminal":"1",
 "token":"c001a001",
"usuario":"JULIA",
"senha":"123456"}
18/12 23:36:14 0 - POST / HTTP/1.1
HOST: 192.168.88.44:4409
content-type: application/json
content-length: 98

{"operacao":"login",
"terminal":"1",
 "token":"c001a001",
"usuario":"JULIA",
"senha":"123456"} t:0,015 => OK
18/12 23:36:14 - LOGIN DO USUARIO {"operacao":"login",
"terminal":"1",
 "token":"c001a001",
"usuario":"JULIA",
"senha":"123456"}
18/12 23:36:14 0 - POST / HTTP/1.1
HOST: 192.168.88.44:4409
content-type: application/json
content-length: 98

{"operacao":"login",
"terminal":"1",
 "token":"c001a001",
"usuario":"JULIA",
"senha":"123456"} t:0,015 => OK
18/12 23:36:14 - LOGIN DO USUARIO {"operacao":"login",
"terminal":"1",
 "token":"c001a001",
"usuario":"JULIA",
"senha":"123456"}
