18/12 17:27:06 - mesas_comandas
18/12 17:27:06 - salvando log -> C:\rcsv\App\mobile64\log\logs\LOG_APP_MOBILE_SERVICE_64_9.log
18/12 17:27:06 - LPRINT
18/12 17:27:06 - Status: Config => 192.168.88.83:9100
18/12 17:27:06 - Status: Config => 192.168.88.83:9100
18/12 17:27:06 - Status: Config => c:9100
18/12 17:27:06 - Status: Config => 192.168.88.83:9100
18/12 17:27:06 - LISTA DE IMPRESSORAS CARREGADA 4
18/12 17:27:06 - carregarImp
18/12 17:27:06 - objetos
18/12 17:27:06 - produtos_gerenciamento_de_estoque
18/12 17:27:06 - # status 100%
18/12 17:31:32 - Iniciando Suporte Mobile 64 bit Versao: 1.15.17/12/2019 20:06
18/12 17:31:32 - Variaveis
18/12 17:31:32 - CurrencyString="R$", CurrencyFormat="#2", NegCurrFormat="#9", ThousandSeparator=".", DecimalSeparator=",", CurrencyDecimals="2", DateSeparator="/", ShortDateFormat="dd/MM/yyyy", LongDateFormat="dddd, d' de 'MMMM' de 'yyyy", TimeSeparator=":", TimeAMString="", TimePMString="", ShortTimeFormat="hh:mm", LongTimeFormat="hh:mm:ss", TwoDigitYearCenturyWindow="50", ListSeparator=";"
18/12 17:31:32 - TCP Servidor
18/12 17:31:32 - TCP Cliente
18/12 17:31:32 - Iniciado na porta => 4409
18/12 17:31:32 - Formato Valores:        -1.254,87 | -1254,87|        1.254,87 | 1254,87
18/12 17:31:32 - Formato Data   : 18/12/2019 17:31:32
18/12 17:31:32 - Flags debug 1 sem log 0
18/12 17:31:32 - h > LOCALHOST p > 3306 d > hbecia u > root
18/12 17:31:32 - Terminal: 1
18/12 17:31:32 - BANCO DE DADOS ONLINE > LOCALHOST:hbecia
18/12 17:31:32 - PRECO => 23 /            23,00/23/23
18/12 17:31:32 - iniciar_identificacao_computador
18/12 17:31:32 - sistema_pegar_perfil
18/12 17:31:32 - empresa_carregar_segmentos
18/12 17:31:32 - rcs_iniciar_variaveis_globais
18/12 17:31:32 - terminal_id
18/12 17:31:32 - mesas_comandas
18/12 17:31:32 - LPRINT
18/12 17:31:32 - Status: Config => 192.168.88.83:9100
18/12 17:31:32 - Status: Config => 192.168.88.83:9100
18/12 17:31:32 - Status: Config => c:9100
18/12 17:31:32 - Status: Config => 192.168.88.83:9100
18/12 17:31:32 - LISTA DE IMPRESSORAS CARREGADA 4
18/12 17:31:32 - carregarImp
18/12 17:31:32 - objetos
18/12 17:31:32 - produtos_gerenciamento_de_estoque
18/12 17:31:32 - # status 100%
18/12 17:31:36 - ***  SERVIÇO PARADO
18/12 17:31:56 - Iniciando Suporte Mobile 64 bit Versao: 1.15.17/12/2019 20:06
18/12 17:31:56 - Variaveis
18/12 17:31:56 - CurrencyString="R$", CurrencyFormat="#2", NegCurrFormat="#9", ThousandSeparator=".", DecimalSeparator=",", CurrencyDecimals="2", DateSeparator="/", ShortDateFormat="dd/MM/yyyy", LongDateFormat="dddd, d' de 'MMMM' de 'yyyy", TimeSeparator=":", TimeAMString="", TimePMString="", ShortTimeFormat="hh:mm", LongTimeFormat="hh:mm:ss", TwoDigitYearCenturyWindow="50", ListSeparator=";"
18/12 17:31:56 - TCP Servidor
18/12 17:31:56 - TCP Cliente
18/12 17:31:56 - Iniciado na porta => 4409
18/12 17:31:56 - Formato Valores:        -1.254,87 | -1254,87|        1.254,87 | 1254,87
18/12 17:31:56 - Formato Data   : 18/12/2019 17:31:56
18/12 17:31:56 - Flags debug 1 sem log 0
18/12 17:31:56 - h > LOCALHOST p > 3306 d > hbecia u > root
18/12 17:31:56 - Terminal: 1
18/12 17:31:56 - BANCO DE DADOS ONLINE > LOCALHOST:hbecia
18/12 17:31:56 - PRECO => 23 /            23,00/23/23
18/12 17:31:56 - iniciar_identificacao_computador
18/12 17:31:56 - sistema_pegar_perfil
18/12 17:31:56 - empresa_carregar_segmentos
18/12 17:31:56 - rcs_iniciar_variaveis_globais
18/12 17:31:56 - terminal_id
18/12 17:31:56 - mesas_comandas
18/12 17:31:56 - LPRINT
18/12 17:31:56 - Status: Config => 192.168.88.83:9100
18/12 17:31:56 - Status: Config => 192.168.88.83:9100
18/12 17:31:56 - Status: Config => c:9100
18/12 17:31:56 - Status: Config => 192.168.88.83:9100
18/12 17:31:56 - LISTA DE IMPRESSORAS CARREGADA 4
18/12 17:31:56 - carregarImp
18/12 17:31:56 - objetos
18/12 17:31:56 - produtos_gerenciamento_de_estoque
18/12 17:31:56 - # status 100%
18/12 17:33:52 - Iniciando Suporte Mobile 64 bit Versao: 1.15.17/12/2019 20:06
18/12 17:33:52 - Variaveis
18/12 17:33:52 - CurrencyString="R$", CurrencyFormat="#2", NegCurrFormat="#9", ThousandSeparator=".", DecimalSeparator=",", CurrencyDecimals="2", DateSeparator="/", ShortDateFormat="dd/MM/yyyy", LongDateFormat="dddd, d' de 'MMMM' de 'yyyy", TimeSeparator=":", TimeAMString="", TimePMString="", ShortTimeFormat="hh:mm", LongTimeFormat="hh:mm:ss", TwoDigitYearCenturyWindow="50", ListSeparator=";"
18/12 17:33:52 - TCP Servidor
18/12 17:33:52 - TCP Cliente
18/12 17:33:52 - Iniciado na porta => 4409
18/12 17:33:52 - Formato Valores:        -1.254,87 | -1254,87|        1.254,87 | 1254,87
18/12 17:33:52 - Formato Data   : 18/12/2019 17:33:52
18/12 17:33:52 - Flags debug 1 sem log 0
18/12 17:33:52 - h > LOCALHOST p > 3306 d > hbecia u > root
18/12 17:33:52 - Terminal: 1
18/12 17:33:52 - BANCO DE DADOS ONLINE > LOCALHOST:hbecia
18/12 17:33:52 - PRECO => 23 /            23,00/23/23
18/12 17:33:52 - iniciar_identificacao_computador
18/12 17:33:52 - sistema_pegar_perfil
18/12 17:33:52 - empresa_carregar_segmentos
18/12 17:33:52 - rcs_iniciar_variaveis_globais
18/12 17:33:52 - terminal_id
18/12 17:33:52 - mesas_comandas
18/12 17:33:52 - LPRINT
18/12 17:33:52 - Status: Config => 192.168.88.83:9100
18/12 17:33:52 - Status: Config => 192.168.88.83:9100
18/12 17:33:52 - Status: Config => c:9100
18/12 17:33:52 - Status: Config => 192.168.88.83:9100
18/12 17:33:52 - LISTA DE IMPRESSORAS CARREGADA 4
18/12 17:33:52 - carregarImp
18/12 17:33:52 - objetos
18/12 17:33:52 - produtos_gerenciamento_de_estoque
18/12 17:33:52 - # status 100%
18/12 17:36:13 - ***  SERVIÇO PARADO
18/12 17:36:17 - Iniciando Suporte Mobile 64 bit Versao: 1.15.17/12/2019 20:06
18/12 17:36:17 - Variaveis
18/12 17:36:17 - CurrencyString="R$", CurrencyFormat="#2", NegCurrFormat="#9", ThousandSeparator=".", DecimalSeparator=",", CurrencyDecimals="2", DateSeparator="/", ShortDateFormat="dd/MM/yyyy", LongDateFormat="dddd, d' de 'MMMM' de 'yyyy", TimeSeparator=":", TimeAMString="", TimePMString="", ShortTimeFormat="hh:mm", LongTimeFormat="hh:mm:ss", TwoDigitYearCenturyWindow="50", ListSeparator=";"
18/12 17:36:17 - TCP Servidor
18/12 17:36:17 - TCP Cliente
18/12 17:36:17 - Iniciado na porta => 4409
18/12 17:36:17 - Formato Valores:        -1.254,87 | -1254,87|        1.254,87 | 1254,87
18/12 17:36:17 - Formato Data   : 18/12/2019 17:36:17
18/12 17:36:17 - Flags debug 1 sem log 0
18/12 17:36:17 - h > LOCALHOST p > 3306 d > hbecia u > root
18/12 17:36:17 - Terminal: 1
18/12 17:36:17 - BANCO DE DADOS ONLINE > LOCALHOST:hbecia
18/12 17:36:17 - PRECO => 23 /            23,00/23/23
18/12 17:36:17 - iniciar_identificacao_computador
18/12 17:36:17 - sistema_pegar_perfil
18/12 17:36:17 - empresa_carregar_segmentos
18/12 17:36:17 - rcs_iniciar_variaveis_globais
18/12 17:36:17 - terminal_id
18/12 17:36:17 - mesas_comandas
18/12 17:36:17 - LPRINT
18/12 17:36:17 - Status: Config => 192.168.88.83:9100
18/12 17:36:17 - Status: Config => 192.168.88.83:9100
18/12 17:36:17 - Status: Config => c:9100
18/12 17:36:17 - Status: Config => 192.168.88.83:9100
18/12 17:36:18 - LISTA DE IMPRESSORAS CARREGADA 4
18/12 17:36:18 - carregarImp
18/12 17:36:18 - objetos
18/12 17:36:18 - produtos_gerenciamento_de_estoque
18/12 17:36:18 - # status 100%
18/12 17:44:58 - ***  SERVIÇO PARADO
18/12 17:45:01 - Iniciando Suporte Mobile 64 bit Versao: 1.15.17/12/2019 20:06
18/12 17:45:01 - Variaveis
18/12 17:45:01 - CurrencyString="R$", CurrencyFormat="#2", NegCurrFormat="#9", ThousandSeparator=".", DecimalSeparator=",", CurrencyDecimals="2", DateSeparator="/", ShortDateFormat="dd/MM/yyyy", LongDateFormat="dddd, d' de 'MMMM' de 'yyyy", TimeSeparator=":", TimeAMString="", TimePMString="", ShortTimeFormat="hh:mm", LongTimeFormat="hh:mm:ss", TwoDigitYearCenturyWindow="50", ListSeparator=";"
18/12 17:45:01 - TCP Servidor
18/12 17:45:01 - TCP Cliente
18/12 17:45:01 - Iniciado na porta => 4409
18/12 17:45:01 - Formato Valores:        -1.254,87 | -1254,87|        1.254,87 | 1254,87
18/12 17:45:01 - Formato Data   : 18/12/2019 17:45:01
18/12 17:45:01 - Flags debug 1 sem log 0
18/12 17:45:01 - h > LOCALHOST p > 3306 d > hbecia u > root
18/12 17:45:01 - Terminal: 1
18/12 17:45:01 - BANCO DE DADOS ONLINE > LOCALHOST:hbecia
18/12 17:45:01 - PRECO => 23 /            23,00/23/23
18/12 17:45:01 - iniciar_identificacao_computador
18/12 17:45:01 - sistema_pegar_perfil
18/12 17:45:01 - empresa_carregar_segmentos
18/12 17:45:01 - rcs_iniciar_variaveis_globais
18/12 17:45:01 - terminal_id
18/12 17:45:01 - mesas_comandas
18/12 17:45:01 - LPRINT
18/12 17:45:01 - Status: Config => 192.168.88.83:9100
18/12 17:45:01 - Status: Config => 192.168.88.83:9100
18/12 17:45:01 - Status: Config => c:9100
18/12 17:45:01 - Status: Config => 192.168.88.83:9100
18/12 17:45:01 - LISTA DE IMPRESSORAS CARREGADA 4
18/12 17:45:01 - carregarImp
18/12 17:45:01 - objetos
18/12 17:45:01 - produtos_gerenciamento_de_estoque
18/12 17:45:01 - # status 100%
18/12 17:45:12 - ***  SERVIÇO PARADO
18/12 17:45:19 - Iniciando Suporte Mobile 64 bit Versao: 1.15.17/12/2019 20:06
18/12 17:45:19 - Variaveis
18/12 17:45:19 - CurrencyString="R$", CurrencyFormat="#2", NegCurrFormat="#9", ThousandSeparator=".", DecimalSeparator=",", CurrencyDecimals="2", DateSeparator="/", ShortDateFormat="dd/MM/yyyy", LongDateFormat="dddd, d' de 'MMMM' de 'yyyy", TimeSeparator=":", TimeAMString="", TimePMString="", ShortTimeFormat="hh:mm", LongTimeFormat="hh:mm:ss", TwoDigitYearCenturyWindow="50", ListSeparator=";"
18/12 17:45:19 - TCP Servidor
18/12 17:45:19 - TCP Cliente
18/12 17:45:19 - Iniciado na porta => 4409
18/12 17:45:19 - Formato Valores:        -1.254,87 | -1254,87|        1.254,87 | 1254,87
18/12 17:45:19 - Formato Data   : 18/12/2019 17:45:19
18/12 17:45:19 - Flags debug 1 sem log 0
18/12 17:45:19 - h > LOCALHOST p > 3306 d > hbecia u > root
18/12 17:45:19 - Terminal: 1
18/12 17:45:19 - BANCO DE DADOS ONLINE > LOCALHOST:hbecia
18/12 17:45:19 - PRECO => 23 /            23,00/23/23
18/12 17:45:19 - iniciar_identificacao_computador
18/12 17:45:19 - sistema_pegar_perfil
18/12 17:45:19 - empresa_carregar_segmentos
18/12 17:45:19 - rcs_iniciar_variaveis_globais
18/12 17:45:19 - terminal_id
18/12 17:45:19 - mesas_comandas
18/12 17:45:19 - LPRINT
18/12 17:45:19 - Status: Config => 192.168.88.83:9100
18/12 17:45:19 - Status: Config => 192.168.88.83:9100
18/12 17:45:19 - Status: Config => c:9100
18/12 17:45:19 - Status: Config => 192.168.88.83:9100
18/12 17:45:19 - LISTA DE IMPRESSORAS CARREGADA 4
18/12 17:45:19 - carregarImp
18/12 17:45:19 - objetos
18/12 17:45:19 - produtos_gerenciamento_de_estoque
18/12 17:45:19 - # status 100%
18/12 17:50:53 - ***  SERVIÇO PARADO
18/12 17:50:56 - Iniciando Suporte Mobile 64 bit Versao: 1.15.17/12/2019 20:06
18/12 17:50:56 - Variaveis
18/12 17:50:56 - CurrencyString="R$", CurrencyFormat="#2", NegCurrFormat="#9", ThousandSeparator=".", DecimalSeparator=",", CurrencyDecimals="2", DateSeparator="/", ShortDateFormat="dd/MM/yyyy", LongDateFormat="dddd, d' de 'MMMM' de 'yyyy", TimeSeparator=":", TimeAMString="", TimePMString="", ShortTimeFormat="hh:mm", LongTimeFormat="hh:mm:ss", TwoDigitYearCenturyWindow="50", ListSeparator=";"
18/12 17:50:56 - TCP Servidor
18/12 17:50:56 - TCP Cliente
18/12 17:50:56 - Iniciado na porta => 4409
18/12 17:50:56 - Formato Valores:        -1.254,87 | -1254,87|        1.254,87 | 1254,87
18/12 17:50:56 - Formato Data   : 18/12/2019 17:50:56
18/12 17:50:56 - Flags debug 1 sem log 0
18/12 17:50:56 - h > LOCALHOST p > 3306 d > hbecia u > root
18/12 17:50:56 - Terminal: 1
18/12 17:50:56 - BANCO DE DADOS ONLINE > LOCALHOST:hbecia
18/12 17:50:56 - PRECO => 23 /            23,00/23/23
18/12 17:50:56 - iniciar_identificacao_computador
18/12 17:50:56 - sistema_pegar_perfil
18/12 17:50:56 - empresa_carregar_segmentos
18/12 17:50:56 - rcs_iniciar_variaveis_globais
18/12 17:50:56 - terminal_id
18/12 17:50:56 - mesas_comandas
18/12 17:50:56 - LPRINT
18/12 17:50:56 - Status: Config => 192.168.88.83:9100
18/12 17:50:56 - Status: Config => 192.168.88.83:9100
18/12 17:50:56 - Status: Config => c:9100
18/12 17:50:56 - Status: Config => 192.168.88.83:9100
18/12 17:50:56 - LISTA DE IMPRESSORAS CARREGADA 4
18/12 17:50:56 - carregarImp
18/12 17:50:56 - objetos
18/12 17:50:56 - produtos_gerenciamento_de_estoque
18/12 17:50:56 - # status 100%
18/12 17:51:17 - ***  SERVIÇO PARADO
18/12 18:46:03 - Iniciando Suporte Mobile 64 bit Versao: 1.15.17/12/2019 20:06
18/12 18:46:03 - Variaveis
18/12 18:46:03 - CurrencyString="R$", CurrencyFormat="#2", NegCurrFormat="#9", ThousandSeparator=".", DecimalSeparator=",", CurrencyDecimals="2", DateSeparator="/", ShortDateFormat="dd/MM/yyyy", LongDateFormat="dddd, d' de 'MMMM' de 'yyyy", TimeSeparator=":", TimeAMString="", TimePMString="", ShortTimeFormat="hh:mm", LongTimeFormat="hh:mm:ss", TwoDigitYearCenturyWindow="50", ListSeparator=";"
18/12 18:46:03 - TCP Servidor
18/12 18:46:03 - TCP Cliente
18/12 18:46:03 - Iniciado na porta => 4409
18/12 18:46:03 - Formato Valores:        -1.254,87 | -1254,87|        1.254,87 | 1254,87
18/12 18:46:03 - Formato Data   : 18/12/2019 18:46:03
18/12 18:46:03 - Flags debug 1 sem log 0
18/12 18:46:03 - h > LOCALHOST p > 3306 d > hbecia u > root
18/12 18:46:03 - Terminal: 1
18/12 18:46:03 - BANCO DE DADOS ONLINE > LOCALHOST:hbecia
18/12 18:46:03 - PRECO => 23 /            23,00/23/23
18/12 18:46:03 - iniciar_identificacao_computador
18/12 18:46:03 - sistema_pegar_perfil
18/12 18:46:03 - empresa_carregar_segmentos
18/12 18:46:03 - rcs_iniciar_variaveis_globais
18/12 18:46:03 - terminal_id
18/12 18:46:03 - mesas_comandas
18/12 18:46:03 - LPRINT
18/12 18:46:03 - Status: Config => 192.168.88.83:9100
18/12 18:46:03 - Status: Config => 192.168.88.83:9100
18/12 18:46:03 - Status: Config => c:9100
18/12 18:46:03 - Status: Config => 192.168.88.83:9100
18/12 18:46:03 - LISTA DE IMPRESSORAS CARREGADA 4
18/12 18:46:03 - carregarImp
18/12 18:46:03 - objetos
18/12 18:46:03 - produtos_gerenciamento_de_estoque
18/12 18:46:03 - # status 100%
18/12 18:47:07 - ***  SERVIÇO PARADO
18/12 18:47:10 - Iniciando Suporte Mobile 64 bit Versao: 1.15.17/12/2019 20:06
18/12 18:47:10 - Variaveis
18/12 18:47:10 - CurrencyString="R$", CurrencyFormat="#2", NegCurrFormat="#9", ThousandSeparator=".", DecimalSeparator=",", CurrencyDecimals="2", DateSeparator="/", ShortDateFormat="dd/MM/yyyy", LongDateFormat="dddd, d' de 'MMMM' de 'yyyy", TimeSeparator=":", TimeAMString="", TimePMString="", ShortTimeFormat="hh:mm", LongTimeFormat="hh:mm:ss", TwoDigitYearCenturyWindow="50", ListSeparator=";"
18/12 18:47:10 - TCP Servidor
18/12 18:47:10 - TCP Cliente
18/12 18:47:10 - Iniciado na porta => 4409
